{"D:\\Documents\\Tareas\\NOVENA_MATRICULA\\Ingenieria_de_software_2\\UN-ACARREO\\Backend\\server\\DataBase\\syncDB.js":{"path":"D:\\Documents\\Tareas\\NOVENA_MATRICULA\\Ingenieria_de_software_2\\UN-ACARREO\\Backend\\server\\DataBase\\syncDB.js","statementMap":{"0":{"start":{"line":3,"column":19},"end":{"line":3,"column":52}},"1":{"start":{"line":6,"column":2},"end":{"line":20,"column":3}},"2":{"start":{"line":8,"column":17},"end":{"line":9,"column":104}},"3":{"start":{"line":12,"column":4},"end":{"line":14,"column":5}},"4":{"start":{"line":13,"column":6},"end":{"line":13,"column":47}},"5":{"start":{"line":16,"column":4},"end":{"line":16,"column":69}},"6":{"start":{"line":19,"column":4},"end":{"line":19,"column":66}},"7":{"start":{"line":23,"column":1},"end":{"line":23,"column":24}}},"fnMap":{"0":{"name":"syncDB","decl":{"start":{"line":5,"column":15},"end":{"line":5,"column":21}},"loc":{"start":{"line":5,"column":24},"end":{"line":21,"column":2}},"line":5}},"branchMap":{},"s":{"0":1,"1":5,"2":5,"3":5,"4":70,"5":5,"6":0,"7":1},"f":{"0":5},"b":{},"_coverageSchema":"1a1c01bbd47fc00a2c39e90264f33305004495a9","hash":"e18be3b9d4c9c3a8a9b62443045feaced245a3b7","contentHash":"7f6b649cb0a7824abc28a56a7bc122f71001ef7f4e69d3ff7efcd35c6aa6acbc"},"D:\\Documents\\Tareas\\NOVENA_MATRICULA\\Ingenieria_de_software_2\\UN-ACARREO\\Backend\\server\\Models\\ModelFactory.js":{"path":"D:\\Documents\\Tareas\\NOVENA_MATRICULA\\Ingenieria_de_software_2\\UN-ACARREO\\Backend\\server\\Models\\ModelFactory.js","statementMap":{"0":{"start":{"line":7,"column":8},"end":{"line":38,"column":9}},"1":{"start":{"line":9,"column":16},"end":{"line":9,"column":55}},"2":{"start":{"line":11,"column":16},"end":{"line":11,"column":56}},"3":{"start":{"line":13,"column":16},"end":{"line":13,"column":70}},"4":{"start":{"line":15,"column":16},"end":{"line":15,"column":65}},"5":{"start":{"line":17,"column":16},"end":{"line":17,"column":57}},"6":{"start":{"line":19,"column":16},"end":{"line":19,"column":73}},"7":{"start":{"line":21,"column":16},"end":{"line":21,"column":58}},"8":{"start":{"line":23,"column":16},"end":{"line":23,"column":68}},"9":{"start":{"line":25,"column":16},"end":{"line":25,"column":57}},"10":{"start":{"line":27,"column":16},"end":{"line":27,"column":56}},"11":{"start":{"line":29,"column":16},"end":{"line":29,"column":57}},"12":{"start":{"line":31,"column":16},"end":{"line":31,"column":68}},"13":{"start":{"line":33,"column":16},"end":{"line":33,"column":55}},"14":{"start":{"line":35,"column":16},"end":{"line":35,"column":58}},"15":{"start":{"line":37,"column":16},"end":{"line":37,"column":28}},"16":{"start":{"line":42,"column":0},"end":{"line":42,"column":30}}},"fnMap":{"0":{"name":"(anonymous_0)","decl":{"start":{"line":6,"column":4},"end":{"line":6,"column":5}},"loc":{"start":{"line":6,"column":26},"end":{"line":39,"column":5}},"line":6}},"branchMap":{"0":{"loc":{"start":{"line":7,"column":8},"end":{"line":38,"column":9}},"type":"switch","locations":[{"start":{"line":8,"column":12},"end":{"line":9,"column":55}},{"start":{"line":10,"column":12},"end":{"line":11,"column":56}},{"start":{"line":12,"column":12},"end":{"line":13,"column":70}},{"start":{"line":14,"column":12},"end":{"line":15,"column":65}},{"start":{"line":16,"column":12},"end":{"line":17,"column":57}},{"start":{"line":18,"column":12},"end":{"line":19,"column":73}},{"start":{"line":20,"column":12},"end":{"line":21,"column":58}},{"start":{"line":22,"column":12},"end":{"line":23,"column":68}},{"start":{"line":24,"column":12},"end":{"line":25,"column":57}},{"start":{"line":26,"column":12},"end":{"line":27,"column":56}},{"start":{"line":28,"column":12},"end":{"line":29,"column":57}},{"start":{"line":30,"column":12},"end":{"line":31,"column":68}},{"start":{"line":32,"column":12},"end":{"line":33,"column":55}},{"start":{"line":34,"column":12},"end":{"line":35,"column":58}},{"start":{"line":36,"column":12},"end":{"line":37,"column":28}}],"line":7}},"s":{"0":114,"1":5,"2":6,"3":7,"4":7,"5":16,"6":11,"7":10,"8":5,"9":5,"10":6,"11":5,"12":5,"13":15,"14":11,"15":0,"16":1},"f":{"0":114},"b":{"0":[5,6,7,7,16,11,10,5,5,6,5,5,15,11,0]},"_coverageSchema":"1a1c01bbd47fc00a2c39e90264f33305004495a9","hash":"d9745e75f318c6fd8eecf44d4cf09936cdbe67b5","contentHash":"4d0d7b3cd5d5b2b479d7552cfb407ac7c443714d9628c933f53704c1d747c5aa"},"D:\\Documents\\Tareas\\NOVENA_MATRICULA\\Ingenieria_de_software_2\\UN-ACARREO\\Backend\\server\\routes\\api.js":{"path":"D:\\Documents\\Tareas\\NOVENA_MATRICULA\\Ingenieria_de_software_2\\UN-ACARREO\\Backend\\server\\routes\\api.js","statementMap":{"0":{"start":{"line":2,"column":16},"end":{"line":2,"column":34}},"1":{"start":{"line":3,"column":15},"end":{"line":3,"column":31}},"2":{"start":{"line":4,"column":13},"end":{"line":4,"column":28}},"3":{"start":{"line":7,"column":19},"end":{"line":7,"column":84}},"4":{"start":{"line":10,"column":15},"end":{"line":10,"column":50}},"5":{"start":{"line":13,"column":18},"end":{"line":13,"column":59}},"6":{"start":{"line":16,"column":0},"end":{"line":29,"column":3}},"7":{"start":{"line":18,"column":4},"end":{"line":27,"column":5}},"8":{"start":{"line":19,"column":20},"end":{"line":19,"column":42}},"9":{"start":{"line":20,"column":24},"end":{"line":20,"column":44}},"10":{"start":{"line":22,"column":8},"end":{"line":22,"column":123}},"11":{"start":{"line":23,"column":8},"end":{"line":23,"column":42}},"12":{"start":{"line":25,"column":8},"end":{"line":25,"column":78}},"13":{"start":{"line":26,"column":8},"end":{"line":26,"column":51}},"14":{"start":{"line":37,"column":0},"end":{"line":105,"column":2}},"15":{"start":{"line":39,"column":4},"end":{"line":103,"column":5}},"16":{"start":{"line":42,"column":27},"end":{"line":42,"column":50}},"17":{"start":{"line":44,"column":29},"end":{"line":44,"column":73}},"18":{"start":{"line":45,"column":8},"end":{"line":47,"column":9}},"19":{"start":{"line":46,"column":12},"end":{"line":46,"column":76}},"20":{"start":{"line":48,"column":8},"end":{"line":99,"column":9}},"21":{"start":{"line":50,"column":35},"end":{"line":50,"column":77}},"22":{"start":{"line":51,"column":12},"end":{"line":62,"column":13}},"23":{"start":{"line":52,"column":16},"end":{"line":52,"column":67}},"24":{"start":{"line":53,"column":16},"end":{"line":53,"column":77}},"25":{"start":{"line":55,"column":19},"end":{"line":62,"column":13}},"26":{"start":{"line":56,"column":16},"end":{"line":56,"column":58}},"27":{"start":{"line":57,"column":16},"end":{"line":57,"column":101}},"28":{"start":{"line":59,"column":17},"end":{"line":62,"column":13}},"29":{"start":{"line":60,"column":16},"end":{"line":60,"column":47}},"30":{"start":{"line":61,"column":16},"end":{"line":61,"column":89}},"31":{"start":{"line":63,"column":15},"end":{"line":99,"column":9}},"32":{"start":{"line":67,"column":30},"end":{"line":70,"column":13}},"33":{"start":{"line":71,"column":26},"end":{"line":71,"column":60}},"34":{"start":{"line":73,"column":35},"end":{"line":73,"column":85}},"35":{"start":{"line":75,"column":12},"end":{"line":92,"column":13}},"36":{"start":{"line":77,"column":30},"end":{"line":77,"column":101}},"37":{"start":{"line":78,"column":16},"end":{"line":81,"column":17}},"38":{"start":{"line":79,"column":20},"end":{"line":79,"column":60}},"39":{"start":{"line":80,"column":20},"end":{"line":80,"column":93}},"40":{"start":{"line":82,"column":16},"end":{"line":82,"column":69}},"41":{"start":{"line":83,"column":16},"end":{"line":83,"column":107}},"42":{"start":{"line":85,"column":19},"end":{"line":92,"column":13}},"43":{"start":{"line":86,"column":16},"end":{"line":86,"column":60}},"44":{"start":{"line":87,"column":16},"end":{"line":87,"column":101}},"45":{"start":{"line":89,"column":17},"end":{"line":92,"column":13}},"46":{"start":{"line":90,"column":16},"end":{"line":90,"column":47}},"47":{"start":{"line":91,"column":16},"end":{"line":91,"column":89}},"48":{"start":{"line":96,"column":12},"end":{"line":96,"column":83}},"49":{"start":{"line":97,"column":12},"end":{"line":97,"column":82}},"50":{"start":{"line":101,"column":8},"end":{"line":101,"column":80}},"51":{"start":{"line":102,"column":8},"end":{"line":102,"column":51}},"52":{"start":{"line":108,"column":0},"end":{"line":155,"column":3}},"53":{"start":{"line":110,"column":4},"end":{"line":153,"column":5}},"54":{"start":{"line":112,"column":29},"end":{"line":112,"column":73}},"55":{"start":{"line":113,"column":8},"end":{"line":115,"column":9}},"56":{"start":{"line":114,"column":12},"end":{"line":114,"column":64}},"57":{"start":{"line":117,"column":25},"end":{"line":117,"column":75}},"58":{"start":{"line":118,"column":27},"end":{"line":118,"column":132}},"59":{"start":{"line":119,"column":8},"end":{"line":122,"column":9}},"60":{"start":{"line":120,"column":12},"end":{"line":120,"column":61}},"61":{"start":{"line":121,"column":12},"end":{"line":121,"column":96}},"62":{"start":{"line":125,"column":24},"end":{"line":125,"column":50}},"63":{"start":{"line":126,"column":26},"end":{"line":126,"column":103}},"64":{"start":{"line":127,"column":8},"end":{"line":127,"column":110}},"65":{"start":{"line":130,"column":20},"end":{"line":130,"column":64}},"66":{"start":{"line":132,"column":8},"end":{"line":149,"column":9}},"67":{"start":{"line":133,"column":12},"end":{"line":133,"column":60}},"68":{"start":{"line":134,"column":12},"end":{"line":134,"column":81}},"69":{"start":{"line":137,"column":26},"end":{"line":137,"column":50}},"70":{"start":{"line":138,"column":12},"end":{"line":138,"column":54}},"71":{"start":{"line":139,"column":12},"end":{"line":141,"column":13}},"72":{"start":{"line":140,"column":16},"end":{"line":140,"column":78}},"73":{"start":{"line":142,"column":12},"end":{"line":144,"column":13}},"74":{"start":{"line":143,"column":16},"end":{"line":143,"column":80}},"75":{"start":{"line":145,"column":12},"end":{"line":147,"column":13}},"76":{"start":{"line":146,"column":16},"end":{"line":146,"column":78}},"77":{"start":{"line":148,"column":12},"end":{"line":148,"column":60}},"78":{"start":{"line":151,"column":8},"end":{"line":151,"column":74}},"79":{"start":{"line":152,"column":8},"end":{"line":152,"column":51}},"80":{"start":{"line":157,"column":0},"end":{"line":181,"column":2}},"81":{"start":{"line":159,"column":23},"end":{"line":159,"column":46}},"82":{"start":{"line":160,"column":4},"end":{"line":168,"column":5}},"83":{"start":{"line":161,"column":8},"end":{"line":161,"column":31}},"84":{"start":{"line":162,"column":9},"end":{"line":168,"column":5}},"85":{"start":{"line":163,"column":8},"end":{"line":163,"column":29}},"86":{"start":{"line":166,"column":8},"end":{"line":166,"column":70}},"87":{"start":{"line":167,"column":8},"end":{"line":167,"column":74}},"88":{"start":{"line":169,"column":13},"end":{"line":169,"column":26}},"89":{"start":{"line":170,"column":24},"end":{"line":170,"column":90}},"90":{"start":{"line":171,"column":4},"end":{"line":180,"column":5}},"91":{"start":{"line":173,"column":8},"end":{"line":173,"column":75}},"92":{"start":{"line":174,"column":8},"end":{"line":174,"column":107}},"93":{"start":{"line":176,"column":9},"end":{"line":180,"column":5}},"94":{"start":{"line":178,"column":8},"end":{"line":178,"column":70}},"95":{"start":{"line":179,"column":8},"end":{"line":179,"column":91}},"96":{"start":{"line":183,"column":0},"end":{"line":212,"column":2}},"97":{"start":{"line":185,"column":23},"end":{"line":185,"column":46}},"98":{"start":{"line":186,"column":4},"end":{"line":194,"column":5}},"99":{"start":{"line":187,"column":8},"end":{"line":187,"column":31}},"100":{"start":{"line":188,"column":9},"end":{"line":194,"column":5}},"101":{"start":{"line":189,"column":8},"end":{"line":189,"column":29}},"102":{"start":{"line":192,"column":8},"end":{"line":192,"column":77}},"103":{"start":{"line":193,"column":8},"end":{"line":193,"column":74}},"104":{"start":{"line":195,"column":13},"end":{"line":195,"column":26}},"105":{"start":{"line":196,"column":21},"end":{"line":196,"column":42}},"106":{"start":{"line":197,"column":21},"end":{"line":197,"column":42}},"107":{"start":{"line":198,"column":24},"end":{"line":198,"column":114}},"108":{"start":{"line":199,"column":4},"end":{"line":210,"column":5}},"109":{"start":{"line":201,"column":8},"end":{"line":201,"column":118}},"110":{"start":{"line":203,"column":9},"end":{"line":210,"column":5}},"111":{"start":{"line":205,"column":8},"end":{"line":205,"column":77}},"112":{"start":{"line":207,"column":9},"end":{"line":210,"column":5}},"113":{"start":{"line":209,"column":8},"end":{"line":209,"column":94}},"114":{"start":{"line":214,"column":0},"end":{"line":266,"column":3}},"115":{"start":{"line":216,"column":4},"end":{"line":264,"column":5}},"116":{"start":{"line":218,"column":29},"end":{"line":218,"column":73}},"117":{"start":{"line":219,"column":8},"end":{"line":221,"column":9}},"118":{"start":{"line":220,"column":12},"end":{"line":220,"column":64}},"119":{"start":{"line":223,"column":25},"end":{"line":223,"column":76}},"120":{"start":{"line":224,"column":27},"end":{"line":224,"column":132}},"121":{"start":{"line":225,"column":8},"end":{"line":228,"column":9}},"122":{"start":{"line":226,"column":12},"end":{"line":226,"column":61}},"123":{"start":{"line":227,"column":12},"end":{"line":227,"column":96}},"124":{"start":{"line":231,"column":24},"end":{"line":231,"column":50}},"125":{"start":{"line":232,"column":26},"end":{"line":232,"column":103}},"126":{"start":{"line":233,"column":8},"end":{"line":233,"column":104}},"127":{"start":{"line":236,"column":28},"end":{"line":236,"column":74}},"128":{"start":{"line":238,"column":8},"end":{"line":245,"column":9}},"129":{"start":{"line":239,"column":26},"end":{"line":239,"column":58}},"130":{"start":{"line":240,"column":12},"end":{"line":240,"column":55}},"131":{"start":{"line":241,"column":12},"end":{"line":243,"column":13}},"132":{"start":{"line":242,"column":16},"end":{"line":242,"column":77}},"133":{"start":{"line":244,"column":12},"end":{"line":244,"column":60}},"134":{"start":{"line":248,"column":37},"end":{"line":248,"column":170}},"135":{"start":{"line":251,"column":8},"end":{"line":260,"column":9}},"136":{"start":{"line":252,"column":12},"end":{"line":252,"column":61}},"137":{"start":{"line":254,"column":12},"end":{"line":254,"column":55}},"138":{"start":{"line":258,"column":12},"end":{"line":258,"column":79}},"139":{"start":{"line":259,"column":12},"end":{"line":259,"column":83}},"140":{"start":{"line":262,"column":8},"end":{"line":262,"column":75}},"141":{"start":{"line":263,"column":8},"end":{"line":263,"column":51}},"142":{"start":{"line":269,"column":0},"end":{"line":297,"column":3}},"143":{"start":{"line":271,"column":4},"end":{"line":295,"column":5}},"144":{"start":{"line":273,"column":29},"end":{"line":273,"column":73}},"145":{"start":{"line":274,"column":8},"end":{"line":276,"column":9}},"146":{"start":{"line":275,"column":12},"end":{"line":275,"column":64}},"147":{"start":{"line":278,"column":22},"end":{"line":278,"column":62}},"148":{"start":{"line":279,"column":8},"end":{"line":290,"column":9}},"149":{"start":{"line":280,"column":12},"end":{"line":280,"column":60}},"150":{"start":{"line":281,"column":12},"end":{"line":281,"column":55}},"151":{"start":{"line":284,"column":26},"end":{"line":284,"column":44}},"152":{"start":{"line":285,"column":12},"end":{"line":285,"column":52}},"153":{"start":{"line":286,"column":12},"end":{"line":288,"column":13}},"154":{"start":{"line":287,"column":16},"end":{"line":287,"column":78}},"155":{"start":{"line":289,"column":12},"end":{"line":289,"column":60}},"156":{"start":{"line":293,"column":8},"end":{"line":293,"column":74}},"157":{"start":{"line":294,"column":8},"end":{"line":294,"column":51}},"158":{"start":{"line":300,"column":0},"end":{"line":357,"column":2}},"159":{"start":{"line":302,"column":18},"end":{"line":302,"column":36}},"160":{"start":{"line":303,"column":21},"end":{"line":303,"column":72}},"161":{"start":{"line":304,"column":4},"end":{"line":349,"column":5}},"162":{"start":{"line":305,"column":27},"end":{"line":305,"column":29}},"163":{"start":{"line":306,"column":8},"end":{"line":346,"column":9}},"164":{"start":{"line":307,"column":33},"end":{"line":307,"column":35}},"165":{"start":{"line":310,"column":12},"end":{"line":310,"column":40}},"166":{"start":{"line":313,"column":31},"end":{"line":313,"column":87}},"167":{"start":{"line":316,"column":31},"end":{"line":316,"column":87}},"168":{"start":{"line":319,"column":32},"end":{"line":319,"column":91}},"169":{"start":{"line":321,"column":32},"end":{"line":321,"column":91}},"170":{"start":{"line":324,"column":45},"end":{"line":324,"column":127}},"171":{"start":{"line":326,"column":12},"end":{"line":335,"column":13}},"172":{"start":{"line":328,"column":51},"end":{"line":328,"column":53}},"173":{"start":{"line":329,"column":35},"end":{"line":329,"column":104}},"174":{"start":{"line":330,"column":34},"end":{"line":330,"column":100}},"175":{"start":{"line":331,"column":16},"end":{"line":331,"column":72}},"176":{"start":{"line":332,"column":16},"end":{"line":332,"column":70}},"177":{"start":{"line":334,"column":16},"end":{"line":334,"column":74}},"178":{"start":{"line":338,"column":12},"end":{"line":338,"column":59}},"179":{"start":{"line":339,"column":12},"end":{"line":339,"column":58}},"180":{"start":{"line":340,"column":12},"end":{"line":340,"column":51}},"181":{"start":{"line":341,"column":12},"end":{"line":341,"column":51}},"182":{"start":{"line":342,"column":12},"end":{"line":342,"column":53}},"183":{"start":{"line":343,"column":12},"end":{"line":343,"column":53}},"184":{"start":{"line":344,"column":12},"end":{"line":344,"column":46}},"185":{"start":{"line":348,"column":8},"end":{"line":348,"column":63}},"186":{"start":{"line":350,"column":4},"end":{"line":355,"column":5}},"187":{"start":{"line":351,"column":8},"end":{"line":351,"column":82}},"188":{"start":{"line":354,"column":8},"end":{"line":354,"column":94}},"189":{"start":{"line":360,"column":0},"end":{"line":427,"column":2}},"190":{"start":{"line":361,"column":27},"end":{"line":361,"column":29}},"191":{"start":{"line":362,"column":20},"end":{"line":362,"column":40}},"192":{"start":{"line":363,"column":28},"end":{"line":363,"column":119}},"193":{"start":{"line":364,"column":4},"end":{"line":367,"column":5}},"194":{"start":{"line":365,"column":8},"end":{"line":365,"column":55}},"195":{"start":{"line":366,"column":8},"end":{"line":366,"column":94}},"196":{"start":{"line":368,"column":4},"end":{"line":371,"column":5}},"197":{"start":{"line":369,"column":8},"end":{"line":369,"column":51}},"198":{"start":{"line":370,"column":8},"end":{"line":370,"column":82}},"199":{"start":{"line":372,"column":23},"end":{"line":372,"column":25}},"200":{"start":{"line":373,"column":4},"end":{"line":419,"column":5}},"201":{"start":{"line":374,"column":22},"end":{"line":374,"column":92}},"202":{"start":{"line":375,"column":8},"end":{"line":377,"column":9}},"203":{"start":{"line":376,"column":12},"end":{"line":376,"column":92}},"204":{"start":{"line":378,"column":22},"end":{"line":378,"column":92}},"205":{"start":{"line":379,"column":8},"end":{"line":381,"column":9}},"206":{"start":{"line":380,"column":12},"end":{"line":380,"column":87}},"207":{"start":{"line":382,"column":27},"end":{"line":382,"column":88}},"208":{"start":{"line":383,"column":8},"end":{"line":385,"column":9}},"209":{"start":{"line":384,"column":12},"end":{"line":384,"column":87}},"210":{"start":{"line":387,"column":27},"end":{"line":387,"column":88}},"211":{"start":{"line":388,"column":8},"end":{"line":390,"column":9}},"212":{"start":{"line":389,"column":12},"end":{"line":389,"column":86}},"213":{"start":{"line":392,"column":28},"end":{"line":392,"column":92}},"214":{"start":{"line":393,"column":8},"end":{"line":395,"column":9}},"215":{"start":{"line":394,"column":12},"end":{"line":394,"column":86}},"216":{"start":{"line":397,"column":28},"end":{"line":397,"column":92}},"217":{"start":{"line":398,"column":8},"end":{"line":400,"column":9}},"218":{"start":{"line":399,"column":12},"end":{"line":399,"column":87}},"219":{"start":{"line":401,"column":24},"end":{"line":401,"column":82}},"220":{"start":{"line":402,"column":8},"end":{"line":404,"column":9}},"221":{"start":{"line":403,"column":12},"end":{"line":403,"column":87}},"222":{"start":{"line":405,"column":8},"end":{"line":409,"column":9}},"223":{"start":{"line":407,"column":12},"end":{"line":407,"column":50}},"224":{"start":{"line":408,"column":12},"end":{"line":408,"column":74}},"225":{"start":{"line":410,"column":8},"end":{"line":418,"column":10}},"226":{"start":{"line":420,"column":4},"end":{"line":424,"column":5}},"227":{"start":{"line":421,"column":8},"end":{"line":421,"column":49}},"228":{"start":{"line":422,"column":8},"end":{"line":422,"column":63}},"229":{"start":{"line":431,"column":0},"end":{"line":524,"column":3}},"230":{"start":{"line":433,"column":4},"end":{"line":522,"column":5}},"231":{"start":{"line":435,"column":29},"end":{"line":435,"column":73}},"232":{"start":{"line":436,"column":8},"end":{"line":439,"column":9}},"233":{"start":{"line":437,"column":12},"end":{"line":437,"column":68}},"234":{"start":{"line":438,"column":12},"end":{"line":438,"column":64}},"235":{"start":{"line":441,"column":21},"end":{"line":441,"column":37}},"236":{"start":{"line":446,"column":12},"end":{"line":449,"column":13}},"237":{"start":{"line":451,"column":8},"end":{"line":454,"column":9}},"238":{"start":{"line":452,"column":12},"end":{"line":452,"column":100}},"239":{"start":{"line":453,"column":12},"end":{"line":453,"column":96}},"240":{"start":{"line":456,"column":28},"end":{"line":456,"column":72}},"241":{"start":{"line":457,"column":27},"end":{"line":457,"column":70}},"242":{"start":{"line":461,"column":27},"end":{"line":461,"column":85}},"243":{"start":{"line":462,"column":8},"end":{"line":465,"column":9}},"244":{"start":{"line":463,"column":12},"end":{"line":463,"column":90}},"245":{"start":{"line":464,"column":12},"end":{"line":464,"column":83}},"246":{"start":{"line":468,"column":30},"end":{"line":468,"column":109}},"247":{"start":{"line":469,"column":8},"end":{"line":472,"column":9}},"248":{"start":{"line":470,"column":12},"end":{"line":470,"column":78}},"249":{"start":{"line":471,"column":12},"end":{"line":471,"column":118}},"250":{"start":{"line":473,"column":37},"end":{"line":473,"column":39}},"251":{"start":{"line":475,"column":8},"end":{"line":482,"column":9}},"252":{"start":{"line":476,"column":25},"end":{"line":476,"column":110}},"253":{"start":{"line":477,"column":12},"end":{"line":480,"column":13}},"254":{"start":{"line":478,"column":16},"end":{"line":478,"column":65}},"255":{"start":{"line":479,"column":16},"end":{"line":479,"column":113}},"256":{"start":{"line":481,"column":12},"end":{"line":481,"column":53}},"257":{"start":{"line":485,"column":22},"end":{"line":485,"column":85}},"258":{"start":{"line":487,"column":8},"end":{"line":496,"column":9}},"259":{"start":{"line":488,"column":12},"end":{"line":488,"column":77}},"260":{"start":{"line":489,"column":12},"end":{"line":489,"column":119}},"261":{"start":{"line":490,"column":15},"end":{"line":496,"column":9}},"262":{"start":{"line":491,"column":12},"end":{"line":491,"column":77}},"263":{"start":{"line":492,"column":12},"end":{"line":492,"column":113}},"264":{"start":{"line":493,"column":15},"end":{"line":496,"column":9}},"265":{"start":{"line":494,"column":12},"end":{"line":494,"column":77}},"266":{"start":{"line":495,"column":12},"end":{"line":495,"column":116}},"267":{"start":{"line":498,"column":8},"end":{"line":498,"column":66}},"268":{"start":{"line":501,"column":12},"end":{"line":503,"column":13}},"269":{"start":{"line":504,"column":8},"end":{"line":517,"column":9}},"270":{"start":{"line":505,"column":12},"end":{"line":505,"column":72}},"271":{"start":{"line":506,"column":23},"end":{"line":506,"column":115}},"272":{"start":{"line":507,"column":12},"end":{"line":508,"column":122}},"273":{"start":{"line":508,"column":16},"end":{"line":508,"column":122}},"274":{"start":{"line":511,"column":12},"end":{"line":511,"column":119}},"275":{"start":{"line":512,"column":12},"end":{"line":512,"column":72}},"276":{"start":{"line":515,"column":12},"end":{"line":515,"column":94}},"277":{"start":{"line":516,"column":12},"end":{"line":516,"column":119}},"278":{"start":{"line":520,"column":8},"end":{"line":520,"column":75}},"279":{"start":{"line":521,"column":8},"end":{"line":521,"column":51}},"280":{"start":{"line":527,"column":0},"end":{"line":544,"column":3}},"281":{"start":{"line":529,"column":15},"end":{"line":529,"column":23}},"282":{"start":{"line":530,"column":21},"end":{"line":530,"column":40}},"283":{"start":{"line":531,"column":17},"end":{"line":531,"column":62}},"284":{"start":{"line":533,"column":4},"end":{"line":535,"column":5}},"285":{"start":{"line":534,"column":6},"end":{"line":534,"column":118}},"286":{"start":{"line":536,"column":20},"end":{"line":536,"column":31}},"287":{"start":{"line":537,"column":25},"end":{"line":537,"column":92}},"288":{"start":{"line":538,"column":4},"end":{"line":540,"column":5}},"289":{"start":{"line":539,"column":6},"end":{"line":539,"column":118}},"290":{"start":{"line":542,"column":4},"end":{"line":542,"column":130}},"291":{"start":{"line":547,"column":0},"end":{"line":563,"column":3}},"292":{"start":{"line":549,"column":21},"end":{"line":549,"column":48}},"293":{"start":{"line":551,"column":17},"end":{"line":551,"column":70}},"294":{"start":{"line":553,"column":4},"end":{"line":556,"column":5}},"295":{"start":{"line":554,"column":8},"end":{"line":554,"column":44}},"296":{"start":{"line":555,"column":8},"end":{"line":555,"column":96}},"297":{"start":{"line":557,"column":24},"end":{"line":557,"column":26}},"298":{"start":{"line":558,"column":4},"end":{"line":558,"column":46}},"299":{"start":{"line":559,"column":4},"end":{"line":559,"column":85}},"300":{"start":{"line":560,"column":4},"end":{"line":560,"column":106}},"301":{"start":{"line":567,"column":0},"end":{"line":583,"column":3}},"302":{"start":{"line":569,"column":21},"end":{"line":569,"column":48}},"303":{"start":{"line":571,"column":17},"end":{"line":571,"column":69}},"304":{"start":{"line":573,"column":4},"end":{"line":576,"column":5}},"305":{"start":{"line":574,"column":8},"end":{"line":574,"column":44}},"306":{"start":{"line":575,"column":8},"end":{"line":575,"column":96}},"307":{"start":{"line":577,"column":24},"end":{"line":577,"column":26}},"308":{"start":{"line":578,"column":4},"end":{"line":578,"column":46}},"309":{"start":{"line":579,"column":4},"end":{"line":579,"column":85}},"310":{"start":{"line":580,"column":4},"end":{"line":580,"column":106}},"311":{"start":{"line":586,"column":0},"end":{"line":589,"column":3}},"312":{"start":{"line":588,"column":4},"end":{"line":588,"column":43}},"313":{"start":{"line":592,"column":0},"end":{"line":594,"column":3}},"314":{"start":{"line":593,"column":4},"end":{"line":593,"column":57}},"315":{"start":{"line":597,"column":0},"end":{"line":599,"column":3}},"316":{"start":{"line":598,"column":4},"end":{"line":598,"column":60}},"317":{"start":{"line":602,"column":0},"end":{"line":605,"column":3}},"318":{"start":{"line":603,"column":4},"end":{"line":603,"column":22}},"319":{"start":{"line":607,"column":0},"end":{"line":607,"column":24}}},"fnMap":{"0":{"name":"(anonymous_0)","decl":{"start":{"line":16,"column":60},"end":{"line":16,"column":61}},"loc":{"start":{"line":16,"column":86},"end":{"line":29,"column":1}},"line":16},"1":{"name":"(anonymous_1)","decl":{"start":{"line":37,"column":52},"end":{"line":37,"column":53}},"loc":{"start":{"line":37,"column":78},"end":{"line":105,"column":1}},"line":37},"2":{"name":"(anonymous_2)","decl":{"start":{"line":108,"column":53},"end":{"line":108,"column":54}},"loc":{"start":{"line":108,"column":79},"end":{"line":155,"column":1}},"line":108},"3":{"name":"(anonymous_3)","decl":{"start":{"line":157,"column":86},"end":{"line":157,"column":87}},"loc":{"start":{"line":157,"column":112},"end":{"line":181,"column":1}},"line":157},"4":{"name":"(anonymous_4)","decl":{"start":{"line":183,"column":114},"end":{"line":183,"column":115}},"loc":{"start":{"line":183,"column":139},"end":{"line":212,"column":1}},"line":183},"5":{"name":"(anonymous_5)","decl":{"start":{"line":214,"column":55},"end":{"line":214,"column":56}},"loc":{"start":{"line":214,"column":81},"end":{"line":266,"column":1}},"line":214},"6":{"name":"(anonymous_6)","decl":{"start":{"line":269,"column":53},"end":{"line":269,"column":54}},"loc":{"start":{"line":269,"column":79},"end":{"line":297,"column":1}},"line":269},"7":{"name":"(anonymous_7)","decl":{"start":{"line":300,"column":68},"end":{"line":300,"column":69}},"loc":{"start":{"line":300,"column":94},"end":{"line":357,"column":1}},"line":300},"8":{"name":"(anonymous_8)","decl":{"start":{"line":360,"column":74},"end":{"line":360,"column":75}},"loc":{"start":{"line":360,"column":100},"end":{"line":427,"column":1}},"line":360},"9":{"name":"(anonymous_9)","decl":{"start":{"line":431,"column":55},"end":{"line":431,"column":56}},"loc":{"start":{"line":431,"column":81},"end":{"line":524,"column":1}},"line":431},"10":{"name":"(anonymous_10)","decl":{"start":{"line":527,"column":51},"end":{"line":527,"column":52}},"loc":{"start":{"line":527,"column":77},"end":{"line":544,"column":1}},"line":527},"11":{"name":"(anonymous_11)","decl":{"start":{"line":547,"column":55},"end":{"line":547,"column":56}},"loc":{"start":{"line":547,"column":81},"end":{"line":563,"column":1}},"line":547},"12":{"name":"(anonymous_12)","decl":{"start":{"line":567,"column":53},"end":{"line":567,"column":54}},"loc":{"start":{"line":567,"column":79},"end":{"line":583,"column":1}},"line":567},"13":{"name":"(anonymous_13)","decl":{"start":{"line":586,"column":55},"end":{"line":586,"column":56}},"loc":{"start":{"line":586,"column":81},"end":{"line":589,"column":1}},"line":586},"14":{"name":"(anonymous_14)","decl":{"start":{"line":592,"column":56},"end":{"line":592,"column":57}},"loc":{"start":{"line":592,"column":82},"end":{"line":594,"column":1}},"line":592},"15":{"name":"(anonymous_15)","decl":{"start":{"line":597,"column":56},"end":{"line":597,"column":57}},"loc":{"start":{"line":597,"column":82},"end":{"line":599,"column":1}},"line":597},"16":{"name":"(anonymous_16)","decl":{"start":{"line":602,"column":16},"end":{"line":602,"column":17}},"loc":{"start":{"line":602,"column":36},"end":{"line":605,"column":1}},"line":602}},"branchMap":{"0":{"loc":{"start":{"line":18,"column":4},"end":{"line":27,"column":5}},"type":"if","locations":[{"start":{"line":18,"column":4},"end":{"line":27,"column":5}},{"start":{"line":18,"column":4},"end":{"line":27,"column":5}}],"line":18},"1":{"loc":{"start":{"line":18,"column":8},"end":{"line":18,"column":88}},"type":"binary-expr","locations":[{"start":{"line":18,"column":8},"end":{"line":18,"column":27}},{"start":{"line":18,"column":31},"end":{"line":18,"column":59}},{"start":{"line":18,"column":63},"end":{"line":18,"column":88}}],"line":18},"2":{"loc":{"start":{"line":39,"column":4},"end":{"line":103,"column":5}},"type":"if","locations":[{"start":{"line":39,"column":4},"end":{"line":103,"column":5}},{"start":{"line":39,"column":4},"end":{"line":103,"column":5}}],"line":39},"3":{"loc":{"start":{"line":39,"column":8},"end":{"line":39,"column":105}},"type":"binary-expr","locations":[{"start":{"line":39,"column":8},"end":{"line":39,"column":29}},{"start":{"line":39,"column":33},"end":{"line":39,"column":66}},{"start":{"line":39,"column":70},"end":{"line":39,"column":105}}],"line":39},"4":{"loc":{"start":{"line":45,"column":8},"end":{"line":47,"column":9}},"type":"if","locations":[{"start":{"line":45,"column":8},"end":{"line":47,"column":9}},{"start":{"line":45,"column":8},"end":{"line":47,"column":9}}],"line":45},"5":{"loc":{"start":{"line":48,"column":8},"end":{"line":99,"column":9}},"type":"if","locations":[{"start":{"line":48,"column":8},"end":{"line":99,"column":9}},{"start":{"line":48,"column":8},"end":{"line":99,"column":9}}],"line":48},"6":{"loc":{"start":{"line":51,"column":12},"end":{"line":62,"column":13}},"type":"if","locations":[{"start":{"line":51,"column":12},"end":{"line":62,"column":13}},{"start":{"line":51,"column":12},"end":{"line":62,"column":13}}],"line":51},"7":{"loc":{"start":{"line":55,"column":19},"end":{"line":62,"column":13}},"type":"if","locations":[{"start":{"line":55,"column":19},"end":{"line":62,"column":13}},{"start":{"line":55,"column":19},"end":{"line":62,"column":13}}],"line":55},"8":{"loc":{"start":{"line":59,"column":17},"end":{"line":62,"column":13}},"type":"if","locations":[{"start":{"line":59,"column":17},"end":{"line":62,"column":13}},{"start":{"line":59,"column":17},"end":{"line":62,"column":13}}],"line":59},"9":{"loc":{"start":{"line":59,"column":21},"end":{"line":59,"column":49}},"type":"binary-expr","locations":[{"start":{"line":59,"column":21},"end":{"line":59,"column":33}},{"start":{"line":59,"column":37},"end":{"line":59,"column":49}}],"line":59},"10":{"loc":{"start":{"line":63,"column":15},"end":{"line":99,"column":9}},"type":"if","locations":[{"start":{"line":63,"column":15},"end":{"line":99,"column":9}},{"start":{"line":63,"column":15},"end":{"line":99,"column":9}}],"line":63},"11":{"loc":{"start":{"line":75,"column":12},"end":{"line":92,"column":13}},"type":"if","locations":[{"start":{"line":75,"column":12},"end":{"line":92,"column":13}},{"start":{"line":75,"column":12},"end":{"line":92,"column":13}}],"line":75},"12":{"loc":{"start":{"line":78,"column":16},"end":{"line":81,"column":17}},"type":"if","locations":[{"start":{"line":78,"column":16},"end":{"line":81,"column":17}},{"start":{"line":78,"column":16},"end":{"line":81,"column":17}}],"line":78},"13":{"loc":{"start":{"line":85,"column":19},"end":{"line":92,"column":13}},"type":"if","locations":[{"start":{"line":85,"column":19},"end":{"line":92,"column":13}},{"start":{"line":85,"column":19},"end":{"line":92,"column":13}}],"line":85},"14":{"loc":{"start":{"line":89,"column":17},"end":{"line":92,"column":13}},"type":"if","locations":[{"start":{"line":89,"column":17},"end":{"line":92,"column":13}},{"start":{"line":89,"column":17},"end":{"line":92,"column":13}}],"line":89},"15":{"loc":{"start":{"line":89,"column":21},"end":{"line":89,"column":49}},"type":"binary-expr","locations":[{"start":{"line":89,"column":21},"end":{"line":89,"column":33}},{"start":{"line":89,"column":37},"end":{"line":89,"column":49}}],"line":89},"16":{"loc":{"start":{"line":110,"column":4},"end":{"line":153,"column":5}},"type":"if","locations":[{"start":{"line":110,"column":4},"end":{"line":153,"column":5}},{"start":{"line":110,"column":4},"end":{"line":153,"column":5}}],"line":110},"17":{"loc":{"start":{"line":110,"column":8},"end":{"line":110,"column":378}},"type":"binary-expr","locations":[{"start":{"line":110,"column":8},"end":{"line":110,"column":29}},{"start":{"line":110,"column":33},"end":{"line":110,"column":67}},{"start":{"line":110,"column":71},"end":{"line":110,"column":109}},{"start":{"line":110,"column":113},"end":{"line":110,"column":148}},{"start":{"line":110,"column":152},"end":{"line":110,"column":186}},{"start":{"line":110,"column":190},"end":{"line":110,"column":224}},{"start":{"line":110,"column":228},"end":{"line":110,"column":264}},{"start":{"line":110,"column":268},"end":{"line":110,"column":305}},{"start":{"line":110,"column":309},"end":{"line":110,"column":343}},{"start":{"line":110,"column":347},"end":{"line":110,"column":378}}],"line":110},"18":{"loc":{"start":{"line":113,"column":8},"end":{"line":115,"column":9}},"type":"if","locations":[{"start":{"line":113,"column":8},"end":{"line":115,"column":9}},{"start":{"line":113,"column":8},"end":{"line":115,"column":9}}],"line":113},"19":{"loc":{"start":{"line":119,"column":8},"end":{"line":122,"column":9}},"type":"if","locations":[{"start":{"line":119,"column":8},"end":{"line":122,"column":9}},{"start":{"line":119,"column":8},"end":{"line":122,"column":9}}],"line":119},"20":{"loc":{"start":{"line":132,"column":8},"end":{"line":149,"column":9}},"type":"if","locations":[{"start":{"line":132,"column":8},"end":{"line":149,"column":9}},{"start":{"line":132,"column":8},"end":{"line":149,"column":9}}],"line":132},"21":{"loc":{"start":{"line":139,"column":12},"end":{"line":141,"column":13}},"type":"if","locations":[{"start":{"line":139,"column":12},"end":{"line":141,"column":13}},{"start":{"line":139,"column":12},"end":{"line":141,"column":13}}],"line":139},"22":{"loc":{"start":{"line":142,"column":12},"end":{"line":144,"column":13}},"type":"if","locations":[{"start":{"line":142,"column":12},"end":{"line":144,"column":13}},{"start":{"line":142,"column":12},"end":{"line":144,"column":13}}],"line":142},"23":{"loc":{"start":{"line":145,"column":12},"end":{"line":147,"column":13}},"type":"if","locations":[{"start":{"line":145,"column":12},"end":{"line":147,"column":13}},{"start":{"line":145,"column":12},"end":{"line":147,"column":13}}],"line":145},"24":{"loc":{"start":{"line":160,"column":4},"end":{"line":168,"column":5}},"type":"if","locations":[{"start":{"line":160,"column":4},"end":{"line":168,"column":5}},{"start":{"line":160,"column":4},"end":{"line":168,"column":5}}],"line":160},"25":{"loc":{"start":{"line":162,"column":9},"end":{"line":168,"column":5}},"type":"if","locations":[{"start":{"line":162,"column":9},"end":{"line":168,"column":5}},{"start":{"line":162,"column":9},"end":{"line":168,"column":5}}],"line":162},"26":{"loc":{"start":{"line":171,"column":4},"end":{"line":180,"column":5}},"type":"if","locations":[{"start":{"line":171,"column":4},"end":{"line":180,"column":5}},{"start":{"line":171,"column":4},"end":{"line":180,"column":5}}],"line":171},"27":{"loc":{"start":{"line":176,"column":9},"end":{"line":180,"column":5}},"type":"if","locations":[{"start":{"line":176,"column":9},"end":{"line":180,"column":5}},{"start":{"line":176,"column":9},"end":{"line":180,"column":5}}],"line":176},"28":{"loc":{"start":{"line":176,"column":12},"end":{"line":176,"column":62}},"type":"binary-expr","locations":[{"start":{"line":176,"column":12},"end":{"line":176,"column":35}},{"start":{"line":176,"column":39},"end":{"line":176,"column":62}}],"line":176},"29":{"loc":{"start":{"line":186,"column":4},"end":{"line":194,"column":5}},"type":"if","locations":[{"start":{"line":186,"column":4},"end":{"line":194,"column":5}},{"start":{"line":186,"column":4},"end":{"line":194,"column":5}}],"line":186},"30":{"loc":{"start":{"line":188,"column":9},"end":{"line":194,"column":5}},"type":"if","locations":[{"start":{"line":188,"column":9},"end":{"line":194,"column":5}},{"start":{"line":188,"column":9},"end":{"line":194,"column":5}}],"line":188},"31":{"loc":{"start":{"line":199,"column":4},"end":{"line":210,"column":5}},"type":"if","locations":[{"start":{"line":199,"column":4},"end":{"line":210,"column":5}},{"start":{"line":199,"column":4},"end":{"line":210,"column":5}}],"line":199},"32":{"loc":{"start":{"line":203,"column":9},"end":{"line":210,"column":5}},"type":"if","locations":[{"start":{"line":203,"column":9},"end":{"line":210,"column":5}},{"start":{"line":203,"column":9},"end":{"line":210,"column":5}}],"line":203},"33":{"loc":{"start":{"line":207,"column":9},"end":{"line":210,"column":5}},"type":"if","locations":[{"start":{"line":207,"column":9},"end":{"line":210,"column":5}},{"start":{"line":207,"column":9},"end":{"line":210,"column":5}}],"line":207},"34":{"loc":{"start":{"line":216,"column":4},"end":{"line":264,"column":5}},"type":"if","locations":[{"start":{"line":216,"column":4},"end":{"line":264,"column":5}},{"start":{"line":216,"column":4},"end":{"line":264,"column":5}}],"line":216},"35":{"loc":{"start":{"line":216,"column":8},"end":{"line":216,"column":341}},"type":"binary-expr","locations":[{"start":{"line":216,"column":8},"end":{"line":216,"column":29}},{"start":{"line":216,"column":33},"end":{"line":216,"column":68}},{"start":{"line":216,"column":72},"end":{"line":216,"column":106}},{"start":{"line":216,"column":110},"end":{"line":216,"column":137}},{"start":{"line":216,"column":141},"end":{"line":216,"column":168}},{"start":{"line":216,"column":172},"end":{"line":216,"column":199}},{"start":{"line":216,"column":203},"end":{"line":216,"column":241}},{"start":{"line":216,"column":245},"end":{"line":216,"column":272}},{"start":{"line":216,"column":276},"end":{"line":216,"column":307}},{"start":{"line":216,"column":311},"end":{"line":216,"column":341}}],"line":216},"36":{"loc":{"start":{"line":219,"column":8},"end":{"line":221,"column":9}},"type":"if","locations":[{"start":{"line":219,"column":8},"end":{"line":221,"column":9}},{"start":{"line":219,"column":8},"end":{"line":221,"column":9}}],"line":219},"37":{"loc":{"start":{"line":225,"column":8},"end":{"line":228,"column":9}},"type":"if","locations":[{"start":{"line":225,"column":8},"end":{"line":228,"column":9}},{"start":{"line":225,"column":8},"end":{"line":228,"column":9}}],"line":225},"38":{"loc":{"start":{"line":238,"column":8},"end":{"line":245,"column":9}},"type":"if","locations":[{"start":{"line":238,"column":8},"end":{"line":245,"column":9}},{"start":{"line":238,"column":8},"end":{"line":245,"column":9}}],"line":238},"39":{"loc":{"start":{"line":238,"column":12},"end":{"line":238,"column":62}},"type":"binary-expr","locations":[{"start":{"line":238,"column":12},"end":{"line":238,"column":37}},{"start":{"line":238,"column":41},"end":{"line":238,"column":62}}],"line":238},"40":{"loc":{"start":{"line":241,"column":12},"end":{"line":243,"column":13}},"type":"if","locations":[{"start":{"line":241,"column":12},"end":{"line":243,"column":13}},{"start":{"line":241,"column":12},"end":{"line":243,"column":13}}],"line":241},"41":{"loc":{"start":{"line":251,"column":8},"end":{"line":260,"column":9}},"type":"if","locations":[{"start":{"line":251,"column":8},"end":{"line":260,"column":9}},{"start":{"line":251,"column":8},"end":{"line":260,"column":9}}],"line":251},"42":{"loc":{"start":{"line":271,"column":4},"end":{"line":295,"column":5}},"type":"if","locations":[{"start":{"line":271,"column":4},"end":{"line":295,"column":5}},{"start":{"line":271,"column":4},"end":{"line":295,"column":5}}],"line":271},"43":{"loc":{"start":{"line":271,"column":8},"end":{"line":271,"column":217}},"type":"binary-expr","locations":[{"start":{"line":271,"column":8},"end":{"line":271,"column":29}},{"start":{"line":271,"column":33},"end":{"line":271,"column":64}},{"start":{"line":271,"column":68},"end":{"line":271,"column":104}},{"start":{"line":271,"column":108},"end":{"line":271,"column":143}},{"start":{"line":271,"column":147},"end":{"line":271,"column":181}},{"start":{"line":271,"column":185},"end":{"line":271,"column":217}}],"line":271},"44":{"loc":{"start":{"line":274,"column":8},"end":{"line":276,"column":9}},"type":"if","locations":[{"start":{"line":274,"column":8},"end":{"line":276,"column":9}},{"start":{"line":274,"column":8},"end":{"line":276,"column":9}}],"line":274},"45":{"loc":{"start":{"line":279,"column":8},"end":{"line":290,"column":9}},"type":"if","locations":[{"start":{"line":279,"column":8},"end":{"line":290,"column":9}},{"start":{"line":279,"column":8},"end":{"line":290,"column":9}}],"line":279},"46":{"loc":{"start":{"line":286,"column":12},"end":{"line":288,"column":13}},"type":"if","locations":[{"start":{"line":286,"column":12},"end":{"line":288,"column":13}},{"start":{"line":286,"column":12},"end":{"line":288,"column":13}}],"line":286},"47":{"loc":{"start":{"line":304,"column":4},"end":{"line":349,"column":5}},"type":"if","locations":[{"start":{"line":304,"column":4},"end":{"line":349,"column":5}},{"start":{"line":304,"column":4},"end":{"line":349,"column":5}}],"line":304},"48":{"loc":{"start":{"line":350,"column":4},"end":{"line":355,"column":5}},"type":"if","locations":[{"start":{"line":350,"column":4},"end":{"line":355,"column":5}},{"start":{"line":350,"column":4},"end":{"line":355,"column":5}}],"line":350},"49":{"loc":{"start":{"line":364,"column":4},"end":{"line":367,"column":5}},"type":"if","locations":[{"start":{"line":364,"column":4},"end":{"line":367,"column":5}},{"start":{"line":364,"column":4},"end":{"line":367,"column":5}}],"line":364},"50":{"loc":{"start":{"line":368,"column":4},"end":{"line":371,"column":5}},"type":"if","locations":[{"start":{"line":368,"column":4},"end":{"line":371,"column":5}},{"start":{"line":368,"column":4},"end":{"line":371,"column":5}}],"line":368},"51":{"loc":{"start":{"line":375,"column":8},"end":{"line":377,"column":9}},"type":"if","locations":[{"start":{"line":375,"column":8},"end":{"line":377,"column":9}},{"start":{"line":375,"column":8},"end":{"line":377,"column":9}}],"line":375},"52":{"loc":{"start":{"line":379,"column":8},"end":{"line":381,"column":9}},"type":"if","locations":[{"start":{"line":379,"column":8},"end":{"line":381,"column":9}},{"start":{"line":379,"column":8},"end":{"line":381,"column":9}}],"line":379},"53":{"loc":{"start":{"line":383,"column":8},"end":{"line":385,"column":9}},"type":"if","locations":[{"start":{"line":383,"column":8},"end":{"line":385,"column":9}},{"start":{"line":383,"column":8},"end":{"line":385,"column":9}}],"line":383},"54":{"loc":{"start":{"line":388,"column":8},"end":{"line":390,"column":9}},"type":"if","locations":[{"start":{"line":388,"column":8},"end":{"line":390,"column":9}},{"start":{"line":388,"column":8},"end":{"line":390,"column":9}}],"line":388},"55":{"loc":{"start":{"line":393,"column":8},"end":{"line":395,"column":9}},"type":"if","locations":[{"start":{"line":393,"column":8},"end":{"line":395,"column":9}},{"start":{"line":393,"column":8},"end":{"line":395,"column":9}}],"line":393},"56":{"loc":{"start":{"line":398,"column":8},"end":{"line":400,"column":9}},"type":"if","locations":[{"start":{"line":398,"column":8},"end":{"line":400,"column":9}},{"start":{"line":398,"column":8},"end":{"line":400,"column":9}}],"line":398},"57":{"loc":{"start":{"line":402,"column":8},"end":{"line":404,"column":9}},"type":"if","locations":[{"start":{"line":402,"column":8},"end":{"line":404,"column":9}},{"start":{"line":402,"column":8},"end":{"line":404,"column":9}}],"line":402},"58":{"loc":{"start":{"line":405,"column":8},"end":{"line":409,"column":9}},"type":"if","locations":[{"start":{"line":405,"column":8},"end":{"line":409,"column":9}},{"start":{"line":405,"column":8},"end":{"line":409,"column":9}}],"line":405},"59":{"loc":{"start":{"line":420,"column":4},"end":{"line":424,"column":5}},"type":"if","locations":[{"start":{"line":420,"column":4},"end":{"line":424,"column":5}},{"start":{"line":420,"column":4},"end":{"line":424,"column":5}}],"line":420},"60":{"loc":{"start":{"line":433,"column":4},"end":{"line":522,"column":5}},"type":"if","locations":[{"start":{"line":433,"column":4},"end":{"line":522,"column":5}},{"start":{"line":433,"column":4},"end":{"line":522,"column":5}}],"line":433},"61":{"loc":{"start":{"line":433,"column":8},"end":{"line":433,"column":492}},"type":"binary-expr","locations":[{"start":{"line":433,"column":8},"end":{"line":433,"column":29}},{"start":{"line":433,"column":33},"end":{"line":433,"column":59}},{"start":{"line":433,"column":64},"end":{"line":433,"column":95}},{"start":{"line":433,"column":100},"end":{"line":433,"column":132}},{"start":{"line":433,"column":137},"end":{"line":433,"column":167}},{"start":{"line":433,"column":172},"end":{"line":433,"column":203}},{"start":{"line":433,"column":208},"end":{"line":433,"column":241}},{"start":{"line":433,"column":245},"end":{"line":433,"column":279}},{"start":{"line":433,"column":283},"end":{"line":433,"column":322}},{"start":{"line":433,"column":326},"end":{"line":433,"column":359}},{"start":{"line":433,"column":363},"end":{"line":433,"column":393}},{"start":{"line":433,"column":397},"end":{"line":433,"column":425}},{"start":{"line":433,"column":429},"end":{"line":433,"column":459}},{"start":{"line":433,"column":463},"end":{"line":433,"column":492}}],"line":433},"62":{"loc":{"start":{"line":436,"column":8},"end":{"line":439,"column":9}},"type":"if","locations":[{"start":{"line":436,"column":8},"end":{"line":439,"column":9}},{"start":{"line":436,"column":8},"end":{"line":439,"column":9}}],"line":436},"63":{"loc":{"start":{"line":451,"column":8},"end":{"line":454,"column":9}},"type":"if","locations":[{"start":{"line":451,"column":8},"end":{"line":454,"column":9}},{"start":{"line":451,"column":8},"end":{"line":454,"column":9}}],"line":451},"64":{"loc":{"start":{"line":462,"column":8},"end":{"line":465,"column":9}},"type":"if","locations":[{"start":{"line":462,"column":8},"end":{"line":465,"column":9}},{"start":{"line":462,"column":8},"end":{"line":465,"column":9}}],"line":462},"65":{"loc":{"start":{"line":469,"column":8},"end":{"line":472,"column":9}},"type":"if","locations":[{"start":{"line":469,"column":8},"end":{"line":472,"column":9}},{"start":{"line":469,"column":8},"end":{"line":472,"column":9}}],"line":469},"66":{"loc":{"start":{"line":477,"column":12},"end":{"line":480,"column":13}},"type":"if","locations":[{"start":{"line":477,"column":12},"end":{"line":480,"column":13}},{"start":{"line":477,"column":12},"end":{"line":480,"column":13}}],"line":477},"67":{"loc":{"start":{"line":487,"column":8},"end":{"line":496,"column":9}},"type":"if","locations":[{"start":{"line":487,"column":8},"end":{"line":496,"column":9}},{"start":{"line":487,"column":8},"end":{"line":496,"column":9}}],"line":487},"68":{"loc":{"start":{"line":490,"column":15},"end":{"line":496,"column":9}},"type":"if","locations":[{"start":{"line":490,"column":15},"end":{"line":496,"column":9}},{"start":{"line":490,"column":15},"end":{"line":496,"column":9}}],"line":490},"69":{"loc":{"start":{"line":493,"column":15},"end":{"line":496,"column":9}},"type":"if","locations":[{"start":{"line":493,"column":15},"end":{"line":496,"column":9}},{"start":{"line":493,"column":15},"end":{"line":496,"column":9}}],"line":493},"70":{"loc":{"start":{"line":504,"column":8},"end":{"line":517,"column":9}},"type":"if","locations":[{"start":{"line":504,"column":8},"end":{"line":517,"column":9}},{"start":{"line":504,"column":8},"end":{"line":517,"column":9}}],"line":504},"71":{"loc":{"start":{"line":507,"column":12},"end":{"line":508,"column":122}},"type":"if","locations":[{"start":{"line":507,"column":12},"end":{"line":508,"column":122}},{"start":{"line":507,"column":12},"end":{"line":508,"column":122}}],"line":507},"72":{"loc":{"start":{"line":533,"column":4},"end":{"line":535,"column":5}},"type":"if","locations":[{"start":{"line":533,"column":4},"end":{"line":535,"column":5}},{"start":{"line":533,"column":4},"end":{"line":535,"column":5}}],"line":533},"73":{"loc":{"start":{"line":538,"column":4},"end":{"line":540,"column":5}},"type":"if","locations":[{"start":{"line":538,"column":4},"end":{"line":540,"column":5}},{"start":{"line":538,"column":4},"end":{"line":540,"column":5}}],"line":538},"74":{"loc":{"start":{"line":553,"column":4},"end":{"line":556,"column":5}},"type":"if","locations":[{"start":{"line":553,"column":4},"end":{"line":556,"column":5}},{"start":{"line":553,"column":4},"end":{"line":556,"column":5}}],"line":553},"75":{"loc":{"start":{"line":573,"column":4},"end":{"line":576,"column":5}},"type":"if","locations":[{"start":{"line":573,"column":4},"end":{"line":576,"column":5}},{"start":{"line":573,"column":4},"end":{"line":576,"column":5}}],"line":573}},"s":{"0":1,"1":1,"2":1,"3":1,"4":1,"5":1,"6":1,"7":4,"8":1,"9":1,"10":1,"11":1,"12":3,"13":3,"14":1,"15":21,"16":14,"17":14,"18":14,"19":11,"20":3,"21":1,"22":1,"23":1,"24":1,"25":0,"26":0,"27":0,"28":0,"29":0,"30":0,"31":2,"32":1,"33":1,"34":1,"35":1,"36":1,"37":1,"38":0,"39":0,"40":1,"41":1,"42":0,"43":0,"44":0,"45":0,"46":0,"47":0,"48":1,"49":1,"50":7,"51":7,"52":1,"53":37,"54":27,"55":27,"56":25,"57":2,"58":2,"59":2,"60":0,"61":0,"62":2,"63":2,"64":2,"65":2,"66":2,"67":2,"68":2,"69":0,"70":0,"71":0,"72":0,"73":0,"74":0,"75":0,"76":0,"77":0,"78":10,"79":10,"80":1,"81":0,"82":0,"83":0,"84":0,"85":0,"86":0,"87":0,"88":0,"89":0,"90":0,"91":0,"92":0,"93":0,"94":0,"95":0,"96":1,"97":0,"98":0,"99":0,"100":0,"101":0,"102":0,"103":0,"104":0,"105":0,"106":0,"107":0,"108":0,"109":0,"110":0,"111":0,"112":0,"113":0,"114":1,"115":30,"116":20,"117":20,"118":19,"119":1,"120":1,"121":1,"122":0,"123":0,"124":1,"125":1,"126":1,"127":1,"128":1,"129":0,"130":0,"131":0,"132":0,"133":0,"134":1,"135":1,"136":1,"137":1,"138":0,"139":0,"140":10,"141":10,"142":1,"143":22,"144":16,"145":16,"146":14,"147":2,"148":2,"149":2,"150":2,"151":0,"152":0,"153":0,"154":0,"155":0,"156":6,"157":6,"158":1,"159":0,"160":0,"161":0,"162":0,"163":0,"164":0,"165":0,"166":0,"167":0,"168":0,"169":0,"170":0,"171":0,"172":0,"173":0,"174":0,"175":0,"176":0,"177":0,"178":0,"179":0,"180":0,"181":0,"182":0,"183":0,"184":0,"185":0,"186":0,"187":0,"188":0,"189":1,"190":0,"191":0,"192":0,"193":0,"194":0,"195":0,"196":0,"197":0,"198":0,"199":0,"200":0,"201":0,"202":0,"203":0,"204":0,"205":0,"206":0,"207":0,"208":0,"209":0,"210":0,"211":0,"212":0,"213":0,"214":0,"215":0,"216":0,"217":0,"218":0,"219":0,"220":0,"221":0,"222":0,"223":0,"224":0,"225":0,"226":0,"227":0,"228":0,"229":1,"230":45,"231":31,"232":31,"233":30,"234":30,"235":1,"236":1,"237":1,"238":0,"239":0,"240":1,"241":1,"242":1,"243":1,"244":0,"245":0,"246":1,"247":1,"248":0,"249":0,"250":1,"251":1,"252":1,"253":1,"254":0,"255":0,"256":1,"257":1,"258":1,"259":0,"260":0,"261":1,"262":0,"263":0,"264":1,"265":0,"266":0,"267":1,"268":1,"269":1,"270":1,"271":1,"272":1,"273":0,"274":1,"275":1,"276":0,"277":0,"278":14,"279":14,"280":1,"281":0,"282":0,"283":0,"284":0,"285":0,"286":0,"287":0,"288":0,"289":0,"290":0,"291":1,"292":0,"293":0,"294":0,"295":0,"296":0,"297":0,"298":0,"299":0,"300":0,"301":1,"302":0,"303":0,"304":0,"305":0,"306":0,"307":0,"308":0,"309":0,"310":0,"311":1,"312":0,"313":1,"314":0,"315":1,"316":0,"317":1,"318":0,"319":1},"f":{"0":4,"1":21,"2":37,"3":0,"4":0,"5":30,"6":22,"7":0,"8":0,"9":45,"10":0,"11":0,"12":0,"13":0,"14":0,"15":0,"16":0},"b":{"0":[1,3],"1":[4,3,2],"2":[14,7],"3":[21,18,16],"4":[11,3],"5":[1,2],"6":[1,0],"7":[0,0],"8":[0,0],"9":[0,0],"10":[1,1],"11":[1,0],"12":[0,1],"13":[0,0],"14":[0,0],"15":[0,0],"16":[27,10],"17":[37,36,35,34,33,32,31,30,29,28],"18":[25,2],"19":[0,2],"20":[2,0],"21":[0,0],"22":[0,0],"23":[0,0],"24":[0,0],"25":[0,0],"26":[0,0],"27":[0,0],"28":[0,0],"29":[0,0],"30":[0,0],"31":[0,0],"32":[0,0],"33":[0,0],"34":[20,10],"35":[30,29,28,27,26,25,24,23,22,21],"36":[19,1],"37":[0,1],"38":[0,1],"39":[1,0],"40":[0,0],"41":[1,0],"42":[16,6],"43":[22,21,20,19,18,17],"44":[14,2],"45":[2,0],"46":[0,0],"47":[0,0],"48":[0,0],"49":[0,0],"50":[0,0],"51":[0,0],"52":[0,0],"53":[0,0],"54":[0,0],"55":[0,0],"56":[0,0],"57":[0,0],"58":[0,0],"59":[0,0],"60":[31,14],"61":[45,44,43,42,41,40,39,38,37,36,35,34,33,32],"62":[30,1],"63":[0,1],"64":[0,1],"65":[0,1],"66":[0,1],"67":[0,1],"68":[0,1],"69":[0,1],"70":[1,0],"71":[0,1],"72":[0,0],"73":[0,0],"74":[0,0],"75":[0,0]},"_coverageSchema":"1a1c01bbd47fc00a2c39e90264f33305004495a9","hash":"a3d0ce3bac2add495407f5a542443407aec96558","contentHash":"8524b76eb202ced747ff238e5a0d99575614f36345b13fc785b7fe2d30c0ef21"},"D:\\Documents\\Tareas\\NOVENA_MATRICULA\\Ingenieria_de_software_2\\UN-ACARREO\\Backend\\server\\BusinessLogic\\BusinessLogicFactory.js":{"path":"D:\\Documents\\Tareas\\NOVENA_MATRICULA\\Ingenieria_de_software_2\\UN-ACARREO\\Backend\\server\\BusinessLogic\\BusinessLogicFactory.js","statementMap":{"0":{"start":{"line":7,"column":8},"end":{"line":36,"column":9}},"1":{"start":{"line":9,"column":16},"end":{"line":9,"column":80}},"2":{"start":{"line":11,"column":16},"end":{"line":11,"column":72}},"3":{"start":{"line":13,"column":16},"end":{"line":13,"column":72}},"4":{"start":{"line":15,"column":16},"end":{"line":15,"column":88}},"5":{"start":{"line":17,"column":16},"end":{"line":17,"column":73}},"6":{"start":{"line":19,"column":16},"end":{"line":19,"column":71}},"7":{"start":{"line":21,"column":16},"end":{"line":21,"column":70}},"8":{"start":{"line":23,"column":16},"end":{"line":23,"column":73}},"9":{"start":{"line":25,"column":16},"end":{"line":25,"column":71}},"10":{"start":{"line":27,"column":16},"end":{"line":27,"column":71}},"11":{"start":{"line":29,"column":16},"end":{"line":29,"column":72}},"12":{"start":{"line":31,"column":16},"end":{"line":31,"column":72}},"13":{"start":{"line":33,"column":16},"end":{"line":33,"column":77}},"14":{"start":{"line":35,"column":16},"end":{"line":35,"column":28}},"15":{"start":{"line":40,"column":0},"end":{"line":40,"column":38}}},"fnMap":{"0":{"name":"(anonymous_0)","decl":{"start":{"line":6,"column":4},"end":{"line":6,"column":5}},"loc":{"start":{"line":6,"column":34},"end":{"line":37,"column":5}},"line":6}},"branchMap":{"0":{"loc":{"start":{"line":7,"column":8},"end":{"line":36,"column":9}},"type":"switch","locations":[{"start":{"line":8,"column":12},"end":{"line":9,"column":80}},{"start":{"line":10,"column":12},"end":{"line":11,"column":72}},{"start":{"line":12,"column":12},"end":{"line":13,"column":72}},{"start":{"line":14,"column":12},"end":{"line":15,"column":88}},{"start":{"line":16,"column":12},"end":{"line":17,"column":73}},{"start":{"line":18,"column":12},"end":{"line":19,"column":71}},{"start":{"line":20,"column":12},"end":{"line":21,"column":70}},{"start":{"line":22,"column":12},"end":{"line":23,"column":73}},{"start":{"line":24,"column":12},"end":{"line":25,"column":71}},{"start":{"line":26,"column":12},"end":{"line":27,"column":71}},{"start":{"line":28,"column":12},"end":{"line":29,"column":72}},{"start":{"line":30,"column":12},"end":{"line":31,"column":72}},{"start":{"line":32,"column":12},"end":{"line":33,"column":77}},{"start":{"line":34,"column":12},"end":{"line":35,"column":28}}],"line":7}},"s":{"0":132,"1":3,"2":4,"3":108,"4":3,"5":2,"6":3,"7":4,"8":3,"9":0,"10":0,"11":0,"12":0,"13":2,"14":0,"15":1},"f":{"0":132},"b":{"0":[3,4,108,3,2,3,4,3,0,0,0,0,2,0]},"_coverageSchema":"1a1c01bbd47fc00a2c39e90264f33305004495a9","hash":"a237071b4dc851350e047a0cbc0673583de78656","contentHash":"f15c9b88ea9f9d7885feb4c635f45cceb1e9cbad50fd662b8c504399a08b9a61"},"D:\\Documents\\Tareas\\NOVENA_MATRICULA\\Ingenieria_de_software_2\\UN-ACARREO\\Backend\\server\\utils\\logger\\logger.js":{"path":"D:\\Documents\\Tareas\\NOVENA_MATRICULA\\Ingenieria_de_software_2\\UN-ACARREO\\Backend\\server\\utils\\logger\\logger.js","statementMap":{"0":{"start":{"line":3,"column":43},"end":{"line":3,"column":61}},"1":{"start":{"line":6,"column":0},"end":{"line":30,"column":2}},"2":{"start":{"line":12,"column":30},"end":{"line":12,"column":85}},"3":{"start":{"line":32,"column":0},"end":{"line":32,"column":24}}},"fnMap":{"0":{"name":"(anonymous_0)","decl":{"start":{"line":12,"column":22},"end":{"line":12,"column":23}},"loc":{"start":{"line":12,"column":30},"end":{"line":12,"column":85}},"line":12}},"branchMap":{},"s":{"0":1,"1":1,"2":173,"3":1},"f":{"0":173},"b":{},"_coverageSchema":"1a1c01bbd47fc00a2c39e90264f33305004495a9","hash":"327a51932c35d3a415e39a9408cff2358f9ffb5a","contentHash":"53beee980a4a6eb1ee395618a5995526f14af682357c602eeebd0cc3e8599eca"},"D:\\Documents\\Tareas\\NOVENA_MATRICULA\\Ingenieria_de_software_2\\UN-ACARREO\\Backend\\server\\constants.js":{"path":"D:\\Documents\\Tareas\\NOVENA_MATRICULA\\Ingenieria_de_software_2\\UN-ACARREO\\Backend\\server\\constants.js","statementMap":{"0":{"start":{"line":1,"column":0},"end":{"line":15,"column":2}}},"fnMap":{},"branchMap":{},"s":{"0":1},"f":{},"b":{},"_coverageSchema":"1a1c01bbd47fc00a2c39e90264f33305004495a9","hash":"8767a9d67f0633b1aee8b478941811bc01536d12","contentHash":"b25d747e6789fa0bf31672c5acdbda04b3162b4d047f4b942811cf2969797d3d"},"D:\\Documents\\Tareas\\NOVENA_MATRICULA\\Ingenieria_de_software_2\\UN-ACARREO\\Backend\\server\\Controllers\\ControllerFactory.js":{"path":"D:\\Documents\\Tareas\\NOVENA_MATRICULA\\Ingenieria_de_software_2\\UN-ACARREO\\Backend\\server\\Controllers\\ControllerFactory.js","statementMap":{"0":{"start":{"line":7,"column":8},"end":{"line":34,"column":9}},"1":{"start":{"line":9,"column":16},"end":{"line":9,"column":70}},"2":{"start":{"line":11,"column":16},"end":{"line":11,"column":71}},"3":{"start":{"line":13,"column":16},"end":{"line":13,"column":80}},"4":{"start":{"line":15,"column":16},"end":{"line":15,"column":72}},"5":{"start":{"line":17,"column":16},"end":{"line":17,"column":88}},"6":{"start":{"line":19,"column":16},"end":{"line":19,"column":73}},"7":{"start":{"line":21,"column":16},"end":{"line":21,"column":72}},"8":{"start":{"line":23,"column":16},"end":{"line":23,"column":71}},"9":{"start":{"line":25,"column":16},"end":{"line":25,"column":72}},"10":{"start":{"line":27,"column":16},"end":{"line":27,"column":70}},"11":{"start":{"line":29,"column":16},"end":{"line":29,"column":73}},"12":{"start":{"line":31,"column":16},"end":{"line":31,"column":78}},"13":{"start":{"line":33,"column":16},"end":{"line":33,"column":28}},"14":{"start":{"line":38,"column":0},"end":{"line":38,"column":35}}},"fnMap":{"0":{"name":"(anonymous_0)","decl":{"start":{"line":6,"column":4},"end":{"line":6,"column":5}},"loc":{"start":{"line":6,"column":31},"end":{"line":35,"column":5}},"line":6}},"branchMap":{"0":{"loc":{"start":{"line":7,"column":8},"end":{"line":34,"column":9}},"type":"switch","locations":[{"start":{"line":8,"column":12},"end":{"line":9,"column":70}},{"start":{"line":10,"column":12},"end":{"line":11,"column":71}},{"start":{"line":12,"column":12},"end":{"line":13,"column":80}},{"start":{"line":14,"column":12},"end":{"line":15,"column":72}},{"start":{"line":16,"column":12},"end":{"line":17,"column":88}},{"start":{"line":18,"column":12},"end":{"line":19,"column":73}},{"start":{"line":20,"column":12},"end":{"line":21,"column":72}},{"start":{"line":22,"column":12},"end":{"line":23,"column":71}},{"start":{"line":24,"column":12},"end":{"line":25,"column":72}},{"start":{"line":26,"column":12},"end":{"line":27,"column":70}},{"start":{"line":28,"column":12},"end":{"line":29,"column":73}},{"start":{"line":30,"column":12},"end":{"line":31,"column":78}},{"start":{"line":32,"column":12},"end":{"line":33,"column":28}}],"line":7}},"s":{"0":43,"1":0,"2":1,"3":3,"4":10,"5":6,"6":5,"7":0,"8":1,"9":0,"10":10,"11":5,"12":2,"13":0,"14":1},"f":{"0":43},"b":{"0":[0,1,3,10,6,5,0,1,0,10,5,2,0]},"_coverageSchema":"1a1c01bbd47fc00a2c39e90264f33305004495a9","hash":"5e3be8f40bc2839f70b3e9cc0408f4c13922e326","contentHash":"e5aeef99cda43163187477008b2077dc220d8223916049d4ace01490f3398427"},"D:\\Documents\\Tareas\\NOVENA_MATRICULA\\Ingenieria_de_software_2\\UN-ACARREO\\Backend\\server\\Models\\ModelProducts\\User.js":{"path":"D:\\Documents\\Tareas\\NOVENA_MATRICULA\\Ingenieria_de_software_2\\UN-ACARREO\\Backend\\server\\Models\\ModelProducts\\User.js","statementMap":{"0":{"start":{"line":2,"column":18},"end":{"line":2,"column":38}},"1":{"start":{"line":3,"column":17},"end":{"line":3,"column":54}},"2":{"start":{"line":6,"column":13},"end":{"line":36,"column":6}},"3":{"start":{"line":38,"column":2},"end":{"line":38,"column":24}}},"fnMap":{},"branchMap":{},"s":{"0":1,"1":1,"2":1,"3":1},"f":{},"b":{},"_coverageSchema":"1a1c01bbd47fc00a2c39e90264f33305004495a9","hash":"83026e820319fcbd0a01470e88767062775a1ccf","contentHash":"ae9548560bce628b05ba939ec15b464c1ea8f551ac09c5175af787bd6339a65c"},"D:\\Documents\\Tareas\\NOVENA_MATRICULA\\Ingenieria_de_software_2\\UN-ACARREO\\Backend\\server\\DataBase\\database.js":{"path":"D:\\Documents\\Tareas\\NOVENA_MATRICULA\\Ingenieria_de_software_2\\UN-ACARREO\\Backend\\server\\DataBase\\database.js","statementMap":{"0":{"start":{"line":3,"column":15},"end":{"line":3,"column":50}},"1":{"start":{"line":5,"column":18},"end":{"line":5,"column":38}},"2":{"start":{"line":6,"column":18},"end":{"line":26,"column":1}},"3":{"start":{"line":28,"column":0},"end":{"line":35,"column":5}},"4":{"start":{"line":31,"column":4},"end":{"line":31,"column":88}},"5":{"start":{"line":34,"column":4},"end":{"line":34,"column":72}},"6":{"start":{"line":36,"column":0},"end":{"line":36,"column":27}}},"fnMap":{"0":{"name":"(anonymous_0)","decl":{"start":{"line":30,"column":8},"end":{"line":30,"column":9}},"loc":{"start":{"line":30,"column":14},"end":{"line":32,"column":3}},"line":30},"1":{"name":"(anonymous_1)","decl":{"start":{"line":33,"column":9},"end":{"line":33,"column":10}},"loc":{"start":{"line":33,"column":16},"end":{"line":35,"column":3}},"line":33}},"branchMap":{},"s":{"0":1,"1":1,"2":1,"3":1,"4":1,"5":0,"6":1},"f":{"0":1,"1":0},"b":{},"_coverageSchema":"1a1c01bbd47fc00a2c39e90264f33305004495a9","hash":"0e621fd8595e0ec224865a10c2dc424f981e4390","contentHash":"916555699e59399dfb68295e9acc9e9815901c7555d8e61bc2ce8558f657ae4f"},"D:\\Documents\\Tareas\\NOVENA_MATRICULA\\Ingenieria_de_software_2\\UN-ACARREO\\Backend\\server\\Models\\ModelProducts\\Driver.js":{"path":"D:\\Documents\\Tareas\\NOVENA_MATRICULA\\Ingenieria_de_software_2\\UN-ACARREO\\Backend\\server\\Models\\ModelProducts\\Driver.js","statementMap":{"0":{"start":{"line":2,"column":18},"end":{"line":2,"column":38}},"1":{"start":{"line":3,"column":17},"end":{"line":3,"column":54}},"2":{"start":{"line":6,"column":15},"end":{"line":54,"column":6}},"3":{"start":{"line":56,"column":0},"end":{"line":56,"column":24}}},"fnMap":{},"branchMap":{},"s":{"0":1,"1":1,"2":1,"3":1},"f":{},"b":{},"_coverageSchema":"1a1c01bbd47fc00a2c39e90264f33305004495a9","hash":"e0d7c3b0e4feac3fe53e337d2812f6aa84f4d876","contentHash":"859a1b9814739386d62b4e29b98ca37476ec0d0d972fc2d13df164a784a0a7ac"},"D:\\Documents\\Tareas\\NOVENA_MATRICULA\\Ingenieria_de_software_2\\UN-ACARREO\\Backend\\server\\Models\\ModelProducts\\Vehicle.js":{"path":"D:\\Documents\\Tareas\\NOVENA_MATRICULA\\Ingenieria_de_software_2\\UN-ACARREO\\Backend\\server\\Models\\ModelProducts\\Vehicle.js","statementMap":{"0":{"start":{"line":2,"column":18},"end":{"line":2,"column":38}},"1":{"start":{"line":3,"column":17},"end":{"line":3,"column":54}},"2":{"start":{"line":6,"column":16},"end":{"line":36,"column":6}},"3":{"start":{"line":38,"column":0},"end":{"line":38,"column":25}}},"fnMap":{},"branchMap":{},"s":{"0":1,"1":1,"2":1,"3":1},"f":{},"b":{},"_coverageSchema":"1a1c01bbd47fc00a2c39e90264f33305004495a9","hash":"9cd7f5b47f75c157af65e7b6608fc3d82b4fac24","contentHash":"0e5d8d1b165746f7dd5142698b51ab7f6fe6c94b61abac62e350288f8729c52e"},"D:\\Documents\\Tareas\\NOVENA_MATRICULA\\Ingenieria_de_software_2\\UN-ACARREO\\Backend\\server\\Models\\ModelProducts\\Rating.js":{"path":"D:\\Documents\\Tareas\\NOVENA_MATRICULA\\Ingenieria_de_software_2\\UN-ACARREO\\Backend\\server\\Models\\ModelProducts\\Rating.js","statementMap":{"0":{"start":{"line":2,"column":18},"end":{"line":2,"column":38}},"1":{"start":{"line":3,"column":17},"end":{"line":3,"column":54}},"2":{"start":{"line":6,"column":15},"end":{"line":31,"column":6}},"3":{"start":{"line":33,"column":0},"end":{"line":33,"column":24}}},"fnMap":{},"branchMap":{},"s":{"0":1,"1":1,"2":1,"3":1},"f":{},"b":{},"_coverageSchema":"1a1c01bbd47fc00a2c39e90264f33305004495a9","hash":"cf0de36a815e3f282a75033636bf522826699897","contentHash":"257977318ae87b28921c69f6215b32abc05221aefbfaf57222598075a6265d94"},"D:\\Documents\\Tareas\\NOVENA_MATRICULA\\Ingenieria_de_software_2\\UN-ACARREO\\Backend\\server\\Models\\ModelProducts\\Route.js":{"path":"D:\\Documents\\Tareas\\NOVENA_MATRICULA\\Ingenieria_de_software_2\\UN-ACARREO\\Backend\\server\\Models\\ModelProducts\\Route.js","statementMap":{"0":{"start":{"line":2,"column":18},"end":{"line":2,"column":38}},"1":{"start":{"line":3,"column":17},"end":{"line":3,"column":54}},"2":{"start":{"line":6,"column":14},"end":{"line":27,"column":6}},"3":{"start":{"line":29,"column":0},"end":{"line":29,"column":23}}},"fnMap":{},"branchMap":{},"s":{"0":1,"1":1,"2":1,"3":1},"f":{},"b":{},"_coverageSchema":"1a1c01bbd47fc00a2c39e90264f33305004495a9","hash":"44d3b98540dbf9c3af1916ee1f3124ef084b06ce","contentHash":"d6b9a33f8e7b98ea8c0553aef342e831f751797427255cd33bdc3f5ab796bd36"},"D:\\Documents\\Tareas\\NOVENA_MATRICULA\\Ingenieria_de_software_2\\UN-ACARREO\\Backend\\server\\Models\\ModelProducts\\Status.js":{"path":"D:\\Documents\\Tareas\\NOVENA_MATRICULA\\Ingenieria_de_software_2\\UN-ACARREO\\Backend\\server\\Models\\ModelProducts\\Status.js","statementMap":{"0":{"start":{"line":2,"column":18},"end":{"line":2,"column":38}},"1":{"start":{"line":3,"column":17},"end":{"line":3,"column":54}},"2":{"start":{"line":6,"column":15},"end":{"line":19,"column":6}},"3":{"start":{"line":21,"column":0},"end":{"line":21,"column":24}}},"fnMap":{},"branchMap":{},"s":{"0":1,"1":1,"2":1,"3":1},"f":{},"b":{},"_coverageSchema":"1a1c01bbd47fc00a2c39e90264f33305004495a9","hash":"a09e0f7869a82b57dc408b476fb80206710c3f36","contentHash":"a3c52ec80dad320ffa57d826bf74684048e774efa8d3012c65faa53d66d2e35a"},"D:\\Documents\\Tareas\\NOVENA_MATRICULA\\Ingenieria_de_software_2\\UN-ACARREO\\Backend\\server\\Models\\ModelProducts\\Cargo.js":{"path":"D:\\Documents\\Tareas\\NOVENA_MATRICULA\\Ingenieria_de_software_2\\UN-ACARREO\\Backend\\server\\Models\\ModelProducts\\Cargo.js","statementMap":{"0":{"start":{"line":2,"column":18},"end":{"line":2,"column":38}},"1":{"start":{"line":3,"column":17},"end":{"line":3,"column":54}},"2":{"start":{"line":6,"column":14},"end":{"line":27,"column":4}},"3":{"start":{"line":29,"column":0},"end":{"line":29,"column":23}}},"fnMap":{},"branchMap":{},"s":{"0":1,"1":1,"2":1,"3":1},"f":{},"b":{},"_coverageSchema":"1a1c01bbd47fc00a2c39e90264f33305004495a9","hash":"0125fea73555008fce4a525e608ef3c80173cca5","contentHash":"cb7113a114814ae733cf5d3c7f15dc84facbda41a70a3e56dd7984408eeaf578"},"D:\\Documents\\Tareas\\NOVENA_MATRICULA\\Ingenieria_de_software_2\\UN-ACARREO\\Backend\\server\\Models\\ModelProducts\\Haulage.js":{"path":"D:\\Documents\\Tareas\\NOVENA_MATRICULA\\Ingenieria_de_software_2\\UN-ACARREO\\Backend\\server\\Models\\ModelProducts\\Haulage.js","statementMap":{"0":{"start":{"line":2,"column":18},"end":{"line":2,"column":38}},"1":{"start":{"line":3,"column":17},"end":{"line":3,"column":54}},"2":{"start":{"line":4,"column":14},"end":{"line":4,"column":32}},"3":{"start":{"line":5,"column":15},"end":{"line":5,"column":34}},"4":{"start":{"line":6,"column":14},"end":{"line":6,"column":32}},"5":{"start":{"line":7,"column":15},"end":{"line":7,"column":34}},"6":{"start":{"line":8,"column":13},"end":{"line":8,"column":30}},"7":{"start":{"line":11,"column":16},"end":{"line":48,"column":6}},"8":{"start":{"line":51,"column":0},"end":{"line":51,"column":73}},"9":{"start":{"line":52,"column":0},"end":{"line":52,"column":70}},"10":{"start":{"line":54,"column":0},"end":{"line":54,"column":76}},"11":{"start":{"line":55,"column":0},"end":{"line":55,"column":73}},"12":{"start":{"line":57,"column":0},"end":{"line":57,"column":73}},"13":{"start":{"line":58,"column":0},"end":{"line":58,"column":70}},"14":{"start":{"line":60,"column":0},"end":{"line":60,"column":76}},"15":{"start":{"line":61,"column":0},"end":{"line":61,"column":74}},"16":{"start":{"line":63,"column":0},"end":{"line":63,"column":70}},"17":{"start":{"line":64,"column":0},"end":{"line":64,"column":68}},"18":{"start":{"line":66,"column":0},"end":{"line":66,"column":25}}},"fnMap":{},"branchMap":{},"s":{"0":1,"1":1,"2":1,"3":1,"4":1,"5":1,"6":1,"7":1,"8":1,"9":1,"10":1,"11":1,"12":1,"13":1,"14":1,"15":1,"16":1,"17":1,"18":1},"f":{},"b":{},"_coverageSchema":"1a1c01bbd47fc00a2c39e90264f33305004495a9","hash":"46ec0ffd22d621a5661308f7afc64601037f97ac","contentHash":"6504b64c9c44612fb5fe4297cfde8a339e93f867e6e44392ce5be82a2bba624f"},"D:\\Documents\\Tareas\\NOVENA_MATRICULA\\Ingenieria_de_software_2\\UN-ACARREO\\Backend\\server\\Models\\ModelProducts\\Bill.js":{"path":"D:\\Documents\\Tareas\\NOVENA_MATRICULA\\Ingenieria_de_software_2\\UN-ACARREO\\Backend\\server\\Models\\ModelProducts\\Bill.js","statementMap":{"0":{"start":{"line":2,"column":18},"end":{"line":2,"column":38}},"1":{"start":{"line":3,"column":17},"end":{"line":3,"column":54}},"2":{"start":{"line":4,"column":16},"end":{"line":4,"column":39}},"3":{"start":{"line":7,"column":13},"end":{"line":24,"column":6}},"4":{"start":{"line":27,"column":0},"end":{"line":27,"column":73}},"5":{"start":{"line":28,"column":0},"end":{"line":28,"column":76}},"6":{"start":{"line":30,"column":0},"end":{"line":30,"column":22}}},"fnMap":{},"branchMap":{},"s":{"0":1,"1":1,"2":1,"3":1,"4":1,"5":1,"6":1},"f":{},"b":{},"_coverageSchema":"1a1c01bbd47fc00a2c39e90264f33305004495a9","hash":"b2c8615d9e36ee4a260ce4481ce0fc90670d8f4e","contentHash":"1db27632201083bc8b8e84138694a9c4482a324f5e802090bf062e909c05966c"},"D:\\Documents\\Tareas\\NOVENA_MATRICULA\\Ingenieria_de_software_2\\UN-ACARREO\\Backend\\server\\Models\\ModelProducts\\Driver_Vehicle.js":{"path":"D:\\Documents\\Tareas\\NOVENA_MATRICULA\\Ingenieria_de_software_2\\UN-ACARREO\\Backend\\server\\Models\\ModelProducts\\Driver_Vehicle.js","statementMap":{"0":{"start":{"line":2,"column":18},"end":{"line":2,"column":38}},"1":{"start":{"line":3,"column":17},"end":{"line":3,"column":54}},"2":{"start":{"line":4,"column":15},"end":{"line":4,"column":34}},"3":{"start":{"line":5,"column":16},"end":{"line":5,"column":36}},"4":{"start":{"line":8,"column":23},"end":{"line":26,"column":6}},"5":{"start":{"line":29,"column":0},"end":{"line":29,"column":108}},"6":{"start":{"line":30,"column":0},"end":{"line":30,"column":108}},"7":{"start":{"line":32,"column":0},"end":{"line":32,"column":32}}},"fnMap":{},"branchMap":{},"s":{"0":1,"1":1,"2":1,"3":1,"4":1,"5":1,"6":1,"7":1},"f":{},"b":{},"_coverageSchema":"1a1c01bbd47fc00a2c39e90264f33305004495a9","hash":"5ac432b84776aa1d470a4c14503838b4ee54ad48","contentHash":"4df8ce01b96bd3ea967b7ae9cbd65849e08fd45dd8525dfdcfee4a9a6a61ad80"},"D:\\Documents\\Tareas\\NOVENA_MATRICULA\\Ingenieria_de_software_2\\UN-ACARREO\\Backend\\server\\Models\\ModelProducts\\Haulage_Driver_Vehicle.js":{"path":"D:\\Documents\\Tareas\\NOVENA_MATRICULA\\Ingenieria_de_software_2\\UN-ACARREO\\Backend\\server\\Models\\ModelProducts\\Haulage_Driver_Vehicle.js","statementMap":{"0":{"start":{"line":2,"column":18},"end":{"line":2,"column":38}},"1":{"start":{"line":3,"column":17},"end":{"line":3,"column":54}},"2":{"start":{"line":6,"column":31},"end":{"line":27,"column":6}},"3":{"start":{"line":29,"column":0},"end":{"line":29,"column":40}}},"fnMap":{},"branchMap":{},"s":{"0":1,"1":1,"2":1,"3":1},"f":{},"b":{},"_coverageSchema":"1a1c01bbd47fc00a2c39e90264f33305004495a9","hash":"c02be627c3dd05df60413e102a6433b801c926f3","contentHash":"c0cc9eb2cbd5ba0dbc7fdef0386f1f52c59b511d7cf6aca6267d07aee96795a0"},"D:\\Documents\\Tareas\\NOVENA_MATRICULA\\Ingenieria_de_software_2\\UN-ACARREO\\Backend\\server\\Models\\ModelProducts\\Notification_Type.js":{"path":"D:\\Documents\\Tareas\\NOVENA_MATRICULA\\Ingenieria_de_software_2\\UN-ACARREO\\Backend\\server\\Models\\ModelProducts\\Notification_Type.js","statementMap":{"0":{"start":{"line":2,"column":18},"end":{"line":2,"column":38}},"1":{"start":{"line":3,"column":17},"end":{"line":3,"column":54}},"2":{"start":{"line":6,"column":26},"end":{"line":20,"column":6}},"3":{"start":{"line":22,"column":0},"end":{"line":22,"column":35}}},"fnMap":{},"branchMap":{},"s":{"0":1,"1":1,"2":1,"3":1},"f":{},"b":{},"_coverageSchema":"1a1c01bbd47fc00a2c39e90264f33305004495a9","hash":"ee2b229caa39a9ebd2ed0b530e952f8dc5fbafd3","contentHash":"6012783216a1ea21c05a33935a458ca426fd9c209fa630bc447be67c7c97d2fa"},"D:\\Documents\\Tareas\\NOVENA_MATRICULA\\Ingenieria_de_software_2\\UN-ACARREO\\Backend\\server\\Models\\ModelProducts\\User_Notification.js":{"path":"D:\\Documents\\Tareas\\NOVENA_MATRICULA\\Ingenieria_de_software_2\\UN-ACARREO\\Backend\\server\\Models\\ModelProducts\\User_Notification.js","statementMap":{"0":{"start":{"line":2,"column":18},"end":{"line":2,"column":38}},"1":{"start":{"line":3,"column":17},"end":{"line":3,"column":54}},"2":{"start":{"line":5,"column":16},"end":{"line":5,"column":36}},"3":{"start":{"line":6,"column":26},"end":{"line":6,"column":56}},"4":{"start":{"line":7,"column":13},"end":{"line":7,"column":30}},"5":{"start":{"line":10,"column":26},"end":{"line":26,"column":6}},"6":{"start":{"line":29,"column":0},"end":{"line":29,"column":119}},"7":{"start":{"line":30,"column":0},"end":{"line":30,"column":117}},"8":{"start":{"line":32,"column":0},"end":{"line":32,"column":89}},"9":{"start":{"line":33,"column":0},"end":{"line":33,"column":87}},"10":{"start":{"line":35,"column":0},"end":{"line":35,"column":80}},"11":{"start":{"line":36,"column":0},"end":{"line":36,"column":78}},"12":{"start":{"line":38,"column":0},"end":{"line":38,"column":35}}},"fnMap":{},"branchMap":{},"s":{"0":1,"1":1,"2":1,"3":1,"4":1,"5":1,"6":1,"7":1,"8":1,"9":1,"10":1,"11":1,"12":1},"f":{},"b":{},"_coverageSchema":"1a1c01bbd47fc00a2c39e90264f33305004495a9","hash":"f88af4b329560291cd2cbfd81d5e456dbe587172","contentHash":"119d9c6a8a766c3d0891a2a28adde1cb6767b7270c93e1da1c52545fb46b42d1"},"D:\\Documents\\Tareas\\NOVENA_MATRICULA\\Ingenieria_de_software_2\\UN-ACARREO\\Backend\\server\\Models\\ModelProducts\\Driver_Notification.js":{"path":"D:\\Documents\\Tareas\\NOVENA_MATRICULA\\Ingenieria_de_software_2\\UN-ACARREO\\Backend\\server\\Models\\ModelProducts\\Driver_Notification.js","statementMap":{"0":{"start":{"line":2,"column":18},"end":{"line":2,"column":38}},"1":{"start":{"line":3,"column":17},"end":{"line":3,"column":54}},"2":{"start":{"line":5,"column":16},"end":{"line":5,"column":36}},"3":{"start":{"line":6,"column":26},"end":{"line":6,"column":56}},"4":{"start":{"line":7,"column":15},"end":{"line":7,"column":34}},"5":{"start":{"line":10,"column":28},"end":{"line":26,"column":6}},"6":{"start":{"line":29,"column":0},"end":{"line":29,"column":121}},"7":{"start":{"line":30,"column":0},"end":{"line":30,"column":119}},"8":{"start":{"line":32,"column":0},"end":{"line":32,"column":91}},"9":{"start":{"line":33,"column":0},"end":{"line":33,"column":89}},"10":{"start":{"line":35,"column":0},"end":{"line":35,"column":88}},"11":{"start":{"line":36,"column":0},"end":{"line":36,"column":86}},"12":{"start":{"line":38,"column":0},"end":{"line":38,"column":37}}},"fnMap":{},"branchMap":{},"s":{"0":1,"1":1,"2":1,"3":1,"4":1,"5":1,"6":1,"7":1,"8":1,"9":1,"10":1,"11":1,"12":1},"f":{},"b":{},"_coverageSchema":"1a1c01bbd47fc00a2c39e90264f33305004495a9","hash":"75d919472b301f86a9086f9254870bfb442578b2","contentHash":"d50abe249f97dbf99027c5759c58a057afba61714891ba1d3b5fd42b98551c7a"},"D:\\Documents\\Tareas\\NOVENA_MATRICULA\\Ingenieria_de_software_2\\UN-ACARREO\\Backend\\server\\BusinessLogic\\BusinessLogicProducts\\UserHandler.js":{"path":"D:\\Documents\\Tareas\\NOVENA_MATRICULA\\Ingenieria_de_software_2\\UN-ACARREO\\Backend\\server\\BusinessLogic\\BusinessLogicProducts\\UserHandler.js","statementMap":{"0":{"start":{"line":3,"column":26},"end":{"line":3,"column":72}},"1":{"start":{"line":6,"column":15},"end":{"line":6,"column":51}},"2":{"start":{"line":9,"column":13},"end":{"line":9,"column":32}},"3":{"start":{"line":14,"column":83},"end":{"line":14,"column":99}},"4":{"start":{"line":16,"column":31},"end":{"line":16,"column":65}},"5":{"start":{"line":18,"column":15},"end":{"line":18,"column":142}},"6":{"start":{"line":19,"column":4},"end":{"line":27,"column":5}},"7":{"start":{"line":21,"column":8},"end":{"line":21,"column":67}},"8":{"start":{"line":22,"column":8},"end":{"line":22,"column":17}},"9":{"start":{"line":25,"column":8},"end":{"line":25,"column":51}},"10":{"start":{"line":26,"column":8},"end":{"line":26,"column":26}},"11":{"start":{"line":37,"column":42},"end":{"line":37,"column":58}},"12":{"start":{"line":41,"column":16},"end":{"line":41,"column":97}},"13":{"start":{"line":42,"column":4},"end":{"line":46,"column":5}},"14":{"start":{"line":44,"column":8},"end":{"line":44,"column":52}},"15":{"start":{"line":45,"column":8},"end":{"line":45,"column":47}},"16":{"start":{"line":47,"column":4},"end":{"line":62,"column":5}},"17":{"start":{"line":48,"column":8},"end":{"line":48,"column":48}},"18":{"start":{"line":49,"column":18},"end":{"line":49,"column":98}},"19":{"start":{"line":50,"column":8},"end":{"line":61,"column":9}},"20":{"start":{"line":53,"column":12},"end":{"line":55,"column":13}},"21":{"start":{"line":54,"column":12},"end":{"line":54,"column":69}},"22":{"start":{"line":56,"column":12},"end":{"line":56,"column":73}},"23":{"start":{"line":
[...]
:1,"1":1,"2":1,"3":1,"4":0,"5":0,"6":0,"7":0,"8":0,"9":0,"10":0,"11":0,"12":0,"13":0,"14":1,"15":1,"16":1,"17":1,"18":1,"19":0,"20":0,"21":1,"22":1,"23":1,"24":1,"25":0,"26":0,"27":0,"28":0,"29":0,"30":0,"31":0,"32":0,"33":0,"34":0,"35":0,"36":0,"37":0,"38":0,"39":0,"40":0,"41":0,"42":0,"43":0,"44":0,"45":0,"46":0,"47":0,"48":0,"49":3,"50":3,"51":3,"52":0,"53":0,"54":3,"55":3,"56":0,"57":0,"58":1},"f":{"0":0,"1":1,"2":1,"3":0,"4":0,"5":0,"6":3},"b":{"0":[0,0],"1":[0,0],"2":[0,0],"3":[0,3]},"_coverageSchema":"1a1c01bbd47fc00a2c39e90264f33305004495a9","hash":"88ac4ba93528b402851017e7660cc8f587353ecc","contentHash":"f306463ebdde243fc95d16852ece5d5ebe7fba8f369d1479e4ad83f7ff3b6687"},"D:\\Documents\\Tareas\\NOVENA_MATRICULA\\Ingenieria_de_software_2\\UN-ACARREO\\Backend\\server\\BusinessLogic\\BusinessLogicProducts\\Haulage_Driver_VehicleHandler.js":{"path":"D:\\Documents\\Tareas\\NOVENA_MATRICULA\\Ingenieria_de_software_2\\UN-ACARREO\\Backend\\server\\BusinessLogic\\BusinessLogicProducts\\Haulage_Driver_VehicleHandler.js","statementMap":{"0":{"start":{"line":3,"column":26},"end":{"line":3,"column":72}},"1":{"start":{"line":4,"column":18},"end":{"line":4,"column":63}},"2":{"start":{"line":7,"column":15},"end":{"line":7,"column":51}},"3":{"start":{"line":9,"column":15},"end":{"line":9,"column":35}},"4":{"start":{"line":14,"column":4},"end":{"line":23,"column":7}},"5":{"start":{"line":15,"column":24},"end":{"line":17,"column":13}},"6":{"start":{"line":18,"column":8},"end":{"line":22,"column":9}},"7":{"start":{"line":20,"column":16},"end":{"line":20,"column":72}},"8":{"start":{"line":21,"column":16},"end":{"line":21,"column":47}},"9":{"start":{"line":24,"column":4},"end":{"line":24,"column":91}},"10":{"start":{"line":25,"column":4},"end":{"line":25,"column":22}},"11":{"start":{"line":32,"column":19},"end":{"line":38,"column":9}},"12":{"start":{"line":40,"column":25},"end":{"line":63,"column":10}},"13":{"start":{"line":64,"column":4},"end":{"line":68,"column":5}},"14":{"start":{"line":66,"column":8},"end":{"line":66,"column":96}},"15":{"start":{"line":67,"column":8},"end":{"line":67,"column":57}},"16":{"start":{"line":69,"column":23},"end":{"line":69,"column":25}},"17":{"start":{"line":70,"column":24},"end":{"line":70,"column":26}},"18":{"start":{"line":72,"column":4},"end":{"line":90,"column":5}},"19":{"start":{"line":73,"column":24},"end":{"line":73,"column":42}},"20":{"start":{"line":75,"column":35},"end":{"line":79,"column":13}},"21":{"start":{"line":80,"column":8},"end":{"line":84,"column":9}},"22":{"start":{"line":82,"column":12},"end":{"line":82,"column":112}},"23":{"start":{"line":83,"column":12},"end":{"line":83,"column":67}},"24":{"start":{"line":85,"column":8},"end":{"line":89,"column":9}},"25":{"start":{"line":87,"column":12},"end":{"line":87,"column":55}},"26":{"start":{"line":88,"column":12},"end":{"line":88,"column":57}},"27":{"start":{"line":91,"column":26},"end":{"line":91,"column":47}},"28":{"start":{"line":92,"column":27},"end":{"line":92,"column":49}},"29":{"start":{"line":94,"column":4},"end":{"line":94,"column":113}},"30":{"start":{"line":95,"column":4},"end":{"line":95,"column":92}},"31":{"start":{"line":100,"column":20},"end":{"line":102,"column":5}},"32":{"start":{"line":103,"column":4},"end":{"line":107,"column":5}},"33":{"start":{"line":105,"column":8},"end":{"line":105,"column":95}},"34":{"start":{"line":106,"column":8},"end":{"line":106,"column":53}},"35":{"start":{"line":108,"column":21},"end":{"line":110,"column":5}},"36":{"start":{"line":111,"column":4},"end":{"line":115,"column":5}},"37":{"start":{"line":113,"column":8},"end":{"line":113,"column":97}},"38":{"start":{"line":114,"column":8},"end":{"line":114,"column":54}},"39":{"start":{"line":116,"column":4},"end":{"line":116,"column":74}},"40":{"start":{"line":117,"column":17},"end":{"line":117,"column":32}},"41":{"start":{"line":118,"column":18},"end":{"line":118,"column":34}},"42":{"start":{"line":119,"column":4},"end":{"line":133,"column":5}},"43":{"start":{"line":137,"column":15},"end":{"line":137,"column":17}},"44":{"start":{"line":138,"column":4},"end":{"line":149,"column":5}},"45":{"start":{"line":140,"column":29},"end":{"line":140,"column":94}},"46":{"start":{"line":141,"column":8},"end":{"line":148,"column":9}},"47":{"start":{"line":143,"column":12},"end":{"line":143,"column":42}},"48":{"start":{"line":147,"column":12},"end":{"line":147,"column":61}},"49":{"start":{"line":150,"column":4},"end":{"line":150,"column":78}},"50":{"start":{"line":151,"column":4},"end":{"line":151,"column":31}},"51":{"start":{"line":156,"column":19},"end":{"line":156,"column":114}},"52":{"start":{"line":157,"column":4},"end":{"line":160,"column":5}},"53":{"start":{"line":158,"column":6},"end":{"line":158,"column":77}},"54":{"start":{"line":159,"column":6},"end":{"line":159,"column":47}},"55":{"start":{"line":161,"column":4},"end":{"line":164,"column":5}},"56":{"start":{"line":162,"column":6},"end":{"line":162,"column":77}},"57":{"start":{"line":163,"column":6},"end":{"line":163,"column":46}},"58":{"start":{"line":166,"column":4},"end":{"line":166,"column":43}},"59":{"start":{"line":170,"column":28},"end":{"line":174,"column":13}},"60":{"start":{"line":175,"column":4},"end":{"line":179,"column":5}},"61":{"start":{"line":177,"column":8},"end":{"line":177,"column":121}},"62":{"start":{"line":178,"column":8},"end":{"line":178,"column":60}},"63":{"start":{"line":180,"column":4},"end":{"line":180,"column":96}},"64":{"start":{"line":181,"column":4},"end":{"line":181,"column":53}},"65":{"start":{"line":185,"column":0},"end":{"line":192,"column":1}}},"fnMap":{"0":{"name":"createAllHaulage_Driver_VehicleFromList","decl":{"start":{"line":12,"column":15},"end":{"line":12,"column":54}},"loc":{"start":{"line":12,"column":87},"end":{"line":26,"column":1}},"line":12},"1":{"name":"getListOfBussyDriverVehicle","decl":{"start":{"line":29,"column":15},"end":{"line":29,"column":42}},"loc":{"start":{"line":29,"column":65},"end":{"line":97,"column":1}},"line":29},"2":{"name":"getDriver_VehicleInfo","decl":{"start":{"line":98,"column":15},"end":{"line":98,"column":36}},"loc":{"start":{"line":99,"column":0},"end":{"line":134,"column":1}},"line":99},"3":{"name":"getAll_Driver_VehicleInfo","decl":{"start":{"line":135,"column":15},"end":{"line":135,"column":40}},"loc":{"start":{"line":136,"column":0},"end":{"line":152,"column":1}},"line":136},"4":{"name":"getVehiclesAssigned","decl":{"start":{"line":155,"column":15},"end":{"line":155,"column":34}},"loc":{"start":{"line":155,"column":46},"end":{"line":167,"column":1}},"line":155},"5":{"name":"get_Haulage_Driver_Vehicles_of_Driver","decl":{"start":{"line":168,"column":15},"end":{"line":168,"column":52}},"loc":{"start":{"line":169,"column":0},"end":{"line":182,"column":1}},"line":169}},"branchMap":{"0":{"loc":{"start":{"line":18,"column":8},"end":{"line":22,"column":9}},"type":"if","locations":[{"start":{"line":18,"column":8},"end":{"line":22,"column":9}},{"start":{"line":18,"column":8},"end":{"line":22,"column":9}}],"line":18},"1":{"loc":{"start":{"line":64,"column":4},"end":{"line":68,"column":5}},"type":"if","locations":[{"start":{"line":64,"column":4},"end":{"line":68,"column":5}},{"start":{"line":64,"column":4},"end":{"line":68,"column":5}}],"line":64},"2":{"loc":{"start":{"line":80,"column":8},"end":{"line":84,"column":9}},"type":"if","locations":[{"start":{"line":80,"column":8},"end":{"line":84,"column":9}},{"start":{"line":80,"column":8},"end":{"line":84,"column":9}}],"line":80},"3":{"loc":{"start":{"line":103,"column":4},"end":{"line":107,"column":5}},"type":"if","locations":[{"start":{"line":103,"column":4},"end":{"line":107,"column":5}},{"start":{"line":103,"column":4},"end":{"line":107,"column":5}}],"line":103},"4":{"loc":{"start":{"line":111,"column":4},"end":{"line":115,"column":5}},"type":"if","locations":[{"start":{"line":111,"column":4},"end":{"line":115,"column":5}},{"start":{"line":111,"column":4},"end":{"line":115,"column":5}}],"line":111},"5":{"loc":{"start":{"line":141,"column":8},"end":{"line":148,"column":9}},"type":"if","locations":[{"start":{"line":141,"column":8},"end":{"line":148,"column":9}},{"start":{"line":141,"column":8},"end":{"line":148,"column":9}}],"line":141},"6":{"loc":{"start":{"line":157,"column":4},"end":{"line":160,"column":5}},"type":"if","locations":[{"start":{"line":157,"column":4},"end":{"line":160,"column":5}},{"start":{"line":157,"column":4},"end":{"line":160,"column":5}}],"line":157},"7":{"loc":{"start":{"line":161,"column":4},"end":{"line":164,"column":5}},"type":"if","locations":[{"start":{"line":161,"column":4},"end":{"line":164,"column":5}},{"start":{"line":161,"column":4},"end":{"line":164,"column":5}}],"line":161},"8":{"loc":{"start":{"line":175,"column":4},"end":{"line":179,"column":5}},"type":"if","locations":[{"start":{"line":175,"column":4},"end":{"line":179,"column":5}},{"start":{"line":175,"column":4},"end":{"line":179,"column":5}}],"line":175}},"s":{"0":1,"1":1,"2":1,"3":1,"4":1,"5":1,"6":1,"7":0,"8":0,"9":1,"10":1,"11":1,"12":1,"13":1,"14":0,"15":0,"16":1,"17":1,"18":1,"19":5,"20":5,"21":5,"22":0,"23":0,"24":5,"25":5,"26":5,"27":1,"28":1,"29":1,"30":1,"31":1,"32":1,"33":0,"34":0,"35":1,"36":1,"37":0,"38":0,"39":1,"40":1,"41":1,"42":1,"43":1,"44":1,"45":1,"46":1,"47":1,"48":0,"49":1,"50":1,"51":0,"52":0,"53":0,"54":0,"55":0,"56":0,"57":0,"58":0,"59":0,"60":0,"61":0,"62":0,"63":0,"64":0,"65":1},"f":{"0":1,"1":1,"2":1,"3":1,"4":0,"5":0},"b":{"0":[0,1],"1":[0,1],"2":[0,5],"3":[0,1],"4":[0,1],"5":[1,0],"6":[0,0],"7":[0,0],"8":[0,0]},"_coverageSchema":"1a1c01bbd47fc00a2c39e90264f33305004495a9","hash":"ca7bb15492647a7d68e5da1dac7edeb87a26e741","contentHash":"40ada7930e19c4e282b9a69bcbf0bb9ff14c95809b560834d540b0129f5fc646"},"D:\\Documents\\Tareas\\NOVENA_MATRICULA\\Ingenieria_de_software_2\\UN-ACARREO\\Backend\\server\\Controllers\\ControllerProducts\\Haulage_Driver_VehicleController.js":{"path":"D:\\Documents\\Tareas\\NOVENA_MATRICULA\\Ingenieria_de_software_2\\UN-ACARREO\\Backend\\server\\Controllers\\ControllerProducts\\Haulage_Driver_VehicleController.js","statementMap":{"0":{"start":{"line":3,"column":0},"end":{"line":3,"column":52}},"1":{"start":{"line":6,"column":15},"end":{"line":6,"column":51}},"2":{"start":{"line":11,"column":4},"end":{"line":29,"column":5}},"3":{"start":{"line":15,"column":8},"end":{"line":22,"column":10}},"4":{"start":{"line":23,"column":8},"end":{"line":23,"column":106}},"5":{"start":{"line":24,"column":8},"end":{"line":24,"column":26}},"6":{"start":{"line":27,"column":8},"end":{"line":27,"column":67}},"7":{"start":{"line":28,"column":8},"end":{"line":28,"column":39}},"8":{"start":{"line":36,"column":4},"end":{"line":47,"column":5}},"9":{"start":{"line":37,"column":19},"end":{"line":41,"column":10}},"10":{"start":{"line":42,"column":8},"end":{"line":42,"column":74}},"11":{"start":{"line":43,"column":8},"end":{"line":43,"column":39}},"12":{"start":{"line":45,"column":8},"end":{"line":45,"column":84}},"13":{"start":{"line":46,"column":8},"end":{"line":46,"column":42}},"14":{"start":{"line":54,"column":4},"end":{"line":62,"column":5}},"15":{"start":{"line":56,"column":19},"end":{"line":56,"column":69}},"16":{"start":{"line":57,"column":8},"end":{"line":57,"column":102}},"17":{"start":{"line":58,"column":8},"end":{"line":58,"column":39}},"18":{"start":{"line":60,"column":8},"end":{"line":60,"column":84}},"19":{"start":{"line":61,"column":8},"end":{"line":61,"column":42}},"20":{"start":{"line":66,"column":4},"end":{"line":85,"column":5}},"21":{"start":{"line":67,"column":16},"end":{"line":67,"column":69}},"22":{"start":{"line":68,"column":30},"end":{"line":70,"column":9}},"23":{"start":{"line":72,"column":4},"end":{"line":80,"column":5}},"24":{"start":{"line":74,"column":8},"end":{"line":74,"column":98}},"25":{"start":{"line":75,"column":8},"end":{"line":75,"column":88}},"26":{"start":{"line":78,"column":8},"end":{"line":78,"column":87}},"27":{"start":{"line":79,"column":8},"end":{"line":79,"column":53}},"28":{"start":{"line":83,"column":4},"end":{"line":83,"column":60}},"29":{"start":{"line":84,"column":4},"end":{"line":84,"column":34}},"30":{"start":{"line":88,"column":0},"end":{"line":93,"column":3}}},"fnMap":{"0":{"name":"create","decl":{"start":{"line":9,"column":15},"end":{"line":9,"column":21}},"loc":{"start":{"line":9,"column":68},"end":{"line":31,"column":1}},"line":9},"1":{"name":"getRegisterBy","decl":{"start":{"line":34,"column":15},"end":{"line":34,"column":28}},"loc":{"start":{"line":34,"column":47},"end":{"line":49,"column":1}},"line":34},"2":{"name":"getAll","decl":{"start":{"line":52,"column":15},"end":{"line":52,"column":21}},"loc":{"start":{"line":52,"column":29},"end":{"line":63,"column":1}},"line":52},"3":{"name":"getVehiclesAssigned","decl":{"start":{"line":65,"column":15},"end":{"line":65,"column":34}},"loc":{"start":{"line":65,"column":46},"end":{"line":86,"column":1}},"line":65}},"branchMap":{"0":{"loc":{"start":{"line":72,"column":4},"end":{"line":80,"column":5}},"type":"if","locations":[{"start":{"line":72,"column":4},"end":{"line":80,"column":5}},{"start":{"line":72,"column":4},"end":{"line":80,"column":5}}],"line":72}},"s":{"0":1,"1":1,"2":1,"3":1,"4":1,"5":1,"6":0,"7":0,"8":5,"9":5,"10":5,"11":5,"12":0,"13":0,"14":0,"15":0,"16":0,"17":0,"18":0,"19":0,"20":0,"21":0,"22":0,"23":0,"24":0,"25":0,"26":0,"27":0,"28":0,"29":0,"30":1},"f":{"0":1,"1":5,"2":0,"3":0},"b":{"0":[0,0]},"_coverageSchema":"1a1c01bbd47fc00a2c39e90264f33305004495a9","hash":"58b41d29d19317ed1aaa0b690d7fb5ba4df487ed","contentHash":"6bb7eaf6a3bbabc61823039483bf6c1c18995ba084ae6d658700d3fe18a55536"},"D:\\Documents\\Tareas\\NOVENA_MATRICULA\\Ingenieria_de_software_2\\UN-ACARREO\\Backend\\server\\Controllers\\ControllerProducts\\RouteController.js":{"path":"D:\\Documents\\Tareas\\NOVENA_MATRICULA\\Ingenieria_de_software_2\\UN-ACARREO\\Backend\\server\\Controllers\\ControllerProducts\\RouteController.js","statementMap":{"0":{"start":{"line":3,"column":0},"end":{"line":3,"column":52}},"1":{"start":{"line":6,"column":15},"end":{"line":6,"column":51}},"2":{"start":{"line":10,"column":4},"end":{"line":29,"column":5}},"3":{"start":{"line":11,"column":21},"end":{"line":11,"column":57}},"4":{"start":{"line":12,"column":21},"end":{"line":14,"column":9}},"5":{"start":{"line":16,"column":4},"end":{"line":24,"column":5}},"6":{"start":{"line":18,"column":8},"end":{"line":18,"column":67}},"7":{"start":{"line":19,"column":8},"end":{"line":19,"column":74}},"8":{"start":{"line":22,"column":8},"end":{"line":22,"column":56}},"9":{"start":{"line":23,"column":8},"end":{"line":23,"column":58}},"10":{"start":{"line":27,"column":4},"end":{"line":27,"column":43}},"11":{"start":{"line":28,"column":4},"end":{"line":28,"column":34}},"12":{"start":{"line":35,"column":4},"end":{"line":56,"column":5}},"13":{"start":{"line":38,"column":61},"end":{"line":38,"column":64}},"14":{"start":{"line":43,"column":26},"end":{"line":49,"column":9}},"15":{"start":{"line":50,"column":8},"end":{"line":50,"column":72}},"16":{"start":{"line":51,"column":8},"end":{"line":51,"column":53}},"17":{"start":{"line":54,"column":8},"end":{"line":54,"column":50}},"18":{"start":{"line":55,"column":8},"end":{"line":55,"column":42}},"19":{"start":{"line":60,"column":0},"end":{"line":60,"column":64}}},"fnMap":{"0":{"name":"getRouteInfo","decl":{"start":{"line":9,"column":15},"end":{"line":9,"column":27}},"loc":{"start":{"line":9,"column":37},"end":{"line":30,"column":1}},"line":9},"1":{"name":"create","decl":{"start":{"line":33,"column":15},"end":{"line":33,"column":21}},"loc":{"start":{"line":33,"column":27},"end":{"line":58,"column":1}},"line":33}},"branchMap":{"0":{"loc":{"start":{"line":16,"column":4},"end":{"line":24,"column":5}},"type":"if","locations":[{"start":{"line":16,"column":4},"end":{"line":24,"column":5}},{"start":{"line":16,"column":4},"end":{"line":24,"column":5}}],"line":16}},"s":{"0":1,"1":1,"2":0,"3":0,"4":0,"5":0,"6":0,"7":0,"8":0,"9":0,"10":0,"11":0,"12":1,"13":1,"14":1,"15":1,"16":1,"17":0,"18":0,"19":1},"f":{"0":0,"1":1},"b":{"0":[0,0]},"_coverageSchema":"1a1c01bbd47fc00a2c39e90264f33305004495a9","hash":"a1decc19ad92b35669adad29d3074829c128cbcf","contentHash":"cee85a9dd737cb6be8341806db1cd45a16e78bd6b273cf17f74c69980e266453"},"D:\\Documents\\Tareas\\NOVENA_MATRICULA\\Ingenieria_de_software_2\\UN-ACARREO\\Backend\\server\\Controllers\\ControllerProducts\\CargoController.js":{"path":"D:\\Documents\\Tareas\\NOVENA_MATRICULA\\Ingenieria_de_software_2\\UN-ACARREO\\Backend\\server\\Controllers\\ControllerProducts\\CargoController.js","statementMap":{"0":{"start":{"line":3,"column":0},"end":{"line":3,"column":52}},"1":{"start":{"line":6,"column":15},"end":{"line":6,"column":51}},"2":{"start":{"line":10,"column":4},"end":{"line":29,"column":5}},"3":{"start":{"line":11,"column":21},"end":{"line":11,"column":57}},"4":{"start":{"line":12,"column":21},"end":{"line":14,"column":9}},"5":{"start":{"line":16,"column":4},"end":{"line":24,"column":5}},"6":{"start":{"line":18,"column":8},"end":{"line":18,"column":67}},"7":{"start":{"line":19,"column":8},"end":{"line":19,"column":74}},"8":{"start":{"line":22,"column":8},"end":{"line":22,"column":56}},"9":{"start":{"line":23,"column":8},"end":{"line":23,"column":58}},"10":{"start":{"line":27,"column":4},"end":{"line":27,"column":43}},"11":{"start":{"line":28,"column":4},"end":{"line":28,"column":34}},"12":{"start":{"line":35,"column":4},"end":{"line":54,"column":5}},"13":{"start":{"line":38,"column":50},"end":{"line":38,"column":53}},"14":{"start":{"line":41,"column":24},"end":{"line":47,"column":9}},"15":{"start":{"line":48,"column":8},"end":{"line":48,"column":72}},"16":{"start":{"line":49,"column":8},"end":{"line":49,"column":53}},"17":{"start":{"line":52,"column":8},"end":{"line":52,"column":50}},"18":{"start":{"line":53,"column":8},"end":{"line":53,"column":42}},"19":{"start":{"line":59,"column":4},"end":{"line":77,"column":5}},"20":{"start":{"line":61,"column":19},"end":{"line":61,"column":103}},"21":{"start":{"line":64,"column":8},"end":{"line":72,"column":9}},"22":{"start":{"line":66,"column":12},"end":{"line":66,"column":80}},"23":{"start":{"line":67,"column":12},"end":{"line":67,"column":87}},"24":{"start":{"line":70,"column":12},"end":{"line":70,"column":62}},"25":{"start":{"line":71,"column":12},"end":{"line":71,"column":56}},"26":{"start":{"line":75,"column":8},"end":{"line":75,"column":47}},"27":{"start":{"line":76,"column":8},"end":{"line":76,"column":38}},"28":{"start":{"line":80,"column":0},"end":{"line":84,"column":2}}},"fnMap":{"0":{"name":"getCargoInfo","decl":{"start":{"line":9,"column":15},"end":{"line":9,"column":27}},"loc":{"start":{"line":9,"column":37},"end":{"line":30,"column":1}},"line":9},"1":{"name":"create","decl":{"start":{"line":33,"column":15},"end":{"line":33,"column":21}},"loc":{"start":{"line":33,"column":27},"end":{"line":56,"column":1}},"line":33},"2":{"name":"deleteByDescription","decl":{"start":{"line":58,"column":15},"end":{"line":58,"column":34}},"loc":{"start":{"line":58,"column":47},"end":{"line":78,"column":1}},"line":58}},"branchMap":{"0":{"loc":{"start":{"line":16,"column":4},"end":{"line":24,"column":5}},"type":"if","locations":[{"start":{"line":16,"column":4},"end":{"line":24,"column":5}},{"start":{"line":16,"column":4},"end":{"line":24,"column":5}}],"line":16},"1":{"loc":{"start":{"line":64,"column":8},"end":{"line":72,"column":9}},"type":"if","locations":[{"start":{"line":64,"column":8},"end":{"line":72,"column":9}},{"start":{"line":64,"column":8},"end":{"line":72,"column":9}}],"line":64}},"s":{"0":1,"1":1,"2":0,"3":0,"4":0,"5":0,"6":0,"7":0,"8":0,"9":0,"10":0,"11":0,"12":1,"13":1,"14":1,"15":1,"16":1,"17":0,"18":0,"19":0,"20":0,"21":0,"22":0,"23":0,"24":0,"25":0,"26":0,"27":0,"28":1},"f":{"0":0,"1":1,"2":0},"b":{"0":[0,0],"1":[0,0]},"_coverageSchema":"1a1c01bbd47fc00a2c39e90264f33305004495a9","hash":"9fd636c79045391f68c737aa3cfcdcbd2b1e4279","contentHash":"6db0d67608628c55eb7ee920ce5ca40dcddc410b6b3df45049410d09cc5467de"}}