{"C:\\Users\\acer\\Google Drive\\CESAR\\6. PORTAFOLIO\\UNAcarreo\\Backend\\server\\BusinessLogic\\BusinessLogicFactory.js":{"path":"C:\\Users\\acer\\Google Drive\\CESAR\\6. PORTAFOLIO\\UNAcarreo\\Backend\\server\\BusinessLogic\\BusinessLogicFactory.js","statementMap":{"0":{"start":{"line":7,"column":8},"end":{"line":36,"column":9}},"1":{"start":{"line":9,"column":16},"end":{"line":9,"column":80}},"2":{"start":{"line":11,"column":16},"end":{"line":11,"column":72}},"3":{"start":{"line":13,"column":16},"end":{"line":13,"column":72}},"4":{"start":{"line":15,"column":16},"end":{"line":15,"column":88}},"5":{"start":{"line":17,"column":16},"end":{"line":17,"column":73}},"6":{"start":{"line":19,"column":16},"end":{"line":19,"column":71}},"7":{"start":{"line":21,"column":16},"end":{"line":21,"column":70}},"8":{"start":{"line":23,"column":16},"end":{"line":23,"column":73}},"9":{"start":{"line":25,"column":16},"end":{"line":25,"column":71}},"10":{"start":{"line":27,"column":16},"end":{"line":27,"column":71}},"11":{"start":{"line":29,"column":16},"end":{"line":29,"column":72}},"12":{"start":{"line":31,"column":16},"end":{"line":31,"column":72}},"13":{"start":{"line":33,"column":16},"end":{"line":33,"column":77}},"14":{"start":{"line":35,"column":16},"end":{"line":35,"column":28}},"15":{"start":{"line":40,"column":0},"end":{"line":40,"column":38}}},"fnMap":{"0":{"name":"(anonymous_0)","decl":{"start":{"line":6,"column":4},"end":{"line":6,"column":5}},"loc":{"start":{"line":6,"column":34},"end":{"line":37,"column":5}},"line":6}},"branchMap":{"0":{"loc":{"start":{"line":7,"column":8},"end":{"line":36,"column":9}},"type":"switch","locations":[{"start":{"line":8,"column":12},"end":{"line":9,"column":80}},{"start":{"line":10,"column":12},"end":{"line":11,"column":72}},{"start":{"line":12,"column":12},"end":{"line":13,"column":72}},{"start":{"line":14,"column":12},"end":{"line":15,"column":88}},{"start":{"line":16,"column":12},"end":{"line":17,"column":73}},{"start":{"line":18,"column":12},"end":{"line":19,"column":71}},{"start":{"line":20,"column":12},"end":{"line":21,"column":70}},{"start":{"line":22,"column":12},"end":{"line":23,"column":73}},{"start":{"line":24,"column":12},"end":{"line":25,"column":71}},{"start":{"line":26,"column":12},"end":{"line":27,"column":71}},{"start":{"line":28,"column":12},"end":{"line":29,"column":72}},{"start":{"line":30,"column":12},"end":{"line":31,"column":72}},{"start":{"line":32,"column":12},"end":{"line":33,"column":77}},{"start":{"line":34,"column":12},"end":{"line":35,"column":28}}],"line":7}},"s":{"0":146,"1":4,"2":5,"3":109,"4":4,"5":3,"6":4,"7":5,"8":4,"9":1,"10":1,"11":1,"12":1,"13":3,"14":1,"15":1},"f":{"0":146},"b":{"0":[4,5,109,4,3,4,5,4,1,1,1,1,3,1]},"_coverageSchema":"1a1c01bbd47fc00a2c39e90264f33305004495a9","hash":"abb0667096249a34d35bdc75c4a921b33c65b551","contentHash":"e90694835a5af7311553cd49b1f3571d1ee5fc81986ebe1976cf0c8e85b571fe"},"C:\\Users\\acer\\Google Drive\\CESAR\\6. PORTAFOLIO\\UNAcarreo\\Backend\\server\\DataBase\\syncDB.js":{"path":"C:\\Users\\acer\\Google Drive\\CESAR\\6. PORTAFOLIO\\UNAcarreo\\Backend\\server\\DataBase\\syncDB.js","statementMap":{"0":{"start":{"line":3,"column":19},"end":{"line":3,"column":52}},"1":{"start":{"line":6,"column":2},"end":{"line":20,"column":3}},"2":{"start":{"line":8,"column":17},"end":{"line":9,"column":104}},"3":{"start":{"line":12,"column":4},"end":{"line":14,"column":5}},"4":{"start":{"line":13,"column":6},"end":{"line":13,"column":47}},"5":{"start":{"line":16,"column":4},"end":{"line":16,"column":69}},"6":{"start":{"line":19,"column":4},"end":{"line":19,"column":66}},"7":{"start":{"line":23,"column":1},"end":{"line":23,"column":24}}},"fnMap":{"0":{"name":"syncDB","decl":{"start":{"line":5,"column":15},"end":{"line":5,"column":21}},"loc":{"start":{"line":5,"column":24},"end":{"line":21,"column":2}},"line":5}},"branchMap":{},"s":{"0":1,"1":5,"2":5,"3":5,"4":70,"5":5,"6":0,"7":1},"f":{"0":5},"b":{},"_coverageSchema":"1a1c01bbd47fc00a2c39e90264f33305004495a9","hash":"69eaee638a5de8c83a0646f180fac9ecf092cb8d","contentHash":"82dfe287e86f3411d3750ad80a3cfade9cff24973a1908f6872ef2d7aed293e9"},"C:\\Users\\acer\\Google Drive\\CESAR\\6. PORTAFOLIO\\UNAcarreo\\Backend\\server\\Models\\ModelFactory.js":{"path":"C:\\Users\\acer\\Google Drive\\CESAR\\6. PORTAFOLIO\\UNAcarreo\\Backend\\server\\Models\\ModelFactory.js","statementMap":{"0":{"start":{"line":7,"column":8},"end":{"line":38,"column":9}},"1":{"start":{"line":9,"column":16},"end":{"line":9,"column":55}},"2":{"start":{"line":11,"column":16},"end":{"line":11,"column":56}},"3":{"start":{"line":13,"column":16},"end":{"line":13,"column":70}},"4":{"start":{"line":15,"column":16},"end":{"line":15,"column":65}},"5":{"start":{"line":17,"column":16},"end":{"line":17,"column":57}},"6":{"start":{"line":19,"column":16},"end":{"line":19,"column":73}},"7":{"start":{"line":21,"column":16},"end":{"line":21,"column":58}},"8":{"start":{"line":23,"column":16},"end":{"line":23,"column":68}},"9":{"start":{"line":25,"column":16},"end":{"line":25,"column":57}},"10":{"start":{"line":27,"column":16},"end":{"line":27,"column":56}},"11":{"start":{"line":29,"column":16},"end":{"line":29,"column":57}},"12":{"start":{"line":31,"column":16},"end":{"line":31,"column":68}},"13":{"start":{"line":33,"column":16},"end":{"line":33,"column":55}},"14":{"start":{"line":35,"column":16},"end":{"line":35,"column":58}},"15":{"start":{"line":37,"column":16},"end":{"line":37,"column":28}},"16":{"start":{"line":42,"column":0},"end":{"line":42,"column":30}}},"fnMap":{"0":{"name":"(anonymous_0)","decl":{"start":{"line":6,"column":4},"end":{"line":6,"column":5}},"loc":{"start":{"line":6,"column":26},"end":{"line":39,"column":5}},"line":6}},"branchMap":{"0":{"loc":{"start":{"line":7,"column":8},"end":{"line":38,"column":9}},"type":"switch","locations":[{"start":{"line":8,"column":12},"end":{"line":9,"column":55}},{"start":{"line":10,"column":12},"end":{"line":11,"column":56}},{"start":{"line":12,"column":12},"end":{"line":13,"column":70}},{"start":{"line":14,"column":12},"end":{"line":15,"column":65}},{"start":{"line":16,"column":12},"end":{"line":17,"column":57}},{"start":{"line":18,"column":12},"end":{"line":19,"column":73}},{"start":{"line":20,"column":12},"end":{"line":21,"column":58}},{"start":{"line":22,"column":12},"end":{"line":23,"column":68}},{"start":{"line":24,"column":12},"end":{"line":25,"column":57}},{"start":{"line":26,"column":12},"end":{"line":27,"column":56}},{"start":{"line":28,"column":12},"end":{"line":29,"column":57}},{"start":{"line":30,"column":12},"end":{"line":31,"column":68}},{"start":{"line":32,"column":12},"end":{"line":33,"column":55}},{"start":{"line":34,"column":12},"end":{"line":35,"column":58}},{"start":{"line":36,"column":12},"end":{"line":37,"column":28}}],"line":7}},"s":{"0":109,"1":5,"2":6,"3":7,"4":7,"5":16,"6":6,"7":10,"8":5,"9":5,"10":6,"11":5,"12":5,"13":15,"14":11,"15":0,"16":1},"f":{"0":109},"b":{"0":[5,6,7,7,16,6,10,5,5,6,5,5,15,11,0]},"_coverageSchema":"1a1c01bbd47fc00a2c39e90264f33305004495a9","hash":"5a3a317108ebeb587f33288502697c8fd1b68e34","contentHash":"3d80e7342e45815fac9d2b650cdb169efbc7ede8e121278cfd2ef55cdd7f72b1"},"C:\\Users\\acer\\Google Drive\\CESAR\\6. PORTAFOLIO\\UNAcarreo\\Backend\\server\\routes\\api.js":{"path":"C:\\Users\\acer\\Google Drive\\CESAR\\6. PORTAFOLIO\\UNAcarreo\\Backend\\server\\routes\\api.js","statementMap":{"0":{"start":{"line":2,"column":16},"end":{"line":2,"column":34}},"1":{"start":{"line":3,"column":15},"end":{"line":3,"column":31}},"2":{"start":{"line":4,"column":13},"end":{"line":4,"column":28}},"3":{"start":{"line":7,"column":19},"end":{"line":7,"column":84}},"4":{"start":{"line":10,"column":15},"end":{"line":10,"column":50}},"5":{"start":{"line":13,"column":0},"end":{"line":26,"column":3}},"6":{"start":{"line":15,"column":4},"end":{"line":24,"column":5}},"7":{"start":{"line":16,"column":20},"end":{"line":16,"column":42}},"8":{"start":{"line":17,"column":24},"end":{"line":17,"column":44}},"9":{"start":{"line":19,"column":8},"end":{"line":19,"column":123}},"10":{"start":{"line":20,"column":8},"end":{"line":20,"column":42}},"11":{"start":{"line":22,"column":8},"end":{"line":22,"column":78}},"12":{"start":{"line":23,"column":8},"end":{"line":23,"column":51}},"13":{"start":{"line":34,"column":0},"end":{"line":102,"column":2}},"14":{"start":{"line":36,"column":4},"end":{"line":100,"column":5}},"15":{"start":{"line":39,"column":27},"end":{"line":39,"column":50}},"16":{"start":{"line":41,"column":29},"end":{"line":41,"column":73}},"17":{"start":{"line":42,"column":8},"end":{"line":44,"column":9}},"18":{"start":{"line":43,"column":12},"end":{"line":43,"column":76}},"19":{"start":{"line":45,"column":8},"end":{"line":96,"column":9}},"20":{"start":{"line":47,"column":35},"end":{"line":47,"column":77}},"21":{"start":{"line":48,"column":12},"end":{"line":59,"column":13}},"22":{"start":{"line":49,"column":16},"end":{"line":49,"column":67}},"23":{"start":{"line":50,"column":16},"end":{"line":50,"column":77}},"24":{"start":{"line":52,"column":19},"end":{"line":59,"column":13}},"25":{"start":{"line":53,"column":16},"end":{"line":53,"column":58}},"26":{"start":{"line":54,"column":16},"end":{"line":54,"column":101}},"27":{"start":{"line":56,"column":17},"end":{"line":59,"column":13}},"28":{"start":{"line":57,"column":16},"end":{"line":57,"column":47}},"29":{"start":{"line":58,"column":16},"end":{"line":58,"column":89}},"30":{"start":{"line":60,"column":15},"end":{"line":96,"column":9}},"31":{"start":{"line":64,"column":30},"end":{"line":67,"column":13}},"32":{"start":{"line":68,"column":26},"end":{"line":68,"column":60}},"33":{"start":{"line":70,"column":35},"end":{"line":70,"column":85}},"34":{"start":{"line":72,"column":12},"end":{"line":89,"column":13}},"35":{"start":{"line":74,"column":30},"end":{"line":74,"column":101}},"36":{"start":{"line":75,"column":16},"end":{"line":78,"column":17}},"37":{"start":{"line":76,"column":20},"end":{"line":76,"column":60}},"38":{"start":{"line":77,"column":20},"end":{"line":77,"column":93}},"39":{"start":{"line":79,"column":16},"end":{"line":79,"column":69}},"40":{"start":{"line":80,"column":16},"end":{"line":80,"column":107}},"41":{"start":{"line":82,"column":19},"end":{"line":89,"column":13}},"42":{"start":{"line":83,"column":16},"end":{"line":83,"column":60}},"43":{"start":{"line":84,"column":16},"end":{"line":84,"column":101}},"44":{"start":{"line":86,"column":17},"end":{"line":89,"column":13}},"45":{"start":{"line":87,"column":16},"end":{"line":87,"column":47}},"46":{"start":{"line":88,"column":16},"end":{"line":88,"column":89}},"47":{"start":{"line":93,"column":12},"end":{"line":93,"column":83}},"48":{"start":{"line":94,"column":12},"end":{"line":94,"column":82}},"49":{"start":{"line":98,"column":8},"end":{"line":98,"column":80}},"50":{"start":{"line":99,"column":8},"end":{"line":99,"column":51}},"51":{"start":{"line":105,"column":0},"end":{"line":152,"column":3}},"52":{"start":{"line":107,"column":4},"end":{"line":150,"column":5}},"53":{"start":{"line":109,"column":29},"end":{"line":109,"column":73}},"54":{"start":{"line":110,"column":8},"end":{"line":112,"column":9}},"55":{"start":{"line":111,"column":12},"end":{"line":111,"column":64}},"56":{"start":{"line":114,"column":25},"end":{"line":114,"column":75}},"57":{"start":{"line":115,"column":27},"end":{"line":115,"column":132}},"58":{"start":{"line":116,"column":8},"end":{"line":119,"column":9}},"59":{"start":{"line":117,"column":12},"end":{"line":117,"column":61}},"60":{"start":{"line":118,"column":12},"end":{"line":118,"column":96}},"61":{"start":{"line":122,"column":24},"end":{"line":122,"column":50}},"62":{"start":{"line":123,"column":26},"end":{"line":123,"column":103}},"63":{"start":{"line":124,"column":8},"end":{"line":124,"column":110}},"64":{"start":{"line":127,"column":20},"end":{"line":127,"column":64}},"65":{"start":{"line":129,"column":8},"end":{"line":146,"column":9}},"66":{"start":{"line":130,"column":12},"end":{"line":130,"column":60}},"67":{"start":{"line":131,"column":12},"end":{"line":131,"column":81}},"68":{"start":{"line":134,"column":26},"end":{"line":134,"column":50}},"69":{"start":{"line":135,"column":12},"end":{"line":135,"column":54}},"70":{"start":{"line":136,"column":12},"end":{"line":138,"column":13}},"71":{"start":{"line":137,"column":16},"end":{"line":137,"column":78}},"72":{"start":{"line":139,"column":12},"end":{"line":141,"column":13}},"73":{"start":{"line":140,"column":16},"end":{"line":140,"column":80}},"74":{"start":{"line":142,"column":12},"end":{"line":144,"column":13}},"75":{"start":{"line":143,"column":16},"end":{"line":143,"column":78}},"76":{"start":{"line":145,"column":12},"end":{"line":145,"column":60}},"77":{"start":{"line":148,"column":8},"end":{"line":148,"column":74}},"78":{"start":{"line":149,"column":8},"end":{"line":149,"column":51}},"79":{"start":{"line":154,"column":0},"end":{"line":178,"column":2}},"80":{"start":{"line":156,"column":23},"end":{"line":156,"column":46}},"81":{"start":{"line":157,"column":4},"end":{"line":165,"column":5}},"82":{"start":{"line":158,"column":8},"end":{"line":158,"column":31}},"83":{"start":{"line":159,"column":9},"end":{"line":165,"column":5}},"84":{"start":{"line":160,"column":8},"end":{"line":160,"column":29}},"85":{"start":{"line":163,"column":8},"end":{"line":163,"column":70}},"86":{"start":{"line":164,"column":8},"end":{"line":164,"column":74}},"87":{"start":{"line":166,"column":13},"end":{"line":166,"column":26}},"88":{"start":{"line":167,"column":24},"end":{"line":167,"column":90}},"89":{"start":{"line":168,"column":4},"end":{"line":177,"column":5}},"90":{"start":{"line":170,"column":8},"end":{"line":170,"column":75}},"91":{"start":{"line":171,"column":8},"end":{"line":171,"column":107}},"92":{"start":{"line":173,"column":9},"end":{"line":177,"column":5}},"93":{"start":{"line":175,"column":8},"end":{"line":175,"column":70}},"94":{"start":{"line":176,"column":8},"end":{"line":176,"column":91}},"95":{"start":{"line":180,"column":0},"end":{"line":209,"column":2}},"96":{"start":{"line":182,"column":23},"end":{"line":182,"column":46}},"97":{"start":{"line":183,"column":4},"end":{"line":191,"column":5}},"98":{"start":{"line":184,"column":8},"end":{"line":184,"column":31}},"99":{"start":{"line":185,"column":9},"end":{"line":191,"column":5}},"100":{"start":{"line":186,"column":8},"end":{"line":186,"column":29}},"101":{"start":{"line":189,"column":8},"end":{"line":189,"column":77}},"102":{"start":{"line":190,"column":8},"end":{"line":190,"column":74}},"103":{"start":{"line":192,"column":13},"end":{"line":192,"column":26}},"104":{"start":{"line":193,"column":21},"end":{"line":193,"column":42}},"105":{"start":{"line":194,"column":21},"end":{"line":194,"column":42}},"106":{"start":{"line":195,"column":24},"end":{"line":195,"column":114}},"107":{"start":{"line":196,"column":4},"end":{"line":207,"column":5}},"108":{"start":{"line":198,"column":8},"end":{"line":198,"column":118}},"109":{"start":{"line":200,"column":9},"end":{"line":207,"column":5}},"110":{"start":{"line":202,"column":8},"end":{"line":202,"column":77}},"111":{"start":{"line":204,"column":9},"end":{"line":207,"column":5}},"112":{"start":{"line":206,"column":8},"end":{"line":206,"column":94}},"113":{"start":{"line":211,"column":0},"end":{"line":263,"column":3}},"114":{"start":{"line":213,"column":4},"end":{"line":261,"column":5}},"115":{"start":{"line":215,"column":29},"end":{"line":215,"column":73}},"116":{"start":{"line":216,"column":8},"end":{"line":218,"column":9}},"117":{"start":{"line":217,"column":12},"end":{"line":217,"column":64}},"118":{"start":{"line":220,"column":25},"end":{"line":220,"column":76}},"119":{"start":{"line":221,"column":27},"end":{"line":221,"column":132}},"120":{"start":{"line":222,"column":8},"end":{"line":225,"column":9}},"121":{"start":{"line":223,"column":12},"end":{"line":223,"column":61}},"122":{"start":{"line":224,"column":12},"end":{"line":224,"column":96}},"123":{"start":{"line":228,"column":24},"end":{"line":228,"column":50}},"124":{"start":{"line":229,"column":26},"end":{"line":229,"column":103}},"125":{"start":{"line":230,"column":8},"end":{"line":230,"column":104}},"126":{"start":{"line":233,"column":28},"end":{"line":233,"column":74}},"127":{"start":{"line":235,"column":8},"end":{"line":242,"column":9}},"128":{"start":{"line":236,"column":26},"end":{"line":236,"column":58}},"129":{"start":{"line":237,"column":12},"end":{"line":237,"column":55}},"130":{"start":{"line":238,"column":12},"end":{"line":240,"column":13}},"131":{"start":{"line":239,"column":16},"end":{"line":239,"column":77}},"132":{"start":{"line":241,"column":12},"end":{"line":241,"column":60}},"133":{"start":{"line":245,"column":37},"end":{"line":245,"column":170}},"134":{"start":{"line":248,"column":8},"end":{"line":257,"column":9}},"135":{"start":{"line":249,"column":12},"end":{"line":249,"column":61}},"136":{"start":{"line":251,"column":12},"end":{"line":251,"column":55}},"137":{"start":{"line":255,"column":12},"end":{"line":255,"column":79}},"138":{"start":{"line":256,"column":12},"end":{"line":256,"column":83}},"139":{"start":{"line":259,"column":8},"end":{"line":259,"column":75}},"140":{"start":{"line":260,"column":8},"end":{"line":260,"column":51}},"141":{"start":{"line":266,"column":0},"end":{"line":294,"column":3}},"142":{"start":{"line":268,"column":4},"end":{"line":292,"column":5}},"143":{"start":{"line":270,"column":29},"end":{"line":270,"column":73}},"144":{"start":{"line":271,"column":8},"end":{"line":273,"column":9}},"145":{"start":{"line":272,"column":12},"end":{"line":272,"column":64}},"146":{"start":{"line":275,"column":22},"end":{"line":275,"column":62}},"147":{"start":{"line":276,"column":8},"end":{"line":287,"column":9}},"148":{"start":{"line":277,"column":12},"end":{"line":277,"column":60}},"149":{"start":{"line":278,"column":12},"end":{"line":278,"column":55}},"150":{"start":{"line":281,"column":26},"end":{"line":281,"column":44}},"151":{"start":{"line":282,"column":12},"end":{"line":282,"column":52}},"152":{"start":{"line":283,"column":12},"end":{"line":285,"column":13}},"153":{"start":{"line":284,"column":16},"end":{"line":284,"column":78}},"154":{"start":{"line":286,"column":12},"end":{"line":286,"column":60}},"155":{"start":{"line":290,"column":8},"end":{"line":290,"column":74}},"156":{"start":{"line":291,"column":8},"end":{"line":291,"column":51}},"157":{"start":{"line":297,"column":0},"end":{"line":354,"column":2}},"158":{"start":{"line":299,"column":18},"end":{"line":299,"column":36}},"159":{"start":{"line":300,"column":21},"end":{"line":300,"column":72}},"160":{"start":{"line":301,"column":4},"end":{"line":346,"column":5}},"161":{"start":{"line":302,"column":27},"end":{"line":302,"column":29}},"162":{"start":{"line":303,"column":8},"end":{"line":343,"column":9}},"163":{"start":{"line":304,"column":33},"end":{"line":304,"column":35}},"164":{"start":{"line":307,"column":12},"end":{"line":307,"column":40}},"165":{"start":{"line":310,"column":31},"end":{"line":310,"column":87}},"166":{"start":{"line":313,"column":31},"end":{"line":313,"column":87}},"167":{"start":{"line":316,"column":32},"end":{"line":316,"column":91}},"168":{"start":{"line":318,"column":32},"end":{"line":318,"column":91}},"169":{"start":{"line":321,"column":45},"end":{"line":321,"column":127}},"170":{"start":{"line":323,"column":12},"end":{"line":332,"column":13}},"171":{"start":{"line":325,"column":51},"end":{"line":325,"column":53}},"172":{"start":{"line":326,"column":35},"end":{"line":326,"column":104}},"173":{"start":{"line":327,"column":34},"end":{"line":327,"column":100}},"174":{"start":{"line":328,"column":16},"end":{"line":328,"column":72}},"175":{"start":{"line":329,"column":16},"end":{"line":329,"column":70}},"176":{"start":{"line":331,"column":16},"end":{"line":331,"column":74}},"177":{"start":{"line":335,"column":12},"end":{"line":335,"column":59}},"178":{"start":{"line":336,"column":12},"end":{"line":336,"column":58}},"179":{"start":{"line":337,"column":12},"end":{"line":337,"column":51}},"180":{"start":{"line":338,"column":12},"end":{"line":338,"column":51}},"181":{"start":{"line":339,"column":12},"end":{"line":339,"column":53}},"182":{"start":{"line":340,"column":12},"end":{"line":340,"column":53}},"183":{"start":{"line":341,"column":12},"end":{"line":341,"column":46}},"184":{"start":{"line":345,"column":8},"end":{"line":345,"column":63}},"185":{"start":{"line":347,"column":4},"end":{"line":352,"column":5}},"186":{"start":{"line":348,"column":8},"end":{"line":348,"column":82}},"187":{"start":{"line":351,"column":8},"end":{"line":351,"column":94}},"188":{"start":{"line":357,"column":0},"end":{"line":424,"column":2}},"189":{"start":{"line":358,"column":27},"end":{"line":358,"column":29}},"190":{"start":{"line":359,"column":20},"end":{"line":359,"column":40}},"191":{"start":{"line":360,"column":28},"end":{"line":360,"column":119}},"192":{"start":{"line":361,"column":4},"end":{"line":364,"column":5}},"193":{"start":{"line":362,"column":8},"end":{"line":362,"column":55}},"194":{"start":{"line":363,"column":8},"end":{"line":363,"column":94}},"195":{"start":{"line":365,"column":4},"end":{"line":368,"column":5}},"196":{"start":{"line":366,"column":8},"end":{"line":366,"column":51}},"197":{"start":{"line":367,"column":8},"end":{"line":367,"column":82}},"198":{"start":{"line":369,"column":23},"end":{"line":369,"column":25}},"199":{"start":{"line":370,"column":4},"end":{"line":416,"column":5}},"200":{"start":{"line":371,"column":22},"end":{"line":371,"column":92}},"201":{"start":{"line":372,"column":8},"end":{"line":374,"column":9}},"202":{"start":{"line":373,"column":12},"end":{"line":373,"column":92}},"203":{"start":{"line":375,"column":22},"end":{"line":375,"column":92}},"204":{"start":{"line":376,"column":8},"end":{"line":378,"column":9}},"205":{"start":{"line":377,"column":12},"end":{"line":377,"column":87}},"206":{"start":{"line":379,"column":27},"end":{"line":379,"column":88}},"207":{"start":{"line":380,"column":8},"end":{"line":382,"column":9}},"208":{"start":{"line":381,"column":12},"end":{"line":381,"column":87}},"209":{"start":{"line":384,"column":27},"end":{"line":384,"column":88}},"210":{"start":{"line":385,"column":8},"end":{"line":387,"column":9}},"211":{"start":{"line":386,"column":12},"end":{"line":386,"column":86}},"212":{"start":{"line":389,"column":28},"end":{"line":389,"column":92}},"213":{"start":{"line":390,"column":8},"end":{"line":392,"column":9}},"214":{"start":{"line":391,"column":12},"end":{"line":391,"column":86}},"215":{"start":{"line":394,"column":28},"end":{"line":394,"column":92}},"216":{"start":{"line":395,"column":8},"end":{"line":397,"column":9}},"217":{"start":{"line":396,"column":12},"end":{"line":396,"column":87}},"218":{"start":{"line":398,"column":24},"end":{"line":398,"column":82}},"219":{"start":{"line":399,"column":8},"end":{"line":401,"column":9}},"220":{"start":{"line":400,"column":12},"end":{"line":400,"column":87}},"221":{"start":{"line":402,"column":8},"end":{"line":406,"column":9}},"222":{"start":{"line":404,"column":12},"end":{"line":404,"column":50}},"223":{"start":{"line":405,"column":12},"end":{"line":405,"column":74}},"224":{"start":{"line":407,"column":8},"end":{"line":415,"column":10}},"225":{"start":{"line":417,"column":4},"end":{"line":421,"column":5}},"226":{"start":{"line":418,"column":8},"end":{"line":418,"column":49}},"227":{"start":{"line":419,"column":8},"end":{"line":419,"column":63}},"228":{"start":{"line":428,"column":0},"end":{"line":521,"column":3}},"229":{"start":{"line":430,"column":4},"end":{"line":519,"column":5}},"230":{"start":{"line":432,"column":29},"end":{"line":432,"column":73}},"231":{"start":{"line":433,"column":8},"end":{"line":436,"column":9}},"232":{"start":{"line":434,"column":12},"end":{"line":434,"column":68}},"233":{"start":{"line":435,"column":12},"end":{"line":435,"column":64}},"234":{"start":{"line":438,"column":21},"end":{"line":438,"column":37}},"235":{"start":{"line":443,"column":12},"end":{"line":446,"column":13}},"236":{"start":{"line":448,"column":8},"end":{"line":451,"column":9}},"237":{"start":{"line":449,"column":12},"end":{"line":449,"column":100}},"238":{"start":{"line":450,"column":12},"end":{"line":450,"column":96}},"239":{"start":{"line":453,"column":28},"end":{"line":453,"column":72}},"240":{"start":{"line":454,"column":27},"end":{"line":454,"column":70}},"241":{"start":{"line":458,"column":27},"end":{"line":458,"column":85}},"242":{"start":{"line":459,"column":8},"end":{"line":462,"column":9}},"243":{"start":{"line":460,"column":12},"end":{"line":460,"column":90}},"244":{"start":{"line":461,"column":12},"end":{"line":461,"column":83}},"245":{"start":{"line":465,"column":30},"end":{"line":465,"column":109}},"246":{"start":{"line":466,"column":8},"end":{"line":469,"column":9}},"247":{"start":{"line":467,"column":12},"end":{"line":467,"column":78}},"248":{"start":{"line":468,"column":12},"end":{"line":468,"column":118}},"249":{"start":{"line":470,"column":37},"end":{"line":470,"column":39}},"250":{"start":{"line":472,"column":8},"end":{"line":479,"column":9}},"251":{"start":{"line":473,"column":25},"end":{"line":473,"column":110}},"252":{"start":{"line":474,"column":12},"end":{"line":477,"column":13}},"253":{"start":{"line":475,"column":16},"end":{"line":475,"column":65}},"254":{"start":{"line":476,"column":16},"end":{"line":476,"column":113}},"255":{"start":{"line":478,"column":12},"end":{"line":478,"column":53}},"256":{"start":{"line":482,"column":22},"end":{"line":482,"column":85}},"257":{"start":{"line":484,"column":8},"end":{"line":493,"column":9}},"258":{"start":{"line":485,"column":12},"end":{"line":485,"column":77}},"259":{"start":{"line":486,"column":12},"end":{"line":486,"column":119}},"260":{"start":{"line":487,"column":15},"end":{"line":493,"column":9}},"261":{"start":{"line":488,"column":12},"end":{"line":488,"column":77}},"262":{"start":{"line":489,"column":12},"end":{"line":489,"column":113}},"263":{"start":{"line":490,"column":15},"end":{"line":493,"column":9}},"264":{"start":{"line":491,"column":12},"end":{"line":491,"column":77}},"265":{"start":{"line":492,"column":12},"end":{"line":492,"column":116}},"266":{"start":{"line":495,"column":8},"end":{"line":495,"column":66}},"267":{"start":{"line":498,"column":12},"end":{"line":500,"column":13}},"268":{"start":{"line":501,"column":8},"end":{"line":514,"column":9}},"269":{"start":{"line":502,"column":12},"end":{"line":502,"column":72}},"270":{"start":{"line":503,"column":23},"end":{"line":503,"column":115}},"271":{"start":{"line":504,"column":12},"end":{"line":505,"column":122}},"272":{"start":{"line":505,"column":16},"end":{"line":505,"column":122}},"273":{"start":{"line":508,"column":12},"end":{"line":508,"column":119}},"274":{"start":{"line":509,"column":12},"end":{"line":509,"column":72}},"275":{"start":{"line":512,"column":12},"end":{"line":512,"column":94}},"276":{"start":{"line":513,"column":12},"end":{"line":513,"column":119}},"277":{"start":{"line":517,"column":8},"end":{"line":517,"column":75}},"278":{"start":{"line":518,"column":8},"end":{"line":518,"column":51}},"279":{"start":{"line":524,"column":0},"end":{"line":541,"column":3}},"280":{"start":{"line":526,"column":15},"end":{"line":526,"column":23}},"281":{"start":{"line":527,"column":21},"end":{"line":527,"column":40}},"282":{"start":{"line":528,"column":17},"end":{"line":528,"column":62}},"283":{"start":{"line":530,"column":4},"end":{"line":532,"column":5}},"284":{"start":{"line":531,"column":6},"end":{"line":531,"column":118}},"285":{"start":{"line":533,"column":20},"end":{"line":533,"column":31}},"286":{"start":{"line":534,"column":25},"end":{"line":534,"column":92}},"287":{"start":{"line":535,"column":4},"end":{"line":537,"column":5}},"288":{"start":{"line":536,"column":6},"end":{"line":536,"column":118}},"289":{"start":{"line":539,"column":4},"end":{"line":539,"column":130}},"290":{"start":{"line":544,"column":0},"end":{"line":559,"column":3}},"291":{"start":{"line":546,"column":21},"end":{"line":546,"column":48}},"292":{"start":{"line":548,"column":17},"end":{"line":548,"column":70}},"293":{"start":{"line":550,"column":4},"end":{"line":553,"column":5}},"294":{"start":{"line":551,"column":8},"end":{"line":551,"column":44}},"295":{"start":{"line":552,"column":8},"end":{"line":552,"column":96}},"296":{"start":{"line":555,"column":4},"end":{"line":555,"column":71}},"297":{"start":{"line":556,"column":4},"end":{"line":556,"column":106}},"298":{"start":{"line":562,"column":0},"end":{"line":565,"column":3}},"299":{"start":{"line":564,"column":4},"end":{"line":564,"column":43}},"300":{"start":{"line":568,"column":0},"end":{"line":570,"column":3}},"301":{"start":{"line":569,"column":4},"end":{"line":569,"column":57}},"302":{"start":{"line":573,"column":0},"end":{"line":575,"column":3}},"303":{"start":{"line":574,"column":4},"end":{"line":574,"column":60}},"304":{"start":{"line":578,"column":0},"end":{"line":581,"column":3}},"305":{"start":{"line":579,"column":4},"end":{"line":579,"column":22}},"306":{"start":{"line":583,"column":0},"end":{"line":583,"column":24}}},"fnMap":{"0":{"name":"(anonymous_0)","decl":{"start":{"line":13,"column":60},"end":{"line":13,"column":61}},"loc":{"start":{"line":13,"column":86},"end":{"line":26,"column":1}},"line":13},"1":{"name":"(anonymous_1)","decl":{"start":{"line":34,"column":52},"end":{"line":34,"column":53}},"loc":{"start":{"line":34,"column":78},"end":{"line":102,"column":1}},"line":34},"2":{"name":"(anonymous_2)","decl":{"start":{"line":105,"column":53},"end":{"line":105,"column":54}},"loc":{"start":{"line":105,"column":79},"end":{"line":152,"column":1}},"line":105},"3":{"name":"(anonymous_3)","decl":{"start":{"line":154,"column":86},"end":{"line":154,"column":87}},"loc":{"start":{"line":154,"column":112},"end":{"line":178,"column":1}},"line":154},"4":{"name":"(anonymous_4)","decl":{"start":{"line":180,"column":114},"end":{"line":180,"column":115}},"loc":{"start":{"line":180,"column":139},"end":{"line":209,"column":1}},"line":180},"5":{"name":"(anonymous_5)","decl":{"start":{"line":211,"column":55},"end":{"line":211,"column":56}},"loc":{"start":{"line":211,"column":81},"end":{"line":263,"column":1}},"line":211},"6":{"name":"(anonymous_6)","decl":{"start":{"line":266,"column":53},"end":{"line":266,"column":54}},"loc":{"start":{"line":266,"column":79},"end":{"line":294,"column":1}},"line":266},"7":{"name":"(anonymous_7)","decl":{"start":{"line":297,"column":68},"end":{"line":297,"column":69}},"loc":{"start":{"line":297,"column":94},"end":{"line":354,"column":1}},"line":297},"8":{"name":"(anonymous_8)","decl":{"start":{"line":357,"column":74},"end":{"line":357,"column":75}},"loc":{"start":{"line":357,"column":100},"end":{"line":424,"column":1}},"line":357},"9":{"name":"(anonymous_9)","decl":{"start":{"line":428,"column":55},"end":{"line":428,"column":56}},"loc":{"start":{"line":428,"column":81},"end":{"line":521,"column":1}},"line":428},"10":{"name":"(anonymous_10)","decl":{"start":{"line":524,"column":51},"end":{"line":524,"column":52}},"loc":{"start":{"line":524,"column":77},"end":{"line":541,"column":1}},"line":524},"11":{"name":"(anonymous_11)","decl":{"start":{"line":544,"column":55},"end":{"line":544,"column":56}},"loc":{"start":{"line":544,"column":81},"end":{"line":559,"column":1}},"line":544},"12":{"name":"(anonymous_12)","decl":{"start":{"line":562,"column":55},"end":{"line":562,"column":56}},"loc":{"start":{"line":562,"column":81},"end":{"line":565,"column":1}},"line":562},"13":{"name":"(anonymous_13)","decl":{"start":{"line":568,"column":56},"end":{"line":568,"column":57}},"loc":{"start":{"line":568,"column":82},"end":{"line":570,"column":1}},"line":568},"14":{"name":"(anonymous_14)","decl":{"start":{"line":573,"column":56},"end":{"line":573,"column":57}},"loc":{"start":{"line":573,"column":82},"end":{"line":575,"column":1}},"line":573},"15":{"name":"(anonymous_15)","decl":{"start":{"line":578,"column":16},"end":{"line":578,"column":17}},"loc":{"start":{"line":578,"column":36},"end":{"line":581,"column":1}},"line":578}},"branchMap":{"0":{"loc":{"start":{"line":15,"column":4},"end":{"line":24,"column":5}},"type":"if","locations":[{"start":{"line":15,"column":4},"end":{"line":24,"column":5}},{"start":{"line":15,"column":4},"end":{"line":24,"column":5}}],"line":15},"1":{"loc":{"start":{"line":15,"column":8},"end":{"line":15,"column":88}},"type":"binary-expr","locations":[{"start":{"line":15,"column":8},"end":{"line":15,"column":27}},{"start":{"line":15,"column":31},"end":{"line":15,"column":59}},{"start":{"line":15,"column":63},"end":{"line":15,"column":88}}],"line":15},"2":{"loc":{"start":{"line":36,"column":4},"end":{"line":100,"column":5}},"type":"if","locations":[{"start":{"line":36,"column":4},"end":{"line":100,"column":5}},{"start":{"line":36,"column":4},"end":{"line":100,"column":5}}],"line":36},"3":{"loc":{"start":{"line":36,"column":8},"end":{"line":36,"column":105}},"type":"binary-expr","locations":[{"start":{"line":36,"column":8},"end":{"line":36,"column":29}},{"start":{"line":36,"column":33},"end":{"line":36,"column":66}},{"start":{"line":36,"column":70},"end":{"line":36,"column":105}}],"line":36},"4":{"loc":{"start":{"line":42,"column":8},"end":{"line":44,"column":9}},"type":"if","locations":[{"start":{"line":42,"column":8},"end":{"line":44,"column":9}},{"start":{"line":42,"column":8},"end":{"line":44,"column":9}}],"line":42},"5":{"loc":{"start":{"line":45,"column":8},"end":{"line":96,"column":9}},"type":"if","locations":[{"start":{"line":45,"column":8},"end":{"line":96,"column":9}},{"start":{"line":45,"column":8},"end":{"line":96,"column":9}}],"line":45},"6":{"loc":{"start":{"line":48,"column":12},"end":{"line":59,"column":13}},"type":"if","locations":[{"start":{"line":48,"column":12},"end":{"line":59,"column":13}},{"start":{"line":48,"column":12},"end":{"line":59,"column":13}}],"line":48},"7":{"loc":{"start":{"line":52,"column":19},"end":{"line":59,"column":13}},"type":"if","locations":[{"start":{"line":52,"column":19},"end":{"line":59,"column":13}},{"start":{"line":52,"column":19},"end":{"line":59,"column":13}}],"line":52},"8":{"loc":{"start":{"line":56,"column":17},"end":{"line":59,"column":13}},"type":"if","locations":[{"start":{"line":56,"column":17},"end":{"line":59,"column":13}},{"start":{"line":56,"column":17},"end":{"line":59,"column":13}}],"line":56},"9":{"loc":{"start":{"line":56,"column":21},"end":{"line":56,"column":49}},"type":"binary-expr","locations":[{"start":{"line":56,"column":21},"end":{"line":56,"column":33}},{"start":{"line":56,"column":37},"end":{"line":56,"column":49}}],"line":56},"10":{"loc":{"start":{"line":60,"column":15},"end":{"line":96,"column":9}},"type":"if","locations":[{"start":{"line":60,"column":15},"end":{"line":96,"column":9}},{"start":{"line":60,"column":15},"end":{"line":96,"column":9}}],"line":60},"11":{"loc":{"start":{"line":72,"column":12},"end":{"line":89,"column":13}},"type":"if","locations":[{"start":{"line":72,"column":12},"end":{"line":89,"column":13}},{"start":{"line":72,"column":12},"end":{"line":89,"column":13}}],"line":72},"12":{"loc":{"start":{"line":75,"column":16},"end":{"line":78,"column":17}},"type":"if","locations":[{"start":{"line":75,"column":16},"end":{"line":78,"column":17}},{"start":{"line":75,"column":16},"end":{"line":78,"column":17}}],"line":75},"13":{"loc":{"start":{"line":82,"column":19},"end":{"line":89,"column":13}},"type":"if","locations":[{"start":{"line":82,"column":19},"end":{"line":89,"column":13}},{"start":{"line":82,"column":19},"end":{"line":89,"column":13}}],"line":82},"14":{"loc":{"start":{"line":86,"column":17},"end":{"line":89,"column":13}},"type":"if","locations":[{"start":{"line":86,"column":17},"end":{"line":89,"column":13}},{"start":{"line":86,"column":17},"end":{"line":89,"column":13}}],"line":86},"15":{"loc":{"start":{"line":86,"column":21},"end":{"line":86,"column":49}},"type":"binary-expr","locations":[{"start":{"line":86,"column":21},"end":{"line":86,"column":33}},{"start":{"line":86,"column":37},"end":{"line":86,"column":49}}],"line":86},"16":{"loc":{"start":{"line":107,"column":4},"end":{"line":150,"column":5}},"type":"if","locations":[{"start":{"line":107,"column":4},"end":{"line":150,"column":5}},{"start":{"line":107,"column":4},"end":{"line":150,"column":5}}],"line":107},"17":{"loc":{"start":{"line":107,"column":8},"end":{"line":107,"column":378}},"type":"binary-expr","locations":[{"start":{"line":107,"column":8},"end":{"line":107,"column":29}},{"start":{"line":107,"column":33},"end":{"line":107,"column":67}},{"start":{"line":107,"column":71},"end":{"line":107,"column":109}},{"start":{"line":107,"column":113},"end":{"line":107,"column":148}},{"start":{"line":107,"column":152},"end":{"line":107,"column":186}},{"start":{"line":107,"column":190},"end":{"line":107,"column":224}},{"start":{"line":107,"column":228},"end":{"line":107,"column":264}},{"start":{"line":107,"column":268},"end":{"line":107,"column":305}},{"start":{"line":107,"column":309},"end":{"line":107,"column":343}},{"start":{"line":107,"column":347},"end":{"line":107,"column":378}}],"line":107},"18":{"loc":{"start":{"line":110,"column":8},"end":{"line":112,"column":9}},"type":"if","locations":[{"start":{"line":110,"column":8},"end":{"line":112,"column":9}},{"start":{"line":110,"column":8},"end":{"line":112,"column":9}}],"line":110},"19":{"loc":{"start":{"line":116,"column":8},"end":{"line":119,"column":9}},"type":"if","locations":[{"start":{"line":116,"column":8},"end":{"line":119,"column":9}},{"start":{"line":116,"column":8},"end":{"line":119,"column":9}}],"line":116},"20":{"loc":{"start":{"line":129,"column":8},"end":{"line":146,"column":9}},"type":"if","locations":[{"start":{"line":129,"column":8},"end":{"line":146,"column":9}},{"start":{"line":129,"column":8},"end":{"line":146,"column":9}}],"line":129},"21":{"loc":{"start":{"line":136,"column":12},"end":{"line":138,"column":13}},"type":"if","locations":[{"start":{"line":136,"column":12},"end":{"line":138,"column":13}},{"start":{"line":136,"column":12},"end":{"line":138,"column":13}}],"line":136},"22":{"loc":{"start":{"line":139,"column":12},"end":{"line":141,"column":13}},"type":"if","locations":[{"start":{"line":139,"column":12},"end":{"line":141,"column":13}},{"start":{"line":139,"column":12},"end":{"line":141,"column":13}}],"line":139},"23":{"loc":{"start":{"line":142,"column":12},"end":{"line":144,"column":13}},"type":"if","locations":[{"start":{"line":142,"column":12},"end":{"line":144,"column":13}},{"start":{"line":142,"column":12},"end":{"line":144,"column":13}}],"line":142},"24":{"loc":{"start":{"line":157,"column":4},"end":{"line":165,"column":5}},"type":"if","locations":[{"start":{"line":157,"column":4},"end":{"line":165,"column":5}},{"start":{"line":157,"column":4},"end":{"line":165,"column":5}}],"line":157},"25":{"loc":{"start":{"line":159,"column":9},"end":{"line":165,"column":5}},"type":"if","locations":[{"start":{"line":159,"column":9},"end":{"line":165,"column":5}},{"start":{"line":159,"column":9},"end":{"line":165,"column":5}}],"line":159},"26":{"loc":{"start":{"line":168,"column":4},"end":{"line":177,"column":5}},"type":"if","locations":[{"start":{"line":168,"column":4},"end":{"line":177,"column":5}},{"start":{"line":168,"column":4},"end":{"line":177,"column":5}}],"line":168},"27":{"loc":{"start":{"line":173,"column":9},"end":{"line":177,"column":5}},"type":"if","locations":[{"start":{"line":173,"column":9},"end":{"line":177,"column":5}},{"start":{"line":173,"column":9},"end":{"line":177,"column":5}}],"line":173},"28":{"loc":{"start":{"line":173,"column":12},"end":{"line":173,"column":62}},"type":"binary-expr","locations":[{"start":{"line":173,"column":12},"end":{"line":173,"column":35}},{"start":{"line":173,"column":39},"end":{"line":173,"column":62}}],"line":173},"29":{"loc":{"start":{"line":183,"column":4},"end":{"line":191,"column":5}},"type":"if","locations":[{"start":{"line":183,"column":4},"end":{"line":191,"column":5}},{"start":{"line":183,"column":4},"end":{"line":191,"column":5}}],"line":183},"30":{"loc":{"start":{"line":185,"column":9},"end":{"line":191,"column":5}},"type":"if","locations":[{"start":{"line":185,"column":9},"end":{"line":191,"column":5}},{"start":{"line":185,"column":9},"end":{"line":191,"column":5}}],"line":185},"31":{"loc":{"start":{"line":196,"column":4},"end":{"line":207,"column":5}},"type":"if","locations":[{"start":{"line":196,"column":4},"end":{"line":207,"column":5}},{"start":{"line":196,"column":4},"end":{"line":207,"column":5}}],"line":196},"32":{"loc":{"start":{"line":200,"column":9},"end":{"line":207,"column":5}},"type":"if","locations":[{"start":{"line":200,"column":9},"end":{"line":207,"column":5}},{"start":{"line":200,"column":9},"end":{"line":207,"column":5}}],"line":200},"33":{"loc":{"start":{"line":204,"column":9},"end":{"line":207,"column":5}},"type":"if","locations":[{"start":{"line":204,"column":9},"end":{"line":207,"column":5}},{"start":{"line":204,"column":9},"end":{"line":207,"column":5}}],"line":204},"34":{"loc":{"start":{"line":213,"column":4},"end":{"line":261,"column":5}},"type":"if","locations":[{"start":{"line":213,"column":4},"end":{"line":261,"column":5}},{"start":{"line":213,"column":4},"end":{"line":261,"column":5}}],"line":213},"35":{"loc":{"start":{"line":213,"column":8},"end":{"line":213,"column":341}},"type":"binary-expr","locations":[{"start":{"line":213,"column":8},"end":{"line":213,"column":29}},{"start":{"line":213,"column":33},"end":{"line":213,"column":68}},{"start":{"line":213,"column":72},"end":{"line":213,"column":106}},{"start":{"line":213,"column":110},"end":{"line":213,"column":137}},{"start":{"line":213,"column":141},"end":{"line":213,"column":168}},{"start":{"line":213,"column":172},"end":{"line":213,"column":199}},{"start":{"line":213,"column":203},"end":{"line":213,"column":241}},{"start":{"line":213,"column":245},"end":{"line":213,"column":272}},{"start":{"line":213,"column":276},"end":{"line":213,"column":307}},{"start":{"line":213,"column":311},"end":{"line":213,"column":341}}],"line":213},"36":{"loc":{"start":{"line":216,"column":8},"end":{"line":218,"column":9}},"type":"if","locations":[{"start":{"line":216,"column":8},"end":{"line":218,"column":9}},{"start":{"line":216,"column":8},"end":{"line":218,"column":9}}],"line":216},"37":{"loc":{"start":{"line":222,"column":8},"end":{"line":225,"column":9}},"type":"if","locations":[{"start":{"line":222,"column":8},"end":{"line":225,"column":9}},{"start":{"line":222,"column":8},"end":{"line":225,"column":9}}],"line":222},"38":{"loc":{"start":{"line":235,"column":8},"end":{"line":242,"column":9}},"type":"if","locations":[{"start":{"line":235,"column":8},"end":{"line":242,"column":9}},{"start":{"line":235,"column":8},"end":{"line":242,"column":9}}],"line":235},"39":{"loc":{"start":{"line":235,"column":12},"end":{"line":235,"column":62}},"type":"binary-expr","locations":[{"start":{"line":235,"column":12},"end":{"line":235,"column":37}},{"start":{"line":235,"column":41},"end":{"line":235,"column":62}}],"line":235},"40":{"loc":{"start":{"line":238,"column":12},"end":{"line":240,"column":13}},"type":"if","locations":[{"start":{"line":238,"column":12},"end":{"line":240,"column":13}},{"start":{"line":238,"column":12},"end":{"line":240,"column":13}}],"line":238},"41":{"loc":{"start":{"line":248,"column":8},"end":{"line":257,"column":9}},"type":"if","locations":[{"start":{"line":248,"column":8},"end":{"line":257,"column":9}},{"start":{"line":248,"column":8},"end":{"line":257,"column":9}}],"line":248},"42":{"loc":{"start":{"line":268,"column":4},"end":{"line":292,"column":5}},"type":"if","locations":[{"start":{"line":268,"column":4},"end":{"line":292,"column":5}},{"start":{"line":268,"column":4},"end":{"line":292,"column":5}}],"line":268},"43":{"loc":{"start":{"line":268,"column":8},"end":{"line":268,"column":217}},"type":"binary-expr","locations":[{"start":{"line":268,"column":8},"end":{"line":268,"column":29}},{"start":{"line":268,"column":33},"end":{"line":268,"column":64}},{"start":{"line":268,"column":68},"end":{"line":268,"column":104}},{"start":{"line":268,"column":108},"end":{"line":268,"column":143}},{"start":{"line":268,"column":147},"end":{"line":268,"column":181}},{"start":{"line":268,"column":185},"end":{"line":268,"column":217}}],"line":268},"44":{"loc":{"start":{"line":271,"column":8},"end":{"line":273,"column":9}},"type":"if","locations":[{"start":{"line":271,"column":8},"end":{"line":273,"column":9}},{"start":{"line":271,"column":8},"end":{"line":273,"column":9}}],"line":271},"45":{"loc":{"start":{"line":276,"column":8},"end":{"line":287,"column":9}},"type":"if","locations":[{"start":{"line":276,"column":8},"end":{"line":287,"column":9}},{"start":{"line":276,"column":8},"end":{"line":287,"column":9}}],"line":276},"46":{"loc":{"start":{"line":283,"column":12},"end":{"line":285,"column":13}},"type":"if","locations":[{"start":{"line":283,"column":12},"end":{"line":285,"column":13}},{"start":{"line":283,"column":12},"end":{"line":285,"column":13}}],"line":283},"47":{"loc":{"start":{"line":301,"column":4},"end":{"line":346,"column":5}},"type":"if","locations":[{"start":{"line":301,"column":4},"end":{"line":346,"column":5}},{"start":{"line":301,"column":4},"end":{"line":346,"column":5}}],"line":301},"48":{"loc":{"start":{"line":347,"column":4},"end":{"line":352,"column":5}},"type":"if","locations":[{"start":{"line":347,"column":4},"end":{"line":352,"column":5}},{"start":{"line":347,"column":4},"end":{"line":352,"column":5}}],"line":347},"49":{"loc":{"start":{"line":361,"column":4},"end":{"line":364,"column":5}},"type":"if","locations":[{"start":{"line":361,"column":4},"end":{"line":364,"column":5}},{"start":{"line":361,"column":4},"end":{"line":364,"column":5}}],"line":361},"50":{"loc":{"start":{"line":365,"column":4},"end":{"line":368,"column":5}},"type":"if","locations":[{"start":{"line":365,"column":4},"end":{"line":368,"column":5}},{"start":{"line":365,"column":4},"end":{"line":368,"column":5}}],"line":365},"51":{"loc":{"start":{"line":372,"column":8},"end":{"line":374,"column":9}},"type":"if","locations":[{"start":{"line":372,"column":8},"end":{"line":374,"column":9}},{"start":{"line":372,"column":8},"end":{"line":374,"column":9}}],"line":372},"52":{"loc":{"start":{"line":376,"column":8},"end":{"line":378,"column":9}},"type":"if","locations":[{"start":{"line":376,"column":8},"end":{"line":378,"column":9}},{"start":{"line":376,"column":8},"end":{"line":378,"column":9}}],"line":376},"53":{"loc":{"start":{"line":380,"column":8},"end":{"line":382,"column":9}},"type":"if","locations":[{"start":{"line":380,"column":8},"end":{"line":382,"column":9}},{"start":{"line":380,"column":8},"end":{"line":382,"column":9}}],"line":380},"54":{"loc":{"start":{"line":385,"column":8},"end":{"line":387,"column":9}},"type":"if","locations":[{"start":{"line":385,"column":8},"end":{"line":387,"column":9}},{"start":{"line":385,"column":8},"end":{"line":387,"column":9}}],"line":385},"55":{"loc":{"start":{"line":390,"column":8},"end":{"line":392,"column":9}},"type":"if","locations":[{"start":{"line":390,"column":8},"end":{"line":392,"column":9}},{"start":{"line":390,"column":8},"end":{"line":392,"column":9}}],"line":390},"56":{"loc":{"start":{"line":395,"column":8},"end":{"line":397,"column":9}},"type":"if","locations":[{"start":{"line":395,"column":8},"end":{"line":397,"column":9}},{"start":{"line":395,"column":8},"end":{"line":397,"column":9}}],"line":395},"57":{"loc":{"start":{"line":399,"column":8},"end":{"line":401,"column":9}},"type":"if","locations":[{"start":{"line":399,"column":8},"end":{"line":401,"column":9}},{"start":{"line":399,"column":8},"end":{"line":401,"column":9}}],"line":399},"58":{"loc":{"start":{"line":402,"column":8},"end":{"line":406,"column":9}},"type":"if","locations":[{"start":{"line":402,"column":8},"end":{"line":406,"column":9}},{"start":{"line":402,"column":8},"end":{"line":406,"column":9}}],"line":402},"59":{"loc":{"start":{"line":417,"column":4},"end":{"line":421,"column":5}},"type":"if","locations":[{"start":{"line":417,"column":4},"end":{"line":421,"column":5}},{"start":{"line":417,"column":4},"end":{"line":421,"column":5}}],"line":417},"60":{"loc":{"start":{"line":430,"column":4},"end":{"line":519,"column":5}},"type":"if","locations":[{"start":{"line":430,"column":4},"end":{"line":519,"column":5}},{"start":{"line":430,"column":4},"end":{"line":519,"column":5}}],"line":430},"61":{"loc":{"start":{"line":430,"column":8},"end":{"line":430,"column":492}},"type":"binary-expr","locations":[{"start":{"line":430,"column":8},"end":{"line":430,"column":29}},{"start":{"line":430,"column":33},"end":{"line":430,"column":59}},{"start":{"line":430,"column":64},"end":{"line":430,"column":95}},{"start":{"line":430,"column":100},"end":{"line":430,"column":132}},{"start":{"line":430,"column":137},"end":{"line":430,"column":167}},{"start":{"line":430,"column":172},"end":{"line":430,"column":203}},{"start":{"line":430,"column":208},"end":{"line":430,"column":241}},{"start":{"line":430,"column":245},"end":{"line":430,"column":279}},{"start":{"line":430,"column":283},"end":{"line":430,"column":322}},{"start":{"line":430,"column":326},"end":{"line":430,"column":359}},{"start":{"line":430,"column":363},"end":{"line":430,"column":393}},{"start":{"line":430,"column":397},"end":{"line":430,"column":425}},{"start":{"line":430,"column":429},"end":{"line":430,"column":459}},{"start":{"line":430,"column":463},"end":{"line":430,"column":492}}],"line":430},"62":{"loc":{"start":{"line":433,"column":8},"end":{"line":436,"column":9}},"type":"if","locations":[{"start":{"line":433,"column":8},"end":{"line":436,"column":9}},{"start":{"line":433,"column":8},"end":{"line":436,"column":9}}],"line":433},"63":{"loc":{"start":{"line":448,"column":8},"end":{"line":451,"column":9}},"type":"if","locations":[{"start":{"line":448,"column":8},"end":{"line":451,"column":9}},{"start":{"line":448,"column":8},"end":{"line":451,"column":9}}],"line":448},"64":{"loc":{"start":{"line":459,"column":8},"end":{"line":462,"column":9}},"type":"if","locations":[{"start":{"line":459,"column":8},"end":{"line":462,"column":9}},{"start":{"line":459,"column":8},"end":{"line":462,"column":9}}],"line":459},"65":{"loc":{"start":{"line":466,"column":8},"end":{"line":469,"column":9}},"type":"if","locations":[{"start":{"line":466,"column":8},"end":{"line":469,"column":9}},{"start":{"line":466,"column":8},"end":{"line":469,"column":9}}],"line":466},"66":{"loc":{"start":{"line":474,"column":12},"end":{"line":477,"column":13}},"type":"if","locations":[{"start":{"line":474,"column":12},"end":{"line":477,"column":13}},{"start":{"line":474,"column":12},"end":{"line":477,"column":13}}],"line":474},"67":{"loc":{"start":{"line":484,"column":8},"end":{"line":493,"column":9}},"type":"if","locations":[{"start":{"line":484,"column":8},"end":{"line":493,"column":9}},{"start":{"line":484,"column":8},"end":{"line":493,"column":9}}],"line":484},"68":{"loc":{"start":{"line":487,"column":15},"end":{"line":493,"column":9}},"type":"if","locations":[{"start":{"line":487,"column":15},"end":{"line":493,"column":9}},{"start":{"line":487,"column":15},"end":{"line":493,"column":9}}],"line":487},"69":{"loc":{"start":{"line":490,"column":15},"end":{"line":493,"column":9}},"type":"if","locations":[{"start":{"line":490,"column":15},"end":{"line":493,"column":9}},{"start":{"line":490,"column":15},"end":{"line":493,"column":9}}],"line":490},"70":{"loc":{"start":{"line":501,"column":8},"end":{"line":514,"column":9}},"type":"if","locations":[{"start":{"line":501,"column":8},"end":{"line":514,"column":9}},{"start":{"line":501,"column":8},"end":{"line":514,"column":9}}],"line":501},"71":{"loc":{"start":{"line":504,"column":12},"end":{"line":505,"column":122}},"type":"if","locations":[{"start":{"line":504,"column":12},"end":{"line":505,"column":122}},{"start":{"line":504,"column":12},"end":{"line":505,"column":122}}],"line":504},"72":{"loc":{"start":{"line":530,"column":4},"end":{"line":532,"column":5}},"type":"if","locations":[{"start":{"line":530,"column":4},"end":{"line":532,"column":5}},{"start":{"line":530,"column":4},"end":{"line":532,"column":5}}],"line":530},"73":{"loc":{"start":{"line":535,"column":4},"end":{"line":537,"column":5}},"type":"if","locations":[{"start":{"line":535,"column":4},"end":{"line":537,"column":5}},{"start":{"line":535,"column":4},"end":{"line":537,"column":5}}],"line":535},"74":{"loc":{"start":{"line":550,"column":4},"end":{"line":553,"column":5}},"type":"if","locations":[{"start":{"line":550,"column":4},"end":{"line":553,"column":5}},{"start":{"line":550,"column":4},"end":{"line":553,"column":5}}],"line":550}},"s":{"0":1,"1":1,"2":1,"3":1,"4":1,"5":1,"6":4,"7":1,"8":1,"9":1,"10":1,"11":3,"12":3,"13":1,"14":21,"15":14,"16":14,"17":14,"18":11,"19":3,"20":1,"21":1,"22":1,"23":1,"24":0,"25":0,"26":0,"27":0,"28":0,"29":0,"30":2,"31":1,"32":1,"33":1,"34":1,"35":1,"36":1,"37":0,"38":0,"39":1,"40":1,"41":0,"42":0,"43":0,"44":0,"45":0,"46":0,"47":1,"48":1,"49":7,"50":7,"51":1,"52":37,"53":27,"54":27,"55":25,"56":2,"57":2,"58":2,"59":0,"60":0,"61":2,"62":2,"63":2,"64":2,"65":2,"66":2,"67":2,"68":0,"69":0,"70":0,"71":0,"72":0,"73":0,"74":0,"75":0,"76":0,"77":10,"78":10,"79":1,"80":0,"81":0,"82":0,"83":0,"84":0,"85":0,"86":0,"87":0,"88":0,"89":0,"90":0,"91":0,"92":0,"93":0,"94":0,"95":1,"96":0,"97":0,"98":0,"99":0,"100":0,"101":0,"102":0,"103":0,"104":0,"105":0,"106":0,"107":0,"108":0,"109":0,"110":0,"111":0,"112":0,"113":1,"114":30,"115":20,"116":20,"117":19,"118":1,"119":1,"120":1,"121":0,"122":0,"123":1,"124":1,"125":1,"126":1,"127":1,"128":0,"129":0,"130":0,"131":0,"132":0,"133":1,"134":1,"135":1,"136":1,"137":0,"138":0,"139":10,"140":10,"141":1,"142":22,"143":16,"144":16,"145":14,"146":2,"147":2,"148":2,"149":2,"150":0,"151":0,"152":0,"153":0,"154":0,"155":6,"156":6,"157":1,"158":0,"159":0,"160":0,"161":0,"162":0,"163":0,"164":0,"165":0,"166":0,"167":0,"168":0,"169":0,"170":0,"171":0,"172":0,"173":0,"174":0,"175":0,"176":0,"177":0,"178":0,"179":0,"180":0,"181":0,"182":0,"183":0,"184":0,"185":0,"186":0,"187":0,"188":1,"189":0,"190":0,"191":0,"192":0,"193":0,"194":0,"195":0,"196":0,"197":0,"198":0,"199":0,"200":0,"201":0,"202":0,"203":0,"204":0,"205":0,"206":0,"207":0,"208":0,"209":0,"210":0,"211":0,"212":0,"213":0,"214":0,"215":0,"216":0,"217":0,"218":0,"219":0,"220":0,"221":0,"222":0,"223":0,"224":0,"225":0,"226":0,"227":0,"228":1,"229":45,"230":31,"231":31,"232":30,"233":30,"234":1,"235":1,"236":1,"237":0,"238":0,"239":1,"240":1,"241":1,"242":1,"243":0,"244":0,"245":1,"246":1,"247":0,"248":0,"249":1,"250":1,"251":1,"252":1,"253":0,"254":0,"255":1,"256":1,"257":1,"258":0,"259":0,"260":1,"261":0,"262":0,"263":1,"264":0,"265":0,"266":1,"267":1,"268":1,"269":1,"270":1,"271":1,"272":0,"273":1,"274":1,"275":0,"276":0,"277":14,"278":14,"279":1,"280":0,"281":0,"282":0,"283":0,"284":0,"285":0,"286":0,"287":0,"288":0,"289":0,"290":1,"291":0,"292":0,"293":0,"294":0,"295":0,"296":0,"297":0,"298":1,"299":0,"300":1,"301":0,"302":1,"303":0,"304":1,"305":0,"306":1},"f":{"0":4,"1":21,"2":37,"3":0,"4":0,"5":30,"6":22,"7":0,"8":0,"9":45,"10":0,"11":0,"12":0,"13":0,"14":0,"15":0},"b":{"0":[1,3],"1":[4,3,2],"2":[14,7],"3":[21,18,16],"4":[11,3],"5":[1,2],"6":[1,0],"7":[0,0],"8":[0,0],"9":[0,0],"10":[1,1],"11":[1,0],"12":[0,1],"13":[0,0],"14":[0,0],"15":[0,0],"16":[27,10],"17":[37,36,35,34,33,32,31,30,29,28],"18":[25,2],"19":[0,2],"20":[2,0],"21":[0,0],"22":[0,0],"23":[0,0],"24":[0,0],"25":[0,0],"26":[0,0],"27":[0,0],"28":[0,0],"29":[0,0],"30":[0,0],"31":[0,0],"32":[0,0],"33":[0,0],"34":[20,10],"35":[30,29,28,27,26,25,24,23,22,21],"36":[19,1],"37":[0,1],"38":[0,1],"39":[1,0],"40":[0,0],"41":[1,0],"42":[16,6],"43":[22,21,20,19,18,17],"44":[14,2],"45":[2,0],"46":[0,0],"47":[0,0],"48":[0,0],"49":[0,0],"50":[0,0],"51":[0,0],"52":[0,0],"53":[0,0],"54":[0,0],"55":[0,0],"56":[0,0],"57":[0,0],"58":[0,0],"59":[0,0],"60":[31,14],"61":[45,44,43,42,41,40,39,38,37,36,35,34,33,32],"62":[30,1],"63":[0,1],"64":[0,1],"65":[0,1],"66":[0,1],"67":[0,1],"68":[0,1],"69":[0,1],"70":[1,0],"71":[0,1],"72":[0,0],"73":[0,0],"74":[0,0]},"_coverageSchema":"1a1c01bbd47fc00a2c39e90264f33305004495a9","hash":"3e17e7f3289cae4b39483bb3cdd19fe74f2f9e05","contentHash":"5f5f45f0287a4801da700809f5f2c1bdef9d7a4647294332df0f4bc4318c8744"},"C:\\Users\\acer\\Google Drive\\CESAR\\6. PORTAFOLIO\\UNAcarreo\\Backend\\server\\utils\\logger\\logger.js":{"path":"C:\\Users\\acer\\Google Drive\\CESAR\\6. PORTAFOLIO\\UNAcarreo\\Backend\\server\\utils\\logger\\logger.js","statementMap":{"0":{"start":{"line":3,"column":43},"end":{"line":3,"column":61}},"1":{"start":{"line":6,"column":0},"end":{"line":30,"column":2}},"2":{"start":{"line":12,"column":30},"end":{"line":12,"column":85}},"3":{"start":{"line":32,"column":0},"end":{"line":32,"column":24}}},"fnMap":{"0":{"name":"(anonymous_0)","decl":{"start":{"line":12,"column":22},"end":{"line":12,"column":23}},"loc":{"start":{"line":12,"column":30},"end":{"line":12,"column":85}},"line":12}},"branchMap":{},"s":{"0":1,"1":1,"2":165,"3":1},"f":{"0":165},"b":{},"_coverageSchema":"1a1c01bbd47fc00a2c39e90264f33305004495a9","hash":"64b0eacc297c94d7c72089121d4e35642eb5164e","contentHash":"b1281fafddd84cb36b4355300bd2f296aa3f43d2d25522353689119ead9a81dd"},"C:\\Users\\acer\\Google Drive\\CESAR\\6. PORTAFOLIO\\UNAcarreo\\Backend\\server\\Controllers\\ControllerFactory.js":{"path":"C:\\Users\\acer\\Google Drive\\CESAR\\6. PORTAFOLIO\\UNAcarreo\\Backend\\server\\Controllers\\ControllerFactory.js","statementMap":{"0":{"start":{"line":7,"column":8},"end":{"line":34,"column":9}},"1":{"start":{"line":9,"column":16},"end":{"line":9,"column":70}},"2":{"start":{"line":11,"column":16},"end":{"line":11,"column":71}},"3":{"start":{"line":13,"column":16},"end":{"line":13,"column":80}},"4":{"start":{"line":15,"column":16},"end":{"line":15,"column":72}},"5":{"start":{"line":17,"column":16},"end":{"line":17,"column":88}},"6":{"start":{"line":19,"column":16},"end":{"line":19,"column":73}},"7":{"start":{"line":21,"column":16},"end":{"line":21,"column":72}},"8":{"start":{"line":23,"column":16},"end":{"line":23,"column":71}},"9":{"start":{"line":25,"column":16},"end":{"line":25,"column":72}},"10":{"start":{"line":27,"column":16},"end":{"line":27,"column":70}},"11":{"start":{"line":29,"column":16},"end":{"line":29,"column":73}},"12":{"start":{"line":31,"column":16},"end":{"line":31,"column":78}},"13":{"start":{"line":33,"column":16},"end":{"line":33,"column":28}},"14":{"start":{"line":38,"column":0},"end":{"line":38,"column":35}}},"fnMap":{"0":{"name":"(anonymous_0)","decl":{"start":{"line":6,"column":4},"end":{"line":6,"column":5}},"loc":{"start":{"line":6,"column":31},"end":{"line":35,"column":5}},"line":6}},"branchMap":{"0":{"loc":{"start":{"line":7,"column":8},"end":{"line":34,"column":9}},"type":"switch","locations":[{"start":{"line":8,"column":12},"end":{"line":9,"column":70}},{"start":{"line":10,"column":12},"end":{"line":11,"column":71}},{"start":{"line":12,"column":12},"end":{"line":13,"column":80}},{"start":{"line":14,"column":12},"end":{"line":15,"column":72}},{"start":{"line":16,"column":12},"end":{"line":17,"column":88}},{"start":{"line":18,"column":12},"end":{"line":19,"column":73}},{"start":{"line":20,"column":12},"end":{"line":21,"column":72}},{"start":{"line":22,"column":12},"end":{"line":23,"column":71}},{"start":{"line":24,"column":12},"end":{"line":25,"column":72}},{"start":{"line":26,"column":12},"end":{"line":27,"column":70}},{"start":{"line":28,"column":12},"end":{"line":29,"column":73}},{"start":{"line":30,"column":12},"end":{"line":31,"column":78}},{"start":{"line":32,"column":12},"end":{"line":33,"column":28}}],"line":7}},"s":{"0":38,"1":0,"2":1,"3":3,"4":10,"5":1,"6":5,"7":0,"8":1,"9":0,"10":10,"11":5,"12":2,"13":0,"14":1},"f":{"0":38},"b":{"0":[0,1,3,10,1,5,0,1,0,10,5,2,0]},"_coverageSchema":"1a1c01bbd47fc00a2c39e90264f33305004495a9","hash":"6918b2da0dff9e5515d3367cc2b3b46802a04b4d","contentHash":"5670eb26ee3ed90fa9920c0c932b778c82bca05b6ea84b41fe8fb5b71469b37a"},"C:\\Users\\acer\\Google Drive\\CESAR\\6. PORTAFOLIO\\UNAcarreo\\Backend\\server\\BusinessLogic\\BusinessLogicProducts\\Driver_VehicleHandler.js":{"path":"C:\\Users\\acer\\Google Drive\\CESAR\\6. PORTAFOLIO\\UNAcarreo\\Backend\\server\\BusinessLogic\\BusinessLogicProducts\\Driver_VehicleHandler.js","statementMap":{"0":{"start":{"line":3,"column":26},"end":{"line":3,"column":72}},"1":{"start":{"line":6,"column":15},"end":{"line":6,"column":51}},"2":{"start":{"line":12,"column":17},"end":{"line":12,"column":112}},"3":{"start":{"line":13,"column":4},"end":{"line":13,"column":86}},"4":{"start":{"line":14,"column":4},"end":{"line":15,"column":17}},"5":{"start":{"line":15,"column":8},"end":{"line":15,"column":17}},"6":{"start":{"line":16,"column":4},"end":{"line":16,"column":62}},"7":{"start":{"line":17,"column":4},"end":{"line":17,"column":24}},"8":{"start":{"line":25,"column":18},"end":{"line":25,"column":114}},"9":{"start":{"line":27,"column":4},"end":{"line":44,"column":5}},"10":{"start":{"line":30,"column":8},"end":{"line":38,"column":9}},"11":{"start":{"line":32,"column":12},"end":{"line":32,"column":91}},"12":{"start":{"line":33,"column":12},"end":{"line":33,"column":47}},"13":{"start":{"line":36,"column":12},"end":{"line":36,"column":70}},"14":{"start":{"line":37,"column":12},"end":{"line":37,"column":50}},"15":{"start":{"line":42,"column":8},"end":{"line":42,"column":62}},"16":{"start":{"line":43,"column":8},"end":{"line":43,"column":47}},"17":{"start":{"line":52,"column":18},"end":{"line":52,"column":123}},"18":{"start":{"line":54,"column":4},"end":{"line":70,"column":5}},"19":{"start":{"line":57,"column":8},"end":{"line":65,"column":9}},"20":{"start":{"line":59,"column":12},"end":{"line":59,"column":91}},"21":{"start":{"line":60,"column":12},"end":{"line":60,"column":47}},"22":{"start":{"line":63,"column":12},"end":{"line":63,"column":70}},"23":{"start":{"line":64,"column":12},"end":{"line":64,"column":50}},"24":{"start":{"line":68,"column":8},"end":{"line":68,"column":62}},"25":{"start":{"line":69,"column":8},"end":{"line":69,"column":47}},"26":{"start":{"line":77,"column":16},"end":{"line":77,"column":55}},"27":{"start":{"line":78,"column":2},"end":{"line":81,"column":3}},"28":{"start":{"line":79,"column":4},"end":{"line":79,"column":60}},"29":{"start":{"line":80,"column":4},"end":{"line":80,"column":46}},"30":{"start":{"line":83,"column":2},"end":{"line":88,"column":3}},"31":{"start":{"line":84,"column":6},"end":{"line":87,"column":7}},"32":{"start":{"line":86,"column":10},"end":{"line":86,"column":31}},"33":{"start":{"line":91,"column":2},"end":{"line":91,"column":40}},"34":{"start":{"line":95,"column":0},"end":{"line":100,"column":6}}},"fnMap":{"0":{"name":"createDriver_Vehicle","decl":{"start":{"line":9,"column":15},"end":{"line":9,"column":35}},"loc":{"start":{"line":9,"column":71},"end":{"line":19,"column":1}},"line":9},"1":{"name":"getVehicleByDriverId","decl":{"start":{"line":22,"column":15},"end":{"line":22,"column":35}},"loc":{"start":{"line":23,"column":0},"end":{"line":46,"column":1}},"line":23},"2":{"name":"getDriversByVehicleId","decl":{"start":{"line":49,"column":15},"end":{"line":49,"column":36}},"loc":{"start":{"line":49,"column":48},"end":{"line":72,"column":1}},"line":49},"3":{"name":"chooseFreeDriver","decl":{"start":{"line":75,"column":15},"end":{"line":75,"column":31}},"loc":{"start":{"line":76,"column":0},"end":{"line":93,"column":1}},"line":76}},"branchMap":{"0":{"loc":{"start":{"line":14,"column":4},"end":{"line":15,"column":17}},"type":"if","locations":[{"start":{"line":14,"column":4},"end":{"line":15,"column":17}},{"start":{"line":14,"column":4},"end":{"line":15,"column":17}}],"line":14},"1":{"loc":{"start":{"line":27,"column":4},"end":{"line":44,"column":5}},"type":"if","locations":[{"start":{"line":27,"column":4},"end":{"line":44,"column":5}},{"start":{"line":27,"column":4},"end":{"line":44,"column":5}}],"line":27},"2":{"loc":{"start":{"line":30,"column":8},"end":{"line":38,"column":9}},"type":"if","locations":[{"start":{"line":30,"column":8},"end":{"line":38,"column":9}},{"start":{"line":30,"column":8},"end":{"line":38,"column":9}}],"line":30},"3":{"loc":{"start":{"line":54,"column":4},"end":{"line":70,"column":5}},"type":"if","locations":[{"start":{"line":54,"column":4},"end":{"line":70,"column":5}},{"start":{"line":54,"column":4},"end":{"line":70,"column":5}}],"line":54},"4":{"loc":{"start":{"line":57,"column":8},"end":{"line":65,"column":9}},"type":"if","locations":[{"start":{"line":57,"column":8},"end":{"line":65,"column":9}},{"start":{"line":57,"column":8},"end":{"line":65,"column":9}}],"line":57},"5":{"loc":{"start":{"line":78,"column":2},"end":{"line":81,"column":3}},"type":"if","locations":[{"start":{"line":78,"column":2},"end":{"line":81,"column":3}},{"start":{"line":78,"column":2},"end":{"line":81,"column":3}}],"line":78},"6":{"loc":{"start":{"line":84,"column":6},"end":{"line":87,"column":7}},"type":"if","locations":[{"start":{"line":84,"column":6},"end":{"line":87,"column":7}},{"start":{"line":84,"column":6},"end":{"line":87,"column":7}}],"line":84}},"s":{"0":1,"1":1,"2":1,"3":1,"4":1,"5":1,"6":0,"7":0,"8":1,"9":1,"10":1,"11":0,"12":0,"13":1,"14":1,"15":0,"16":0,"17":1,"18":1,"19":1,"20":0,"21":0,"22":1,"23":1,"24":0,"25":0,"26":1,"27":1,"28":0,"29":0,"30":1,"31":1,"32":1,"33":1,"34":1},"f":{"0":1,"1":1,"2":1,"3":1},"b":{"0":[1,0],"1":[1,0],"2":[0,1],"3":[1,0],"4":[0,1],"5":[0,1],"6":[1,0]},"_coverageSchema":"1a1c01bbd47fc00a2c39e90264f33305004495a9","hash":"c1e2105daaa7807457c49f9d78092bef2b175ad4","contentHash":"a392f0ac343d3b45e5d8be8a86c2dd00d2b27c97bac4c61c6ccab09a1c0a1645"},"C:\\Users\\acer\\Google Drive\\CESAR\\6. PORTAFOLIO\\UNAcarreo\\Backend\\server\\BusinessLogic\\BusinessLogicProducts\\DriverHandler.js":{"path":"C:\\Users\\acer\\Google Drive\\CESAR\\6. PORTAFOLIO\\UNAcarreo\\Backend\\server\\BusinessLogic\\BusinessLogicProducts\\DriverHandler.js","statementMap":{"0":{"start":{"line":3,"column":26},"end":{"line":3,"column":72}},"1":{"start":{"line":6,"column":15},"end":{"line":6,"column":51}},"2":{"start":{"line":9,"column":13},"end":{"line":9,"column":32}},"3":{"start":{"line":15,"column":136},"end":{"line":15,"column":152}},"4":{"start":{"line":17,"column":33},"end":{"line":17,"column":69}},"5":{"start":{"line":19,"column":17},"end":{"line":19,"column":199}},"6":{"start":{"line":20,"column":4},"end":{"line":28,"column":5}},"7":{"start":{"line":22,"column":6},"end":{"line":22,"column":69}},"8":{"start":{"line":23,"column":6},"end":{"line":23,"column":43}},"9":{"start":{"line":26,"column":6},"end":{"line":26,"column":53}},"10":{"start":{"line":27,"column":6},"end":{"line":27,"column":49}},"11":{"start":{"line":38,"column":44},"end":{"line":38,"column":60}},"12":{"start":{"line":42,"column":14},"end":{"line":42,"column":101}},"13":{"start":{"line":43,"column":2},"end":{"line":47,"column":3}},"14":{"start":{"line":45,"column":6},"end":{"line":45,"column":46}},"15":{"start":{"line":46,"column":6},"end":{"line":46,"column":39}},"16":{"start":{"line":48,"column":2},"end":{"line":63,"column":3}},"17":{"start":{"line":49,"column":6},"end":{"line":49,"column":48}},"18":{"start":{"line":50,"column":18},"end":{"line":50,"column":108}},"19":{"start":{"line":51,"column":6},"end":{"line":62,"column":7}},"20":{"start":{"line":54,"column":10},"end":{"line":56,"column":11}},"21":{"start":{"line":55,"column":10},"end":{"line":55,"column":67}},"22":{"start":{"line":57,"column":10},"end":{"line":57,"column":75}},"23":{"start":{"line":58,"column":10},"end":{"line":58,"column":48}},"24":{"start":{"line":59,"column":12},"end":{"line":62,"column":7}},"25":{"start":{"line":60,"column":11},"end":{"line":60,"column":76}},"26":{"start":{"line":61,"column":10},"end":{"line":61,"column":50}},"27":{"start":{"line":64,"column":6},"end":{"line":64,"column":56}},"28":{"start":{"line":65,"column":6},"end":{"line":65,"column":38}},"29":{"start":{"line":70,"column":17},"end":{"line":70,"column":89}},"30":{"start":{"line":71,"column":4},"end":{"line":74,"column":5}},"31":{"start":{"line":72,"column":6},"end":{"line":72,"column":52}},"32":{"start":{"line":73,"column":6},"end":{"line":73,"column":45}},"33":{"start":{"line":75,"column":4},"end":{"line":78,"column":5}},"34":{"start":{"line":76,"column":6},"end":{"line":76,"column":52}},"35":{"start":{"line":77,"column":6},"end":{"line":77,"column":44}},"36":{"start":{"line":80,"column":4},"end":{"line":80,"column":41}},"37":{"start":{"line":84,"column":0},"end":{"line":88,"column":4}}},"fnMap":{"0":{"name":"createDriver","decl":{"start":{"line":12,"column":15},"end":{"line":12,"column":27}},"loc":{"start":{"line":12,"column":33},"end":{"line":29,"column":1}},"line":12},"1":{"name":"validateDriver","decl":{"start":{"line":36,"column":15},"end":{"line":36,"column":29}},"loc":{"start":{"line":36,"column":35},"end":{"line":66,"column":1}},"line":36},"2":{"name":"getDriverInfo","decl":{"start":{"line":69,"column":15},"end":{"line":69,"column":28}},"loc":{"start":{"line":69,"column":39},"end":{"line":82,"column":1}},"line":69}},"branchMap":{"0":{"loc":{"start":{"line":20,"column":4},"end":{"line":28,"column":5}},"type":"if","locations":[{"start":{"line":20,"column":4},"end":{"line":28,"column":5}},{"start":{"line":20,"column":4},"end":{"line":28,"column":5}}],"line":20},"1":{"loc":{"start":{"line":43,"column":2},"end":{"line":47,"column":3}},"type":"if","locations":[{"start":{"line":43,"column":2},"end":{"line":47,"column":3}},{"start":{"line":43,"column":2},"end":{"line":47,"column":3}}],"line":43},"2":{"loc":{"start":{"line":48,"column":2},"end":{"line":63,"column":3}},"type":"if","locations":[{"start":{"line":48,"column":2},"end":{"line":63,"column":3}},{"start":{"line":48,"column":2},"end":{"line":63,"column":3}}],"line":48},"3":{"loc":{"start":{"line":51,"column":6},"end":{"line":62,"column":7}},"type":"if","locations":[{"start":{"line":51,"column":6},"end":{"line":62,"column":7}},{"start":{"line":51,"column":6},"end":{"line":62,"column":7}}],"line":51},"4":{"loc":{"start":{"line":54,"column":10},"end":{"line":56,"column":11}},"type":"if","locations":[{"start":{"line":54,"column":10},"end":{"line":56,"column":11}},{"start":{"line":54,"column":10},"end":{"line":56,"column":11}}],"line":54},"5":{"loc":{"start":{"line":59,"column":12},"end":{"line":62,"column":7}},"type":"if","locations":[{"start":{"line":59,"column":12},"end":{"line":62,"column":7}},{"start":{"line":59,"column":12},"end":{"line":62,"column":7}}],"line":59},"6":{"loc":{"start":{"line":71,"column":4},"end":{"line":74,"column":5}},"type":"if","locations":[{"start":{"line":71,"column":4},"end":{"line":74,"column":5}},{"start":{"line":71,"column":4},"end":{"line":74,"column":5}}],"line":71},"7":{"loc":{"start":{"line":75,"column":4},"end":{"line":78,"column":5}},"type":"if","locations":[{"start":{"line":75,"column":4},"end":{"line":78,"column":5}},{"start":{"line":75,"column":4},"end":{"line":78,"column":5}}],"line":75}},"s":{"0":1,"1":1,"2":1,"3":3,"4":3,"5":3,"6":3,"7":2,"8":2,"9":1,"10":1,"11":1,"12":1,"13":1,"14":0,"15":0,"16":1,"17":1,"18":1,"19":1,"20":1,"21":0,"22":1,"23":1,"24":0,"25":0,"26":0,"27":0,"28":0,"29":0,"30":0,"31":0,"32":0,"33":0,"34":0,"35":0,"36":0,"37":1},"f":{"0":3,"1":1,"2":0},"b":{"0":[2,1],"1":[0,1],"2":[1,0],"3":[1,0],"4":[0,1],"5":[0,0],"6":[0,0],"7":[0,0]},"_coverageSchema":"1a1c01bbd47fc00a2c39e90264f33305004495a9","hash":"656a5f957160c8ef731bf25980e4393496683eec","contentHash":"38066e92dacdcfe04ba9207a8a1be3292eb13702852cbac309a19a155b6054ed"},"C:\\Users\\acer\\Google Drive\\CESAR\\6. PORTAFOLIO\\UNAcarreo\\Backend\\server\\BusinessLogic\\BusinessLogicProducts\\FieldsHandler.js":{"path":"C:\\Users\\acer\\Google Drive\\CESAR\\6. PORTAFOLIO\\UNAcarreo\\Backend\\server\\BusinessLogic\\BusinessLogicProducts\\FieldsHandler.js","statementMap":{"0":{"start":{"line":3,"column":16},"end":{"line":3,"column":36}},"1":{"start":{"line":6,"column":15},"end":{"line":6,"column":51}},"2":{"start":{"line":10,"column":15},"end":{"line":10,"column":31}},"3":{"start":{"line":11,"column":4},"end":{"line":145,"column":5}},"4":{"start":{"line":12,"column":18},"end":{"line":12,"column":27}},"5":{"start":{"line":13,"column":6},"end":{"line":17,"column":7}},"6":{"start":{"line":14,"column":8},"end":{"line":16,"column":9}},"7":{"start":{"line":15,"column":10},"end":{"line":15,"column":41}},"8":{"start":{"line":18,"column":6},"end":{"line":22,"column":7}},"9":{"start":{"line":19,"column":8},"end":{"line":21,"column":9}},"10":{"start":{"line":20,"column":10},"end":{"line":20,"column":43}},"11":{"start":{"line":23,"column":6},"end":{"line":27,"column":7}},"12":{"start":{"line":24,"column":8},"end":{"line":26,"column":9}},"13":{"start":{"line":25,"column":10},"end":{"line":25,"column":45}},"14":{"start":{"line":28,"column":6},"end":{"line":32,"column":7}},"15":{"start":{"line":29,"column":8},"end":{"line":31,"column":9}},"16":{"start":{"line":30,"column":10},"end":{"line":30,"column":44}},"17":{"start":{"line":33,"column":6},"end":{"line":37,"column":7}},"18":{"start":{"line":34,"column":8},"end":{"line":36,"column":9}},"19":{"start":{"line":35,"column":10},"end":{"line":35,"column":41}},"20":{"start":{"line":38,"column":6},"end":{"line":42,"column":7}},"21":{"start":{"line":39,"column":8},"end":{"line":41,"column":9}},"22":{"start":{"line":40,"column":10},"end":{"line":40,"column":43}},"23":{"start":{"line":43,"column":6},"end":{"line":47,"column":7}},"24":{"start":{"line":44,"column":8},"end":{"line":46,"column":9}},"25":{"start":{"line":45,"column":10},"end":{"line":45,"column":41}},"26":{"start":{"line":48,"column":6},"end":{"line":52,"column":7}},"27":{"start":{"line":49,"column":8},"end":{"line":51,"column":9}},"28":{"start":{"line":50,"column":10},"end":{"line":50,"column":52}},"29":{"start":{"line":53,"column":6},"end":{"line":57,"column":7}},"30":{"start":{"line":54,"column":8},"end":{"line":56,"column":9}},"31":{"start":{"line":55,"column":10},"end":{"line":55,"column":39}},"32":{"start":{"line":58,"column":6},"end":{"line":62,"column":7}},"33":{"start":{"line":59,"column":8},"end":{"line":61,"column":9}},"34":{"start":{"line":60,"column":10},"end":{"line":60,"column":55}},"35":{"start":{"line":63,"column":6},"end":{"line":67,"column":7}},"36":{"start":{"line":64,"column":8},"end":{"line":66,"column":9}},"37":{"start":{"line":65,"column":10},"end":{"line":65,"column":52}},"38":{"start":{"line":68,"column":6},"end":{"line":72,"column":7}},"39":{"start":{"line":69,"column":8},"end":{"line":71,"column":9}},"40":{"start":{"line":70,"column":10},"end":{"line":70,"column":40}},"41":{"start":{"line":73,"column":6},"end":{"line":77,"column":7}},"42":{"start":{"line":74,"column":8},"end":{"line":76,"column":9}},"43":{"start":{"line":75,"column":10},"end":{"line":75,"column":40}},"44":{"start":{"line":78,"column":6},"end":{"line":82,"column":7}},"45":{"start":{"line":79,"column":8},"end":{"line":81,"column":9}},"46":{"start":{"line":80,"column":10},"end":{"line":80,"column":41}},"47":{"start":{"line":83,"column":6},"end":{"line":87,"column":7}},"48":{"start":{"line":84,"column":8},"end":{"line":86,"column":9}},"49":{"start":{"line":85,"column":10},"end":{"line":85,"column":53}},"50":{"start":{"line":88,"column":6},"end":{"line":92,"column":7}},"51":{"start":{"line":89,"column":8},"end":{"line":91,"column":9}},"52":{"start":{"line":90,"column":10},"end":{"line":90,"column":51}},"53":{"start":{"line":93,"column":6},"end":{"line":109,"column":7}},"54":{"start":{"line":94,"column":8},"end":{"line":96,"column":9}},"55":{"start":{"line":95,"column":10},"end":{"line":95,"column":50}},"56":{"start":{"line":97,"column":8},"end":{"line":99,"column":9}},"57":{"start":{"line":98,"column":10},"end":{"line":98,"column":47}},"58":{"start":{"line":100,"column":8},"end":{"line":102,"column":9}},"59":{"start":{"line":101,"column":10},"end":{"line":101,"column":50}},"60":{"start":{"line":103,"column":8},"end":{"line":105,"column":9}},"61":{"start":{"line":104,"column":10},"end":{"line":104,"column":51}},"62":{"start":{"line":106,"column":8},"end":{"line":108,"column":9}},"63":{"start":{"line":107,"column":10},"end":{"line":107,"column":53}},"64":{"start":{"line":110,"column":6},"end":{"line":114,"column":7}},"65":{"start":{"line":111,"column":8},"end":{"line":113,"column":9}},"66":{"start":{"line":112,"column":10},"end":{"line":112,"column":55}},"67":{"start":{"line":115,"column":6},"end":{"line":119,"column":7}},"68":{"start":{"line":116,"column":8},"end":{"line":118,"column":9}},"69":{"start":{"line":117,"column":10},"end":{"line":117,"column":56}},"70":{"start":{"line":120,"column":6},"end":{"line":124,"column":7}},"71":{"start":{"line":121,"column":8},"end":{"line":123,"column":9}},"72":{"start":{"line":122,"column":10},"end":{"line":122,"column":46}},"73":{"start":{"line":125,"column":6},"end":{"line":129,"column":7}},"74":{"start":{"line":126,"column":8},"end":{"line":128,"column":9}},"75":{"start":{"line":127,"column":10},"end":{"line":127,"column":49}},"76":{"start":{"line":130,"column":6},"end":{"line":134,"column":7}},"77":{"start":{"line":131,"column":8},"end":{"line":133,"column":9}},"78":{"start":{"line":132,"column":10},"end":{"line":132,"column":39}},"79":{"start":{"line":135,"column":6},"end":{"line":139,"column":7}},"80":{"start":{"line":136,"column":8},"end":{"line":138,"column":9}},"81":{"start":{"line":137,"column":10},"end":{"line":137,"column":43}},"82":{"start":{"line":140,"column":6},"end":{"line":144,"column":7}},"83":{"start":{"line":141,"column":8},"end":{"line":143,"column":9}},"84":{"start":{"line":142,"column":10},"end":{"line":142,"column":48}},"85":{"start":{"line":146,"column":4},"end":{"line":146,"column":16}},"86":{"start":{"line":148,"column":2},"end":{"line":150,"column":4}}},"fnMap":{"0":{"name":"check_fields","decl":{"start":{"line":9,"column":15},"end":{"line":9,"column":27}},"loc":{"start":{"line":9,"column":32},"end":{"line":147,"column":3}},"line":9}},"branchMap":{"0":{"loc":{"start":{"line":13,"column":6},"end":{"line":17,"column":7}},"type":"if","locations":[{"start":{"line":13,"column":6},"end":{"line":17,"column":7}},{"start":{"line":13,"column":6},"end":{"line":17,"column":7}}],"line":13},"1":{"loc":{"start":{"line":13,"column":9},"end":{"line":13,"column":51}},"type":"binary-expr","locations":[{"start":{"line":13,"column":9},"end":{"line":13,"column":27}},{"start":{"line":13,"column":31},"end":{"line":13,"column":51}}],"line":13},"2":{"loc":{"start":{"line":14,"column":8},"end":{"line":16,"column":9}},"type":"if","locations":[{"start":{"line":14,"column":8},"end":{"line":16,"column":9}},{"start":{"line":14,"column":8},"end":{"line":16,"column":9}}],"line":14},"3":{"loc":{"start":{"line":14,"column":12},"end":{"line":14,"column":91}},"type":"binary-expr","locations":[{"start":{"line":14,"column":12},"end":{"line":14,"column":36}},{"start":{"line":14,"column":40},"end":{"line":14,"column":91}}],"line":14},"4":{"loc":{"start":{"line":18,"column":6},"end":{"line":22,"column":7}},"type":"if","locations":[{"start":{"line":18,"column":6},"end":{"line":22,"column":7}},{"start":{"line":18,"column":6},"end":{"line":22,"column":7}}],"line":18},"5":{"loc":{"start":{"line":18,"column":9},"end":{"line":18,"column":61}},"type":"binary-expr","locations":[{"start":{"line":18,"column":9},"end":{"line":18,"column":32}},{"start":{"line":18,"column":36},"end":{"line":18,"column":61}}],"line":18},"6":{"loc":{"start":{"line":19,"column":8},"end":{"line":21,"column":9}},"type":"if","locations":[{"start":{"line":19,"column":8},"end":{"line":21,"column":9}},{"start":{"line":19,"column":8},"end":{"line":21,"column":9}}],"line":19},"7":{"loc":{"start":{"line":19,"column":12},"end":{"line":19,"column":91}},"type":"binary-expr","locations":[{"start":{"line":19,"column":12},"end":{"line":19,"column":36}},{"start":{"line":19,"column":40},"end":{"line":19,"column":91}}],"line":19},"8":{"loc":{"start":{"line":23,"column":6},"end":{"line":27,"column":7}},
[...]
t":{"line":101,"column":26},"end":{"line":101,"column":100}},"32":{"start":{"line":104,"column":8},"end":{"line":112,"column":9}},"33":{"start":{"line":106,"column":12},"end":{"line":106,"column":78}},"34":{"start":{"line":107,"column":12},"end":{"line":107,"column":83}},"35":{"start":{"line":110,"column":12},"end":{"line":110,"column":65}},"36":{"start":{"line":111,"column":12},"end":{"line":111,"column":63}},"37":{"start":{"line":115,"column":8},"end":{"line":115,"column":49}},"38":{"start":{"line":116,"column":8},"end":{"line":116,"column":38}},"39":{"start":{"line":120,"column":0},"end":{"line":126,"column":2}}},"fnMap":{"0":{"name":"create","decl":{"start":{"line":9,"column":15},"end":{"line":9,"column":21}},"loc":{"start":{"line":9,"column":68},"end":{"line":34,"column":1}},"line":9},"1":{"name":"getAll","decl":{"start":{"line":37,"column":15},"end":{"line":37,"column":21}},"loc":{"start":{"line":38,"column":0},"end":{"line":53,"column":1}},"line":38},"2":{"name":"getRegisterByPk","decl":{"start":{"line":55,"column":15},"end":{"line":55,"column":30}},"loc":{"start":{"line":56,"column":0},"end":{"line":72,"column":1}},"line":56},"3":{"name":"getVehicleInfo","decl":{"start":{"line":75,"column":15},"end":{"line":75,"column":29}},"loc":{"start":{"line":75,"column":41},"end":{"line":96,"column":1}},"line":75},"4":{"name":"deleteByPlate","decl":{"start":{"line":98,"column":15},"end":{"line":98,"column":28}},"loc":{"start":{"line":98,"column":35},"end":{"line":118,"column":1}},"line":98}},"branchMap":{"0":{"loc":{"start":{"line":82,"column":4},"end":{"line":90,"column":5}},"type":"if","locations":[{"start":{"line":82,"column":4},"end":{"line":90,"column":5}},{"start":{"line":82,"column":4},"end":{"line":90,"column":5}}],"line":82},"1":{"loc":{"start":{"line":104,"column":8},"end":{"line":112,"column":9}},"type":"if","locations":[{"start":{"line":104,"column":8},"end":{"line":112,"column":9}},{"start":{"line":104,"column":8},"end":{"line":112,"column":9}}],"line":104}},"s":{"0":1,"1":1,"2":1,"3":1,"4":1,"5":1,"6":0,"7":0,"8":1,"9":1,"10":1,"11":1,"12":0,"13":0,"14":1,"15":1,"16":1,"17":1,"18":0,"19":0,"20":0,"21":0,"22":0,"23":0,"24":0,"25":0,"26":0,"27":0,"28":0,"29":0,"30":2,"31":2,"32":2,"33":0,"34":0,"35":2,"36":2,"37":2,"38":2,"39":1},"f":{"0":1,"1":1,"2":1,"3":0,"4":2},"b":{"0":[0,0],"1":[0,2]},"_coverageSchema":"1a1c01bbd47fc00a2c39e90264f33305004495a9","hash":"af93451e591ff5969bd1700d3813817a2322528d","contentHash":"e29e47b5d1097daed3807317bb53e89d2b53786b2ebdb1e195640fd30da3611c"},"C:\\Users\\acer\\Google Drive\\CESAR\\6. PORTAFOLIO\\UNAcarreo\\Backend\\server\\Controllers\\ControllerProducts\\HaulageController.js":{"path":"C:\\Users\\acer\\Google Drive\\CESAR\\6. PORTAFOLIO\\UNAcarreo\\Backend\\server\\Controllers\\ControllerProducts\\HaulageController.js","statementMap":{"0":{"start":{"line":3,"column":0},"end":{"line":3,"column":52}},"1":{"start":{"line":6,"column":15},"end":{"line":6,"column":51}},"2":{"start":{"line":9,"column":20},"end":{"line":9,"column":46}},"3":{"start":{"line":12,"column":20},"end":{"line":12,"column":65}},"4":{"start":{"line":16,"column":4},"end":{"line":36,"column":5}},"5":{"start":{"line":17,"column":23},"end":{"line":17,"column":61}},"6":{"start":{"line":18,"column":19},"end":{"line":20,"column":9}},"7":{"start":{"line":22,"column":4},"end":{"line":31,"column":5}},"8":{"start":{"line":24,"column":8},"end":{"line":24,"column":64}},"9":{"start":{"line":25,"column":8},"end":{"line":25,"column":50}},"10":{"start":{"line":28,"column":8},"end":{"line":28,"column":61}},"11":{"start":{"line":30,"column":8},"end":{"line":30,"column":42}},"12":{"start":{"line":34,"column":4},"end":{"line":34,"column":45}},"13":{"start":{"line":35,"column":4},"end":{"line":35,"column":34}},"14":{"start":{"line":44,"column":4},"end":{"line":65,"column":5}},"15":{"start":{"line":46,"column":63},"end":{"line":46,"column":66}},"16":{"start":{"line":49,"column":26},"end":{"line":58,"column":9}},"17":{"start":{"line":59,"column":8},"end":{"line":59,"column":76}},"18":{"start":{"line":60,"column":8},"end":{"line":60,"column":46}},"19":{"start":{"line":63,"column":8},"end":{"line":63,"column":52}},"20":{"start":{"line":64,"column":9},"end":{"line":64,"column":42}},"21":{"start":{"line":69,"column":4},"end":{"line":84,"column":5}},"22":{"start":{"line":71,"column":19},"end":{"line":77,"column":9}},"23":{"start":{"line":79,"column":8},"end":{"line":79,"column":71}},"24":{"start":{"line":80,"column":8},"end":{"line":80,"column":39}},"25":{"start":{"line":82,"column":8},"end":{"line":82,"column":52}},"26":{"start":{"line":83,"column":8},"end":{"line":83,"column":41}},"27":{"start":{"line":90,"column":4},"end":{"line":101,"column":5}},"28":{"start":{"line":91,"column":22},"end":{"line":94,"column":14}},"29":{"start":{"line":95,"column":8},"end":{"line":95,"column":78}},"30":{"start":{"line":96,"column":8},"end":{"line":96,"column":40}},"31":{"start":{"line":99,"column":8},"end":{"line":99,"column":52}},"32":{"start":{"line":100,"column":8},"end":{"line":100,"column":42}},"33":{"start":{"line":106,"column":4},"end":{"line":120,"column":5}},"34":{"start":{"line":107,"column":21},"end":{"line":110,"column":11}},"35":{"start":{"line":111,"column":8},"end":{"line":116,"column":9}},"36":{"start":{"line":112,"column":12},"end":{"line":112,"column":30}},"37":{"start":{"line":114,"column":12},"end":{"line":114,"column":59}},"38":{"start":{"line":115,"column":12},"end":{"line":115,"column":72}},"39":{"start":{"line":118,"column":8},"end":{"line":118,"column":52}},"40":{"start":{"line":119,"column":8},"end":{"line":119,"column":42}},"41":{"start":{"line":125,"column":4},"end":{"line":139,"column":5}},"42":{"start":{"line":126,"column":21},"end":{"line":129,"column":11}},"43":{"start":{"line":130,"column":8},"end":{"line":135,"column":9}},"44":{"start":{"line":131,"column":12},"end":{"line":131,"column":30}},"45":{"start":{"line":133,"column":12},"end":{"line":133,"column":59}},"46":{"start":{"line":134,"column":12},"end":{"line":134,"column":72}},"47":{"start":{"line":137,"column":8},"end":{"line":137,"column":52}},"48":{"start":{"line":138,"column":8},"end":{"line":138,"column":42}},"49":{"start":{"line":143,"column":4},"end":{"line":161,"column":5}},"50":{"start":{"line":145,"column":19},"end":{"line":145,"column":97}},"51":{"start":{"line":148,"column":8},"end":{"line":156,"column":9}},"52":{"start":{"line":150,"column":12},"end":{"line":150,"column":80}},"53":{"start":{"line":151,"column":12},"end":{"line":151,"column":85}},"54":{"start":{"line":154,"column":12},"end":{"line":154,"column":66}},"55":{"start":{"line":155,"column":12},"end":{"line":155,"column":30}},"56":{"start":{"line":159,"column":8},"end":{"line":159,"column":49}},"57":{"start":{"line":160,"column":8},"end":{"line":160,"column":38}},"58":{"start":{"line":164,"column":0},"end":{"line":172,"column":2}}},"fnMap":{"0":{"name":"getHaulages","decl":{"start":{"line":15,"column":15},"end":{"line":15,"column":26}},"loc":{"start":{"line":15,"column":35},"end":{"line":37,"column":1}},"line":15},"1":{"name":"create","decl":{"start":{"line":42,"column":15},"end":{"line":42,"column":21}},"loc":{"start":{"line":42,"column":27},"end":{"line":66,"column":1}},"line":42},"2":{"name":"getRegisterBy","decl":{"start":{"line":68,"column":15},"end":{"line":68,"column":28}},"loc":{"start":{"line":68,"column":35},"end":{"line":86,"column":1}},"line":68},"3":{"name":"getRegisterByPk","decl":{"start":{"line":88,"column":15},"end":{"line":88,"column":30}},"loc":{"start":{"line":89,"column":0},"end":{"line":102,"column":1}},"line":89},"4":{"name":"updateHaulageById","decl":{"start":{"line":104,"column":15},"end":{"line":104,"column":32}},"loc":{"start":{"line":105,"column":0},"end":{"line":121,"column":1}},"line":105},"5":{"name":"setHaulageRating","decl":{"start":{"line":123,"column":15},"end":{"line":123,"column":31}},"loc":{"start":{"line":124,"column":0},"end":{"line":140,"column":1}},"line":124},"6":{"name":"deleteByIdUser","decl":{"start":{"line":142,"column":15},"end":{"line":142,"column":29}},"loc":{"start":{"line":142,"column":38},"end":{"line":162,"column":1}},"line":142}},"branchMap":{"0":{"loc":{"start":{"line":22,"column":4},"end":{"line":31,"column":5}},"type":"if","locations":[{"start":{"line":22,"column":4},"end":{"line":31,"column":5}},{"start":{"line":22,"column":4},"end":{"line":31,"column":5}}],"line":22},"1":{"loc":{"start":{"line":111,"column":8},"end":{"line":116,"column":9}},"type":"if","locations":[{"start":{"line":111,"column":8},"end":{"line":116,"column":9}},{"start":{"line":111,"column":8},"end":{"line":116,"column":9}}],"line":111},"2":{"loc":{"start":{"line":130,"column":8},"end":{"line":135,"column":9}},"type":"if","locations":[{"start":{"line":130,"column":8},"end":{"line":135,"column":9}},{"start":{"line":130,"column":8},"end":{"line":135,"column":9}}],"line":130},"3":{"loc":{"start":{"line":148,"column":8},"end":{"line":156,"column":9}},"type":"if","locations":[{"start":{"line":148,"column":8},"end":{"line":156,"column":9}},{"start":{"line":148,"column":8},"end":{"line":156,"column":9}}],"line":148}},"s":{"0":1,"1":1,"2":1,"3":1,"4":0,"5":0,"6":0,"7":0,"8":0,"9":0,"10":0,"11":0,"12":0,"13":0,"14":1,"15":1,"16":1,"17":1,"18":1,"19":0,"20":0,"21":1,"22":1,"23":1,"24":1,"25":0,"26":0,"27":0,"28":0,"29":0,"30":0,"31":0,"32":0,"33":0,"34":0,"35":0,"36":0,"37":0,"38":0,"39":0,"40":0,"41":0,"42":0,"43":0,"44":0,"45":0,"46":0,"47":0,"48":0,"49":3,"50":3,"51":3,"52":0,"53":0,"54":3,"55":3,"56":0,"57":0,"58":1},"f":{"0":0,"1":1,"2":1,"3":0,"4":0,"5":0,"6":3},"b":{"0":[0,0],"1":[0,0],"2":[0,0],"3":[0,3]},"_coverageSchema":"1a1c01bbd47fc00a2c39e90264f33305004495a9","hash":"99de47efdd439be43beedc9410540b41f6d5e013","contentHash":"26b8da8170700e075f3d93db6caf112d62d9198864d713d9b5541a27f0b9ae13"},"C:\\Users\\acer\\Google Drive\\CESAR\\6. PORTAFOLIO\\UNAcarreo\\Backend\\server\\Controllers\\ControllerProducts\\RouteController.js":{"path":"C:\\Users\\acer\\Google Drive\\CESAR\\6. PORTAFOLIO\\UNAcarreo\\Backend\\server\\Controllers\\ControllerProducts\\RouteController.js","statementMap":{"0":{"start":{"line":3,"column":0},"end":{"line":3,"column":52}},"1":{"start":{"line":6,"column":15},"end":{"line":6,"column":51}},"2":{"start":{"line":10,"column":4},"end":{"line":29,"column":5}},"3":{"start":{"line":11,"column":21},"end":{"line":11,"column":57}},"4":{"start":{"line":12,"column":21},"end":{"line":14,"column":9}},"5":{"start":{"line":16,"column":4},"end":{"line":24,"column":5}},"6":{"start":{"line":18,"column":8},"end":{"line":18,"column":67}},"7":{"start":{"line":19,"column":8},"end":{"line":19,"column":74}},"8":{"start":{"line":22,"column":8},"end":{"line":22,"column":56}},"9":{"start":{"line":23,"column":8},"end":{"line":23,"column":58}},"10":{"start":{"line":27,"column":4},"end":{"line":27,"column":43}},"11":{"start":{"line":28,"column":4},"end":{"line":28,"column":34}},"12":{"start":{"line":35,"column":4},"end":{"line":56,"column":5}},"13":{"start":{"line":38,"column":61},"end":{"line":38,"column":64}},"14":{"start":{"line":43,"column":26},"end":{"line":49,"column":9}},"15":{"start":{"line":50,"column":8},"end":{"line":50,"column":72}},"16":{"start":{"line":51,"column":8},"end":{"line":51,"column":53}},"17":{"start":{"line":54,"column":8},"end":{"line":54,"column":50}},"18":{"start":{"line":55,"column":8},"end":{"line":55,"column":42}},"19":{"start":{"line":60,"column":0},"end":{"line":60,"column":64}}},"fnMap":{"0":{"name":"getRouteInfo","decl":{"start":{"line":9,"column":15},"end":{"line":9,"column":27}},"loc":{"start":{"line":9,"column":37},"end":{"line":30,"column":1}},"line":9},"1":{"name":"create","decl":{"start":{"line":33,"column":15},"end":{"line":33,"column":21}},"loc":{"start":{"line":33,"column":27},"end":{"line":58,"column":1}},"line":33}},"branchMap":{"0":{"loc":{"start":{"line":16,"column":4},"end":{"line":24,"column":5}},"type":"if","locations":[{"start":{"line":16,"column":4},"end":{"line":24,"column":5}},{"start":{"line":16,"column":4},"end":{"line":24,"column":5}}],"line":16}},"s":{"0":1,"1":1,"2":0,"3":0,"4":0,"5":0,"6":0,"7":0,"8":0,"9":0,"10":0,"11":0,"12":1,"13":1,"14":1,"15":1,"16":1,"17":0,"18":0,"19":1},"f":{"0":0,"1":1},"b":{"0":[0,0]},"_coverageSchema":"1a1c01bbd47fc00a2c39e90264f33305004495a9","hash":"643d0876ff679ef1f9265314173bb430502f5f3d","contentHash":"c0a2aa2adf5334575e5b3323fda0b7f06b753529fcfe26f8330c20ec50225286"},"C:\\Users\\acer\\Google Drive\\CESAR\\6. PORTAFOLIO\\UNAcarreo\\Backend\\server\\Controllers\\ControllerProducts\\CargoController.js":{"path":"C:\\Users\\acer\\Google Drive\\CESAR\\6. PORTAFOLIO\\UNAcarreo\\Backend\\server\\Controllers\\ControllerProducts\\CargoController.js","statementMap":{"0":{"start":{"line":3,"column":0},"end":{"line":3,"column":52}},"1":{"start":{"line":6,"column":15},"end":{"line":6,"column":51}},"2":{"start":{"line":10,"column":4},"end":{"line":29,"column":5}},"3":{"start":{"line":11,"column":21},"end":{"line":11,"column":57}},"4":{"start":{"line":12,"column":21},"end":{"line":14,"column":9}},"5":{"start":{"line":16,"column":4},"end":{"line":24,"column":5}},"6":{"start":{"line":18,"column":8},"end":{"line":18,"column":67}},"7":{"start":{"line":19,"column":8},"end":{"line":19,"column":74}},"8":{"start":{"line":22,"column":8},"end":{"line":22,"column":56}},"9":{"start":{"line":23,"column":8},"end":{"line":23,"column":58}},"10":{"start":{"line":27,"column":4},"end":{"line":27,"column":43}},"11":{"start":{"line":28,"column":4},"end":{"line":28,"column":34}},"12":{"start":{"line":35,"column":4},"end":{"line":54,"column":5}},"13":{"start":{"line":38,"column":50},"end":{"line":38,"column":53}},"14":{"start":{"line":41,"column":24},"end":{"line":47,"column":9}},"15":{"start":{"line":48,"column":8},"end":{"line":48,"column":72}},"16":{"start":{"line":49,"column":8},"end":{"line":49,"column":53}},"17":{"start":{"line":52,"column":8},"end":{"line":52,"column":50}},"18":{"start":{"line":53,"column":8},"end":{"line":53,"column":42}},"19":{"start":{"line":59,"column":4},"end":{"line":77,"column":5}},"20":{"start":{"line":61,"column":19},"end":{"line":61,"column":103}},"21":{"start":{"line":64,"column":8},"end":{"line":72,"column":9}},"22":{"start":{"line":66,"column":12},"end":{"line":66,"column":80}},"23":{"start":{"line":67,"column":12},"end":{"line":67,"column":87}},"24":{"start":{"line":70,"column":12},"end":{"line":70,"column":62}},"25":{"start":{"line":71,"column":12},"end":{"line":71,"column":56}},"26":{"start":{"line":75,"column":8},"end":{"line":75,"column":47}},"27":{"start":{"line":76,"column":8},"end":{"line":76,"column":38}},"28":{"start":{"line":80,"column":0},"end":{"line":84,"column":2}}},"fnMap":{"0":{"name":"getCargoInfo","decl":{"start":{"line":9,"column":15},"end":{"line":9,"column":27}},"loc":{"start":{"line":9,"column":37},"end":{"line":30,"column":1}},"line":9},"1":{"name":"create","decl":{"start":{"line":33,"column":15},"end":{"line":33,"column":21}},"loc":{"start":{"line":33,"column":27},"end":{"line":56,"column":1}},"line":33},"2":{"name":"deleteByDescription","decl":{"start":{"line":58,"column":15},"end":{"line":58,"column":34}},"loc":{"start":{"line":58,"column":47},"end":{"line":78,"column":1}},"line":58}},"branchMap":{"0":{"loc":{"start":{"line":16,"column":4},"end":{"line":24,"column":5}},"type":"if","locations":[{"start":{"line":16,"column":4},"end":{"line":24,"column":5}},{"start":{"line":16,"column":4},"end":{"line":24,"column":5}}],"line":16},"1":{"loc":{"start":{"line":64,"column":8},"end":{"line":72,"column":9}},"type":"if","locations":[{"start":{"line":64,"column":8},"end":{"line":72,"column":9}},{"start":{"line":64,"column":8},"end":{"line":72,"column":9}}],"line":64}},"s":{"0":1,"1":1,"2":0,"3":0,"4":0,"5":0,"6":0,"7":0,"8":0,"9":0,"10":0,"11":0,"12":1,"13":1,"14":1,"15":1,"16":1,"17":0,"18":0,"19":0,"20":0,"21":0,"22":0,"23":0,"24":0,"25":0,"26":0,"27":0,"28":1},"f":{"0":0,"1":1,"2":0},"b":{"0":[0,0],"1":[0,0]},"_coverageSchema":"1a1c01bbd47fc00a2c39e90264f33305004495a9","hash":"28a0c92698e4a19c1f22f68dfdfa8667092fc97a","contentHash":"659659833b70f3a4b5bb8117cd00c2fdb42e7f9392bdf68122dd90e2622536c4"},"C:\\Users\\acer\\Google Drive\\CESAR\\6. PORTAFOLIO\\UNAcarreo\\Backend\\server\\Controllers\\ControllerProducts\\Haulage_Driver_VehicleController.js":{"path":"C:\\Users\\acer\\Google Drive\\CESAR\\6. PORTAFOLIO\\UNAcarreo\\Backend\\server\\Controllers\\ControllerProducts\\Haulage_Driver_VehicleController.js","statementMap":{"0":{"start":{"line":3,"column":0},"end":{"line":3,"column":52}},"1":{"start":{"line":6,"column":15},"end":{"line":6,"column":51}},"2":{"start":{"line":11,"column":4},"end":{"line":29,"column":5}},"3":{"start":{"line":15,"column":8},"end":{"line":22,"column":10}},"4":{"start":{"line":23,"column":8},"end":{"line":23,"column":106}},"5":{"start":{"line":24,"column":8},"end":{"line":24,"column":26}},"6":{"start":{"line":27,"column":8},"end":{"line":27,"column":67}},"7":{"start":{"line":28,"column":8},"end":{"line":28,"column":39}},"8":{"start":{"line":36,"column":4},"end":{"line":47,"column":5}},"9":{"start":{"line":37,"column":19},"end":{"line":41,"column":10}},"10":{"start":{"line":42,"column":8},"end":{"line":42,"column":74}},"11":{"start":{"line":43,"column":8},"end":{"line":43,"column":39}},"12":{"start":{"line":45,"column":8},"end":{"line":45,"column":84}},"13":{"start":{"line":46,"column":8},"end":{"line":46,"column":42}},"14":{"start":{"line":54,"column":4},"end":{"line":62,"column":5}},"15":{"start":{"line":56,"column":19},"end":{"line":56,"column":69}},"16":{"start":{"line":57,"column":8},"end":{"line":57,"column":102}},"17":{"start":{"line":58,"column":8},"end":{"line":58,"column":39}},"18":{"start":{"line":60,"column":8},"end":{"line":60,"column":84}},"19":{"start":{"line":61,"column":8},"end":{"line":61,"column":42}},"20":{"start":{"line":66,"column":4},"end":{"line":85,"column":5}},"21":{"start":{"line":67,"column":16},"end":{"line":67,"column":69}},"22":{"start":{"line":68,"column":30},"end":{"line":70,"column":9}},"23":{"start":{"line":72,"column":4},"end":{"line":80,"column":5}},"24":{"start":{"line":74,"column":8},"end":{"line":74,"column":98}},"25":{"start":{"line":75,"column":8},"end":{"line":75,"column":88}},"26":{"start":{"line":78,"column":8},"end":{"line":78,"column":87}},"27":{"start":{"line":79,"column":8},"end":{"line":79,"column":53}},"28":{"start":{"line":83,"column":4},"end":{"line":83,"column":60}},"29":{"start":{"line":84,"column":4},"end":{"line":84,"column":34}},"30":{"start":{"line":88,"column":0},"end":{"line":93,"column":3}}},"fnMap":{"0":{"name":"create","decl":{"start":{"line":9,"column":15},"end":{"line":9,"column":21}},"loc":{"start":{"line":9,"column":68},"end":{"line":31,"column":1}},"line":9},"1":{"name":"getRegisterBy","decl":{"start":{"line":34,"column":15},"end":{"line":34,"column":28}},"loc":{"start":{"line":34,"column":47},"end":{"line":49,"column":1}},"line":34},"2":{"name":"getAll","decl":{"start":{"line":52,"column":15},"end":{"line":52,"column":21}},"loc":{"start":{"line":52,"column":29},"end":{"line":63,"column":1}},"line":52},"3":{"name":"getVehiclesAssigned","decl":{"start":{"line":65,"column":15},"end":{"line":65,"column":34}},"loc":{"start":{"line":65,"column":46},"end":{"line":86,"column":1}},"line":65}},"branchMap":{"0":{"loc":{"start":{"line":72,"column":4},"end":{"line":80,"column":5}},"type":"if","locations":[{"start":{"line":72,"column":4},"end":{"line":80,"column":5}},{"start":{"line":72,"column":4},"end":{"line":80,"column":5}}],"line":72}},"s":{"0":1,"1":1,"2":1,"3":1,"4":1,"5":1,"6":0,"7":0,"8":0,"9":0,"10":0,"11":0,"12":0,"13":0,"14":0,"15":0,"16":0,"17":0,"18":0,"19":0,"20":0,"21":0,"22":0,"23":0,"24":0,"25":0,"26":0,"27":0,"28":0,"29":0,"30":1},"f":{"0":1,"1":0,"2":0,"3":0},"b":{"0":[0,0]},"_coverageSchema":"1a1c01bbd47fc00a2c39e90264f33305004495a9","hash":"e1403ceee89f880d3833dfafb14cd10013b11e99","contentHash":"0738a00df3c19137f37f2404f592826610c3ff9b4885903cded271bc5cec80f6"}}