{"C:\\Users\\acer\\Google Drive\\CESAR\\6. PORTAFOLIO\\UNAcarreo\\Backend\\server\\BusinessLogic\\BusinessLogicFactory.js":{"path":"C:\\Users\\acer\\Google Drive\\CESAR\\6. PORTAFOLIO\\UNAcarreo\\Backend\\server\\BusinessLogic\\BusinessLogicFactory.js","statementMap":{"0":{"start":{"line":7,"column":8},"end":{"line":36,"column":9}},"1":{"start":{"line":9,"column":16},"end":{"line":9,"column":80}},"2":{"start":{"line":11,"column":16},"end":{"line":11,"column":72}},"3":{"start":{"line":13,"column":16},"end":{"line":13,"column":72}},"4":{"start":{"line":15,"column":16},"end":{"line":15,"column":88}},"5":{"start":{"line":17,"column":16},"end":{"line":17,"column":73}},"6":{"start":{"line":19,"column":16},"end":{"line":19,"column":71}},"7":{"start":{"line":21,"column":16},"end":{"line":21,"column":70}},"8":{"start":{"line":23,"column":16},"end":{"line":23,"column":73}},"9":{"start":{"line":25,"column":16},"end":{"line":25,"column":71}},"10":{"start":{"line":27,"column":16},"end":{"line":27,"column":71}},"11":{"start":{"line":29,"column":16},"end":{"line":29,"column":72}},"12":{"start":{"line":31,"column":16},"end":{"line":31,"column":72}},"13":{"start":{"line":33,"column":16},"end":{"line":33,"column":77}},"14":{"start":{"line":35,"column":16},"end":{"line":35,"column":28}},"15":{"start":{"line":40,"column":0},"end":{"line":40,"column":38}}},"fnMap":{"0":{"name":"(anonymous_0)","decl":{"start":{"line":6,"column":4},"end":{"line":6,"column":5}},"loc":{"start":{"line":6,"column":34},"end":{"line":37,"column":5}},"line":6}},"branchMap":{"0":{"loc":{"start":{"line":7,"column":8},"end":{"line":36,"column":9}},"type":"switch","locations":[{"start":{"line":8,"column":12},"end":{"line":9,"column":80}},{"start":{"line":10,"column":12},"end":{"line":11,"column":72}},{"start":{"line":12,"column":12},"end":{"line":13,"column":72}},{"start":{"line":14,"column":12},"end":{"line":15,"column":88}},{"start":{"line":16,"column":12},"end":{"line":17,"column":73}},{"start":{"line":18,"column":12},"end":{"line":19,"column":71}},{"start":{"line":20,"column":12},"end":{"line":21,"column":70}},{"start":{"line":22,"column":12},"end":{"line":23,"column":73}},{"start":{"line":24,"column":12},"end":{"line":25,"column":71}},{"start":{"line":26,"column":12},"end":{"line":27,"column":71}},{"start":{"line":28,"column":12},"end":{"line":29,"column":72}},{"start":{"line":30,"column":12},"end":{"line":31,"column":72}},{"start":{"line":32,"column":12},"end":{"line":33,"column":77}},{"start":{"line":34,"column":12},"end":{"line":35,"column":28}}],"line":7}},"s":{"0":232,"1":8,"2":10,"3":118,"4":18,"5":14,"6":6,"7":6,"8":17,"9":6,"10":6,"11":4,"12":4,"13":14,"14":1,"15":1},"f":{"0":232},"b":{"0":[8,10,118,18,14,6,6,17,6,6,4,4,14,1]},"_coverageSchema":"1a1c01bbd47fc00a2c39e90264f33305004495a9","hash":"abb0667096249a34d35bdc75c4a921b33c65b551","contentHash":"e90694835a5af7311553cd49b1f3571d1ee5fc81986ebe1976cf0c8e85b571fe"},"C:\\Users\\acer\\Google Drive\\CESAR\\6. PORTAFOLIO\\UNAcarreo\\Backend\\server\\BusinessLogic\\BusinessLogicProducts\\CargoHandler.js":{"path":"C:\\Users\\acer\\Google Drive\\CESAR\\6. PORTAFOLIO\\UNAcarreo\\Backend\\server\\BusinessLogic\\BusinessLogicProducts\\CargoHandler.js","statementMap":{"0":{"start":{"line":2,"column":21},"end":{"line":2,"column":57}},"1":{"start":{"line":5,"column":26},"end":{"line":5,"column":72}},"2":{"start":{"line":8,"column":15},"end":{"line":8,"column":51}},"3":{"start":{"line":12,"column":16},"end":{"line":12,"column":85}},"4":{"start":{"line":13,"column":4},"end":{"line":16,"column":5}},"5":{"start":{"line":14,"column":6},"end":{"line":14,"column":50}},"6":{"start":{"line":15,"column":6},"end":{"line":15,"column":44}},"7":{"start":{"line":17,"column":4},"end":{"line":20,"column":5}},"8":{"start":{"line":18,"column":6},"end":{"line":18,"column":50}},"9":{"start":{"line":19,"column":6},"end":{"line":19,"column":43}},"10":{"start":{"line":22,"column":4},"end":{"line":22,"column":40}},"11":{"start":{"line":27,"column":0},"end":{"line":29,"column":6}}},"fnMap":{"0":{"name":"getCargoInfo","decl":{"start":{"line":11,"column":15},"end":{"line":11,"column":27}},"loc":{"start":{"line":11,"column":37},"end":{"line":25,"column":1}},"line":11}},"branchMap":{"0":{"loc":{"start":{"line":13,"column":4},"end":{"line":16,"column":5}},"type":"if","locations":[{"start":{"line":13,"column":4},"end":{"line":16,"column":5}},{"start":{"line":13,"column":4},"end":{"line":16,"column":5}}],"line":13},"1":{"loc":{"start":{"line":17,"column":4},"end":{"line":20,"column":5}},"type":"if","locations":[{"start":{"line":17,"column":4},"end":{"line":20,"column":5}},{"start":{"line":17,"column":4},"end":{"line":20,"column":5}}],"line":17}},"s":{"0":1,"1":1,"2":1,"3":7,"4":7,"5":1,"6":1,"7":6,"8":1,"9":1,"10":5,"11":1},"f":{"0":7},"b":{"0":[1,6],"1":[1,5]},"_coverageSchema":"1a1c01bbd47fc00a2c39e90264f33305004495a9","hash":"389c48800da10b066f288187819c0d2fbe9b7b9d","contentHash":"0ebf7fda44d606ef510d17d9a71e8bddf5a7c5d79ea2d26f4b30a76b8d4bad9d"},"C:\\Users\\acer\\Google Drive\\CESAR\\6. PORTAFOLIO\\UNAcarreo\\Backend\\server\\Models\\ModelFactory.js":{"path":"C:\\Users\\acer\\Google Drive\\CESAR\\6. PORTAFOLIO\\UNAcarreo\\Backend\\server\\Models\\ModelFactory.js","statementMap":{"0":{"start":{"line":7,"column":8},"end":{"line":38,"column":9}},"1":{"start":{"line":9,"column":16},"end":{"line":9,"column":55}},"2":{"start":{"line":11,"column":16},"end":{"line":11,"column":56}},"3":{"start":{"line":13,"column":16},"end":{"line":13,"column":70}},"4":{"start":{"line":15,"column":16},"end":{"line":15,"column":65}},"5":{"start":{"line":17,"column":16},"end":{"line":17,"column":57}},"6":{"start":{"line":19,"column":16},"end":{"line":19,"column":73}},"7":{"start":{"line":21,"column":16},"end":{"line":21,"column":58}},"8":{"start":{"line":23,"column":16},"end":{"line":23,"column":68}},"9":{"start":{"line":25,"column":16},"end":{"line":25,"column":57}},"10":{"start":{"line":27,"column":16},"end":{"line":27,"column":56}},"11":{"start":{"line":29,"column":16},"end":{"line":29,"column":57}},"12":{"start":{"line":31,"column":16},"end":{"line":31,"column":68}},"13":{"start":{"line":33,"column":16},"end":{"line":33,"column":55}},"14":{"start":{"line":35,"column":16},"end":{"line":35,"column":58}},"15":{"start":{"line":37,"column":16},"end":{"line":37,"column":28}},"16":{"start":{"line":42,"column":0},"end":{"line":42,"column":30}}},"fnMap":{"0":{"name":"(anonymous_0)","decl":{"start":{"line":6,"column":4},"end":{"line":6,"column":5}},"loc":{"start":{"line":6,"column":26},"end":{"line":39,"column":5}},"line":6}},"branchMap":{"0":{"loc":{"start":{"line":7,"column":8},"end":{"line":38,"column":9}},"type":"switch","locations":[{"start":{"line":8,"column":12},"end":{"line":9,"column":55}},{"start":{"line":10,"column":12},"end":{"line":11,"column":56}},{"start":{"line":12,"column":12},"end":{"line":13,"column":70}},{"start":{"line":14,"column":12},"end":{"line":15,"column":65}},{"start":{"line":16,"column":12},"end":{"line":17,"column":57}},{"start":{"line":18,"column":12},"end":{"line":19,"column":73}},{"start":{"line":20,"column":12},"end":{"line":21,"column":58}},{"start":{"line":22,"column":12},"end":{"line":23,"column":68}},{"start":{"line":24,"column":12},"end":{"line":25,"column":57}},{"start":{"line":26,"column":12},"end":{"line":27,"column":56}},{"start":{"line":28,"column":12},"end":{"line":29,"column":57}},{"start":{"line":30,"column":12},"end":{"line":31,"column":68}},{"start":{"line":32,"column":12},"end":{"line":33,"column":55}},{"start":{"line":34,"column":12},"end":{"line":35,"column":58}},{"start":{"line":36,"column":12},"end":{"line":37,"column":28}}],"line":7}},"s":{"0":233,"1":6,"2":17,"3":17,"4":16,"5":38,"6":17,"7":27,"8":6,"9":9,"10":15,"11":9,"12":9,"13":17,"14":30,"15":0,"16":1},"f":{"0":233},"b":{"0":[6,17,17,16,38,17,27,6,9,15,9,9,17,30,0]},"_coverageSchema":"1a1c01bbd47fc00a2c39e90264f33305004495a9","hash":"5a3a317108ebeb587f33288502697c8fd1b68e34","contentHash":"3d80e7342e45815fac9d2b650cdb169efbc7ede8e121278cfd2ef55cdd7f72b1"},"C:\\Users\\acer\\Google Drive\\CESAR\\6. PORTAFOLIO\\UNAcarreo\\Backend\\server\\Controllers\\ControllerFactory.js":{"path":"C:\\Users\\acer\\Google Drive\\CESAR\\6. PORTAFOLIO\\UNAcarreo\\Backend\\server\\Controllers\\ControllerFactory.js","statementMap":{"0":{"start":{"line":7,"column":8},"end":{"line":34,"column":9}},"1":{"start":{"line":9,"column":16},"end":{"line":9,"column":70}},"2":{"start":{"line":11,"column":16},"end":{"line":11,"column":71}},"3":{"start":{"line":13,"column":16},"end":{"line":13,"column":80}},"4":{"start":{"line":15,"column":16},"end":{"line":15,"column":72}},"5":{"start":{"line":17,"column":16},"end":{"line":17,"column":88}},"6":{"start":{"line":19,"column":16},"end":{"line":19,"column":73}},"7":{"start":{"line":21,"column":16},"end":{"line":21,"column":72}},"8":{"start":{"line":23,"column":16},"end":{"line":23,"column":71}},"9":{"start":{"line":25,"column":16},"end":{"line":25,"column":72}},"10":{"start":{"line":27,"column":16},"end":{"line":27,"column":70}},"11":{"start":{"line":29,"column":16},"end":{"line":29,"column":73}},"12":{"start":{"line":31,"column":16},"end":{"line":31,"column":78}},"13":{"start":{"line":33,"column":16},"end":{"line":33,"column":28}},"14":{"start":{"line":38,"column":0},"end":{"line":38,"column":35}}},"fnMap":{"0":{"name":"(anonymous_0)","decl":{"start":{"line":6,"column":4},"end":{"line":6,"column":5}},"loc":{"start":{"line":6,"column":31},"end":{"line":35,"column":5}},"line":6}},"branchMap":{"0":{"loc":{"start":{"line":7,"column":8},"end":{"line":34,"column":9}},"type":"switch","locations":[{"start":{"line":8,"column":12},"end":{"line":9,"column":70}},{"start":{"line":10,"column":12},"end":{"line":11,"column":71}},{"start":{"line":12,"column":12},"end":{"line":13,"column":80}},{"start":{"line":14,"column":12},"end":{"line":15,"column":72}},{"start":{"line":16,"column":12},"end":{"line":17,"column":88}},{"start":{"line":18,"column":12},"end":{"line":19,"column":73}},{"start":{"line":20,"column":12},"end":{"line":21,"column":72}},{"start":{"line":22,"column":12},"end":{"line":23,"column":71}},{"start":{"line":24,"column":12},"end":{"line":25,"column":72}},{"start":{"line":26,"column":12},"end":{"line":27,"column":70}},{"start":{"line":28,"column":12},"end":{"line":29,"column":73}},{"start":{"line":30,"column":12},"end":{"line":31,"column":78}},{"start":{"line":32,"column":12},"end":{"line":33,"column":28}}],"line":7}},"s":{"0":146,"1":0,"2":11,"3":13,"4":29,"5":11,"6":21,"7":3,"8":9,"9":3,"10":11,"11":21,"12":14,"13":0,"14":1},"f":{"0":146},"b":{"0":[0,11,13,29,11,21,3,9,3,11,21,14,0]},"_coverageSchema":"1a1c01bbd47fc00a2c39e90264f33305004495a9","hash":"6918b2da0dff9e5515d3367cc2b3b46802a04b4d","contentHash":"5670eb26ee3ed90fa9920c0c932b778c82bca05b6ea84b41fe8fb5b71469b37a"},"C:\\Users\\acer\\Google Drive\\CESAR\\6. PORTAFOLIO\\UNAcarreo\\Backend\\server\\utils\\logger\\logger.js":{"path":"C:\\Users\\acer\\Google Drive\\CESAR\\6. PORTAFOLIO\\UNAcarreo\\Backend\\server\\utils\\logger\\logger.js","statementMap":{"0":{"start":{"line":3,"column":43},"end":{"line":3,"column":61}},"1":{"start":{"line":6,"column":0},"end":{"line":30,"column":2}},"2":{"start":{"line":12,"column":30},"end":{"line":12,"column":85}},"3":{"start":{"line":32,"column":0},"end":{"line":32,"column":24}}},"fnMap":{"0":{"name":"(anonymous_0)","decl":{"start":{"line":12,"column":22},"end":{"line":12,"column":23}},"loc":{"start":{"line":12,"column":30},"end":{"line":12,"column":85}},"line":12}},"branchMap":{},"s":{"0":1,"1":1,"2":399,"3":1},"f":{"0":399},"b":{},"_coverageSchema":"1a1c01bbd47fc00a2c39e90264f33305004495a9","hash":"64b0eacc297c94d7c72089121d4e35642eb5164e","contentHash":"b1281fafddd84cb36b4355300bd2f296aa3f43d2d25522353689119ead9a81dd"},"C:\\Users\\acer\\Google Drive\\CESAR\\6. PORTAFOLIO\\UNAcarreo\\Backend\\server\\BusinessLogic\\BusinessLogicProducts\\DriverHandler.js":{"path":"C:\\Users\\acer\\Google Drive\\CESAR\\6. PORTAFOLIO\\UNAcarreo\\Backend\\server\\BusinessLogic\\BusinessLogicProducts\\DriverHandler.js","statementMap":{"0":{"start":{"line":3,"column":26},"end":{"line":3,"column":72}},"1":{"start":{"line":6,"column":15},"end":{"line":6,"column":51}},"2":{"start":{"line":9,"column":13},"end":{"line":9,"column":32}},"3":{"start":{"line":15,"column":136},"end":{"line":15,"column":152}},"4":{"start":{"line":17,"column":33},"end":{"line":17,"column":69}},"5":{"start":{"line":19,"column":17},"end":{"line":19,"column":199}},"6":{"start":{"line":20,"column":4},"end":{"line":28,"column":5}},"7":{"start":{"line":22,"column":6},"end":{"line":22,"column":69}},"8":{"start":{"line":23,"column":6},"end":{"line":23,"column":43}},"9":{"start":{"line":26,"column":6},"end":{"line":26,"column":53}},"10":{"start":{"line":27,"column":6},"end":{"line":27,"column":49}},"11":{"start":{"line":38,"column":44},"end":{"line":38,"column":60}},"12":{"start":{"line":41,"column":14},"end":{"line":41,"column":104}},"13":{"start":{"line":42,"column":2},"end":{"line":55,"column":3}},"14":{"start":{"line":44,"column":6},"end":{"line":46,"column":7}},"15":{"start":{"line":45,"column":8},"end":{"line":45,"column":65}},"16":{"start":{"line":47,"column":6},"end":{"line":47,"column":71}},"17":{"start":{"line":48,"column":6},"end":{"line":48,"column":44}},"18":{"start":{"line":49,"column":9},"end":{"line":55,"column":3}},"19":{"start":{"line":50,"column":6},"end":{"line":50,"column":56}},"20":{"start":{"line":51,"column":6},"end":{"line":51,"column":38}},"21":{"start":{"line":53,"column":6},"end":{"line":53,"column":78}},"22":{"start":{"line":54,"column":6},"end":{"line":54,"column":46}},"23":{"start":{"line":60,"column":17},"end":{"line":60,"column":89}},"24":{"start":{"line":61,"column":4},"end":{"line":64,"column":5}},"25":{"start":{"line":62,"column":6},"end":{"line":62,"column":52}},"26":{"start":{"line":63,"column":6},"end":{"line":63,"column":45}},"27":{"start":{"line":65,"column":4},"end":{"line":68,"column":5}},"28":{"start":{"line":66,"column":6},"end":{"line":66,"column":52}},"29":{"start":{"line":67,"column":6},"end":{"line":67,"column":44}},"30":{"start":{"line":70,"column":4},"end":{"line":70,"column":41}},"31":{"start":{"line":74,"column":0},"end":{"line":78,"column":4}}},"fnMap":{"0":{"name":"createDriver","decl":{"start":{"line":12,"column":15},"end":{"line":12,"column":27}},"loc":{"start":{"line":12,"column":33},"end":{"line":29,"column":1}},"line":12},"1":{"name":"validateDriver","decl":{"start":{"line":36,"column":15},"end":{"line":36,"column":29}},"loc":{"start":{"line":36,"column":35},"end":{"line":57,"column":1}},"line":36},"2":{"name":"getDriverInfo","decl":{"start":{"line":59,"column":15},"end":{"line":59,"column":28}},"loc":{"start":{"line":59,"column":39},"end":{"line":72,"column":1}},"line":59}},"branchMap":{"0":{"loc":{"start":{"line":20,"column":4},"end":{"line":28,"column":5}},"type":"if","locations":[{"start":{"line":20,"column":4},"end":{"line":28,"column":5}},{"start":{"line":20,"column":4},"end":{"line":28,"column":5}}],"line":20},"1":{"loc":{"start":{"line":42,"column":2},"end":{"line":55,"column":3}},"type":"if","locations":[{"start":{"line":42,"column":2},"end":{"line":55,"column":3}},{"start":{"line":42,"column":2},"end":{"line":55,"column":3}}],"line":42},"2":{"loc":{"start":{"line":44,"column":6},"end":{"line":46,"column":7}},"type":"if","locations":[{"start":{"line":44,"column":6},"end":{"line":46,"column":7}},{"start":{"line":44,"column":6},"end":{"line":46,"column":7}}],"line":44},"3":{"loc":{"start":{"line":49,"column":9},"end":{"line":55,"column":3}},"type":"if","locations":[{"start":{"line":49,"column":9},"end":{"line":55,"column":3}},{"start":{"line":49,"column":9},"end":{"line":55,"column":3}}],"line":49},"4":{"loc":{"start":{"line":61,"column":4},"end":{"line":64,"column":5}},"type":"if","locations":[{"start":{"line":61,"column":4},"end":{"line":64,"column":5}},{"start":{"line":61,"column":4},"end":{"line":64,"column":5}}],"line":61},"5":{"loc":{"start":{"line":65,"column":4},"end":{"line":68,"column":5}},"type":"if","locations":[{"start":{"line":65,"column":4},"end":{"line":68,"column":5}},{"start":{"line":65,"column":4},"end":{"line":68,"column":5}}],"line":65}},"s":{"0":1,"1":1,"2":1,"3":6,"4":6,"5":6,"6":6,"7":4,"8":4,"9":2,"10":2,"11":4,"12":4,"13":4,"14":2,"15":1,"16":1,"17":1,"18":2,"19":1,"20":1,"21":1,"22":1,"23":5,"24":5,"25":1,"26":1,"27":4,"28":1,"29":1,"30":3,"31":1},"f":{"0":6,"1":4,"2":5},"b":{"0":[4,2],"1":[2,2],"2":[1,1],"3":[1,1],"4":[1,4],"5":[1,3]},"_coverageSchema":"1a1c01bbd47fc00a2c39e90264f33305004495a9","hash":"8a6221b0621bfda7849852f8981e9d6ab0b7c2c0","contentHash":"7dd2ca4a51de3396566e4d07216d4ba674dbd45c7c52064814c72ebceaf54cb6"},"C:\\Users\\acer\\Google Drive\\CESAR\\6. PORTAFOLIO\\UNAcarreo\\Backend\\server\\BusinessLogic\\BusinessLogicProducts\\Driver_VehicleHandler.js":{"path":"C:\\Users\\acer\\Google Drive\\CESAR\\6. PORTAFOLIO\\UNAcarreo\\Backend\\server\\BusinessLogic\\BusinessLogicProducts\\Driver_VehicleHandler.js","statementMap":{"0":{"start":{"line":3,"column":26},"end":{"line":3,"column":72}},"1":{"start":{"line":6,"column":15},"end":{"line":6,"column":51}},"2":{"start":{"line":12,"column":17},"end":{"line":12,"column":112}},"3":{"start":{"line":13,"column":4},"end":{"line":13,"column":86}},"4":{"start":{"line":14,"column":4},"end":{"line":15,"column":17}},"5":{"start":{"line":15,"column":8},"end":{"line":15,"column":17}},"6":{"start":{"line":16,"column":4},"end":{"line":16,"column":62}},"7":{"start":{"line":17,"column":4},"end":{"line":17,"column":24}},"8":{"start":{"line":25,"column":18},"end":{"line":25,"column":114}},"9":{"start":{"line":27,"column":4},"end":{"line":41,"column":5}},"10":{"start":{"line":29,"column":8},"end":{"line":29,"column":66}},"11":{"start":{"line":30,"column":8},"end":{"line":30,"column":46}},"12":{"start":{"line":32,"column":11},"end":{"line":41,"column":5}},"13":{"start":{"line":34,"column":8},"end":{"line":34,"column":87}},"14":{"start":{"line":35,"column":8},"end":{"line":35,"column":43}},"15":{"start":{"line":39,"column":8},"end":{"line":39,"column":62}},"16":{"start":{"line":40,"column":8},"end":{"line":40,"column":47}},"17":{"start":{"line":49,"column":18},"end":{"line":49,"column":123}},"18":{"start":{"line":51,"column":4},"end":{"line":66,"column":5}},"19":{"start":{"line":53,"column":8},"end":{"line":53,"column":66}},"20":{"start":{"line":54,"column":8},"end":{"line":54,"column":46}},"21":{"start":{"line":56,"column":11},"end":{"line":66,"column":5}},"22":{"start":{"line":58,"column":8},"end":{"line":58,"column":87}},"23":{"start":{"line":59,"column":8},"end":{"line":59,"column":43}},"24":{"start":{"line":63,"column":8},"end":{"line":63,"column":62}},"25":{"start":{"line":64,"column":8},"end":{"line":64,"column":47}},"26":{"start":{"line":73,"column":4},"end":{"line":73,"column":30}},"27":{"start":{"line":74,"column":16},"end":{"line":74,"column":55}},"28":{"start":{"line":75,"column":2},"end":{"line":78,"column":3}},"29":{"start":{"line":76,"column":4},"end":{"line":76,"column":60}},"30":{"start":{"line":77,"column":4},"end":{"line":77,"column":46}},"31":{"start":{"line":80,"column":2},"end":{"line":85,"column":3}},"32":{"start":{"line":81,"column":6},"end":{"line":84,"column":7}},"33":{"start":{"line":83,"column":10},"end":{"line":83,"column":31}},"34":{"start":{"line":88,"column":2},"end":{"line":88,"column":40}},"35":{"start":{"line":92,"column":0},"end":{"line":97,"column":6}}},"fnMap":{"0":{"name":"createDriver_Vehicle","decl":{"start":{"line":9,"column":15},"end":{"line":9,"column":35}},"loc":{"start":{"line":9,"column":71},"end":{"line":19,"column":1}},"line":9},"1":{"name":"getVehicleByDriverId","decl":{"start":{"line":22,"column":15},"end":{"line":22,"column":35}},"loc":{"start":{"line":23,"column":0},"end":{"line":43,"column":1}},"line":23},"2":{"name":"getDriversByVehicleId","decl":{"start":{"line":46,"column":15},"end":{"line":46,"column":36}},"loc":{"start":{"line":46,"column":48},"end":{"line":68,"column":1}},"line":46},"3":{"name":"chooseFreeDriver","decl":{"start":{"line":71,"column":15},"end":{"line":71,"column":31}},"loc":{"start":{"line":72,"column":0},"end":{"line":90,"column":1}},"line":72}},"branchMap":{"0":{"loc":{"start":{"line":14,"column":4},"end":{"line":15,"column":17}},"type":"if","locations":[{"start":{"line":14,"column":4},"end":{"line":15,"column":17}},{"start":{"line":14,"column":4},"end":{"line":15,"column":17}}],"line":14},"1":{"loc":{"start":{"line":27,"column":4},"end":{"line":41,"column":5}},"type":"if","locations":[{"start":{"line":27,"column":4},"end":{"line":41,"column":5}},{"start":{"line":27,"column":4},"end":{"line":41,"column":5}}],"line":27},"2":{"loc":{"start":{"line":32,"column":11},"end":{"line":41,"column":5}},"type":"if","locations":[{"start":{"line":32,"column":11},"end":{"line":41,"column":5}},{"start":{"line":32,"column":11},"end":{"line":41,"column":5}}],"line":32},"3":{"loc":{"start":{"line":51,"column":4},"end":{"line":66,"column":5}},"type":"if","locations":[{"start":{"line":51,"column":4},"end":{"line":66,"column":5}},{"start":{"line":51,"column":4},"end":{"line":66,"column":5}}],"line":51},"4":{"loc":{"start":{"line":56,"column":11},"end":{"line":66,"column":5}},"type":"if","locations":[{"start":{"line":56,"column":11},"end":{"line":66,"column":5}},{"start":{"line":56,"column":11},"end":{"line":66,"column":5}}],"line":56},"5":{"loc":{"start":{"line":75,"column":2},"end":{"line":78,"column":3}},"type":"if","locations":[{"start":{"line":75,"column":2},"end":{"line":78,"column":3}},{"start":{"line":75,"column":2},"end":{"line":78,"column":3}}],"line":75},"6":{"loc":{"start":{"line":81,"column":6},"end":{"line":84,"column":7}},"type":"if","locations":[{"start":{"line":81,"column":6},"end":{"line":84,"column":7}},{"start":{"line":81,"column":6},"end":{"line":84,"column":7}}],"line":81}},"s":{"0":1,"1":1,"2":3,"3":3,"4":3,"5":2,"6":1,"7":1,"8":3,"9":3,"10":1,"11":1,"12":2,"13":1,"14":1,"15":1,"16":1,"17":7,"18":7,"19":4,"20":4,"21":3,"22":1,"23":1,"24":2,"25":2,"26":5,"27":5,"28":5,"29":1,"30":1,"31":4,"32":4,"33":4,"34":4,"35":1},"f":{"0":3,"1":3,"2":7,"3":5},"b":{"0":[2,1],"1":[1,2],"2":[1,1],"3":[4,3],"4":[1,2],"5":[1,4],"6":[4,0]},"_coverageSchema":"1a1c01bbd47fc00a2c39e90264f33305004495a9","hash":"b6857e77922a4c6226dccc39f157ad456cff54e3","contentHash":"cd61adbcc88041f56cb01e7c1db677725aee38c6ede49ec22329aaf491865faa"},"C:\\Users\\acer\\Google Drive\\CESAR\\6. PORTAFOLIO\\UNAcarreo\\Backend\\server\\BusinessLogic\\BusinessLogicProducts\\HaulageHandler.js":{"path":"C:\\Users\\acer\\Google Drive\\CESAR\\6. PORTAFOLIO\\UNAcarreo\\Backend\\server\\BusinessLogic\\BusinessLogicProducts\\HaulageHandler.js","statementMap":{"0":{"start":{"line":3,"column":26},"end":{"line":3,"column":72}},"1":{"start":{"line":6,"column":15},"end":{"line":6,"column":51}},"2":{"start":{"line":9,"column":20},"end":{"line":9,"column":65}},"3":{"start":{"line":15,"column":18},"end":{"line":15,"column":87}},"4":{"start":{"line":16,"column":4},"end":{"line":19,"column":5}},"5":{"start":{"line":17,"column":6},"end":{"line":17,"column":55}},"6":{"start":{"line":18,"column":6},"end":{"line":18,"column":47}},"7":{"start":{"line":20,"column":4},"end":{"line":23,"column":5}},"8":{"start":{"line":21,"column":6},"end":{"line":21,"column":55}},"9":{"start":{"line":22,"column":6},"end":{"line":22,"column":46}},"10":{"start":{"line":25,"column":4},"end":{"line":25,"column":43}},"11":{"start":{"line":36,"column":16},"end":{"line":38,"column":8}},"12":{"start":{"line":39,"column":6},"end":{"line":76,"column":7}},"13":{"start":{"line":42,"column":20},"end":{"line":44,"column":10}},"14":{"start":{"line":45,"column":8},"end":{"line":70,"column":9}},"15":{"start":{"line":48,"column":21},"end":{"line":48,"column":117}},"16":{"start":{"line":50,"column":25},"end":{"line":50,"column":49}},"17":{"start":{"line":52,"column":10},"end":{"line":52,"column":76}},"18":{"start":{"line":54,"column":24},"end":{"line":56,"column":12}},"19":{"start":{"line":57,"column":10},"end":{"line":65,"column":11}},"20":{"start":{"line":59,"column":12},"end":{"line":59,"column":90}},"21":{"start":{"line":60,"column":12},"end":{"line":60,"column":47}},"22":{"start":{"line":63,"column":12},"end":{"line":63,"column":85}},"23":{"start":{"line":64,"column":12},"end":{"line":64,"column":49}},"24":{"start":{"line":68,"column":10},"end":{"line":68,"column":90}},"25":{"start":{"line":69,"column":10},"end":{"line":69,"column":46}},"26":{"start":{"line":74,"column":8},"end":{"line":74,"column":85}},"27":{"start":{"line":75,"column":8},"end":{"line":75,"column":44}},"28":{"start":{"line":81,"column":16},"end":{"line":81,"column":92}},"29":{"start":{"line":82,"column":2},"end":{"line":86,"column":3}},"30":{"start":{"line":84,"column":4},"end":{"line":84,"column":73}},"31":{"start":{"line":85,"column":4},"end":{"line":85,"column":42}},"32":{"start":{"line":87,"column":2},"end":{"line":87,"column":55}},"33":{"start":{"line":88,"column":2},"end":{"line":88,"column":37}},"34":{"start":{"line":94,"column":16},"end":{"line":94,"column":104}},"35":{"start":{"line":95,"column":2},"end":{"line":99,"column":3}},"36":{"start":{"line":97,"column":4},"end":{"line":97,"column":84}},"37":{"start":{"line":98,"column":4},"end":{"line":98,"column":45}},"38":{"start":{"line":100,"column":2},"end":{"line":100,"column":66}},"39":{"start":{"line":101,"column":2},"end":{"line":101,"column":21}},"40":{"start":{"line":108,"column":16},"end":{"line":108,"column":134}},"41":{"start":{"line":109,"column":2},"end":{"line":113,"column":3}},"42":{"start":{"line":111,"column":4},"end":{"line":111,"column":72}},"43":{"start":{"line":112,"column":4},"end":{"line":112,"column":43}},"44":{"start":{"line":114,"column":2},"end":{"line":114,"column":54}},"45":{"start":{"line":117,"column":2},"end":{"line":117,"column":88}},"46":{"start":{"line":118,"column":2},"end":{"line":122,"column":3}},"47":{"start":{"line":120,"column":4},"end":{"line":120,"column":72}},"48":{"start":{"line":121,"column":4},"end":{"line":121,"column":42}},"49":{"start":{"line":124,"column":17},"end":{"line":124,"column":79}},"50":{"start":{"line":127,"column":14},"end":{"line":127,"column":96}},"51":{"start":{"line":128,"column":2},"end":{"line":132,"column":3}},"52":{"start":{"line":130,"column":4},"end":{"line":130,"column":70}},"53":{"start":{"line":131,"column":4},"end":{"line":131,"column":40}},"54":{"start":{"line":133,"column":15},"end":{"line":133,"column":32}},"55":{"start":{"line":136,"column":15},"end":{"line":136,"column":16}},"56":{"start":{"line":137,"column":13},"end":{"line":137,"column":39}},"57":{"start":{"line":143,"column":2},"end":{"line":143,"column":104}},"58":{"start":{"line":144,"column":2},"end":{"line":148,"column":3}},"59":{"start":{"line":146,"column":4},"end":{"line":146,"column":73}},"60":{"start":{"line":147,"column":4},"end":{"line":147,"column":43}},"61":{"start":{"line":150,"column":2},"end":{"line":150,"column":54}},"62":{"start":{"line":151,"column":2},"end":{"line":151,"column":59}},"63":{"start":{"line":158,"column":16},"end":{"line":158,"column":141}},"64":{"start":{"line":159,"column":2},"end":{"line":163,"column":3}},"65":{"start":{"line":161,"column":4},"end":{"line":161,"column":71}},"66":{"start":{"line":162,"column":4},"end":{"line":162,"column":43}},"67":{"start":{"line":164,"column":2},"end":{"line":164,"column":53}},"68":{"start":{"line":165,"column":2},"end":{"line":165,"column":35}},"69":{"start":{"line":171,"column":15},"end":{"line":171,"column":91}},"70":{"start":{"line":174,"column":2},"end":{"line":178,"column":3}},"71":{"start":{"line":176,"column":6},"end":{"line":176,"column":90}},"72":{"start":{"line":184,"column":2},"end":{"line":184,"column":25}},"73":{"start":{"line":185,"column":15},"end":{"line":185,"column":86}},"74":{"start":{"line":187,"column":2},"end":{"line":191,"column":3}},"75":{"start":{"line":189,"column":4},"end":{"line":189,"column":74}},"76":{"start":{"line":190,"column":4},"end":{"line":190,"column":42}},"77":{"start":{"line":192,"column":2},"end":{"line":192,"column":57}},"78":{"start":{"line":193,"column":2},"end":{"line":193,"column":19}},"79":{"start":{"line":197,"column":0},"end":{"line":206,"column":2}}},"fnMap":{"0":{"name":"getHaulageList","decl":{"start":{"line":11,"column":15},"end":{"line":11,"column":29}},"loc":{"start":{"line":11,"column":38},"end":{"line":28,"column":1}},"line":11},"1":{"name":"createHaulageWithRouteCargo","decl":{"start":{"line":34,"column":15},"end":{"line":34,"column":42}},"loc":{"start":{"line":35,"column":0},"end":{"line":77,"column":1}},"line":35},"2":{"name":"getHaulageInfo","decl":{"start":{"line":79,"column":15},"end":{"line":79,"column":29}},"loc":{"start":{"line":80,"column":0},"end":{"line":90,"column":1}},"line":80},"3":{"name":"setHaulageRating","decl":{"start":{"line":92,"column":15},"end":{"line":92,"column":31}},"loc":{"start":{"line":93,"column":0},"end":{"line":102,"column":1}},"line":93},"4":{"name":"finishHaulage","decl":{"start":{"line":104,"column":15},"end":{"line":104,"column":28}},"loc":{"start":{"line":105,"column":0},"end":{"line":153,"column":1}},"line":105},"5":{"name":"beginHaulage","decl":{"start":{"line":155,"column":15},"end":{"line":155,"column":27}},"loc":{"start":{"line":156,"column":0},"end":{"line":166,"column":1}},"line":156},"6":{"name":"deleteByUserEmail","decl":{"start":{"line":168,"column":15},"end":{"line":168,"column":32}},"loc":{"start":{"line":168,"column":40},"end":{"line":180,"column":1}},"line":168},"7":{"name":"deleteByUserByPk","decl":{"start":{"line":182,"column":15},"end":{"line":182,"column":31}},"loc":{"start":{"line":182,"column":44},"end":{"line":195,"column":1}},"line":182}},"branchMap":{"0":{"loc":{"start":{"line":16,"column":4},"end":{"line":19,"column":5}},"type":"if","locations":[{"start":{"line":16,"column":4},"end":{"line":19,"column":5}},{"start":{"line":16,"column":4},"end":{"line":19,"column":5}}],"line":16},"1":{"loc":{"start":{"line":20,"column":4},"end":{"line":23,"column":5}},"type":"if","locations":[{"start":{"line":20,"column":4},"end":{"line":23,"column":5}},{"start":{"line":20,"column":4},"end":{"line":23,"column":5}}],"line":20},"2":{"loc":{"start":{"line":39,"column":6},"end":{"line":76,"column":7}},"type":"if","locations":[{"start":{"line":39,"column":6},"end":{"line":76,"column":7}},{"start":{"line":39,"column":6},"end":{"line":76,"column":7}}],"line":39},"3":{"loc":{"start":{"line":45,"column":8},"end":{"line":70,"column":9}},"type":"if","locations":[{"start":{"line":45,"column":8},"end":{"line":70,"column":9}},{"start":{"line":45,"column":8},"end":{"line":70,"column":9}}],"line":45},"4":{"loc":{"start":{"line":57,"column":10},"end":{"line":65,"column":11}},"type":"if","locations":[{"start":{"line":57,"column":10},"end":{"line":65,"column":11}},{"start":{"line":57,"column":10},"end":{"line":65,"column":11}}],"line":57},"5":{"loc":{"start":{"line":82,"column":2},"end":{"line":86,"column":3}},"type":"if","locations":[{"start":{"line":82,"column":2},"end":{"line":86,"column":3}},{"start":{"line":82,"column":2},"end":{"line":86,"column":3}}],"line":82},"6":{"loc":{"start":{"line":95,"column":2},"end":{"line":99,"column":3}},"type":"if","locations":[{"start":{"line":95,"column":2},"end":{"line":99,"column":3}},{"start":{"line":95,"column":2},"end":{"line":99,"column":3}}],"line":95},"7":{"loc":{"start":{"line":109,"column":2},"end":{"line":113,"column":3}},"type":"if","locations":[{"start":{"line":109,"column":2},"end":{"line":113,"column":3}},{"start":{"line":109,"column":2},"end":{"line":113,"column":3}}],"line":109},"8":{"loc":{"start":{"line":118,"column":2},"end":{"line":122,"column":3}},"type":"if","locations":[{"start":{"line":118,"column":2},"end":{"line":122,"column":3}},{"start":{"line":118,"column":2},"end":{"line":122,"column":3}}],"line":118},"9":{"loc":{"start":{"line":128,"column":2},"end":{"line":132,"column":3}},"type":"if","locations":[{"start":{"line":128,"column":2},"end":{"line":132,"column":3}},{"start":{"line":128,"column":2},"end":{"line":132,"column":3}}],"line":128},"10":{"loc":{"start":{"line":144,"column":2},"end":{"line":148,"column":3}},"type":"if","locations":[{"start":{"line":144,"column":2},"end":{"line":148,"column":3}},{"start":{"line":144,"column":2},"end":{"line":148,"column":3}}],"line":144},"11":{"loc":{"start":{"line":159,"column":2},"end":{"line":163,"column":3}},"type":"if","locations":[{"start":{"line":159,"column":2},"end":{"line":163,"column":3}},{"start":{"line":159,"column":2},"end":{"line":163,"column":3}}],"line":159},"12":{"loc":{"start":{"line":174,"column":2},"end":{"line":178,"column":3}},"type":"if","locations":[{"start":{"line":174,"column":2},"end":{"line":178,"column":3}},{"start":{"line":174,"column":2},"end":{"line":178,"column":3}}],"line":174},"13":{"loc":{"start":{"line":187,"column":2},"end":{"line":191,"column":3}},"type":"if","locations":[{"start":{"line":187,"column":2},"end":{"line":191,"column":3}},{"start":{"line":187,"column":2},"end":{"line":191,"column":3}}],"line":187}},"s":{"0":1,"1":1,"2":1,"3":2,"4":2,"5":1,"6":1,"7":1,"8":0,"9":0,"10":1,"11":4,"12":4,"13":4,"14":4,"15":4,"16":4,"17":4,"18":4,"19":4,"20":4,"21":4,"22":0,"23":0,"24":0,"25":0,"26":0,"27":0,"28":4,"29":4,"30":0,"31":0,"32":4,"33":4,"34":0,"35":0,"36":0,"37":0,"38":0,"39":0,"40":0,"41":0,"42":0,"43":0,"44":0,"45":0,"46":0,"47":0,"48":0,"49":0,"50":0,"51":0,"52":0,"53":0,"54":0,"55":0,"56":0,"57":0,"58":0,"59":0,"60":0,"61":0,"62":0,"63":0,"64":0,"65":0,"66":0,"67":0,"68":0,"69":1,"70":1,"71":1,"72":2,"73":2,"74":2,"75":0,"76":0,"77":2,"78":2,"79":1},"f":{"0":2,"1":4,"2":4,"3":0,"4":0,"5":0,"6":1,"7":2},"b":{"0":[1,1],"1":[0,1],"2":[4,0],"3":[4,0],"4":[4,0],"5":[0,4],"6":[0,0],"7":[0,0],"8":[0,0],"9":[0,0],"10":[0,0],"11":[0,0],"12":[1,0],"13":[0,2]},"_coverageSchema":"1a1c01bbd47fc00a2c39e90264f33305004495a9","hash":"a2c846637804f152d357039445a6d82a3eef72b3","contentHash":"43fca235a9c4d562c25875f8265d850abf3962a738a85787d6c6b398b84ffdb0"},"C:\\Users\\acer\\Google Drive\\CESAR\\6. PORTAFOLIO\\UNAcarreo\\Backend\\server\\constants.js":{"path":"C:\\Users\\acer\\Google Drive\\CESAR\\6. PORTAFOLIO\\UNAcarreo\\Backend\\server\\constants.js","statementMap":{"0":{"start":{"line":2,"column":0},"end":{"line":17,"column":2}}},"fnMap":{},"branchMap":{},"s":{"0":1},"f":{},"b":{},"_coverageSchema":"1a1c01bbd47fc00a2c39e90264f33305004495a9","hash":"bdecbc9aa02e95446ca5e4fd7527eda2deb87a3c","contentHash":"bbe3c560a702ef6f2a7c0d57ba680f0682d5b3f76e482d1536afb2f945aa85fc"},"C:\\Users\\acer\\Google Drive\\CESAR\\6. PORTAFOLIO\\UNAcarreo\\Backend\\server\\DataBase\\syncDB.js":{"path":"C:\\Users\\acer\\Google Drive\\CESAR\\6. PORTAFOLIO\\UNAcarreo\\Backend\\server\\DataBase\\syncDB.js","statementMap":{"0":{"start":{"line":3,"column":19},"end":{"line":3,"column":52}},"1":{"start":{"line":6,"column":2},"end":{"line":20,"column":3}},"2":{"start":{"line":8,"column":17},"end":{"line":9,"column":104}},"3":{"start":{"line":12,"column":4},"end":{"line":14,"column":5}},"4":{"start":{"line":13,"column":6},"end":{"line":13,"column":47}},"5":{"start":{"line":16,"column":4},"end":{"line":16,"column":69}},"6":{"start":{"line":19,"column":4},"end":{"line":19,"column":66}},"7":{"start":{"line":23,"column":1},"end":{"line":23,"column":24}}},"fnMap":{"0":{"name":"syncDB","decl":{"start":{"line":5,"column":15},"end":{"line":5,"column":21}},"loc":{"start":{"line":5,"column":24},"end":{"line":21,"column":2}},"line":5}},"branchMap":{},"s":{"0":1,"1":6,"2":6,"3":6,"4":84,"5":6,"6":0,"7":1},"f":{"0":6},"b":{},"_coverageSchema":"1a1c01bbd47fc00a2c39e90264f33305004495a9","hash":"69eaee638a5de8c83a0646f180fac9ecf092cb8d","contentHash":"82dfe287e86f3411d3750ad80a3cfade9cff24973a1908f6872ef2d7aed293e9"},"C:\\Users\\acer\\Google Drive\\CESAR\\6. PORTAFOLIO\\UNAcarreo\\Backend\\server\\routes\\api.js":{"path":"C:\\Users\\acer\\Google Drive\\CESAR\\6. PORTAFOLIO\\UNAcarreo\\Backend\\server\\routes\\api.js","statementMap":{"0":{"start":{"line":2,"column":16},"end":{"line":2,"column":34}},"1":{"start":{"line":3,"column":15},"end":{"line":3,"column":31}},"2":{"start":{"line":4,"column":13},"end":{"line":4,"column":28}},"3":{"start":{"line":7,"column":19},"end":{"line":7,"column":84}},"4":{"start":{"line":10,"column":15},"end":{"line":10,"column":50}},"5":{"start":{"line":11,"column":25},"end":{"line":11,"column":88}},"6":{"start":{"line":14,"column":18},"end":{"line":14,"column":59}},"7":{"start":{"line":17,"column":0},"end":{"line":30,"column":3}},"8":{"start":{"line":19,"column":4},"end":{"line":28,"column":5}},"9":{"start":{"line":20,"column":20},"end":{"line":20,"column":42}},"10":{"start":{"line":21,"column":24},"end":{"line":21,"column":44}},"11":{"start":{"line":23,"column":8},"end":{"line":23,"column":123}},"12":{"start":{"line":24,"column":8},"end":{"line":24,"column":42}},"13":{"start":{"line":26,"column":8},"end":{"line":26,"column":78}},"14":{"start":{"line":27,"column":8},"end":{"line":27,"column":51}},"15":{"start":{"line":38,"column":0},"end":{"line":106,"column":2}},"16":{"start":{"line":40,"column":4},"end":{"line":104,"column":5}},"17":{"start":{"line":43,"column":27},"end":{"line":43,"column":50}},"18":{"start":{"line":45,"column":29},"end":{"line":45,"column":73}},"19":{"start":{"line":46,"column":8},"end":{"line":48,"column":9}},"20":{"start":{"line":47,"column":12},"end":{"line":47,"column":76}},"21":{"start":{"line":49,"column":8},"end":{"line":100,"column":9}},"22":{"start":{"line":51,"column":35},"end":{"line":51,"column":77}},"23":{"start":{"line":52,"column":12},"end":{"line":63,"column":13}},"24":{"start":{"line":53,"column":16},"end":{"line":53,"column":67}},"25":{"start":{"line":54,"column":16},"end":{"line":54,"column":77}},"26":{"start":{"line":56,"column":19},"end":{"line":63,"column":13}},"27":{"start":{"line":57,"column":16},"end":{"line":57,"column":58}},"28":{"start":{"line":58,"column":16},"end":{"line":58,"column":101}},"29":{"start":{"line":60,"column":17},"end":{"line":63,"column":13}},"30":{"start":{"line":61,"column":16},"end":{"line":61,"column":47}},"31":{"start":{"line":62,"column":16},"end":{"line":62,"column":89}},"32":{"start":{"line":64,"column":15},"end":{"line":100,"column":9}},"33":{"start":{"line":68,"column":30},"end":{"line":71,"column":13}},"34":{"start":{"line":72,"column":26},"end":{"line":72,"column":60}},"35":{"start":{"line":74,"column":35},"end":{"line":74,"column":85}},"36":{"start":{"line":76,"column":12},"end":{"line":93,"column":13}},"37":{"start":{"line":78,"column":30},"end":{"line":78,"column":101}},"38":{"start":{"line":79,"column":16},"end":{"line":82,"column":17}},"39":{"start":{"line":80,"column":20},"end":{"line":80,"column":60}},"40":{"start":{"line":81,"column":20},"end":{"line":81,"column":93}},"41":{"start":{"line":83,"column":16},"end":{"line":83,"column":69}},"42":{"start":{"line":84,"column":16},"end":{"line":84,"column":107}},"43":{"start":{"line":86,"column":19},"end":{"line":93,"column":13}},"44":{"start":{"line":87,"column":16},"end":{"line":87,"column":60}},"45":{"start":{"line":88,"column":16},"end":{"line":88,"column":101}},"46":{"start":{"line":90,"column":17},"end":{"line":93,"column":13}},"47":{"start":{"line":91,"column":16},"end":{"line":91,"column":47}},"48":{"start":{"line":92,"column":16},"end":{"line":92,"column":89}},"49":{"start":{"line":97,"column":12},"end":{"line":97,"column":83}},"50":{"start":{"line":98,"column":12},"end":{"line":98,"column":82}},"51":{"start":{"line":102,"column":8},"end":{"line":102,"column":80}},"52":{"start":{"line":103,"column":8},"end":{"line":103,"column":51}},"53":{"start":{"line":109,"column":0},"end":{"line":157,"column":3}},"54":{"start":{"line":111,"column":4},"end":{"line":155,"column":5}},"55":{"start":{"line":113,"column":29},"end":{"line":113,"column":73}},"56":{"start":{"line":114,"column":8},"end":{"line":117,"column":9}},"57":{"start":{"line":115,"column":12},"end":{"line":115,"column":62}},"58":{"start":{"line":116,"column":12},"end":{"line":116,"column":64}},"59":{"start":{"line":119,"column":25},"end":{"line":119,"column":75}},"60":{"start":{"line":120,"column":27},"end":{"line":120,"column":132}},"61":{"start":{"line":121,"column":8},"end":{"line":124,"column":9}},"62":{"start":{"line":122,"column":12},"end":{"line":122,"column":61}},"63":{"start":{"line":123,"column":12},"end":{"line":123,"column":96}},"64":{"start":{"line":127,"column":24},"end":{"line":127,"column":50}},"65":{"start":{"line":128,"column":26},"end":{"line":128,"column":103}},"66":{"start":{"line":129,"column":8},"end":{"line":129,"column":110}},"67":{"start":{"line":132,"column":20},"end":{"line":132,"column":64}},"68":{"start":{"line":134,"column":8},"end":{"line":151,"column":9}},"69":{"start":{"line":135,"column":12},"end":{"line":135,"column":60}},"70":{"start":{"line":136,"column":12},"end":{"line":136,"column":81}},"71":{"start":{"line":139,"column":26},"end":{"line":139,"column":50}},"72":{"start":{"line":140,"column":12},"end":{"line":140,"column":54}},"73":{"start":{"line":141,"column":12},"end":{"line":143,"column":13}},"74":{"start":{"line":142,"column":16},"end":{"line":142,"column":78}},"75":{"start":{"line":144,"column":12},"end":{"line":146,"column":13}},"76":{"start":{"line":145,"column":16},"end":{"line":145,"column":80}},"77":{"start":{"line":147,"column":12},"end":{"line":149,"column":13}},"78":{"start":{"line":148,"column":16},"end":{"line":148,"column":78}},"79":{"start":{"line":150,"column":12},"end":{"line":150,"column":60}},"80":{"start":{"line":153,"column":8},"end":{"line":153,"column":74}},"81":{"start":{"line":154,"column":8},"end":{"line":154,"column":51}},"82":{"start":{"line":159,"column":0},"end":{"line":194,"column":2}},"83":{"start":{"line":161,"column":4},"end":{"line":161,"column":30}},"84":{"start":{"line":162,"column":4},"end":{"line":192,"column":5}},"85":{"start":{"line":164,"column":27},"end":{"line":164,"column":50}},"86":{"start":{"line":165,"column":8},"end":{"line":173,"column":9}},"87":{"start":{"line":166,"column":12},"end":{"line":166,"column":35}},"88":{"start":{"line":167,"column":13},"end":{"line":173,"column":9}},"89":{"start":{"line":168,"column":12},"end":{"line":168,"column":33}},"90":{"start":{"line":171,"column":12},"end":{"line":171,"column":74}},"91":{"start":{"line":172,"column":12},"end":{"line":172,"column":78}},"92":{"start":{"line":174,"column":17},"end":{"line":174,"column":30}},"93":{"start":{"line":175,"column":28},"end":{"line":175,"column":94}},"94":{"start":{"line":176,"column":8},"end":{"line":185,"column":9}},"95":{"start":{"line":178,"column":12},"end":{"line":178,"column":79}},"96":{"start":{"line":179,"column":12},"end":{"line":179,"column":111}},"97":{"start":{"line":181,"column":13},"end":{"line":185,"column":9}},"98":{"start":{"line":183,"column":12},"end":{"line":183,"column":74}},"99":{"start":{"line":184,"column":12},"end":{"line":184,"column":95}},"100":{"start":{"line":189,"column":8},"end":{"line":189,"column":80}},"101":{"start":{"line":190,"column":8},"end":{"line":190,"column":74}},"102":{"start":{"line":196,"column":0},"end":{"line":225,"column":2}},"103":{"start":{"line":198,"column":23},"end":{"line":198,"column":46}},"104":{"start":{"line":199,"column":4},"end":{"line":207,"column":5}},"105":{"start":{"line":200,"column":8},"end":{"line":200,"column":31}},"106":{"start":{"line":201,"column":9},"end":{"line":207,"column":5}},"107":{"start":{"line":202,"column":8},"end":{"line":202,"column":29}},"108":{"start":{"line":205,"column":8},"end":{"line":205,"column":77}},"109":{"start":{"line":206,"column":8},"end":{"line":206,"column":74}},"110":{"start":{"line":208,"column":13},"end":{"line":208,"column":26}},"111":{"start":{"line":209,"column":21},"end":{"line":209,"column":42}},"112":{"start":{"line":210,"column":21},"end":{"line":210,"column":42}},"113":{"start":{"line":211,"column":24},"end":{"line":211,"column":114}},"114":{"start":{"line":212,"column":4},"end":{"line":223,"column":5}},"115":{"start":{"line":214,"column":8},"end":{"line":214,"column":118}},"116":{"start":{"line":216,"column":9},"end":{"line":223,"column":5}},"117":{"start":{"line":218,"column":8},"end":{"line":218,"column":77}},"118":{"start":{"line":220,"column":9},"end":{"line":223,"column":5}},"119":{"start":{"line":222,"column":8},"end":{"line":222,"column":94}},"120":{"start":{"line":227,"column":0},"end":{"line":279,"column":3}},"121":{"start":{"line":229,"column":4},"end":{"line":277,"column":5}},"122":{"start":{"line":231,"column":29},"end":{"line":231,"column":73}},"123":{"start":{"line":232,"column":8},"end":{"line":234,"column":9}},"124":{"start":{"line":233,"column":12},"end":{"line":233,"column":64}},"125":{"start":{"line":236,"column":25},"end":{"line":236,"column":76}},"126":{"start":{"line":237,"column":27},"end":{"line":237,"column":132}},"127":{"start":{"line":238,"column":8},"end":{"line":241,"column":9}},"128":{"start":{"line":239,"column":12},"end":{"line":239,"column":61}},"129":{"start":{"line":240,"column":12},"end":{"line":240,"column":96}},"130":{"start":{"line":244,"column":24},"end":{"line":244,"column":50}},"131":{"start":{"line":245,"column":26},"end":{"line":245,"column":103}},"132":{"start":{"line":246,"column":8},"end":{"line":246,"column":104}},"133":{"start":{"line":249,"column":28},"end":{"line":249,"column":74}},"134":{"start":{"line":251,"column":8},"end":{"line":258,"column":9}},"135":{"start":{"line":252,"column":26},"end":{"line":252,"column":58}},"136":{"start":{"line":253,"column":12},"end":{"line":253,"column":55}},"137":{"start":{"line":254,"column":12},"end":{"line":256,"column":13}},"138":{"start":{"line":255,"column":16},"end":{"line":255,"column":77}},"139":{"start":{"line":257,"column":12},"end":{"line":257,"column":60}},"140":{"start":{"line":261,"column":37},"end":{"line":261,"column":170}},"141":{"start":{"line":264,"column":8},"end":{"line":273,"column":9}},"142":{"start":{"line":265,"column":12},"end":{"line":265,"column":61}},"143":{"start":{"line":267,"column":12},"end":{"line":267,"column":55}},"144":{"start":{"line":271,"column":12},"end":{"line":271,"column":79}},"145":{"start":{"line":272,"column":12},"end":{"line":272,"column":83}},"146":{"start":{"line":275,"column":8},"end":{"line":275,"column":75}},"147":{"start":{"line":276,"column":8},"end":{"line":276,"column":51}},"148":{"start":{"line":282,"column":0},"end":{"line":310,"column":3}},"149":{"start":{"line":284,"column":4},"end":{"line":308,"column":5}},"150":{"start":{"line":286,"column":29},"end":{"line":286,"column":73}},"151":{"start":{"line":287,"column":8},"end":{"line":289,"column":9}},"152":{"start":{"line":288,"column":12},"end":{"line":288,"column":64}},"153":{"start":{"line":291,"column":22},"end":{"line":291,"column":62}},"154":{"start":{"line":292,"column":8},"end":{"line":303,"column":9}},"155":{"start":{"line":293,"column":12},"end":{"line":293,"column":60}},"156":{"start":{"line":294,"column":12},"end":{"line":294,"column":55}},"157":{"start":{"line":297,"column":26},"end":{"line":297,"column":44}},"158":{"start":{"line":298,"column":12},"end":{"line":298,"column":52}},"159":{"start":{"line":299,"column":12},"end":{"line":301,"column":13}},"160":{"start":{"line":300,"column":16},"end":{"line":300,"column":78}},"161":{"start":{"line":302,"column":12},"end":{"line":302,"column":60}},"162":{"start":{"line":306,"column":8},"end":{"line":306,"column":74}},"163":{"start":{"line":307,"column":8},"end":{"line":307,"column":51}},"164":{"start":{"line":313,"column":0},"end":{"line":372,"column":2}},"165":{"start":{"line":315,"column":18},"end":{"line":315,"column":36}},"166":{"start":{"line":316,"column":21},"end":{"line":316,"column":72}},"167":{"start":{"line":317,"column":4},"end":{"line":370,"column":5}},"168":{"start":{"line":318,"column":27},"end":{"line":318,"column":29}},"169":{"start":{"line":319,"column":8},"end":{"line":359,"column":9}},"170":{"start":{"line":320,"column":33},"end":{"line":320,"column":35}},"171":{"start":{"line":323,"column":12},"end":{"line":323,"column":40}},"172":{"start":{"line":326,"column":31},"end":{"line":326,"column":87}},"173":{"start":{"line":329,"column":31},"end":{"line":329,"column":87}},"174":{"start":{"line":332,"column":32},"end":{"line":332,"column":91}},"175":{"start":{"line":334,"column":32},"end":{"line":334,"column":91}},"176":{"start":{"line":337,"column":45},"end":{"line":337,"column":127}},"177":{"start":{"line":339,"column":12},"end":{"line":348,"column":13}},"178":{"start":{"line":341,"column":51},"end":{"line":341,"column":53}},"179":{"start":{"line":342,"column":35},"end":{"line":342,"column":104}},"180":{"start":{"line":343,"column":34},"end":{"line":343,"column":100}},"181":{"start":{"line":344,"column":16},"end":{"line":344,"column":72}},"182":{"start":{"line":345,"column":16},"end":{"line":345,"column":70}},"183":{"start":{"line":347,"column":16},"end":{"line":347,"column":74}},"184":{"start":{"line":351,"column":12},"end":{"line":351,"column":59}},"185":{"start":{"line":352,"column":12},"end":{"line":352,"column":58}},"186":{"start":{"line":353,"column":12},"end":{"line":353,"column":51}},"187":{"start":{"line":354,"column":12},"end":{"line":354,"column":51}},"188":{"start":{"line":355,"column":12},"end":{"line":355,"column":53}},"189":{"start":{"line":356,"column":12},"end":{"line":356,"column":53}},"190":{"start":{"line":357,"column":12},"end":{"line":357,"column":46}},"191":{"start":{"line":360,"column":8},"end":{"line":360,"column":60}},"192":{"start":{"line":361,"column":8},"end":{"line":361,"column":63}},"193":{"start":{"line":363,"column":9},"end":{"line":370,"column":5}},"194":{"start":{"line":364,"column":8},"end":{"line":364,"column":70}},"195":{"start":{"line":365,"column":8},"end":{"line":365,"column":89}},"196":{"start":{"line":368,"column":8},"end":{"line":368,"column":58}},"197":{"start":{"line":369,"column":8},"end":{"line":369,"column":101}},"198":{"start":{"line":375,"column":0},"end":{"line":442,"column":2}},"199":{"start":{"line":376,"column":27},"end":{"line":376,"column":29}},"200":{"start":{"line":377,"column":20},"end":{"line":377,"column":40}},"201":{"start":{"line":378,"column":28},"end":{"line":378,"column":119}},"202":{"start":{"line":379,"column":4},"end":{"line":382,"column":5}},"203":{"start":{"line":380,"column":8},"end":{"line":380,"column":55}},"204":{"start":{"line":381,"column":8},"end":{"line":381,"column":101}},"205":{"start":{"line":383,"column":4},"end":{"line":386,"column":5}},"206":{"start":{"line":384,"column":8},"end":{"line":384,"column":51}},"207":{"start":{"line":385,"column":8},"end":{"line":385,"column":89}},"208":{"start":{"line":387,"column":23},"end":{"line":387,"column":25}},"209":{"start":{"line":388,"column":4},"end":{"line":434,"column":5}},"210":{"start":{"line":389,"column":22},"end":{"line":389,"column":92}},"211":{"start":{"line":390,"column":8},"end":{"line":392,"column":9}},"212":{"start":{"line":391,"column":12},"end":{"line":391,"column":92}},"213":{"start":{"line":393,"column":22},"end":{"line":393,"column":92}},"214":{"start":{"line":394,"column":8},"end":{"line":396,"column":9}},"215":{"start":{"line":395,"column":12},"end":{"line":395,"column":87}},"216":{"start":{"line":397,"column":27},"end":{"line":397,"column":88}},"217":{"start":{"line":398,"column":8},"end":{"line":400,"column":9}},"218":{"start":{"line":399,"column":12},"end":{"line":399,"column":87}},"219":{"start":{"line":402,"column":27},"end":{"line":402,"column":88}},"220":{"start":{"line":403,"column":8},"end":{"line":405,"column":9}},"221":{"start":{"line":404,"column":12},"end":{"line":404,"column":86}},"222":{"start":{"line":407,"column":28},"end":{"line":407,"column":92}},"223":{"start":{"line":408,"column":8},"end":{"line":410,"column":9}},"224":{"start":{"line":409,"column":12},"end":{"line":409,"column":86}},"225":{"start":{"line":412,"column":28},"end":{"line":412,"column":92}},"226":{"start":{"line":413,"column":8},"end":{"line":415,"column":9}},"227":{"start":{"line":414,"column":12},"end":{"line":414,"column":87}},"228":{"start":{"line":416,"column":24},"end":{"line":416,"column":82}},"229":{"start":{"line":417,"column":8},"end":{"line":419,"column":9}},"230":{"start":{"line":418,"column":12},"end":{"line":418,"column":87}},"231":{"start":{"line":420,"column":8},"end":{"line":424,"column":9}},"232":{"start":{"line":422,"column":12},"end":{"line":422,"column":50}},"233":{"start":{"line":423,"column":12},"end":{"line":423,"column":81}},"234":{"start":{"line":425,"column":8},"end":{"line":433,"column":10}},"235":{"start":{"line":435,"column":4},"end":{"line":439,"column":5}},"236":{"start":{"line":436,"column":8},"end":{"line":436,"column":49}},"237":{"start":{"line":437,"column":8},"end":{"line":437,"column":63}},"238":{"start":{"line":446,"column":0},"end":{"line":582,"column":3}},"239":{"start":{"line":448,"column":4},"end":{"line":580,"column":5}},"240":{"start":{"line":451,"column":29},"end":{"line":451,"column":73}},"241":{"start":{"line":452,"column":8},"end":{"line":455,"column":9}},"242":{"start":{"line":453,"column":12},"end":{"line":453,"column":68}},"243":{"start":{"line":454,"column":12},"end":{"line":454,"column":64}},"244":{"start":{"line":458,"column":24},"end":{"line":458,"column":40}},"245":{"start":{"line":461,"column":21},"end":{"line":461,"column":47}},"246":{"start":{"line":462,"column":26},"end":{"line":462,"column":35}},"247":{"start":{"line":463,"column":24},"end":{"line":463,"column":33}},"248":{"start":{"line":464,"column":24},"end":{"line":464,"column":33}},"249":{"start":{"line":467,"column":8},"end":{"line":488,"column":9}},"250":{"start":{"line":470,"column":12},"end":{"line":470,"column":90}},"251":{"start":{"line":472,"column":12},"end":{"line":475,"column":13}},"252":{"start":{"line":473,"column":16},"end":{"line":473,"column":77}},"253":{"start":{"line":474,"column":16},"end":{"line":474,"column":78}},"254":{"start":{"line":478,"column":12},"end":{"line":478,"column":89}},"255":{"start":{"line":480,"column":12},"end":{"line":480,"column":89}},"256":{"start":{"line":482,"column":12},"end":{"line":482,"column":92}},"257":{"start":{"line":484,"column":12},"end":{"line":484,"column":90}},"258":{"start":{"line":486,"column":12},"end":{"line":486,"column":78}},"259":{"start":{"line":495,"column":12},"end":{"line":498,"column":13}},"260":{"start":{"line":500,"column":12},"end":{"line":503,"column":13}},"261":{"start":{"line":501,"column":16},"end":{"line":501,"column":104}},"262":{"start":{"line":502,"column":16},"end":{"line":502,"column":99}},"263":{"start":{"line":505,"column":32},"end":{"line":505,"column":76}},"264":{"start":{"line":506,"column":31},"end":{"line":506,"column":74}},"265":{"start":{"line":509,"column":31},"end":{"line":509,"column":89}},"266":{"start":{"line":510,"column":12},"end":{"line":513,"column":13}},"267":{"start":{"line":511,"column":16},"end":{"line":511,"column":94}},"268":{"start":{"line":512,"column":16},"end":{"line":512,"column":86}},"269":{"start":{"line":516,"column":34},"end":{"line":516,"column":113}},"270":{"start":{"line":517,"column":12},"end":{"line":520,"column":13}},"271":{"start":{"line":518,"column":16},"end":{"line":518,"column":82}},"272":{"start":{"line":519,"column":16},"end":{"line":519,"column":121}},"273":{"start":{"line":521,"column":41},"end":{"line":521,"column":43}},"274":{"start":{"line":523,"column":12},"end":{"line":530,"column":13}},"275":{"start":{"line":524,"column":29},"end":{"line":524,"column":114}},"276":{"start":{"line":525,"column":16},"end":{"line":528,"column":17}},"277":{"start":{"line":526,"column":20},"end":{"line":526,"column":69}},"278":{"start":{"line":527,"column":20},"end":{"line":527,"column":116}},"279":{"start":{"line":529,"column":16},"end":{"line":529,"column":57}},"280":{"start":{"line":533,"column":26},"end":{"line":533,"column":89}},"281":{"start":{"line":535,"column":12},"end":{"line":544,"column":13}},"282":{"start":{"line":536,"column":16},"end":{"line":536,"column":81}},"283":{"start":{"line":537,"column":16},"end":{"line":537,"column":122}},"284":{"start":{"line":538,"column":19},"end":{"line":544,"column":13}},"285":{"start":{"line":539,"column":16},"end":{"line":539,"column":81}},"286":{"start":{"line":540,"column":16},"end":{"line":540,"column":116}},"287":{"start":{"line":541,"column":19},"end":{"line":544,"column":13}},"288":{"start":{"line":542,"column":16},"end":{"line":542,"column":81}},"289":{"start":{"line":543,"column":16},"end":{"line":543,"column":120}},"290":{"start":{"line":546,"column":12},"end":{"line":546,"column":70}},"291":{"start":{"line":549,"column":16},"end":{"line":551,"column":17}},"292":{"start":{"line":552,"column":12},"end":{"line":565,"column":13}},"293":{"start":{"line":553,"column":16},"end":{"line":553,"column":76}},"294":{"start":{"line":554,"column":27},"end":{"line":554,"column":119}},"295":{"start":{"line":555,"column":16},"end":{"line":556,"column":126}},"296":{"start":{"line":556,"column":20},"end":{"line":556,"column":126}},"297":{"start":{"line":559,"column":16},"end":{"line":559,"column":123}},"298":{"start":{"line":560,"column":16},"end":{"line":560,"column":111}},"299":{"start":{"line":563,"column":16},"end":{"line":563,"column":98}},"300":{"start":{"line":564,"column":16},"end":{"line":564,"column":123}},"301":{"start":{"line":570,"column":21},"end":{"line":570,"column":45}},"302":{"start":{"line":571,"column":8},"end":{"line":574,"column":9}},"303":{"start":{"line":572,"column":28},"end":{"line":572,"column":516}},"304":{"start":{"line":573,"column":12},"end":{"line":573,"column":37}},"305":{"start":{"line":575,"column":8},"end":{"line":575,"column":59}},"306":{"start":{"line":578,"column":8},"end":{"line":578,"column":75}},"307":{"start":{"line":579,"column":8},"end":{"line":579,"column":51}},"308":{"start":{"line":585,"column":0},"end":{"line":602,"column":3}},"309":{"start":{"line":587,"column":15},"end":{"line":587,"column":23}},"310":{"start":{"line":588,"column":21},"end":{"line":588,"column":40}},"311":{"start":{"line":589,"column":17},"end":{"line":589,"column":62}},"312":{"start":{"line":591,"column":4},"end":{"line":593,"column":5}},"313":{"start":{"line":592,"column":6},"end":{"line":592,"column":118}},"314":{"start":{"line":594,"column":20},"end":{"line":594,"column":31}},"315":{"start":{"line":595,"column":25},"end":{"line":595,"column":92}},"316":{"start":{"line":596,"column":4},"end":{"line":598,"column":5}},"317":{"start":{"line":597,"column":6},"end":{"line":597,"column":118}},"318":{"start":{"line":600,"column":4},"end":{"line":600,"column":130}},"319":{"start":{"line":605,"column":0},"end":{"line":621,"column":3}},"320":{"start":{"line":607,"column":21},"end":{"line":607,"column":48}},"321":{"start":{"line":609,"column":17},"end":{"line":609,"column":70}},"322":{"start":{"line":611,"column":4},"end":{"line":614,"column":5}},"323":{"start":{"line":612,"column":8},"end":{"line":612,"column":44}},"324":{"start":{"line":613,"column":8},"end":{"line":613,"column":96}},"325":{"start":{"line":615,"column":24},"end":{"line":615,"column":26}},"326":{"start":{"line":616,"column":4},"end":{"line":616,"column":46}},"327":{"start":{"line":617,"column":4},"end":{"line":617,"column":85}},"328":{"start":{"line":618,"column":4},"end":{"line":618,"column":106}},"329":{"start":{"line":625,"column":0},"end":{"line":639,"column":3}},"330":{"start":{"line":627,"column":21},"end":{"line":627,"column":48}},"331":{"start":{"line":629,"column":17},"end":{"line":629,"column":69}},"332":{"start":{"line":631,"column":4},"end":{"line":634,"column":5}},"333":{"start":{"line":632,"column":8},"end":{"line":632,"column":44}},"334":{"start":{"line":633,"column":8},"end":{"line":633,"column":96}},"335":{"start":{"line":635,"column":24},"end":{"line":635,"column":26}},"336":{"start":{"line":636,"column":4},"end":{"line":636,"column":47}},"337":{"start":{"line":637,"column":4},"end":{"line":637,"column":85}},"338":{"start":{"line":638,"column":4},"end":{"line":638,"column":105}},"339":{"start":{"line":642,"column":0},"end":{"line":645,"column":3}},"340":{"start":{"line":644,"column":4},"end":{"line":644,"column":43}},"341":{"start":{"line":648,"column":0},"end":{"line":650,"column":3}},"342":{"start":{"line":649,"column":4},"end":{"line":649,"column":57}},"343":{"start":{"line":653,"column":0},"end":{"line":655,"column":3}},"344":{"start":{"line":654,"column":4},"end":{"line":654,"column":60}},"345":{"start":{"line":658,"column":0},"end":{"line":661,"column":3}},"346":{"start":{"line":659,"column":4},"end":{"line":659,"column":22}},"347":{"start":{"line":663,"column":0},"end":{"line":663,"column":24}}},"fnMap":{"0":{"name":"(anonymous_0)","decl":{"start":{"line":17,"column":60},"end":{"line":17,"column":61}},"loc":{"start":{"line":17,"column":86},"end":{"line":30,"column":1}},"line":17},"1":{"name":"(anonymous_1)","decl":{"start":{"line":38,"column":52},"end":{"line":38,"column":53}},"loc":{"start":{"line":38,"column":78},"end":{"line":106,"column":1}},"line":38},"2":{"name":"(anonymous_2)","decl":{"start":{"line":109,"column":53},"end":{"line":109,"column":54}},"loc":{"start":{"line":109,"column":79},"end":{"line":157,"column":1}},"line":109},"3":{"name":"(anonymous_3)","decl":{"start":{"line":159,"column":84},"end":{"line":159,"column":85}},"loc":{"start":{"line":159,"column":110},"end":{"line":194,"column":1}},"line":159},"4":{"name":"(anonymous_4)","decl":{"start":{"line":196,"column":112},"end":{"line":196,"column":113}},"loc":{"start":{"line":196,"column":137},"end":{"line":225,"column":1}},"line":196},"5":{"name":"(anonymous_5)","decl":{"start":{"line":227,"column":55},"end":{"line":227,"column":56}},"loc":{"start":{"line":227,"column":81},"end":{"line":279,"column":1}},"line":227},"6":{"name":"(anonymous_6)","decl":{"start":{"line":282,"column":53},"end":{"line":282,"column":54}},"loc":{"start":{"line":282,"column":79},"end":{"line":310,"column":1}},"line":282},"7":{"name":"(anonymous_7)","decl":{"start":{"line":313,"column":68},"end":{"line":313,"column":69}},"loc":{"start":{"line":313,"column":94},"end":{"line":372,"column":1}},"line":313},"8":{"name":"(anonymous_8)","decl":{"start":{"line":375,"column":74},"end":{"line":375,"column":75}},"loc":{"start":{"line":375,"column":100},"end":{"line":442,"column":1}},"line":375},"9":{"name":"(anonymous_9)","decl":{"start":{"line":446,"column":55},"end":{"line":446,"column":56}},"loc":{"start":{"line":446,"column":81},"end":{"line":582,"column":1}},"line":446},"10":{"name":"create","decl":{"start":{"line":491,"column":23},"end":{"line":491,"column":29}},"loc":{"start":{"line":491,"column":39},"end":{"line":567,"column":9}},"line":491},"11":{"name":"(anonymous_11)","decl":{"start":{"line":585,"column":51},"end":{"line":585,"column":52}},"loc":{"start":{"line":585,"column":77},"end":{"line":602,"column":1}},"line":585},"12":{"name":"(anonymous_12)","decl":{"start":{"line":605,"column":55},"end":{"line":605,"column":56}},"loc":{"start":{"line":605,"column":81},"end":{"line":621,"column":1}},"line":605},"13":{"name":"(anonymous_13)","decl":{"start":{"line":625,"column":53},"end":{"line":625,"column":54}},"loc":{"start":{"line":625,"column":79},"end":{"line":639,"column":1}},"line":625},"14":{"name":"(anonymous_14)","decl":{"start":{"line":642,"column":55},"end":{"line":642,"column":56}},"loc":{"start":{"line":642,"column":81},"end":{"line":645,"column":1}},"line":642},"15":{"name":"(anonymous_15)","decl":{"start":{"line":648,"column":56},"end":{"line":648,"column":57}},"loc":{"start":{"line":648,"column":82},"end":{"line":650,"column":1}},"line":648},"16":{"name":"(anonymous_16)","decl":{"start":{"line":653,"column":56},"end":{"line":653,"column":57}},"loc":{"start":{"line":653,"column":82},"end":{"line":655,"column":1}},"line":653},"17":{"name":"(anonymous_17)","decl":{"start":{"line":658,"column":16},"end":{"line":658,"column":17}},"loc":{"start":{"line":658,"column":36},"end":{"line":661,"column":1}},"line":658}},"branchMap":{"0":{"loc":{"start":{"line":19,"column":4},"end":{"line":28,"column":5}},"type":"if","locations":[{"start":{"line":19,"column":4},"end":{"line":28,"column":5}},{"start":{"line":19,"column":4},"end":{"line":28,"column":5}}],"line":19},"1":{"loc":{"start":{"line":19,"column":8},"end":{"line":19,"column":88}},"type":"binary-expr","locations":[{"start":{"line":19,"column":8},"end":{"line":19,"column":27}},{"start":{"line":19,"column":31},"end":{"line":19,"column":59}},{"start":{"line":19,"column":63},"end":{"line":19,"column":88}}],"line":19},"2":{"loc":{"start":{"line":40,"column":4},"end":{"line":104,"column":5}},"type":"if","locations":[{"start":{"line":40,"column":4},"end":{"line":104,"column":5}},{"start":{"line":40,"column":4},"end":{"line":104,"column":5}}],"line":40},"3":{"loc":{"start":{"line":40,"column":8},"end":{"line":40,"column":105}},"type":"binary-expr","locations":[{"start":{"line":40,"column":8},"end":{"line":40,"column":29}},{"start":{"line":40,"column":33},"end":{"line":40,"column":66}},{"start":{"line":40,"column":70},"end":{"line":40,"column":105}}],"line":40},"4":{"loc":{"start":{"line":46,"column":8},"end":{"line":48,"column":9}},"type":"if","locations":[{"start":{"line":46,"column":8},"end":{"line":48,"column":9}},{"start":{"line":46,"column":8},"end":{"line":48,"column":9}}],"line":46},"5":{"loc":{"start":{"line":49,"column":8},"end":{"line":100,"column":9}},"type":"if","locations":[{"start":{"line":49,"column":8},"end":{"line":100,"column":9}},{"start":{"line":49,"column":8},"end":{"line":100,"column":9}}],"line":49},"6":{"loc":{"start":{"line":52,"column":12},"end":{"line":63,"column":13}},"type":"if","locations":[{"start":{"line":52,"column":12},"end":{"line":63,"column":13}},{"start":{"line":52,"column":12},"end":{"line":63,"column":13}}],"line":52},"7":{"loc":{"start":{"line":56,"column":19},"end":{"line":63,"column":13}},"type":"if","locations":[{"start":{"line":56,"column":19},"end":{"line":63,"column":13}},{"start":{"line":56,"column":19},"end":{"line":63,"column":13}}],"line":56},"8":{"loc":{"start":{"line":60,"column":17},"end":{"line":63,"column":13}},"type":"if","locations":[{"start":{"line":60,"column":17},"end":{"line":63,"column":13}},{"start":{"line":60,"column":17},"end":{"line":63,"column":13}}],"line":60},"9":{"loc":{"start":{"line":60,"column":21},"end":{"line":60,"column":49}},"type":"binary-expr","locations":[{"start":{"line":60,"column":21},"end":{"line":60,"column":33}},{"start":{"line":60,"column":37},"end":{"line":60,"column":49}}],"line":60},"10":{"loc":{"start":{"line":64,"column":15},"end":{"line":100,"column":9}},"type":"if","locations":[{"start":{"line":64,"column":15},"end":{"line":100,"column":9}},{"start":{"line":64,"column":15},"end":{"line":100,"column":9}}],"line":64},"11":{"loc":{"start":{"line":76,"column":12},"end":{"line":93,"column":13}},"type":"if","locations":[{"start":{"line":76,"column":12},"end":{"line":93,"column":13}},{"start":{"line":76,"column":12},"end":{"line":93,"column":13}}],"line":76},"12":{"loc":{"start":{"line":79,"column":16},"end":{"line":82,"column":17}},"type":"if","locations":[{"start":{"line":79,"column":16},"end":{"line":82,"column":17}},{"start":{"line":79,"column":16},"end":{"line":82,"column":17}}],"line":79},"13":{"loc":{"start":{"line":86,"column":19},"end":{"line":93,"column":13}},"type":"if","locations":[{"start":{"line":86,"column":19},"end":{"line":93,"column":13}},{"start":{"line":86,"column":19},"end":{"line":93,"column":13}}],"line":86},"14":{"loc":{"start":{"line":90,"column":17},"end":{"line":93,"column":13}},"type":"if","locations":[{"start":{"line":90,"column":17},"end":{"line":93,"column":13}},{"start":{"line":90,"column":17},"end":{"line":93,"column":13}}],"line":90},"15":{"loc":{"start":{"line":90,"column":21},"end":{"line":90,"column":49}},"type":"binary-expr","locations":[{"start":{"line":90,"column":21},"end":{"line":90,"column":33}},{"start":{"line":90,"column":37},"end":{"line":90,"column":49}}],"line":90},"16":{"loc":{"start":{"line":111,"column":4},"end":{"line":155,"column":5}},"type":"if","locations":[{"start":{"line":111,"column":4},"end":{"line":155,"column":5}},{"start":{"line":111,"column":4},"end":{"line":155,"column":5}}],"line":111},"17":{"loc":{"start":{"line":111,"column":8},"end":{"line":111,"column":378}},"type":"binary-expr","locations":[{"start":{"line":111,"column":8},"end":{"line":111,"column":29}},{"start":{"line":111,"column":33},"end":{"line":111,"column":67}},{"start":{"line":111,"column":71},"end":{"line":111,"column":109}},{"start":{"line":111,"column":113},"end":{"line":111,"column":148}},{"start":{"line":111,"column":152},"end":{"line":111,"column":186}},{"start":{"line":111,"column":190},"end":{"line":111,"column":224}},{"start":{"line":111,"column":228},"end":{"line":111,"column":264}},{"start":{"line":111,"column":268},"end":{"line":111,"column":305}},{"start":{"line":111,"column":309},"end":{"line":111,"column":343}},{"start":{"line":111,"column":347},"end":{"line":111,"column":378}}],"line":111},"18":{"loc":{"start":{"line":114,"column":8},"end":{"line":117,"column":9}},"type":"if","locations":[{"start":{"line":114,"column":8},"end":{"line":117,"column":9}},{"start":{"line":114,"column":8},"end":{"line":117,"column":9}}],"line":114},"19":{"loc":{"start":{"line":121,"column":8},"end":{"line":124,"column":9}},"type":"if","locations":[{"start":{"line":121,"column":8},"end":{"line":124,"column":9}},{"start":{"line":121,"column":8},"end":{"line":124,"column":9}}],"line":121},"20":{"loc":{"start":{"line":134,"column":8},"end":{"line":151,"column":9}},"type":"if","locations":[{"start":{"line":134,"column":8},"end":{"line":151,"column":9}},{"start":{"line":134,"column":8},"end":{"line":151,"column":9}}],"line":134},"21":{"loc":{"start":{"line":141,"column":12},"end":{"line":143,"column":13}},"type":"if","locations":[{"start":{"line":141,"column":12},"end":{"line":143,"column":13}},{"start":{"line":141,"column":12},"end":{"line":143,"column":13}}],"line":141},"22":{"loc":{"start":{"line":144,"column":12},"end":{"line":146,"column":13}},"type":"if","locations":[{"start":{"line":144,"column":12},"end":{"line":146,"column":13}},{"start":{"line":144,"column":12},"end":{"line":146,"column":13}}],"line":144},"23":{"loc":{"start":{"line":147,"column":12},"end":{"line":149,"column":13}},"type":"if","locations":[{"start":{"line":147,"column":12},"end":{"line":149,"column":13}},{"start":{"line":147,"column":12},"end":{"line":149,"column":13}}],"line":147},"24":{"loc":{"start":{"line":162,"column":4},"end":{"line":192,"column":5}},"type":"if","locations":[{"start":{"line":162,"column":4},"end":{"line":192,"column":5}},{"start":{"line":162,"column":4},"end":{"line":192,"column":5}}],"line":162},"25":{"loc":{"start":{"line":162,"column":8},"end":{"line":162,"column":173}},"type":"binary-expr","locations":[{"start":{"line":162,"column":8},"end":{"line":162,"column":32}},{"start":{"line":162,"column":36},"end":{"line":162,"column":50}},{"start":{"line":162,"column":54},"end":{"line":162,"column":92}},{"start":{"line":162,"column":96},"end":{"line":162,"column":124}},{"start":{"line":162,"column":128},"end":{"line":162,"column":142}},{"start":{"line":162,"column":146},"end":{"line":162,"column":173}}],"line":162},"26":{"loc":{"start":{"line":165,"column":8},"end":{"line":173,"column":9}},"type":"if","locations":[{"start":{"line":165,"column":8},"end":{"line":173,"column":9}},{"start":{"line":165,"column":8},"end":{"line":173,"column":9}}],"line":165},"27":{"loc":{"start":{"line":167,"column":13},"end":{"line":173,"column":9}},"type":"if","locations":[{"start":{"line":167,"column":13},"end":{"line":173,"column":9}},{"start":{"line":167,"column":13},"end":{"line":173,"column":9}}],"line":167},"28":{"loc":{"start":{"line":176,"column":8},"end":{"line":185,"column":9}},"type":"if","locations":[{"start":{"line":176,"column":8},"end":{"line":185,"column":9}},{"start":{"line":176,"column":8},"end":{"line":185,"column":9}}],"line":176},"29":{"loc":{"start":{"line":181,"column":13},"end":{"line":185,"column":9}},"type":"if","locations":[{"start":{"line":181,"column":13},"end":{"line":185,"column":9}},{"start":{"line":181,"column":13},"end":{"line":185,"column":9}}],"line":181},"30":{"loc":{"start":{"line":181,"column":16},"end":{"line":181,"column":66}},"type":"binary-expr","locations":[{"start":{"line":181,"column":16},"end":{"line":181,"column":39}},{"start":{"line":181,"column":43},"end":{"line":181,"column":66}}],"line":181},"31":{"loc":{"start":{"line":199,"column":4},"end":{"line":207,"column":5}},"type":"if","locations":[{"start":{"line":199,"column":4},"end":{"line":207,"column":5}},{"start":{"line":199,"column":4},"end":{"line":207,"column":5}}],"line":199},"32":{"loc":{"start":{"line":201,"column":9},"end":{"line":207,"column":5}},"type":"if","locations":[{"start":{"line":201,"column":9},"end":{"line":207,"column":5}},{"start":{"line":201,"column":9},"end":{"line":207,"column":5}}],"line":201},"33":{"loc":{"start":{"line":212,"column":4},"end":{"line":223,"column":5}},"type":"if","locations":[{"start":{"line":212,"column":4},"end":{"line":223,"column":5}},{"start":{"line":212,"column":4},"end":{"line":223,"column":5}}],"line":212},"34":{"loc":{"start":{"line":216,"column":9},"end":{"line":223,"column":5}},"type":"if","locations":[{"start":{"line":216,"column":9},"end":{"line":223,"column":5}},{"start":{"line":216,"column":9},"end":{"line":223,"column":5}}],"line":216},"35":{"loc":{"start":{"line":220,"column":9},"end":{"line":223,"column":5}},"type":"if","locations":[{"start":{"line":220,"column":9},"end":{"line":223,"column":5}},{"start":{"line":220,"column":9},"end":{"line":223,"column":5}}],"line":220},"36":{"loc":{"start":{"line":229,"column":4},"end":{"line":277,"column":5}},"type":"if","locations":[{"start":{"line":229,"column":4},"end":{"line":277,"column":5}},{"start":{"line":229,"column":4},"end":{"line":277,"column":5}}],"line":229},"37":{"loc":{"start":{"line":229,"column":8},"end":{"line":229,"column":341}},"type":"binary-expr","locations":[{"start":{"line":229,"column":8},"end":{"line":229,"column":29}},{"start":{"line":229,"column":33},"end":{"line":229,"column":68}},{"start":{"line":229,"column":72},"end":{"line":229,"column":106}},{"start":{"line":229,"column":110},"end":{"line":229,"column":137}},{"start":{"line":229,"column":141},"end":{"line":229,"column":168}},{"start":{"line":229,"column":172},"end":{"line":229,"column":199}},{"start":{"line":229,"column":203},"end":{"line":229,"column":241}},{"start":{"line":229,"column":245},"end":{"line":229,"column":272}},{"start":{"line":229,"column":276},"end":{"line":229,"column":307}},{"start":{"line":229,"column":311},"end":{"line":229,"column":341}}],"line":229},"38":{"loc":{"start":{"line":232,"column":8},"end":{"line":234,"column":9}},"type":"if","locations":[{"start":{"line":232,"column":8},"end":{"line":234,"column":9}},{"start":{"line":232,"column":8},"end":{"line":234,"column":9}}],"line":232},"39":{"loc":{"start":{"line":238,"column":8},"end":{"line":241,"column":9}},"type":"if","locations":[{"start":{"line":238,"column":8},"end":{"line":241,"column":9}},{"start":{"line":238,"column":8},"end":{"line":241,"column":9}}],"line":238},"40":{"loc":{"start":{"line":251,"column":8},"end":{"line":258,"column":9}},"type":"if","locations":[{"start":{"line":251,"column":8},"end":{"line":258,"column":9}},{"start":{"line":251,"column":8},"end":{"line":258,"column":9}}],"line":251},"41":{"loc":{"start":{"line":251,"column":12},"end":{"line":251,"column":62}},"type":"binary-expr","locations":[{"start":{"line":251,"column":12},"end":{"line":251,"column":37}},{"start":{"line":251,"column":41},"end":{"line":251,"column":62}}],"line":251},"42":{"loc":{"start":{"line":254,"column":12},"end":{"line":256,"column":13}},"type":"if","locations":[{"start":{"line":254,"column":12},"end":{"line":256,"column":13}},{"start":{"line":254,"column":12},"end":{"line":256,"column":13}}],"line":254},"43":{"loc":{"start":{"line":264,"column":8},"end":{"line":273,"column":9}},"type":"if","locations":[{"start":{"line":264,"column":8},"end":{"line":273,"column":9}},{"start":{"line":264,"column":8},"end":{"line":273,"column":9}}],"line":264},"44":{"loc":{"start":{"line":284,"column":4},"end":{"line":308,"column":5}},"type":"if","locations":[{"start":{"line":284,"column":4},"end":{"line":308,"column":5}},{"start":{"line":284,"column":4},"end":{"line":308,"column":5}}],"line":284},"45":{"loc":{"start":{"line":284,"column":8},"end":{"line":284,"column":217}},"type":"binary-expr","locations":[{"start":{"line":284,"column":8},"end":{"line":284,"column":29}},{"start":{"line":284,"column":33},"end":{"line":284,"column":64}},{"start":{"line":284,"column":68},"end":{"line":284,"column":104}},{"start":{"line":284,"column":108},"end":{"line":284,"column":143}},{"start":{"line":284,"column":147},"end":{"line":284,"column":181}},{"start":{"line":284,"column":185},"end":{"line":284,"column":217}}],"line":284},"46":{"loc":{"start":{"line":287,"column":8},"end":{"line":289,"column":9}},"type":"if","locations":[{"start":{"line":287,"column":8},"end":{"line":289,"column":9}},{"start":{"line":287,"column":8},"end":{"line":289,"column":9}}],"line":287},"47":{"loc":{"start":{"line":292,"column":8},"end":{"line":303,"column":9}},"type":"if","locations":[{"start":{"line":292,"column":8},"end":{"line":303,"column":9}},{"start":{"line":292,"column":8},"end":{"line":303,"column":9}}],"line":292},"48":{"loc":{"start":{"line":299,"column":12},"end":{"line":301,"column":13}},"type":"if","locations":[{"start":{"line":299,"column":12},"end":{"line":301,"column":13}},{"start":{"line":299,"column":12},"end":{"line":301,"column":13}}],"line":299},"49":{"loc":{"start":{"line":317,"column":4},"end":{"line":370,"column":5}},"type":"if","locations":[{"start":{"line":317,"column":4},"end":{"line":370,"column":5}},{"start":{"line":317,"column":4},"end":{"line":370,"column":5}}],"line":317},"50":{"loc":{"start":{"line":363,"column":9},"end":{"line":370,"column":5}},"type":"if","locations":[{"start":{"line":363,"column":9},"end":{"line":370,"column":5}},{"start":{"line":363,"column":9},"end":{"line":370,"column":5}}],"line":363},"51":{"loc":{"start":{"line":379,"column":4},"end":{"line":382,"column":5}},"type":"if","locations":[{"start":{"line":379,"column":4},"end":{"line":382,"column":5}},{"start":{"line":379,"column":4},"end":{"line":382,"column":5}}],"line":379},"52":{"loc":{"start":{"line":383,"column":4},"end":{"line":386,"column":5}},"type":"if","locations":[{"start":{"line":383,"column":4},"end":{"line":386,"column":5}},{"start":{"line":383,"column":4},"end":{"line":386,"column":5}}],"line":383},"53":{"loc":{"start":{"line":390,"column":8},"end":{"line":392,"column":9}},"type":"if","locations":[{"start":{"line":390,"column":8},"end":{"line":392,"column":9}},{"start":{"line":390,"column":8},"end":{"line":392,"column":9}}],"line":390},"54":{"loc":{"start":{"line":394,"column":8},"end":{"line":396,"column":9}},"type":"if","locations":[{"start":{"line":394,"column":8},"end":{"line":396,"column":9}},{"start":{"line":394,"column":8},"end":{"line":396,"column":9}}],"line":394},"55":{"loc":{"start":{"line":398,"column":8},"end":{"line":400,"column":9}},"type":"if","locations":[{"start":{"line":398,"column":8},"end":{"line":400,"column":9}},{"start":{"line":398,"column":8},"end":{"line":400,"column":9}}],"line":398},"56":{"loc":{"start":{"line":403,"column":8},"end":{"line":405,"column":9}},"type":"if","locations":[{"start":{"line":403,"column":8},"end":{"line":405,"column":9}},{"start":{"line":403,"column":8},"end":{"line":405,"column":9}}],"line":403},"57":{"loc":{"start":{"line":408,"column":8},"end":{"line":410,"column":9}},"type":"if","locations":[{"start":{"line":408,"column":8},"end":{"line":410,"column":9}},{"start":{"line":408,"column":8},"end":{"line":410,"column":9}}],"line":408},"58":{"loc":{"start":{"line":413,"column
[...]
ive\\CESAR\\6. PORTAFOLIO\\UNAcarreo\\Backend\\server\\Controllers\\ControllerProducts\\HaulageController.js":{"path":"C:\\Users\\acer\\Google Drive\\CESAR\\6. PORTAFOLIO\\UNAcarreo\\Backend\\server\\Controllers\\ControllerProducts\\HaulageController.js","statementMap":{"0":{"start":{"line":3,"column":0},"end":{"line":3,"column":52}},"1":{"start":{"line":6,"column":15},"end":{"line":6,"column":51}},"2":{"start":{"line":9,"column":20},"end":{"line":9,"column":46}},"3":{"start":{"line":12,"column":20},"end":{"line":12,"column":65}},"4":{"start":{"line":16,"column":4},"end":{"line":36,"column":5}},"5":{"start":{"line":17,"column":23},"end":{"line":17,"column":61}},"6":{"start":{"line":18,"column":19},"end":{"line":20,"column":9}},"7":{"start":{"line":22,"column":4},"end":{"line":31,"column":5}},"8":{"start":{"line":24,"column":8},"end":{"line":24,"column":64}},"9":{"start":{"line":25,"column":8},"end":{"line":25,"column":50}},"10":{"start":{"line":28,"column":8},"end":{"line":28,"column":61}},"11":{"start":{"line":30,"column":8},"end":{"line":30,"column":42}},"12":{"start":{"line":34,"column":4},"end":{"line":34,"column":45}},"13":{"start":{"line":35,"column":4},"end":{"line":35,"column":34}},"14":{"start":{"line":44,"column":4},"end":{"line":65,"column":5}},"15":{"start":{"line":46,"column":63},"end":{"line":46,"column":66}},"16":{"start":{"line":49,"column":26},"end":{"line":58,"column":9}},"17":{"start":{"line":59,"column":8},"end":{"line":59,"column":76}},"18":{"start":{"line":60,"column":8},"end":{"line":60,"column":46}},"19":{"start":{"line":63,"column":8},"end":{"line":63,"column":52}},"20":{"start":{"line":64,"column":9},"end":{"line":64,"column":42}},"21":{"start":{"line":69,"column":4},"end":{"line":84,"column":5}},"22":{"start":{"line":71,"column":19},"end":{"line":77,"column":9}},"23":{"start":{"line":79,"column":8},"end":{"line":79,"column":71}},"24":{"start":{"line":80,"column":8},"end":{"line":80,"column":39}},"25":{"start":{"line":82,"column":8},"end":{"line":82,"column":52}},"26":{"start":{"line":83,"column":8},"end":{"line":83,"column":41}},"27":{"start":{"line":90,"column":4},"end":{"line":101,"column":5}},"28":{"start":{"line":91,"column":22},"end":{"line":94,"column":14}},"29":{"start":{"line":95,"column":8},"end":{"line":95,"column":78}},"30":{"start":{"line":96,"column":8},"end":{"line":96,"column":40}},"31":{"start":{"line":99,"column":8},"end":{"line":99,"column":52}},"32":{"start":{"line":100,"column":8},"end":{"line":100,"column":42}},"33":{"start":{"line":106,"column":4},"end":{"line":120,"column":5}},"34":{"start":{"line":107,"column":21},"end":{"line":110,"column":11}},"35":{"start":{"line":111,"column":8},"end":{"line":116,"column":9}},"36":{"start":{"line":112,"column":12},"end":{"line":112,"column":30}},"37":{"start":{"line":114,"column":12},"end":{"line":114,"column":59}},"38":{"start":{"line":115,"column":12},"end":{"line":115,"column":72}},"39":{"start":{"line":118,"column":8},"end":{"line":118,"column":52}},"40":{"start":{"line":119,"column":8},"end":{"line":119,"column":42}},"41":{"start":{"line":125,"column":4},"end":{"line":139,"column":5}},"42":{"start":{"line":126,"column":21},"end":{"line":129,"column":11}},"43":{"start":{"line":130,"column":8},"end":{"line":135,"column":9}},"44":{"start":{"line":131,"column":12},"end":{"line":131,"column":30}},"45":{"start":{"line":133,"column":12},"end":{"line":133,"column":59}},"46":{"start":{"line":134,"column":12},"end":{"line":134,"column":72}},"47":{"start":{"line":137,"column":8},"end":{"line":137,"column":52}},"48":{"start":{"line":138,"column":8},"end":{"line":138,"column":42}},"49":{"start":{"line":143,"column":4},"end":{"line":161,"column":5}},"50":{"start":{"line":145,"column":19},"end":{"line":145,"column":97}},"51":{"start":{"line":148,"column":8},"end":{"line":156,"column":9}},"52":{"start":{"line":150,"column":12},"end":{"line":150,"column":80}},"53":{"start":{"line":151,"column":12},"end":{"line":151,"column":85}},"54":{"start":{"line":154,"column":12},"end":{"line":154,"column":66}},"55":{"start":{"line":155,"column":12},"end":{"line":155,"column":30}},"56":{"start":{"line":159,"column":8},"end":{"line":159,"column":49}},"57":{"start":{"line":160,"column":8},"end":{"line":160,"column":38}},"58":{"start":{"line":165,"column":4},"end":{"line":183,"column":5}},"59":{"start":{"line":167,"column":19},"end":{"line":167,"column":103}},"60":{"start":{"line":170,"column":8},"end":{"line":178,"column":9}},"61":{"start":{"line":172,"column":12},"end":{"line":172,"column":83}},"62":{"start":{"line":173,"column":12},"end":{"line":173,"column":88}},"63":{"start":{"line":176,"column":12},"end":{"line":176,"column":65}},"64":{"start":{"line":177,"column":12},"end":{"line":177,"column":30}},"65":{"start":{"line":181,"column":8},"end":{"line":181,"column":49}},"66":{"start":{"line":182,"column":8},"end":{"line":182,"column":38}},"67":{"start":{"line":186,"column":0},"end":{"line":195,"column":2}}},"fnMap":{"0":{"name":"getHaulages","decl":{"start":{"line":15,"column":15},"end":{"line":15,"column":26}},"loc":{"start":{"line":15,"column":35},"end":{"line":37,"column":1}},"line":15},"1":{"name":"create","decl":{"start":{"line":42,"column":15},"end":{"line":42,"column":21}},"loc":{"start":{"line":42,"column":27},"end":{"line":66,"column":1}},"line":42},"2":{"name":"getRegisterBy","decl":{"start":{"line":68,"column":15},"end":{"line":68,"column":28}},"loc":{"start":{"line":68,"column":35},"end":{"line":86,"column":1}},"line":68},"3":{"name":"getRegisterByPk","decl":{"start":{"line":88,"column":15},"end":{"line":88,"column":30}},"loc":{"start":{"line":89,"column":0},"end":{"line":102,"column":1}},"line":89},"4":{"name":"updateHaulageById","decl":{"start":{"line":104,"column":15},"end":{"line":104,"column":32}},"loc":{"start":{"line":105,"column":0},"end":{"line":121,"column":1}},"line":105},"5":{"name":"setHaulageRating","decl":{"start":{"line":123,"column":15},"end":{"line":123,"column":31}},"loc":{"start":{"line":124,"column":0},"end":{"line":140,"column":1}},"line":124},"6":{"name":"deleteByIdUser","decl":{"start":{"line":142,"column":15},"end":{"line":142,"column":29}},"loc":{"start":{"line":142,"column":38},"end":{"line":162,"column":1}},"line":142},"7":{"name":"deleteByPk","decl":{"start":{"line":164,"column":15},"end":{"line":164,"column":25}},"loc":{"start":{"line":164,"column":37},"end":{"line":184,"column":1}},"line":164}},"branchMap":{"0":{"loc":{"start":{"line":22,"column":4},"end":{"line":31,"column":5}},"type":"if","locations":[{"start":{"line":22,"column":4},"end":{"line":31,"column":5}},{"start":{"line":22,"column":4},"end":{"line":31,"column":5}}],"line":22},"1":{"loc":{"start":{"line":111,"column":8},"end":{"line":116,"column":9}},"type":"if","locations":[{"start":{"line":111,"column":8},"end":{"line":116,"column":9}},{"start":{"line":111,"column":8},"end":{"line":116,"column":9}}],"line":111},"2":{"loc":{"start":{"line":130,"column":8},"end":{"line":135,"column":9}},"type":"if","locations":[{"start":{"line":130,"column":8},"end":{"line":135,"column":9}},{"start":{"line":130,"column":8},"end":{"line":135,"column":9}}],"line":130},"3":{"loc":{"start":{"line":148,"column":8},"end":{"line":156,"column":9}},"type":"if","locations":[{"start":{"line":148,"column":8},"end":{"line":156,"column":9}},{"start":{"line":148,"column":8},"end":{"line":156,"column":9}}],"line":148},"4":{"loc":{"start":{"line":170,"column":8},"end":{"line":178,"column":9}},"type":"if","locations":[{"start":{"line":170,"column":8},"end":{"line":178,"column":9}},{"start":{"line":170,"column":8},"end":{"line":178,"column":9}}],"line":170}},"s":{"0":1,"1":1,"2":1,"3":1,"4":2,"5":2,"6":2,"7":1,"8":0,"9":0,"10":1,"11":1,"12":1,"13":1,"14":4,"15":4,"16":4,"17":4,"18":4,"19":0,"20":0,"21":5,"22":5,"23":5,"24":5,"25":0,"26":0,"27":4,"28":4,"29":4,"30":4,"31":0,"32":0,"33":0,"34":0,"35":0,"36":0,"37":0,"38":0,"39":0,"40":0,"41":0,"42":0,"43":0,"44":0,"45":0,"46":0,"47":0,"48":0,"49":4,"50":4,"51":3,"52":0,"53":0,"54":3,"55":3,"56":1,"57":1,"58":2,"59":2,"60":2,"61":0,"62":0,"63":2,"64":2,"65":0,"66":0,"67":1},"f":{"0":2,"1":4,"2":5,"3":4,"4":0,"5":0,"6":4,"7":2},"b":{"0":[0,1],"1":[0,0],"2":[0,0],"3":[0,3],"4":[0,2]},"_coverageSchema":"1a1c01bbd47fc00a2c39e90264f33305004495a9","hash":"721bcb56852fd53251759081a308b229683ce9dc","contentHash":"0cb6cf04b65f848c8bf115ed2e962fa06aeeb9f9855985109b68e2b50454aff4"},"C:\\Users\\acer\\Google Drive\\CESAR\\6. PORTAFOLIO\\UNAcarreo\\Backend\\server\\Controllers\\ControllerProducts\\RouteController.js":{"path":"C:\\Users\\acer\\Google Drive\\CESAR\\6. PORTAFOLIO\\UNAcarreo\\Backend\\server\\Controllers\\ControllerProducts\\RouteController.js","statementMap":{"0":{"start":{"line":3,"column":0},"end":{"line":3,"column":52}},"1":{"start":{"line":6,"column":15},"end":{"line":6,"column":51}},"2":{"start":{"line":10,"column":4},"end":{"line":29,"column":5}},"3":{"start":{"line":11,"column":21},"end":{"line":11,"column":57}},"4":{"start":{"line":12,"column":21},"end":{"line":14,"column":9}},"5":{"start":{"line":16,"column":4},"end":{"line":24,"column":5}},"6":{"start":{"line":18,"column":8},"end":{"line":18,"column":67}},"7":{"start":{"line":19,"column":8},"end":{"line":19,"column":74}},"8":{"start":{"line":22,"column":8},"end":{"line":22,"column":56}},"9":{"start":{"line":23,"column":8},"end":{"line":23,"column":58}},"10":{"start":{"line":27,"column":4},"end":{"line":27,"column":43}},"11":{"start":{"line":28,"column":4},"end":{"line":28,"column":34}},"12":{"start":{"line":35,"column":4},"end":{"line":56,"column":5}},"13":{"start":{"line":38,"column":61},"end":{"line":38,"column":64}},"14":{"start":{"line":43,"column":26},"end":{"line":49,"column":9}},"15":{"start":{"line":50,"column":8},"end":{"line":50,"column":72}},"16":{"start":{"line":51,"column":8},"end":{"line":51,"column":53}},"17":{"start":{"line":54,"column":8},"end":{"line":54,"column":50}},"18":{"start":{"line":55,"column":8},"end":{"line":55,"column":42}},"19":{"start":{"line":60,"column":0},"end":{"line":60,"column":64}}},"fnMap":{"0":{"name":"getRouteInfo","decl":{"start":{"line":9,"column":15},"end":{"line":9,"column":27}},"loc":{"start":{"line":9,"column":37},"end":{"line":30,"column":1}},"line":9},"1":{"name":"create","decl":{"start":{"line":33,"column":15},"end":{"line":33,"column":21}},"loc":{"start":{"line":33,"column":27},"end":{"line":58,"column":1}},"line":33}},"branchMap":{"0":{"loc":{"start":{"line":16,"column":4},"end":{"line":24,"column":5}},"type":"if","locations":[{"start":{"line":16,"column":4},"end":{"line":24,"column":5}},{"start":{"line":16,"column":4},"end":{"line":24,"column":5}}],"line":16}},"s":{"0":1,"1":1,"2":5,"3":5,"4":5,"5":5,"6":0,"7":0,"8":5,"9":5,"10":0,"11":0,"12":4,"13":4,"14":4,"15":4,"16":4,"17":0,"18":0,"19":1},"f":{"0":5,"1":4},"b":{"0":[0,5]},"_coverageSchema":"1a1c01bbd47fc00a2c39e90264f33305004495a9","hash":"643d0876ff679ef1f9265314173bb430502f5f3d","contentHash":"c0a2aa2adf5334575e5b3323fda0b7f06b753529fcfe26f8330c20ec50225286"},"C:\\Users\\acer\\Google Drive\\CESAR\\6. PORTAFOLIO\\UNAcarreo\\Backend\\server\\Controllers\\ControllerProducts\\Haulage_Driver_VehicleController.js":{"path":"C:\\Users\\acer\\Google Drive\\CESAR\\6. PORTAFOLIO\\UNAcarreo\\Backend\\server\\Controllers\\ControllerProducts\\Haulage_Driver_VehicleController.js","statementMap":{"0":{"start":{"line":3,"column":0},"end":{"line":3,"column":52}},"1":{"start":{"line":6,"column":15},"end":{"line":6,"column":51}},"2":{"start":{"line":11,"column":4},"end":{"line":29,"column":5}},"3":{"start":{"line":15,"column":8},"end":{"line":22,"column":10}},"4":{"start":{"line":23,"column":8},"end":{"line":23,"column":106}},"5":{"start":{"line":24,"column":8},"end":{"line":24,"column":26}},"6":{"start":{"line":27,"column":8},"end":{"line":27,"column":67}},"7":{"start":{"line":28,"column":8},"end":{"line":28,"column":39}},"8":{"start":{"line":36,"column":4},"end":{"line":47,"column":5}},"9":{"start":{"line":37,"column":19},"end":{"line":41,"column":10}},"10":{"start":{"line":42,"column":8},"end":{"line":42,"column":74}},"11":{"start":{"line":43,"column":8},"end":{"line":43,"column":39}},"12":{"start":{"line":45,"column":8},"end":{"line":45,"column":84}},"13":{"start":{"line":46,"column":8},"end":{"line":46,"column":42}},"14":{"start":{"line":54,"column":4},"end":{"line":62,"column":5}},"15":{"start":{"line":56,"column":19},"end":{"line":56,"column":69}},"16":{"start":{"line":57,"column":8},"end":{"line":57,"column":102}},"17":{"start":{"line":58,"column":8},"end":{"line":58,"column":39}},"18":{"start":{"line":60,"column":8},"end":{"line":60,"column":84}},"19":{"start":{"line":61,"column":8},"end":{"line":61,"column":42}},"20":{"start":{"line":66,"column":4},"end":{"line":85,"column":5}},"21":{"start":{"line":67,"column":16},"end":{"line":67,"column":69}},"22":{"start":{"line":68,"column":30},"end":{"line":70,"column":9}},"23":{"start":{"line":72,"column":4},"end":{"line":80,"column":5}},"24":{"start":{"line":74,"column":8},"end":{"line":74,"column":98}},"25":{"start":{"line":75,"column":8},"end":{"line":75,"column":88}},"26":{"start":{"line":78,"column":8},"end":{"line":78,"column":87}},"27":{"start":{"line":79,"column":8},"end":{"line":79,"column":53}},"28":{"start":{"line":83,"column":4},"end":{"line":83,"column":60}},"29":{"start":{"line":84,"column":4},"end":{"line":84,"column":34}},"30":{"start":{"line":88,"column":0},"end":{"line":93,"column":3}}},"fnMap":{"0":{"name":"create","decl":{"start":{"line":9,"column":15},"end":{"line":9,"column":21}},"loc":{"start":{"line":9,"column":68},"end":{"line":31,"column":1}},"line":9},"1":{"name":"getRegisterBy","decl":{"start":{"line":34,"column":15},"end":{"line":34,"column":28}},"loc":{"start":{"line":34,"column":47},"end":{"line":49,"column":1}},"line":34},"2":{"name":"getAll","decl":{"start":{"line":52,"column":15},"end":{"line":52,"column":21}},"loc":{"start":{"line":52,"column":29},"end":{"line":63,"column":1}},"line":52},"3":{"name":"getVehiclesAssigned","decl":{"start":{"line":65,"column":15},"end":{"line":65,"column":34}},"loc":{"start":{"line":65,"column":46},"end":{"line":86,"column":1}},"line":65}},"branchMap":{"0":{"loc":{"start":{"line":72,"column":4},"end":{"line":80,"column":5}},"type":"if","locations":[{"start":{"line":72,"column":4},"end":{"line":80,"column":5}},{"start":{"line":72,"column":4},"end":{"line":80,"column":5}}],"line":72}},"s":{"0":1,"1":1,"2":4,"3":4,"4":4,"5":4,"6":0,"7":0,"8":5,"9":5,"10":4,"11":4,"12":1,"13":1,"14":0,"15":0,"16":0,"17":0,"18":0,"19":0,"20":2,"21":2,"22":2,"23":2,"24":0,"25":0,"26":2,"27":2,"28":0,"29":0,"30":1},"f":{"0":4,"1":5,"2":0,"3":2},"b":{"0":[0,2]},"_coverageSchema":"1a1c01bbd47fc00a2c39e90264f33305004495a9","hash":"e1403ceee89f880d3833dfafb14cd10013b11e99","contentHash":"0738a00df3c19137f37f2404f592826610c3ff9b4885903cded271bc5cec80f6"},"C:\\Users\\acer\\Google Drive\\CESAR\\6. PORTAFOLIO\\UNAcarreo\\Backend\\server\\Controllers\\ControllerProducts\\StatusController.js":{"path":"C:\\Users\\acer\\Google Drive\\CESAR\\6. PORTAFOLIO\\UNAcarreo\\Backend\\server\\Controllers\\ControllerProducts\\StatusController.js","statementMap":{"0":{"start":{"line":3,"column":0},"end":{"line":3,"column":52}},"1":{"start":{"line":6,"column":15},"end":{"line":6,"column":51}},"2":{"start":{"line":10,"column":4},"end":{"line":29,"column":5}},"3":{"start":{"line":11,"column":22},"end":{"line":11,"column":59}},"4":{"start":{"line":12,"column":22},"end":{"line":14,"column":9}},"5":{"start":{"line":16,"column":4},"end":{"line":24,"column":5}},"6":{"start":{"line":18,"column":8},"end":{"line":18,"column":81}},"7":{"start":{"line":19,"column":8},"end":{"line":19,"column":75}},"8":{"start":{"line":22,"column":8},"end":{"line":22,"column":58}},"9":{"start":{"line":23,"column":8},"end":{"line":23,"column":59}},"10":{"start":{"line":27,"column":4},"end":{"line":27,"column":44}},"11":{"start":{"line":28,"column":4},"end":{"line":28,"column":34}},"12":{"start":{"line":36,"column":4},"end":{"line":53,"column":5}},"13":{"start":{"line":39,"column":39},"end":{"line":39,"column":55}},"14":{"start":{"line":42,"column":8},"end":{"line":46,"column":10}},"15":{"start":{"line":47,"column":8},"end":{"line":47,"column":74}},"16":{"start":{"line":48,"column":8},"end":{"line":48,"column":17}},"17":{"start":{"line":51,"column":8},"end":{"line":51,"column":51}},"18":{"start":{"line":52,"column":8},"end":{"line":52,"column":21}},"19":{"start":{"line":57,"column":0},"end":{"line":57,"column":66}}},"fnMap":{"0":{"name":"getStatusInfo","decl":{"start":{"line":9,"column":15},"end":{"line":9,"column":28}},"loc":{"start":{"line":9,"column":39},"end":{"line":30,"column":1}},"line":9},"1":{"name":"create","decl":{"start":{"line":34,"column":15},"end":{"line":34,"column":21}},"loc":{"start":{"line":34,"column":27},"end":{"line":55,"column":1}},"line":34}},"branchMap":{"0":{"loc":{"start":{"line":16,"column":4},"end":{"line":24,"column":5}},"type":"if","locations":[{"start":{"line":16,"column":4},"end":{"line":24,"column":5}},{"start":{"line":16,"column":4},"end":{"line":24,"column":5}}],"line":16}},"s":{"0":1,"1":1,"2":3,"3":3,"4":3,"5":3,"6":0,"7":0,"8":3,"9":3,"10":0,"11":0,"12":0,"13":0,"14":0,"15":0,"16":0,"17":0,"18":0,"19":1},"f":{"0":3,"1":0},"b":{"0":[0,3]},"_coverageSchema":"1a1c01bbd47fc00a2c39e90264f33305004495a9","hash":"700028a82543a1c9e5514d660765b4acbfb5e29f","contentHash":"bc9a7c39ef94eb094e245a4de0bc73aedf4b1094d0c2acabf9cea39a2435e89a"},"C:\\Users\\acer\\Google Drive\\CESAR\\6. PORTAFOLIO\\UNAcarreo\\Backend\\server\\Controllers\\ControllerProducts\\RatingController.js":{"path":"C:\\Users\\acer\\Google Drive\\CESAR\\6. PORTAFOLIO\\UNAcarreo\\Backend\\server\\Controllers\\ControllerProducts\\RatingController.js","statementMap":{"0":{"start":{"line":3,"column":0},"end":{"line":3,"column":52}},"1":{"start":{"line":6,"column":15},"end":{"line":6,"column":51}},"2":{"start":{"line":10,"column":4},"end":{"line":29,"column":5}},"3":{"start":{"line":11,"column":22},"end":{"line":11,"column":59}},"4":{"start":{"line":12,"column":22},"end":{"line":14,"column":9}},"5":{"start":{"line":16,"column":4},"end":{"line":24,"column":5}},"6":{"start":{"line":18,"column":8},"end":{"line":18,"column":81}},"7":{"start":{"line":19,"column":8},"end":{"line":19,"column":68}},"8":{"start":{"line":22,"column":8},"end":{"line":22,"column":58}},"9":{"start":{"line":23,"column":8},"end":{"line":23,"column":59}},"10":{"start":{"line":27,"column":4},"end":{"line":27,"column":44}},"11":{"start":{"line":28,"column":4},"end":{"line":28,"column":35}},"12":{"start":{"line":35,"column":4},"end":{"line":53,"column":5}},"13":{"start":{"line":39,"column":25},"end":{"line":46,"column":9}},"14":{"start":{"line":47,"column":8},"end":{"line":47,"column":74}},"15":{"start":{"line":48,"column":8},"end":{"line":48,"column":55}},"16":{"start":{"line":51,"column":8},"end":{"line":51,"column":51}},"17":{"start":{"line":52,"column":8},"end":{"line":52,"column":42}},"18":{"start":{"line":57,"column":0},"end":{"line":57,"column":66}}},"fnMap":{"0":{"name":"getRatingInfo","decl":{"start":{"line":9,"column":15},"end":{"line":9,"column":28}},"loc":{"start":{"line":9,"column":39},"end":{"line":30,"column":1}},"line":9},"1":{"name":"create","decl":{"start":{"line":33,"column":15},"end":{"line":33,"column":21}},"loc":{"start":{"line":33,"column":28},"end":{"line":55,"column":1}},"line":33}},"branchMap":{"0":{"loc":{"start":{"line":16,"column":4},"end":{"line":24,"column":5}},"type":"if","locations":[{"start":{"line":16,"column":4},"end":{"line":24,"column":5}},{"start":{"line":16,"column":4},"end":{"line":24,"column":5}}],"line":16}},"s":{"0":1,"1":1,"2":3,"3":3,"4":3,"5":3,"6":3,"7":3,"8":0,"9":0,"10":0,"11":0,"12":0,"13":0,"14":0,"15":0,"16":0,"17":0,"18":1},"f":{"0":3,"1":0},"b":{"0":[3,0]},"_coverageSchema":"1a1c01bbd47fc00a2c39e90264f33305004495a9","hash":"e990a23d1697fa4d57c65b8eabb3617847c91a38","contentHash":"4320015f1ac12402305ac0ce7d31fa0232a1cd91d9406188d1e45b89e7b4b3c9"}}