TN:
SF:BusinessLogic\BusinessLogicFactory.js
FN:6,(anonymous_0)
FNF:1
FNH:1
FNDA:70,(anonymous_0)
DA:7,70
DA:9,2
DA:11,4
DA:13,58
DA:15,0
DA:17,0
DA:19,3
DA:21,2
DA:23,1
DA:25,0
DA:27,0
DA:29,0
DA:31,0
DA:33,0
DA:35,0
DA:40,1
LF:16
LH:8
BRDA:7,0,0,2
BRDA:7,0,1,4
BRDA:7,0,2,58
BRDA:7,0,3,0
BRDA:7,0,4,0
BRDA:7,0,5,3
BRDA:7,0,6,2
BRDA:7,0,7,1
BRDA:7,0,8,0
BRDA:7,0,9,0
BRDA:7,0,10,0
BRDA:7,0,11,0
BRDA:7,0,12,0
BRDA:7,0,13,0
BRF:14
BRH:6
end_of_record
TN:
SF:BusinessLogic\BusinessLogicProducts\DriverHandler.js
FN:12,createDriver
FN:36,validateDriver
FN:69,getDriverInfo
FNF:3
FNH:2
FNDA:3,createDriver
FNDA:1,validateDriver
FNDA:0,getDriverInfo
DA:3,1
DA:6,1
DA:9,1
DA:15,3
DA:17,3
DA:19,3
DA:20,3
DA:22,2
DA:23,2
DA:26,1
DA:27,1
DA:38,1
DA:42,1
DA:43,1
DA:45,0
DA:46,0
DA:48,1
DA:49,1
DA:50,1
DA:51,1
DA:54,1
DA:55,0
DA:57,1
DA:58,1
DA:59,0
DA:60,0
DA:61,0
DA:64,0
DA:65,0
DA:70,0
DA:71,0
DA:72,0
DA:73,0
DA:75,0
DA:76,0
DA:77,0
DA:80,0
DA:84,1
LF:38
LH:22
BRDA:20,0,0,2
BRDA:20,0,1,1
BRDA:43,1,0,0
BRDA:43,1,1,1
BRDA:48,2,0,1
BRDA:48,2,1,0
BRDA:51,3,0,1
BRDA:51,3,1,0
BRDA:54,4,0,0
BRDA:54,4,1,1
BRDA:59,5,0,0
BRDA:59,5,1,0
BRDA:71,6,0,0
BRDA:71,6,1,0
BRDA:75,7,0,0
BRDA:75,7,1,0
BRF:16
BRH:6
end_of_record
TN:
SF:BusinessLogic\BusinessLogicProducts\Driver_VehicleHandler.js
FN:9,createDriver_Vehicle
FN:22,getVehicleByDriverId
FN:49,getDriversByVehicleId
FN:75,chooseFreeDriver
FNF:4
FNH:2
FNDA:1,createDriver_Vehicle
FNDA:1,getVehicleByDriverId
FNDA:0,getDriversByVehicleId
FNDA:0,chooseFreeDriver
DA:3,1
DA:6,1
DA:12,1
DA:13,1
DA:14,1
DA:15,1
DA:16,0
DA:17,0
DA:25,1
DA:27,1
DA:30,1
DA:32,0
DA:33,0
DA:36,1
DA:37,1
DA:42,0
DA:43,0
DA:52,0
DA:54,0
DA:57,0
DA:59,0
DA:60,0
DA:63,0
DA:64,0
DA:68,0
DA:69,0
DA:77,0
DA:78,0
DA:79,0
DA:80,0
DA:83,0
DA:84,0
DA:86,0
DA:91,0
DA:95,1
LF:35
LH:12
BRDA:14,0,0,1
BRDA:14,0,1,0
BRDA:27,1,0,1
BRDA:27,1,1,0
BRDA:30,2,0,0
BRDA:30,2,1,1
BRDA:54,3,0,0
BRDA:54,3,1,0
BRDA:57,4,0,0
BRDA:57,4,1,0
BRDA:78,5,0,0
BRDA:78,5,1,0
BRDA:84,6,0,0
BRDA:84,6,1,0
BRF:14
BRH:3
end_of_record
TN:
SF:BusinessLogic\BusinessLogicProducts\FieldsHandler.js
FN:9,check_fields
FNF:1
FNH:1
FNDA:58,check_fields
DA:3,1
DA:6,1
DA:10,58
DA:11,58
DA:12,234
DA:13,234
DA:14,234
DA:15,27
DA:16,4
DA:18,23
DA:21,230
DA:22,23
DA:23,4
DA:25,19
DA:28,226
DA:29,15
DA:30,6
DA:32,9
DA:35,220
DA:36,10
DA:37,2
DA:39,8
DA:42,218
DA:43,36
DA:44,6
DA:46,30
DA:49,212
DA:50,16
DA:51,3
DA:53,13
DA:56,209
DA:57,27
DA:58,10
DA:60,17
DA:63,199
DA:64,6
DA:65,2
DA:67,4
DA:70,197
DA:71,8
DA:72,4
DA:74,4
DA:77,193
DA:78,2
DA:79,1
DA:81,1
DA:84,192
DA:85,6
DA:86,2
DA:88,4
DA:91,190
DA:92,14
DA:93,2
DA:95,12
DA:98,188
DA:99,12
DA:100,2
DA:102,10
DA:105,186
DA:106,10
DA:107,2
DA:109,8
DA:112,184
DA:113,8
DA:114,2
DA:116,6
DA:119,182
DA:120,14
DA:121,0
DA:123,14
DA:126,182
DA:129,182
DA:132,182
DA:133,0
DA:134,0
DA:136,182
DA:137,0
DA:139,182
DA:140,0
DA:142,182
DA:143,0
DA:144,0
DA:147,182
DA:148,0
DA:151,6
DA:153,1
LF:86
LH:78
BRDA:14,0,0,27
BRDA:14,0,1,207
BRDA:14,1,0,234
BRDA:14,1,1,234
BRDA:15,2,0,4
BRDA:15,2,1,23
BRDA:15,3,0,27
BRDA:15,3,1,26
BRDA:21,4,0,23
BRDA:21,4,1,207
BRDA:21,5,0,230
BRDA:21,5,1,230
BRDA:22,6,0,4
BRDA:22,6,1,19
BRDA:22,7,0,23
BRDA:22,7,1,22
BRDA:28,8,0,15
BRDA:28,8,1,211
BRDA:28,9,0,226
BRDA:28,9,1,218
BRDA:29,10,0,6
BRDA:29,10,1,9
BRDA:29,11,0,15
BRDA:29,11,1,12
BRDA:35,12,0,10
BRDA:35,12,1,210
BRDA:35,13,0,220
BRDA:35,13,1,210
BRDA:36,14,0,2
BRDA:36,14,1,8
BRDA:36,15,0,10
BRDA:36,15,1,9
BRDA:42,16,0,36
BRDA:42,16,1,182
BRDA:43,17,0,6
BRDA:43,17,1,30
BRDA:43,18,0,36
BRDA:43,18,1,34
BRDA:43,18,2,32
BRDA:49,19,0,16
BRDA:49,19,1,196
BRDA:50,20,0,3
BRDA:50,20,1,13
BRDA:50,21,0,16
BRDA:50,21,1,15
BRDA:50,21,2,14
BRDA:56,22,0,27
BRDA:56,22,1,182
BRDA:56,23,0,209
BRDA:56,23,1,195
BRDA:57,24,0,10
BRDA:57,24,1,17
BRDA:57,25,0,27
BRDA:57,25,1,24
BRDA:63,26,0,6
BRDA:63,26,1,193
BRDA:64,27,0,2
BRDA:64,27,1,4
BRDA:64,28,0,6
BRDA:64,28,1,5
BRDA:70,29,0,8
BRDA:70,29,1,189
BRDA:71,30,0,4
BRDA:71,30,1,4
BRDA:71,31,0,8
BRDA:71,31,1,6
BRDA:77,32,0,2
BRDA:77,32,1,191
BRDA:78,33,0,1
BRDA:78,33,1,1
BRDA:84,34,0,6
BRDA:84,34,1,186
BRDA:85,35,0,2
BRDA:85,35,1,4
BRDA:85,36,0,6
BRDA:85,36,1,5
BRDA:91,37,0,14
BRDA:91,37,1,176
BRDA:92,38,0,2
BRDA:92,38,1,12
BRDA:92,39,0,14
BRDA:92,39,1,13
BRDA:98,40,0,12
BRDA:98,40,1,176
BRDA:99,41,0,2
BRDA:99,41,1,10
BRDA:99,42,0,12
BRDA:99,42,1,11
BRDA:105,43,0,10
BRDA:105,43,1,176
BRDA:106,44,0,2
BRDA:106,44,1,8
BRDA:106,45,0,10
BRDA:106,45,1,9
BRDA:112,46,0,8
BRDA:112,46,1,176
BRDA:113,47,0,2
BRDA:113,47,1,6
BRDA:113,48,0,8
BRDA:113,48,1,7
BRDA:113,48,2,7
BRDA:119,49,0,14
BRDA:119,49,1,168
BRDA:120,50,0,0
BRDA:120,50,1,14
BRDA:120,51,0,14
BRDA:120,51,1,14
BRDA:120,51,2,14
BRDA:126,52,0,0
BRDA:126,52,1,182
BRDA:129,53,0,0
BRDA:129,53,1,182
BRDA:132,54,0,0
BRDA:132,54,1,182
BRDA:132,55,0,182
BRDA:132,55,1,0
BRDA:136,56,0,0
BRDA:136,56,1,182
BRDA:139,57,0,0
BRDA:139,57,1,182
BRDA:142,58,0,0
BRDA:142,58,1,182
BRDA:142,59,0,182
BRDA:142,59,1,0
BRDA:147,60,0,0
BRDA:147,60,1,182
BRDA:147,61,0,182
BRDA:147,61,1,0
BRF:128
BRH:117
end_of_record
TN:
SF:BusinessLogic\BusinessLogicProducts\ImageHandler.js
FN:9,saveImage
FNF:1
FNH:1
FNDA:3,saveImage
DA:3,1
DA:6,1
DA:11,3
DA:12,3
DA:13,3
DA:15,3
DA:17,3
DA:19,3
DA:20,3
DA:23,3
DA:24,3
DA:25,3
DA:29,0
DA:30,0
DA:35,1
LF:15
LH:13
BRF:0
BRH:0
end_of_record
TN:
SF:BusinessLogic\BusinessLogicProducts\UserHandler.js
FN:12,createUser
FN:35,validateUser
FNF:2
FNH:2
FNDA:1,createUser
FNDA:1,validateUser
DA:3,1
DA:6,1
DA:9,1
DA:14,1
DA:16,1
DA:18,1
DA:19,1
DA:21,0
DA:22,0
DA:25,1
DA:26,1
DA:37,1
DA:41,1
DA:42,1
DA:44,0
DA:45,0
DA:47,1
DA:48,1
DA:49,1
DA:50,1
DA:53,1
DA:54,0
DA:56,1
DA:57,1
DA:58,0
DA:59,0
DA:60,0
DA:63,0
DA:64,0
DA:67,1
LF:30
LH:20
BRDA:19,0,0,0
BRDA:19,0,1,1
BRDA:42,1,0,0
BRDA:42,1,1,1
BRDA:47,2,0,1
BRDA:47,2,1,0
BRDA:50,3,0,1
BRDA:50,3,1,0
BRDA:53,4,0,0
BRDA:53,4,1,1
BRDA:58,5,0,0
BRDA:58,5,1,0
BRF:12
BRH:5
end_of_record
TN:
SF:BusinessLogic\BusinessLogicProducts\VehicleHandler.js
FN:9,createVehicle
FN:29,getListOfNeededVehicles
FN:56,getFreeVehicles
FN:78,getVehicleInfo
FNF:4
FNH:1
FNDA:1,createVehicle
FNDA:0,getListOfNeededVehicles
FNDA:0,getFreeVehicles
FNDA:0,getVehicleInfo
DA:3,1
DA:6,1
DA:12,1
DA:15,1
DA:17,1
DA:19,1
DA:21,1
DA:23,0
DA:24,0
DA:31,0
DA:32,0
DA:35,0
DA:36,0
DA:37,0
DA:38,0
DA:40,0
DA:41,0
DA:44,0
DA:46,0
DA:47,0
DA:50,0
DA:51,0
DA:58,0
DA:59,0
DA:61,0
DA:63,0
DA:64,0
DA:66,0
DA:67,0
DA:69,0
DA:73,0
DA:74,0
DA:79,0
DA:80,0
DA:81,0
DA:82,0
DA:84,0
DA:85,0
DA:86,0
DA:89,0
DA:94,1
LF:41
LH:8
BRDA:17,0,0,1
BRDA:17,0,1,0
BRDA:38,1,0,0
BRDA:38,1,1,0
BRDA:44,2,0,0
BRDA:44,2,1,0
BRDA:61,3,0,0
BRDA:61,3,1,0
BRDA:67,4,0,0
BRDA:67,4,1,0
BRDA:80,5,0,0
BRDA:80,5,1,0
BRDA:84,6,0,0
BRDA:84,6,1,0
BRF:14
BRH:1
end_of_record
TN:
SF:Controllers\ControllerFactory.js
FN:6,(anonymous_0)
FNF:1
FNH:1
FNDA:16,(anonymous_0)
DA:7,16
DA:9,0
DA:11,0
DA:13,2
DA:15,8
DA:17,0
DA:19,0
DA:21,0
DA:23,0
DA:25,0
DA:27,3
DA:29,3
DA:31,0
DA:33,0
DA:38,1
LF:15
LH:6
BRDA:7,0,0,0
BRDA:7,0,1,0
BRDA:7,0,2,2
BRDA:7,0,3,8
BRDA:7,0,4,0
BRDA:7,0,5,0
BRDA:7,0,6,0
BRDA:7,0,7,0
BRDA:7,0,8,0
BRDA:7,0,9,3
BRDA:7,0,10,3
BRDA:7,0,11,0
BRDA:7,0,12,0
BRF:13
BRH:4
end_of_record
TN:
SF:Controllers\ControllerProducts\DriverController.js
FN:9,create
FN:43,countWhere
FN:59,getRegisterBy
FN:85,getRegisterByPk
FN:103,getDriverInfo
FN:128,deleteByIdentityCard
FNF:6
FNH:4
FNDA:3,create
FNDA:1,countWhere
FNDA:1,getRegisterBy
FNDA:0,getRegisterByPk
FNDA:0,getDriverInfo
FNDA:3,deleteByIdentityCard
DA:3,1
DA:6,1
DA:11,3
DA:13,3
DA:30,2
DA:31,2
DA:34,1
DA:35,1
DA:45,1
DA:46,1
DA:47,1
DA:48,1
DA:50,0
DA:51,0
DA:62,1
DA:64,1
DA:68,1
DA:70,0
DA:71,0
DA:74,1
DA:76,1
DA:80,0
DA:81,0
DA:87,0
DA:88,0
DA:93,0
DA:94,0
DA:97,0
DA:98,0
DA:104,0
DA:105,0
DA:106,0
DA:112,0
DA:114,0
DA:115,0
DA:118,0
DA:119,0
DA:123,0
DA:124,0
DA:129,3
DA:130,3
DA:131,3
DA:134,3
DA:136,0
DA:137,0
DA:140,3
DA:141,3
DA:145,3
DA:146,3
DA:150,1
LF:50
LH:26
BRDA:68,0,0,0
BRDA:68,0,1,1
BRDA:112,1,0,0
BRDA:112,1,1,0
BRDA:134,2,0,0
BRDA:134,2,1,3
BRF:6
BRH:2
end_of_record
TN:
SF:Controllers\ControllerProducts\Driver_VehicleController.js
FN:9,create
FN:36,getRegisterBy
FNF:2
FNH:2
FNDA:1,create
FNDA:1,getRegisterBy
DA:3,1
DA:6,1
DA:11,1
DA:17,1
DA:24,1
DA:25,1
DA:28,0
DA:29,0
DA:39,1
DA:41,1
DA:43,1
DA:49,0
DA:51,0
DA:57,1
DA:60,0
DA:61,0
DA:64,1
DA:65,1
DA:67,1
DA:68,0
DA:70,0
DA:76,0
DA:77,0
DA:82,1
LF:24
LH:14
BRDA:41,0,0,1
BRDA:41,0,1,0
BRDA:49,1,0,0
BRDA:49,1,1,0
BRDA:57,2,0,0
BRDA:57,2,1,1
BRDA:65,3,0,1
BRDA:65,3,1,0
BRDA:68,4,0,0
BRDA:68,4,1,0
BRF:10
BRH:3
end_of_record
TN:
SF:Controllers\ControllerProducts\UserController.js
FN:9,create
FN:39,countWhere
FN:56,getRegisterBy
FNF:3
FNH:3
FNDA:1,create
FNDA:1,countWhere
FNDA:1,getRegisterBy
DA:3,1
DA:6,1
DA:10,1
DA:13,1
DA:26,0
DA:27,0
DA:30,1
DA:31,1
DA:41,1
DA:42,1
DA:43,1
DA:44,1
DA:47,0
DA:48,0
DA:59,1
DA:61,1
DA:66,1
DA:68,0
DA:69,0
DA:72,1
DA:74,1
DA:78,0
DA:79,0
DA:84,1
LF:24
LH:16
BRDA:66,0,0,0
BRDA:66,0,1,1
BRF:2
BRH:1
end_of_record
TN:
SF:Controllers\ControllerProducts\VehicleController.js
FN:9,create
FN:37,getAll
FN:55,getRegisterByPk
FN:75,getVehicleInfo
FN:98,deleteByPlate
FNF:5
FNH:2
FNDA:1,create
FNDA:0,getAll
FNDA:0,getRegisterByPk
FNDA:0,getVehicleInfo
FNDA:2,deleteByPlate
DA:3,1
DA:6,1
DA:11,1
DA:14,1
DA:24,1
DA:25,1
DA:31,0
DA:32,0
DA:39,0
DA:40,0
DA:46,0
DA:47,0
DA:50,0
DA:51,0
DA:57,0
DA:58,0
DA:63,0
DA:66,0
DA:69,0
DA:70,0
DA:76,0
DA:77,0
DA:78,0
DA:82,0
DA:84,0
DA:85,0
DA:88,0
DA:89,0
DA:93,0
DA:94,0
DA:99,2
DA:101,2
DA:104,2
DA:106,0
DA:107,0
DA:110,2
DA:111,2
DA:115,2
DA:116,2
DA:120,1
LF:40
LH:14
BRDA:82,0,0,0
BRDA:82,0,1,0
BRDA:104,1,0,0
BRDA:104,1,1,2
BRF:4
BRH:1
end_of_record
TN:
SF:DataBase\database.js
FN:30,(anonymous_0)
FN:33,(anonymous_1)
FNF:2
FNH:1
FNDA:1,(anonymous_0)
FNDA:0,(anonymous_1)
DA:3,1
DA:5,1
DA:6,1
DA:28,1
DA:31,1
DA:34,0
DA:36,1
LF:7
LH:6
BRF:0
BRH:0
end_of_record
TN:
SF:DataBase\syncDB.js
FN:5,syncDB
FNF:1
FNH:1
FNDA:3,syncDB
DA:3,1
DA:6,3
DA:8,3
DA:12,3
DA:13,42
DA:16,3
DA:19,0
DA:23,1
LF:8
LH:7
BRF:0
BRH:0
end_of_record
TN:
SF:Models\ModelFactory.js
FN:6,(anonymous_0)
FNF:1
FNH:1
FNDA:59,(anonymous_0)
DA:7,59
DA:9,3
DA:11,3
DA:13,3
DA:15,4
DA:17,12
DA:19,3
DA:21,3
DA:23,3
DA:25,3
DA:27,3
DA:29,3
DA:31,3
DA:33,6
DA:35,7
DA:37,0
DA:42,1
LF:17
LH:16
BRDA:7,0,0,3
BRDA:7,0,1,3
BRDA:7,0,2,3
BRDA:7,0,3,4
BRDA:7,0,4,12
BRDA:7,0,5,3
BRDA:7,0,6,3
BRDA:7,0,7,3
BRDA:7,0,8,3
BRDA:7,0,9,3
BRDA:7,0,10,3
BRDA:7,0,11,3
BRDA:7,0,12,6
BRDA:7,0,13,7
BRDA:7,0,14,0
BRF:15
BRH:14
end_of_record
TN:
SF:Models\ModelProducts\Bill.js
FNF:0
FNH:0
DA:2,1
DA:3,1
DA:4,1
DA:7,1
DA:27,1
DA:28,1
DA:30,1
LF:7
LH:7
BRF:0
BRH:0
end_of_record
TN:
SF:Models\ModelProducts\Cargo.js
FNF:0
FNH:0
DA:2,1
DA:3,1
DA:6,1
DA:29,1
LF:4
LH:4
BRF:0
BRH:0
end_of_record
TN:
SF:Models\ModelProducts\Driver.js
FNF:0
FNH:0
DA:2,1
DA:3,1
DA:6,1
DA:56,1
LF:4
LH:4
BRF:0
BRH:0
end_of_record
TN:
SF:Models\ModelProducts\Driver_Notification.js
FNF:0
FNH:0
DA:2,1
DA:3,1
DA:5,1
DA:6,1
DA:7,1
DA:10,1
DA:29,1
DA:30,1
DA:32,1
DA:33,1
DA:35,1
DA:36,1
DA:38,1
LF:13
LH:13
BRF:0
BRH:0
end_of_record
TN:
SF:Models\ModelProducts\Driver_Vehicle.js
FNF:0
FNH:0
DA:2,1
DA:3,1
DA:4,1
DA:5,1
DA:8,1
DA:29,1
DA:30,1
DA:32,1
LF:8
LH:8
BRF:0
BRH:0
end_of_record
TN:
SF:Models\ModelProducts\Haulage.js
FNF:0
FNH:0
DA:2,1
DA:3,1
DA:4,1
DA:5,1
DA:6,1
DA:7,1
DA:8,1
DA:11,1
DA:51,1
DA:52,1
DA:54,1
DA:55,1
DA:57,1
DA:58,1
DA:60,1
DA:61,1
DA:63,1
DA:64,1
DA:66,1
LF:19
LH:19
BRF:0
BRH:0
end_of_record
TN:
SF:Models\ModelProducts\Haulage_Driver_Vehicle.js
FNF:0
FNH:0
DA:2,1
DA:3,1
DA:6,1
DA:29,1
LF:4
LH:4
BRF:0
BRH:0
end_of_record
TN:
SF:Models\ModelProducts\Notification_Type.js
FNF:0
FNH:0
DA:2,1
DA:3,1
DA:6,1
DA:22,1
LF:4
LH:4
BRF:0
BRH:0
end_of_record
TN:
SF:Models\ModelProducts\Rating.js
FNF:0
FNH:0
DA:2,1
DA:3,1
DA:6,1
DA:33,1
LF:4
LH:4
BRF:0
BRH:0
end_of_record
TN:
SF:Models\ModelProducts\Route.js
FNF:0
FNH:0
DA:2,1
DA:3,1
DA:6,1
DA:29,1
LF:4
LH:4
BRF:0
BRH:0
end_of_record
TN:
SF:Models\ModelProducts\Status.js
FNF:0
FNH:0
DA:2,1
DA:3,1
DA:6,1
DA:21,1
LF:4
LH:4
BRF:0
BRH:0
end_of_record
TN:
SF:Models\ModelProducts\User.js
FNF:0
FNH:0
DA:2,1
DA:3,1
DA:6,1
DA:38,1
LF:4
LH:4
BRF:0
BRH:0
end_of_record
TN:
SF:Models\ModelProducts\User_Notification.js
FNF:0
FNH:0
DA:2,1
DA:3,1
DA:5,1
DA:6,1
DA:7,1
DA:10,1
DA:29,1
DA:30,1
DA:32,1
DA:33,1
DA:35,1
DA:36,1
DA:38,1
LF:13
LH:13
BRF:0
BRH:0
end_of_record
TN:
SF:Models\ModelProducts\Vehicle.js
FNF:0
FNH:0
DA:2,1
DA:3,1
DA:6,1
DA:38,1
LF:4
LH:4
BRF:0
BRH:0
end_of_record
TN:
SF:routes\api.js
FN:13,(anonymous_0)
FN:33,(anonymous_1)
FN:103,(anonymous_2)
FN:151,(anonymous_3)
FN:177,(anonymous_4)
FN:208,(anonymous_5)
FN:262,(anonymous_6)
FN:286,(anonymous_7)
FN:346,(anonymous_8)
FN:412,(anonymous_9)
FN:499,(anonymous_10)
FN:519,(anonymous_11)
FN:537,(anonymous_12)
FN:543,(anonymous_13)
FN:548,(anonymous_14)
FN:553,(anonymous_15)
FNF:16
FNH:4
FNDA:4,(anonymous_0)
FNDA:21,(anonymous_1)
FNDA:37,(anonymous_2)
FNDA:0,(anonymous_3)
FNDA:0,(anonymous_4)
FNDA:26,(anonymous_5)
FNDA:0,(anonymous_6)
FNDA:0,(anonymous_7)
FNDA:0,(anonymous_8)
FNDA:0,(anonymous_9)
FNDA:0,(anonymous_10)
FNDA:0,(anonymous_11)
FNDA:0,(anonymous_12)
FNDA:0,(anonymous_13)
FNDA:0,(anonymous_14)
FNDA:0,(anonymous_15)
DA:2,1
DA:3,1
DA:4,1
DA:7,1
DA:10,1
DA:13,1
DA:15,4
DA:16,1
DA:17,1
DA:19,1
DA:20,1
DA:22,3
DA:33,1
DA:35,21
DA:38,14
DA:40,14
DA:41,14
DA:42,11
DA:44,3
DA:46,1
DA:47,1
DA:48,1
DA:49,1
DA:51,0
DA:52,0
DA:53,0
DA:55,0
DA:56,0
DA:57,0
DA:59,2
DA:63,1
DA:67,1
DA:69,1
DA:71,1
DA:73,1
DA:74,1
DA:75,0
DA:76,0
DA:78,1
DA:79,1
DA:81,0
DA:82,0
DA:83,0
DA:85,0
DA:86,0
DA:87,0
DA:92,1
DA:93,1
DA:97,7
DA:103,1
DA:105,37
DA:107,27
DA:108,27
DA:109,25
DA:112,2
DA:113,2
DA:114,2
DA:115,0
DA:116,0
DA:120,2
DA:121,2
DA:122,2
DA:125,2
DA:127,2
DA:128,2
DA:129,2
DA:132,0
DA:133,0
DA:134,0
DA:135,0
DA:137,0
DA:138,0
DA:140,0
DA:141,0
DA:143,0
DA:146,10
DA:151,1
DA:153,0
DA:154,0
DA:155,0
DA:156,0
DA:157,0
DA:160,0
DA:161,0
DA:163,0
DA:164,0
DA:165,0
DA:167,0
DA:168,0
DA:170,0
DA:172,0
DA:173,0
DA:177,1
DA:179,0
DA:180,0
DA:181,0
DA:182,0
DA:183,0
DA:186,0
DA:187,0
DA:189,0
DA:190,0
DA:191,0
DA:192,0
DA:193,0
DA:195,0
DA:197,0
DA:199,0
DA:201,0
DA:203,0
DA:208,1
DA:210,26
DA:212,17
DA:213,17
DA:214,16
DA:217,1
DA:218,1
DA:219,1
DA:220,0
DA:221,0
DA:225,1
DA:226,1
DA:227,1
DA:230,1
DA:232,1
DA:233,0
DA:234,0
DA:235,0
DA:236,0
DA:238,0
DA:242,1
DA:245,1
DA:246,1
DA:248,1
DA:252,0
DA:253,0
DA:256,9
DA:262,1
DA:263,0
DA:264,0
DA:265,0
DA:268,0
DA:269,0
DA:270,0
DA:271,0
DA:274,0
DA:275,0
DA:276,0
DA:277,0
DA:279,0
DA:286,1
DA:288,0
DA:289,0
DA:290,0
DA:291,0
DA:292,0
DA:293,0
DA:296,0
DA:299,0
DA:302,0
DA:305,0
DA:307,0
DA:310,0
DA:312,0
DA:314,0
DA:315,0
DA:316,0
DA:317,0
DA:318,0
DA:320,0
DA:324,0
DA:325,0
DA:326,0
DA:327,0
DA:328,0
DA:329,0
DA:330,0
DA:334,0
DA:336,0
DA:337,0
DA:340,0
DA:346,1
DA:347,0
DA:348,0
DA:349,0
DA:350,0
DA:351,0
DA:352,0
DA:354,0
DA:355,0
DA:356,0
DA:358,0
DA:359,0
DA:360,0
DA:361,0
DA:362,0
DA:364,0
DA:365,0
DA:366,0
DA:368,0
DA:369,0
DA:370,0
DA:373,0
DA:374,0
DA:375,0
DA:378,0
DA:379,0
DA:380,0
DA:383,0
DA:384,0
DA:385,0
DA:387,0
DA:389,0
DA:390,0
DA:392,0
DA:401,0
DA:402,0
DA:403,0
DA:412,1
DA:414,0
DA:415,0
DA:416,0
DA:419,0
DA:424,0
DA:429,0
DA:430,0
DA:431,0
DA:434,0
DA:435,0
DA:439,0
DA:440,0
DA:441,0
DA:442,0
DA:446,0
DA:447,0
DA:448,0
DA:449,0
DA:451,0
DA:453,0
DA:454,0
DA:455,0
DA:456,0
DA:457,0
DA:459,0
DA:463,0
DA:465,0
DA:466,0
DA:467,0
DA:468,0
DA:469,0
DA:470,0
DA:471,0
DA:472,0
DA:473,0
DA:476,0
DA:479,0
DA:482,0
DA:483,0
DA:484,0
DA:485,0
DA:486,0
DA:489,0
DA:490,0
DA:493,0
DA:494,0
DA:499,1
DA:501,0
DA:502,0
DA:503,0
DA:505,0
DA:506,0
DA:508,0
DA:509,0
DA:510,0
DA:511,0
DA:514,0
DA:519,1
DA:521,0
DA:523,0
DA:525,0
DA:526,0
DA:527,0
DA:530,0
DA:531,0
DA:537,1
DA:539,0
DA:543,1
DA:544,0
DA:548,1
DA:549,0
DA:553,1
DA:554,0
DA:558,1
LF:293
LH:82
BRDA:15,0,0,1
BRDA:15,0,1,3
BRDA:15,1,0,4
BRDA:15,1,1,3
BRDA:15,1,2,2
BRDA:35,2,0,14
BRDA:35,2,1,7
BRDA:35,3,0,21
BRDA:35,3,1,18
BRDA:35,3,2,16
BRDA:41,4,0,11
BRDA:41,4,1,3
BRDA:44,5,0,1
BRDA:44,5,1,2
BRDA:47,6,0,1
BRDA:47,6,1,0
BRDA:51,7,0,0
BRDA:51,7,1,0
BRDA:55,8,0,0
BRDA:55,8,1,0
BRDA:55,9,0,0
BRDA:55,9,1,0
BRDA:59,10,0,1
BRDA:59,10,1,1
BRDA:71,11,0,1
BRDA:71,11,1,0
BRDA:74,12,0,0
BRDA:74,12,1,1
BRDA:81,13,0,0
BRDA:81,13,1,0
BRDA:85,14,0,0
BRDA:85,14,1,0
BRDA:85,15,0,0
BRDA:85,15,1,0
BRDA:105,16,0,27
BRDA:105,16,1,10
BRDA:105,17,0,37
BRDA:105,17,1,36
BRDA:105,17,2,35
BRDA:105,17,3,34
BRDA:105,17,4,33
BRDA:105,17,5,32
BRDA:105,17,6,31
BRDA:105,17,7,30
BRDA:105,17,8,29
BRDA:105,17,9,28
BRDA:108,18,0,25
BRDA:108,18,1,2
BRDA:114,19,0,0
BRDA:114,19,1,2
BRDA:127,20,0,2
BRDA:127,20,1,0
BRDA:134,21,0,0
BRDA:134,21,1,0
BRDA:137,22,0,0
BRDA:137,22,1,0
BRDA:140,23,0,0
BRDA:140,23,1,0
BRDA:154,24,0,0
BRDA:154,24,1,0
BRDA:156,25,0,0
BRDA:156,25,1,0
BRDA:165,26,0,0
BRDA:165,26,1,0
BRDA:170,27,0,0
BRDA:170,27,1,0
BRDA:170,28,0,0
BRDA:170,28,1,0
BRDA:180,29,0,0
BRDA:180,29,1,0
BRDA:182,30,0,0
BRDA:182,30,1,0
BRDA:193,31,0,0
BRDA:193,31,1,0
BRDA:197,32,0,0
BRDA:197,32,1,0
BRDA:201,33,0,0
BRDA:201,33,1,0
BRDA:210,34,0,17
BRDA:210,34,1,9
BRDA:210,35,0,26
BRDA:210,35,1,25
BRDA:210,35,2,24
BRDA:210,35,3,23
BRDA:210,35,4,22
BRDA:210,35,5,21
BRDA:210,35,6,20
BRDA:210,35,7,19
BRDA:210,35,8,18
BRDA:213,36,0,16
BRDA:213,36,1,1
BRDA:219,37,0,0
BRDA:219,37,1,1
BRDA:232,38,0,0
BRDA:232,38,1,1
BRDA:232,39,0,1
BRDA:232,39,1,0
BRDA:235,40,0,0
BRDA:235,40,1,0
BRDA:245,41,0,1
BRDA:245,41,1,0
BRDA:264,42,0,0
BRDA:264,42,1,0
BRDA:269,43,0,0
BRDA:269,43,1,0
BRDA:276,44,0,0
BRDA:276,44,1,0
BRDA:290,45,0,0
BRDA:290,45,1,0
BRDA:336,46,0,0
BRDA:336,46,1,0
BRDA:350,47,0,0
BRDA:350,47,1,0
BRDA:354,48,0,0
BRDA:354,48,1,0
BRDA:361,49,0,0
BRDA:361,49,1,0
BRDA:365,50,0,0
BRDA:365,50,1,0
BRDA:369,51,0,0
BRDA:369,51,1,0
BRDA:374,52,0,0
BRDA:374,52,1,0
BRDA:379,53,0,0
BRDA:379,53,1,0
BRDA:384,54,0,0
BRDA:384,54,1,0
BRDA:387,55,0,0
BRDA:387,55,1,0
BRDA:401,56,0,0
BRDA:401,56,1,0
BRDA:415,57,0,0
BRDA:415,57,1,0
BRDA:429,58,0,0
BRDA:429,58,1,0
BRDA:440,59,0,0
BRDA:440,59,1,0
BRDA:447,60,0,0
BRDA:447,60,1,0
BRDA:455,61,0,0
BRDA:455,61,1,0
BRDA:465,62,0,0
BRDA:465,62,1,0
BRDA:468,63,0,0
BRDA:468,63,1,0
BRDA:471,64,0,0
BRDA:471,64,1,0
BRDA:482,65,0,0
BRDA:482,65,1,0
BRDA:485,66,0,0
BRDA:485,66,1,0
BRDA:505,67,0,0
BRDA:505,67,1,0
BRDA:510,68,0,0
BRDA:510,68,1,0
BRDA:525,69,0,0
BRDA:525,69,1,0
BRF:157
BRH:52
end_of_record
TN:
SF:utils\logger\logger.js
FN:12,(anonymous_0)
FNF:1
FNH:1
FNDA:46,(anonymous_0)
DA:3,1
DA:6,1
DA:12,46
DA:32,1
LF:4
LH:4
BRF:0
BRH:0
end_of_record
