TN:
SF:constants.js
FNF:0
FNH:0
DA:2,1
LF:1
LH:1
BRF:0
BRH:0
end_of_record
TN:
SF:BusinessLogic\BusinessLogicFactory.js
FN:6,(anonymous_0)
FNF:1
FNH:1
FNDA:269,(anonymous_0)
DA:7,269
DA:9,9
DA:11,13
DA:13,123
DA:15,19
DA:17,23
DA:19,10
DA:21,7
DA:23,18
DA:25,6
DA:27,6
DA:29,4
DA:31,7
DA:33,21
DA:35,2
DA:37,1
DA:42,1
LF:17
LH:17
BRDA:7,0,0,9
BRDA:7,0,1,13
BRDA:7,0,2,123
BRDA:7,0,3,19
BRDA:7,0,4,23
BRDA:7,0,5,10
BRDA:7,0,6,7
BRDA:7,0,7,18
BRDA:7,0,8,6
BRDA:7,0,9,6
BRDA:7,0,10,4
BRDA:7,0,11,7
BRDA:7,0,12,21
BRDA:7,0,13,2
BRDA:7,0,14,1
BRF:15
BRH:15
end_of_record
TN:
SF:BusinessLogic\BusinessLogicProducts\BillHandler.js
FN:7,getBillInfo
FNF:1
FNH:1
FNDA:2,getBillInfo
DA:2,1
DA:5,1
DA:10,2
DA:11,2
DA:13,0
DA:14,0
DA:15,2
DA:17,2
DA:18,2
DA:21,0
DA:22,0
DA:26,1
LF:12
LH:8
BRDA:11,0,0,0
BRDA:11,0,1,2
BRDA:15,1,0,2
BRDA:15,1,1,0
BRF:4
BRH:2
end_of_record
TN:
SF:BusinessLogic\BusinessLogicProducts\CargoHandler.js
FN:11,getCargoInfo
FNF:1
FNH:1
FNDA:7,getCargoInfo
DA:2,1
DA:5,1
DA:8,1
DA:12,7
DA:13,7
DA:14,1
DA:15,1
DA:17,6
DA:18,1
DA:19,1
DA:22,5
DA:27,1
LF:12
LH:12
BRDA:13,0,0,1
BRDA:13,0,1,6
BRDA:17,1,0,1
BRDA:17,1,1,5
BRF:4
BRH:4
end_of_record
TN:
SF:BusinessLogic\BusinessLogicProducts\DriverHandler.js
FN:12,createDriver
FN:36,validateDriver
FN:59,getDriverInfo
FNF:3
FNH:3
FNDA:9,createDriver
FNDA:4,validateDriver
FNDA:5,getDriverInfo
DA:3,1
DA:6,1
DA:9,1
DA:15,9
DA:17,9
DA:19,9
DA:20,9
DA:22,4
DA:23,4
DA:26,5
DA:27,5
DA:38,4
DA:41,4
DA:42,4
DA:44,2
DA:45,1
DA:47,1
DA:48,1
DA:49,2
DA:50,1
DA:51,1
DA:53,1
DA:54,1
DA:60,5
DA:61,5
DA:62,1
DA:63,1
DA:65,4
DA:66,1
DA:67,1
DA:70,3
DA:74,1
LF:32
LH:32
BRDA:20,0,0,4
BRDA:20,0,1,5
BRDA:42,1,0,2
BRDA:42,1,1,2
BRDA:44,2,0,1
BRDA:44,2,1,1
BRDA:49,3,0,1
BRDA:49,3,1,1
BRDA:61,4,0,1
BRDA:61,4,1,4
BRDA:65,5,0,1
BRDA:65,5,1,3
BRF:12
BRH:12
end_of_record
TN:
SF:BusinessLogic\BusinessLogicProducts\Driver_VehicleHandler.js
FN:9,createDriver_Vehicle
FN:22,getVehicleByDriverId
FN:46,getDriversByVehicleId
FN:71,chooseFreeDriver
FNF:4
FNH:4
FNDA:4,createDriver_Vehicle
FNDA:3,getVehicleByDriverId
FNDA:7,getDriversByVehicleId
FNDA:5,chooseFreeDriver
DA:3,1
DA:6,1
DA:12,4
DA:13,4
DA:14,4
DA:15,2
DA:16,2
DA:17,2
DA:25,3
DA:27,3
DA:29,1
DA:30,1
DA:32,2
DA:34,1
DA:35,1
DA:39,1
DA:40,1
DA:49,7
DA:51,7
DA:53,4
DA:54,4
DA:56,3
DA:58,1
DA:59,1
DA:63,2
DA:64,2
DA:73,5
DA:74,5
DA:75,5
DA:76,1
DA:77,1
DA:80,4
DA:81,4
DA:83,4
DA:88,4
DA:92,1
LF:36
LH:36
BRDA:14,0,0,2
BRDA:14,0,1,2
BRDA:27,1,0,1
BRDA:27,1,1,2
BRDA:32,2,0,1
BRDA:32,2,1,1
BRDA:51,3,0,4
BRDA:51,3,1,3
BRDA:56,4,0,1
BRDA:56,4,1,2
BRDA:75,5,0,1
BRDA:75,5,1,4
BRDA:81,6,0,4
BRDA:81,6,1,0
BRF:14
BRH:13
end_of_record
TN:
SF:BusinessLogic\BusinessLogicProducts\FieldsHandler.js
FN:9,check_fields
FNF:1
FNH:1
FNDA:122,check_fields
DA:3,1
DA:6,1
DA:10,122
DA:11,122
DA:12,512
DA:13,512
DA:14,48
DA:15,8
DA:18,504
DA:19,40
DA:20,8
DA:23,496
DA:24,28
DA:25,8
DA:28,488
DA:29,21
DA:30,4
DA:33,484
DA:34,45
DA:35,6
DA:38,478
DA:39,20
DA:40,3
DA:43,475
DA:44,36
DA:45,12
DA:48,463
DA:49,10
DA:50,2
DA:53,461
DA:54,14
DA:55,4
DA:58,457
DA:59,4
DA:60,1
DA:63,456
DA:64,8
DA:65,2
DA:68,454
DA:69,16
DA:70,2
DA:73,452
DA:74,14
DA:75,2
DA:78,450
DA:79,12
DA:80,2
DA:83,448
DA:84,10
DA:85,2
DA:88,446
DA:89,19
DA:90,3
DA:93,443
DA:94,38
DA:95,3
DA:97,35
DA:98,3
DA:100,32
DA:101,3
DA:103,29
DA:104,3
DA:106,26
DA:107,3
DA:110,428
DA:111,23
DA:112,2
DA:115,426
DA:116,21
DA:117,2
DA:120,424
DA:121,19
DA:122,2
DA:125,422
DA:126,17
DA:127,1
DA:130,421
DA:131,16
DA:132,2
DA:135,419
DA:136,14
DA:137,3
DA:140,416
DA:141,11
DA:142,3
DA:145,413
DA:146,8
DA:147,3
DA:151,20
DA:153,1
LF:90
LH:90
BRDA:13,0,0,48
BRDA:13,0,1,464
BRDA:13,1,0,512
BRDA:13,1,1,495
BRDA:14,2,0,8
BRDA:14,2,1,40
BRDA:14,3,0,48
BRDA:14,3,1,46
BRDA:18,4,0,40
BRDA:18,4,1,464
BRDA:18,5,0,504
BRDA:18,5,1,491
BRDA:19,6,0,8
BRDA:19,6,1,32
BRDA:19,7,0,40
BRDA:19,7,1,38
BRDA:23,8,0,28
BRDA:23,8,1,468
BRDA:23,9,0,496
BRDA:23,9,1,484
BRDA:24,10,0,8
BRDA:24,10,1,20
BRDA:24,11,0,28
BRDA:24,11,1,24
BRDA:28,12,0,21
BRDA:28,12,1,467
BRDA:28,13,0,488
BRDA:28,13,1,474
BRDA:29,14,0,4
BRDA:29,14,1,17
BRDA:29,15,0,21
BRDA:29,15,1,19
BRDA:33,16,0,45
BRDA:33,16,1,439
BRDA:34,17,0,6
BRDA:34,17,1,39
BRDA:34,18,0,45
BRDA:34,18,1,43
BRDA:34,18,2,41
BRDA:38,19,0,20
BRDA:38,19,1,458
BRDA:39,20,0,3
BRDA:39,20,1,17
BRDA:39,21,0,20
BRDA:39,21,1,19
BRDA:39,21,2,18
BRDA:43,22,0,36
BRDA:43,22,1,439
BRDA:43,23,0,475
BRDA:43,23,1,456
BRDA:44,24,0,12
BRDA:44,24,1,24
BRDA:44,25,0,36
BRDA:44,25,1,32
BRDA:48,26,0,10
BRDA:48,26,1,453
BRDA:49,27,0,2
BRDA:49,27,1,8
BRDA:49,28,0,10
BRDA:49,28,1,9
BRDA:53,29,0,14
BRDA:53,29,1,447
BRDA:54,30,0,4
BRDA:54,30,1,10
BRDA:54,31,0,14
BRDA:54,31,1,12
BRDA:58,32,0,4
BRDA:58,32,1,453
BRDA:59,33,0,1
BRDA:59,33,1,3
BRDA:63,34,0,8
BRDA:63,34,1,448
BRDA:64,35,0,2
BRDA:64,35,1,6
BRDA:64,36,0,8
BRDA:64,36,1,7
BRDA:68,37,0,16
BRDA:68,37,1,438
BRDA:69,38,0,2
BRDA:69,38,1,14
BRDA:69,39,0,16
BRDA:69,39,1,15
BRDA:73,40,0,14
BRDA:73,40,1,438
BRDA:74,41,0,2
BRDA:74,41,1,12
BRDA:74,42,0,14
BRDA:74,42,1,13
BRDA:78,43,0,12
BRDA:78,43,1,438
BRDA:79,44,0,2
BRDA:79,44,1,10
BRDA:79,45,0,12
BRDA:79,45,1,11
BRDA:83,46,0,10
BRDA:83,46,1,438
BRDA:84,47,0,2
BRDA:84,47,1,8
BRDA:84,48,0,10
BRDA:84,48,1,9
BRDA:84,48,2,9
BRDA:88,49,0,19
BRDA:88,49,1,427
BRDA:89,50,0,3
BRDA:89,50,1,16
BRDA:89,51,0,19
BRDA:89,51,1,18
BRDA:89,51,2,17
BRDA:93,52,0,38
BRDA:93,52,1,405
BRDA:94,53,0,3
BRDA:94,53,1,35
BRDA:94,54,0,38
BRDA:94,54,1,37
BRDA:94,54,2,36
BRDA:97,55,0,3
BRDA:97,55,1,32
BRDA:97,56,0,35
BRDA:97,56,1,34
BRDA:97,56,2,33
BRDA:100,57,0,3
BRDA:100,57,1,29
BRDA:100,58,0,32
BRDA:100,58,1,31
BRDA:100,58,2,30
BRDA:103,59,0,3
BRDA:103,59,1,26
BRDA:103,60,0,29
BRDA:103,60,1,28
BRDA:103,60,2,27
BRDA:106,61,0,3
BRDA:106,61,1,23
BRDA:106,62,0,26
BRDA:106,62,1,25
BRDA:106,62,2,24
BRDA:110,63,0,23
BRDA:110,63,1,405
BRDA:111,64,0,2
BRDA:111,64,1,21
BRDA:111,65,0,23
BRDA:111,65,1,22
BRDA:115,66,0,21
BRDA:115,66,1,405
BRDA:116,67,0,2
BRDA:116,67,1,19
BRDA:116,68,0,21
BRDA:116,68,1,20
BRDA:120,69,0,19
BRDA:120,69,1,405
BRDA:121,70,0,2
BRDA:121,70,1,17
BRDA:121,71,0,19
BRDA:121,71,1,18
BRDA:125,72,0,17
BRDA:125,72,1,405
BRDA:126,73,0,1
BRDA:126,73,1,16
BRDA:130,74,0,16
BRDA:130,74,1,405
BRDA:131,75,0,2
BRDA:131,75,1,14
BRDA:131,76,0,16
BRDA:131,76,1,15
BRDA:135,77,0,14
BRDA:135,77,1,405
BRDA:136,78,0,3
BRDA:136,78,1,11
BRDA:136,79,0,14
BRDA:136,79,1,13
BRDA:136,79,2,12
BRDA:140,80,0,11
BRDA:140,80,1,405
BRDA:141,81,0,3
BRDA:141,81,1,8
BRDA:141,82,0,11
BRDA:141,82,1,10
BRDA:141,82,2,9
BRDA:145,83,0,8
BRDA:145,83,1,405
BRDA:146,84,0,3
BRDA:146,84,1,5
BRDA:146,85,0,8
BRDA:146,85,1,6
BRF:183
BRH:183
end_of_record
TN:
SF:BusinessLogic\BusinessLogicProducts\HaulageHandler.js
FN:11,getHaulageList
FN:34,createHaulageWithRouteCargo
FN:79,getHaulageInfo
FN:92,setHaulageRating
FN:104,finishHaulage
FN:155,beginHaulage
FN:168,cancelHaulage
FN:181,deleteByUserEmail
FN:195,deleteByUserByPk
FNF:9
FNH:9
FNDA:3,getHaulageList
FNDA:4,createHaulageWithRouteCargo
FNDA:4,getHaulageInfo
FNDA:2,setHaulageRating
FNDA:2,finishHaulage
FNDA:2,beginHaulage
FNDA:2,cancelHaulage
FNDA:1,deleteByUserEmail
FNDA:2,deleteByUserByPk
DA:3,1
DA:6,1
DA:9,1
DA:15,3
DA:16,3
DA:17,1
DA:18,1
DA:20,2
DA:21,1
DA:22,1
DA:25,1
DA:36,4
DA:39,4
DA:42,4
DA:45,4
DA:48,4
DA:50,4
DA:52,4
DA:54,4
DA:57,4
DA:59,4
DA:60,4
DA:63,0
DA:64,0
DA:68,0
DA:69,0
DA:74,0
DA:75,0
DA:81,4
DA:82,4
DA:84,0
DA:85,0
DA:87,4
DA:88,4
DA:94,2
DA:95,2
DA:97,1
DA:98,1
DA:100,1
DA:101,1
DA:108,2
DA:109,2
DA:111,1
DA:112,1
DA:114,1
DA:117,1
DA:118,1
DA:120,0
DA:121,0
DA:124,1
DA:127,1
DA:128,1
DA:130,0
DA:131,0
DA:133,1
DA:136,1
DA:137,1
DA:143,1
DA:144,1
DA:146,0
DA:147,0
DA:150,1
DA:151,1
DA:158,2
DA:159,2
DA:161,1
DA:162,1
DA:164,1
DA:165,1
DA:171,2
DA:172,2
DA:174,1
DA:175,1
DA:177,1
DA:178,1
DA:184,1
DA:187,1
DA:189,1
DA:197,2
DA:198,2
DA:200,2
DA:202,0
DA:203,0
DA:205,2
DA:206,2
DA:210,1
LF:86
LH:70
BRDA:16,0,0,1
BRDA:16,0,1,2
BRDA:20,1,0,1
BRDA:20,1,1,1
BRDA:39,2,0,4
BRDA:39,2,1,0
BRDA:45,3,0,4
BRDA:45,3,1,0
BRDA:57,4,0,4
BRDA:57,4,1,0
BRDA:82,5,0,0
BRDA:82,5,1,4
BRDA:95,6,0,1
BRDA:95,6,1,1
BRDA:109,7,0,1
BRDA:109,7,1,1
BRDA:118,8,0,0
BRDA:118,8,1,1
BRDA:128,9,0,0
BRDA:128,9,1,1
BRDA:144,10,0,0
BRDA:144,10,1,1
BRDA:159,11,0,1
BRDA:159,11,1,1
BRDA:172,12,0,1
BRDA:172,12,1,1
BRDA:187,13,0,1
BRDA:187,13,1,0
BRDA:200,14,0,0
BRDA:200,14,1,2
BRF:30
BRH:21
end_of_record
TN:
SF:BusinessLogic\BusinessLogicProducts\Haulage_Driver_VehicleHandler.js
FN:12,createAllHaulage_Driver_VehicleFromList
FN:29,getListOfBussyDriverVehicle
FN:98,getDriver_VehicleInfo
FN:135,getAll_Driver_VehicleInfo
FN:155,getVehiclesAssigned
FN:169,get_Haulage_Driver_Vehicles_of_Driver
FN:185,get_Haulage_Driver_Vehicles_by_Haulgage
FNF:7
FNH:6
FNDA:4,createAllHaulage_Driver_VehicleFromList
FNDA:5,getListOfBussyDriverVehicle
FNDA:4,getDriver_VehicleInfo
FNDA:4,getAll_Driver_VehicleInfo
FNDA:2,getVehiclesAssigned
FNDA:3,get_Haulage_Driver_Vehicles_of_Driver
FNDA:0,get_Haulage_Driver_Vehicles_by_Haulgage
DA:3,1
DA:4,1
DA:7,1
DA:9,1
DA:14,4
DA:15,4
DA:18,4
DA:20,0
DA:21,0
DA:24,4
DA:25,4
DA:32,5
DA:40,5
DA:64,5
DA:66,0
DA:67,0
DA:69,5
DA:70,5
DA:72,5
DA:73,3
DA:75,3
DA:80,3
DA:82,0
DA:83,0
DA:85,3
DA:87,3
DA:88,3
DA:91,5
DA:92,5
DA:94,5
DA:95,5
DA:100,4
DA:103,4
DA:105,0
DA:106,0
DA:108,4
DA:111,4
DA:113,0
DA:114,0
DA:116,4
DA:117,4
DA:118,4
DA:119,4
DA:137,4
DA:138,4
DA:140,4
DA:141,4
DA:143,4
DA:147,0
DA:150,4
DA:151,4
DA:156,2
DA:157,2
DA:158,0
DA:159,0
DA:161,2
DA:162,0
DA:163,0
DA:166,2
DA:171,3
DA:176,3
DA:178,1
DA:179,1
DA:181,2
DA:182,2
DA:187,0
DA:191,0
DA:193,0
DA:194,0
DA:196,0
DA:197,0
DA:201,1
LF:72
LH:51
BRDA:18,0,0,0
BRDA:18,0,1,4
BRDA:64,1,0,0
BRDA:64,1,1,5
BRDA:80,2,0,0
BRDA:80,2,1,3
BRDA:103,3,0,0
BRDA:103,3,1,4
BRDA:111,4,0,0
BRDA:111,4,1,4
BRDA:141,5,0,4
BRDA:141,5,1,0
BRDA:157,6,0,0
BRDA:157,6,1,2
BRDA:161,7,0,0
BRDA:161,7,1,2
BRDA:176,8,0,1
BRDA:176,8,1,2
BRDA:191,9,0,0
BRDA:191,9,1,0
BRF:20
BRH:10
end_of_record
TN:
SF:BusinessLogic\BusinessLogicProducts\ImageHandler.js
FN:9,saveImage
FNF:1
FNH:1
FNDA:9,saveImage
DA:3,1
DA:6,1
DA:11,9
DA:12,9
DA:13,9
DA:15,9
DA:17,9
DA:19,9
DA:20,9
DA:23,9
DA:24,9
DA:25,9
DA:29,0
DA:30,0
DA:35,1
LF:15
LH:13
BRF:0
BRH:0
end_of_record
TN:
SF:BusinessLogic\BusinessLogicProducts\NotificationHandler.js
FN:13,DriversCancelNotification
FN:52,createDriversNoficiations
FN:73,createUserNoficiations
FN:97,getNotifications
FN:116,removeNotification
FN:131,deleteByDriverIdentityCard
FN:145,deleteByUserEmail
FN:159,deleteByHaulage
FN:174,getNotificationBy
FNF:9
FNH:8
FNDA:1,DriversCancelNotification
FNDA:4,createDriversNoficiations
FNDA:2,createUserNoficiations
FNDA:3,getNotifications
FNDA:3,removeNotification
FNDA:2,deleteByDriverIdentityCard
FNDA:1,deleteByUserEmail
FNDA:4,deleteByHaulage
FNDA:0,getNotificationBy
DA:2,1
DA:4,1
DA:5,1
DA:7,1
DA:9,1
DA:18,1
DA:20,1
DA:21,1
DA:22,1
DA:25,1
DA:26,1
DA:27,1
DA:28,1
DA:31,0
DA:54,4
DA:55,4
DA:56,4
DA:57,4
DA:60,4
DA:61,4
DA:62,4
DA:64,4
DA:66,0
DA:67,0
DA:75,2
DA:76,2
DA:77,2
DA:79,2
DA:80,2
DA:82,0
DA:83,0
DA:85,2
DA:86,2
DA:87,2
DA:88,2
DA:89,2
DA:91,0
DA:100,3
DA:101,3
DA:102,3
DA:104,1
DA:105,1
DA:106,2
DA:108,1
DA:111,1
DA:119,3
DA:120,3
DA:121,3
DA:122,2
DA:125,1
DA:126,1
DA:134,2
DA:137,2
DA:139,2
DA:148,1
DA:151,1
DA:153,1
DA:161,4
DA:163,4
DA:164,2
DA:165,2
DA:168,2
DA:169,2
DA:177,0
DA:178,0
DA:179,0
DA:181,0
DA:182,0
DA:183,0
DA:185,0
DA:188,0
DA:192,1
LF:72
LH:58
BRDA:80,0,0,0
BRDA:80,0,1,2
BRDA:102,1,0,1
BRDA:102,1,1,2
BRDA:106,2,0,1
BRDA:106,2,1,1
BRDA:121,3,0,2
BRDA:121,3,1,1
BRDA:137,4,0,2
BRDA:137,4,1,0
BRDA:151,5,0,1
BRDA:151,5,1,0
BRDA:163,6,0,2
BRDA:163,6,1,2
BRDA:179,7,0,0
BRDA:179,7,1,0
BRDA:183,8,0,0
BRDA:183,8,1,0
BRF:18
BRH:11
end_of_record
TN:
SF:BusinessLogic\BusinessLogicProducts\RatingHandler.js
FN:8,getRatingInfo
FN:23,createRating
FNF:2
FNH:2
FNDA:3,getRatingInfo
FNDA:3,createRating
DA:2,1
DA:5,1
DA:9,3
DA:10,3
DA:11,0
DA:12,0
DA:14,3
DA:15,3
DA:16,3
DA:19,0
DA:24,3
DA:25,3
DA:26,2
DA:27,2
DA:30,1
DA:34,1
LF:16
LH:13
BRDA:10,0,0,0
BRDA:10,0,1,3
BRDA:14,1,0,3
BRDA:14,1,1,0
BRDA:25,2,0,2
BRDA:25,2,1,1
BRF:6
BRH:4
end_of_record
TN:
SF:BusinessLogic\BusinessLogicProducts\RouteHandler.js
FN:10,getRouteInfo
FNF:1
FNH:1
FNDA:5,getRouteInfo
DA:2,1
DA:4,1
DA:7,1
DA:11,5
DA:12,5
DA:13,0
DA:14,0
DA:16,5
DA:17,0
DA:18,0
DA:21,5
DA:26,1
LF:12
LH:8
BRDA:12,0,0,0
BRDA:12,0,1,5
BRDA:16,1,0,0
BRDA:16,1,1,5
BRF:4
BRH:2
end_of_record
TN:
SF:BusinessLogic\BusinessLogicProducts\StatusHandler.js
FN:9,getStatusInfo
FNF:1
FNH:1
FNDA:3,getStatusInfo
DA:2,1
DA:4,1
DA:6,1
DA:10,3
DA:11,3
DA:12,0
DA:13,0
DA:15,3
DA:16,0
DA:17,0
DA:20,3
DA:25,1
LF:12
LH:8
BRDA:11,0,0,0
BRDA:11,0,1,3
BRDA:15,1,0,0
BRDA:15,1,1,3
BRF:4
BRH:2
end_of_record
TN:
SF:BusinessLogic\BusinessLogicProducts\UserHandler.js
FN:12,createUser
FN:35,validateUser
FN:66,getUserInfo
FNF:3
FNH:3
FNDA:4,createUser
FNDA:1,validateUser
FNDA:1,getUserInfo
DA:3,1
DA:6,1
DA:9,1
DA:14,4
DA:16,4
DA:18,4
DA:19,4
DA:21,2
DA:22,2
DA:25,2
DA:26,2
DA:37,1
DA:41,1
DA:42,1
DA:44,0
DA:45,0
DA:47,1
DA:48,1
DA:49,1
DA:50,1
DA:53,1
DA:54,0
DA:56,1
DA:57,1
DA:58,0
DA:59,0
DA:60,0
DA:63,0
DA:64,0
DA:68,1
DA:69,1
DA:71,1
DA:72,1
DA:73,0
DA:74,0
DA:75,0
DA:78,1
LF:37
LH:26
BRDA:19,0,0,2
BRDA:19,0,1,2
BRDA:42,1,0,0
BRDA:42,1,1,1
BRDA:47,2,0,1
BRDA:47,2,1,0
BRDA:50,3,0,1
BRDA:50,3,1,0
BRDA:53,4,0,0
BRDA:53,4,1,1
BRDA:58,5,0,0
BRDA:58,5,1,0
BRDA:69,6,0,1
BRDA:69,6,1,0
BRDA:73,7,0,0
BRDA:73,7,1,0
BRF:16
BRH:7
end_of_record
TN:
SF:BusinessLogic\BusinessLogicProducts\VehicleHandler.js
FN:9,createVehicle
FN:29,getListOfNeededVehicles
FN:34,(anonymous_2)
FN:80,getFreeVehicles
FN:102,getVehicleInfo
FNF:5
FNH:5
FNDA:4,createVehicle
FNDA:5,getListOfNeededVehicles
FNDA:7,(anonymous_2)
FNDA:5,getFreeVehicles
FNDA:3,getVehicleInfo
DA:3,1
DA:6,1
DA:12,4
DA:15,4
DA:17,4
DA:19,4
DA:21,4
DA:23,0
DA:24,0
DA:31,5
DA:32,5
DA:34,5
DA:35,7
DA:36,7
DA:40,7
DA:42,5
DA:43,5
DA:45,0
DA:46,5
DA:48,0
DA:50,2
DA:52,0
DA:53,2
DA:55,0
DA:57,7
DA:60,5
DA:61,12
DA:62,12
DA:64,7
DA:65,7
DA:68,5
DA:70,1
DA:71,1
DA:74,4
DA:75,4
DA:82,5
DA:83,5
DA:85,5
DA:87,0
DA:88,0
DA:90,5
DA:91,15
DA:93,12
DA:97,5
DA:98,5
DA:103,3
DA:104,3
DA:105,0
DA:106,0
DA:108,3
DA:109,0
DA:110,0
DA:113,3
DA:118,1
LF:54
LH:42
BRDA:17,0,0,4
BRDA:17,0,1,0
BRDA:40,1,0,5
BRDA:40,1,1,2
BRDA:40,2,0,7
BRDA:40,2,1,5
BRDA:43,3,0,0
BRDA:43,3,1,5
BRDA:46,4,0,0
BRDA:46,4,1,5
BRDA:50,5,0,0
BRDA:50,5,1,2
BRDA:53,6,0,0
BRDA:53,6,1,2
BRDA:62,7,0,7
BRDA:62,7,1,5
BRDA:68,8,0,1
BRDA:68,8,1,4
BRDA:85,9,0,0
BRDA:85,9,1,5
BRDA:91,10,0,12
BRDA:91,10,1,3
BRDA:104,11,0,0
BRDA:104,11,1,3
BRDA:108,12,0,0
BRDA:108,12,1,3
BRF:26
BRH:18
end_of_record
TN:
SF:BusinessLogic\BusinessLogicProducts\Notifications\Observer.js
FN:7,(anonymous_0)
FN:12,(anonymous_1)
FNF:2
FNH:2
FNDA:13,(anonymous_0)
FNDA:3,(anonymous_1)
DA:2,1
DA:4,1
DA:8,13
DA:9,13
DA:15,3
DA:19,2
DA:21,1
DA:24,1
DA:26,3
DA:27,3
DA:29,1
DA:32,2
DA:39,1
LF:13
LH:13
BRDA:15,0,0,2
BRDA:15,0,1,1
BRDA:21,1,0,1
BRDA:21,1,1,0
BRDA:27,2,0,1
BRDA:27,2,1,2
BRF:6
BRH:5
end_of_record
TN:
SF:BusinessLogic\BusinessLogicProducts\Notifications\Subject.js
FN:10,(anonymous_0)
FN:14,(anonymous_1)
FN:32,(anonymous_2)
FN:61,(anonymous_3)
FNF:4
FNH:4
FNDA:13,(anonymous_0)
FNDA:7,(anonymous_1)
FNDA:3,(anonymous_2)
FNDA:3,(anonymous_3)
DA:2,1
DA:4,1
DA:6,1
DA:11,13
DA:18,7
DA:20,7
DA:21,7
DA:23,1
DA:24,1
DA:27,6
DA:35,3
DA:37,2
DA:43,1
DA:45,1
DA:51,3
DA:52,3
DA:54,1
DA:55,1
DA:57,2
DA:58,2
DA:66,3
DA:67,3
DA:69,1
DA:72,2
DA:79,1
LF:25
LH:25
BRDA:21,0,0,1
BRDA:21,0,1,6
BRDA:35,1,0,2
BRDA:35,1,1,1
BRDA:43,2,0,1
BRDA:43,2,1,0
BRDA:52,3,0,1
BRDA:52,3,1,2
BRDA:67,4,0,1
BRDA:67,4,1,2
BRF:10
BRH:9
end_of_record
TN:
SF:Controllers\ControllerFactory.js
FN:6,(anonymous_0)
FNF:1
FNH:1
FNDA:181,(anonymous_0)
DA:7,181
DA:9,3
DA:11,12
DA:13,14
DA:15,32
DA:17,12
DA:19,33
DA:21,6
DA:23,9
DA:25,3
DA:27,13
DA:29,23
DA:31,21
DA:33,0
DA:38,1
LF:15
LH:14
BRDA:7,0,0,3
BRDA:7,0,1,12
BRDA:7,0,2,14
BRDA:7,0,3,32
BRDA:7,0,4,12
BRDA:7,0,5,33
BRDA:7,0,6,6
BRDA:7,0,7,9
BRDA:7,0,8,3
BRDA:7,0,9,13
BRDA:7,0,10,23
BRDA:7,0,11,21
BRDA:7,0,12,0
BRF:13
BRH:12
end_of_record
TN:
SF:Controllers\ControllerProducts\BillController.js
FN:9,create
FN:36,getRegisterBy
FNF:2
FNH:2
FNDA:1,create
FNDA:2,getRegisterBy
DA:3,1
DA:6,1
DA:11,1
DA:14,1
DA:17,1
DA:26,1
DA:27,1
DA:30,0
DA:31,0
DA:39,2
DA:41,2
DA:45,2
DA:47,2
DA:48,2
DA:51,0
DA:53,0
DA:57,0
DA:58,0
DA:63,1
LF:19
LH:13
BRDA:45,0,0,2
BRDA:45,0,1,0
BRF:2
BRH:1
end_of_record
TN:
SF:Controllers\ControllerProducts\CargoController.js
FN:9,getCargoInfo
FN:33,create
FN:58,deleteByDescription
FNF:3
FNH:2
FNDA:8,getCargoInfo
FNDA:4,create
FNDA:0,deleteByDescription
DA:3,1
DA:6,1
DA:10,8
DA:11,8
DA:12,8
DA:16,7
DA:18,1
DA:19,1
DA:22,6
DA:23,6
DA:27,1
DA:28,1
DA:35,4
DA:38,4
DA:41,4
DA:48,4
DA:49,4
DA:52,0
DA:53,0
DA:59,0
DA:61,0
DA:64,0
DA:66,0
DA:67,0
DA:70,0
DA:71,0
DA:75,0
DA:76,0
DA:80,1
LF:29
LH:18
BRDA:16,0,0,1
BRDA:16,0,1,6
BRDA:64,1,0,0
BRDA:64,1,1,0
BRF:4
BRH:2
end_of_record
TN:
SF:Controllers\ControllerProducts\DriverController.js
FN:9,create
FN:43,countWhere
FN:59,getRegisterBy
FN:85,getRegisterByPk
FN:103,getDriverInfo
FN:129,getDriverInfoByIdentityCard
FN:152,deleteByIdentityCard
FNF:7
FNH:6
FNDA:9,create
FNDA:0,countWhere
FNDA:6,getRegisterBy
FNDA:4,getRegisterByPk
FNDA:5,getDriverInfo
FNDA:2,getDriverInfoByIdentityCard
FNDA:6,deleteByIdentityCard
DA:3,1
DA:6,1
DA:11,9
DA:13,9
DA:30,4
DA:31,4
DA:34,5
DA:35,5
DA:45,0
DA:46,0
DA:47,0
DA:48,0
DA:50,0
DA:51,0
DA:62,6
DA:64,6
DA:68,5
DA:70,1
DA:71,1
DA:74,4
DA:76,4
DA:80,1
DA:81,1
DA:87,4
DA:88,4
DA:93,4
DA:94,4
DA:97,0
DA:98,0
DA:104,5
DA:105,5
DA:106,5
DA:112,4
DA:114,1
DA:115,1
DA:118,3
DA:119,3
DA:123,1
DA:124,1
DA:130,2
DA:131,2
DA:132,2
DA:136,2
DA:138,0
DA:139,0
DA:142,2
DA:143,2
DA:147,0
DA:148,0
DA:153,6
DA:154,6
DA:155,6
DA:158,6
DA:160,0
DA:161,0
DA:164,0
DA:165,0
DA:169,6
DA:170,6
DA:174,1
LF:60
LH:44
BRDA:68,0,0,1
BRDA:68,0,1,4
BRDA:112,1,0,1
BRDA:112,1,1,3
BRDA:136,2,0,0
BRDA:136,2,1,2
BRDA:158,3,0,0
BRDA:158,3,1,0
BRF:8
BRH:5
end_of_record
TN:
SF:Controllers\ControllerProducts\Driver_VehicleController.js
FN:9,create
FN:36,getRegisterBy
FNF:2
FNH:2
FNDA:4,create
FNDA:10,getRegisterBy
DA:3,1
DA:6,1
DA:11,4
DA:17,4
DA:24,2
DA:25,2
DA:28,2
DA:29,2
DA:39,10
DA:41,10
DA:43,3
DA:49,7
DA:51,7
DA:57,7
DA:60,2
DA:61,2
DA:64,5
DA:65,5
DA:67,1
DA:68,4
DA:70,4
DA:76,3
DA:77,3
DA:82,1
LF:24
LH:24
BRDA:41,0,0,3
BRDA:41,0,1,7
BRDA:49,1,0,7
BRDA:49,1,1,0
BRDA:57,2,0,2
BRDA:57,2,1,5
BRDA:65,3,0,1
BRDA:65,3,1,4
BRDA:68,4,0,4
BRDA:68,4,1,0
BRF:10
BRH:8
end_of_record
TN:
SF:Controllers\ControllerProducts\HaulageController.js
FN:15,getHaulages
FN:42,create
FN:68,getRegisterBy
FN:88,getRegisterByPk
FN:104,updateHaulageById
FN:123,setHaulageRating
FN:142,deleteByIdUser
FN:164,deleteByPk
FNF:8
FNH:8
FNDA:3,getHaulages
FNDA:4,create
FNDA:5,getRegisterBy
FNDA:7,getRegisterByPk
FNDA:6,updateHaulageById
FNDA:2,setHaulageRating
FNDA:4,deleteByIdUser
FNDA:2,deleteByPk
DA:3,1
DA:6,1
DA:9,1
DA:12,1
DA:16,3
DA:17,3
DA:18,3
DA:22,2
DA:24,1
DA:25,1
DA:28,1
DA:30,1
DA:34,1
DA:35,1
DA:44,4
DA:46,4
DA:49,4
DA:59,4
DA:60,4
DA:63,0
DA:64,0
DA:69,5
DA:71,5
DA:79,5
DA:80,5
DA:82,0
DA:83,0
DA:90,7
DA:91,7
DA:95,7
DA:96,7
DA:99,0
DA:100,0
DA:106,6
DA:107,6
DA:111,3
DA:112,3
DA:114,0
DA:115,0
DA:118,3
DA:119,3
DA:125,2
DA:126,2
DA:130,1
DA:131,1
DA:133,0
DA:134,0
DA:137,1
DA:138,1
DA:143,4
DA:145,4
DA:148,3
DA:150,0
DA:151,0
DA:154,3
DA:155,3
DA:159,1
DA:160,1
DA:165,2
DA:167,2
DA:170,2
DA:172,0
DA:173,0
DA:176,2
DA:177,2
DA:181,0
DA:182,0
DA:186,1
LF:68
LH:52
BRDA:22,0,0,1
BRDA:22,0,1,1
BRDA:111,1,0,3
BRDA:111,1,1,0
BRDA:130,2,0,1
BRDA:130,2,1,0
BRDA:148,3,0,0
BRDA:148,3,1,3
BRDA:170,4,0,0
BRDA:170,4,1,2
BRF:10
BRH:6
end_of_record
TN:
SF:Controllers\ControllerProducts\Haulage_Driver_VehicleController.js
FN:9,create
FN:34,getRegisterBy
FN:52,getAll
FN:65,getVehiclesAssigned
FNF:4
FNH:3
FNDA:4,create
FNDA:6,getRegisterBy
FNDA:0,getAll
FNDA:2,getVehiclesAssigned
DA:3,1
DA:6,1
DA:11,4
DA:15,4
DA:23,4
DA:24,4
DA:27,0
DA:28,0
DA:36,6
DA:37,6
DA:42,5
DA:43,5
DA:45,1
DA:46,1
DA:54,0
DA:56,0
DA:57,0
DA:58,0
DA:60,0
DA:61,0
DA:66,2
DA:67,2
DA:68,2
DA:72,2
DA:74,0
DA:75,0
DA:78,2
DA:79,2
DA:83,0
DA:84,0
DA:88,1
LF:31
LH:19
BRDA:72,0,0,0
BRDA:72,0,1,2
BRF:2
BRH:1
end_of_record
TN:
SF:Controllers\ControllerProducts\NotificationController.js
FN:4,create
FN:38,remove
FN:63,getRegisterBy
FNF:3
FNH:3
FNDA:7,create
FNDA:10,remove
FNDA:4,getRegisterBy
DA:2,1
DA:6,7
DA:9,7
DA:11,2
DA:12,2
DA:17,5
DA:19,5
DA:20,5
DA:27,7
DA:29,6
DA:30,6
DA:33,1
DA:34,1
DA:40,10
DA:42,10
DA:46,9
DA:49,3
DA:50,3
DA:53,6
DA:54,6
DA:57,1
DA:58,1
DA:66,4
DA:68,4
DA:73,3
DA:75,1
DA:76,1
DA:79,2
DA:80,2
DA:84,1
DA:85,1
DA:90,1
LF:32
LH:32
BRDA:9,0,0,2
BRDA:9,0,1,5
BRDA:17,1,0,5
BRDA:17,1,1,0
BRDA:46,2,0,3
BRDA:46,2,1,6
BRDA:73,3,0,1
BRDA:73,3,1,2
BRF:8
BRH:7
end_of_record
TN:
SF:Controllers\ControllerProducts\RatingController.js
FN:9,getRatingInfo
FN:33,create
FNF:2
FNH:2
FNDA:3,getRatingInfo
FNDA:3,create
DA:3,1
DA:6,1
DA:10,3
DA:11,3
DA:12,3
DA:16,3
DA:18,3
DA:19,3
DA:22,0
DA:23,0
DA:27,0
DA:28,0
DA:35,3
DA:39,3
DA:47,2
DA:48,2
DA:51,1
DA:52,1
DA:57,1
LF:19
LH:15
BRDA:16,0,0,3
BRDA:16,0,1,0
BRF:2
BRH:1
end_of_record
TN:
SF:Controllers\ControllerProducts\RouteController.js
FN:9,getRouteInfo
FN:33,create
FNF:2
FNH:2
FNDA:5,getRouteInfo
FNDA:4,create
DA:3,1
DA:6,1
DA:10,5
DA:11,5
DA:12,5
DA:16,5
DA:18,0
DA:19,0
DA:22,5
DA:23,5
DA:27,0
DA:28,0
DA:35,4
DA:38,4
DA:43,4
DA:50,4
DA:51,4
DA:54,0
DA:55,0
DA:60,1
LF:20
LH:14
BRDA:16,0,0,0
BRDA:16,0,1,5
BRF:2
BRH:1
end_of_record
TN:
SF:Controllers\ControllerProducts\StatusController.js
FN:9,getStatusInfo
FN:34,create
FNF:2
FNH:1
FNDA:3,getStatusInfo
FNDA:0,create
DA:3,1
DA:6,1
DA:10,3
DA:11,3
DA:12,3
DA:16,3
DA:18,0
DA:19,0
DA:22,3
DA:23,3
DA:27,0
DA:28,0
DA:36,0
DA:39,0
DA:42,0
DA:47,0
DA:48,0
DA:51,0
DA:52,0
DA:57,1
LF:20
LH:9
BRDA:16,0,0,0
BRDA:16,0,1,3
BRF:2
BRH:1
end_of_record
TN:
SF:Controllers\ControllerProducts\UserController.js
FN:9,create
FN:39,countWhere
FN:56,getRegisterBy
FN:84,deleteByUserEmail
FNF:4
FNH:4
FNDA:4,create
FNDA:1,countWhere
FNDA:5,getRegisterBy
FNDA:3,deleteByUserEmail
DA:3,1
DA:6,1
DA:10,4
DA:13,4
DA:26,2
DA:27,2
DA:30,2
DA:31,2
DA:41,1
DA:42,1
DA:43,1
DA:44,1
DA:47,0
DA:48,0
DA:59,5
DA:61,5
DA:66,5
DA:68,0
DA:69,0
DA:72,5
DA:74,5
DA:78,0
DA:79,0
DA:85,3
DA:87,3
DA:90,3
DA:92,0
DA:93,0
DA:96,3
DA:97,3
DA:101,3
DA:102,3
DA:106,1
LF:33
LH:25
BRDA:66,0,0,0
BRDA:66,0,1,5
BRDA:90,1,0,0
BRDA:90,1,1,3
BRF:4
BRH:2
end_of_record
TN:
SF:Controllers\ControllerProducts\VehicleController.js
FN:9,create
FN:37,getAll
FN:55,getRegisterByPk
FN:75,getVehicleInfo
FN:99,getVehicleBy
FN:122,deleteByPlate
FNF:6
FNH:6
FNDA:4,create
FNDA:5,getAll
FNDA:4,getRegisterByPk
FNDA:3,getVehicleInfo
FNDA:1,getVehicleBy
FNDA:6,deleteByPlate
DA:3,1
DA:6,1
DA:11,4
DA:14,4
DA:24,4
DA:25,4
DA:31,0
DA:32,0
DA:39,5
DA:40,5
DA:46,5
DA:47,5
DA:50,0
DA:51,0
DA:57,4
DA:58,4
DA:63,4
DA:66,4
DA:69,0
DA:70,0
DA:76,3
DA:77,3
DA:78,3
DA:82,3
DA:84,0
DA:85,0
DA:88,3
DA:89,3
DA:93,0
DA:94,0
DA:100,1
DA:101,1
DA:102,1
DA:106,1
DA:108,0
DA:109,0
DA:112,1
DA:113,1
DA:117,0
DA:118,0
DA:123,6
DA:125,6
DA:128,6
DA:130,0
DA:131,0
DA:134,6
DA:135,6
DA:139,6
DA:140,6
DA:144,1
LF:50
LH:34
BRDA:82,0,0,0
BRDA:82,0,1,3
BRDA:106,1,0,0
BRDA:106,1,1,1
BRDA:128,2,0,0
BRDA:128,2,1,6
BRF:6
BRH:3
end_of_record
TN:
SF:DataBase\database.js
FN:30,(anonymous_0)
FN:33,(anonymous_1)
FNF:2
FNH:1
FNDA:1,(anonymous_0)
FNDA:0,(anonymous_1)
DA:3,1
DA:5,1
DA:6,1
DA:28,1
DA:31,1
DA:34,0
DA:36,1
LF:7
LH:6
BRF:0
BRH:0
end_of_record
TN:
SF:DataBase\syncDB.js
FN:5,syncDB
FNF:1
FNH:1
FNDA:6,syncDB
DA:3,1
DA:6,6
DA:8,6
DA:12,6
DA:13,84
DA:16,6
DA:19,0
DA:23,1
LF:8
LH:7
BRF:0
BRH:0
end_of_record
TN:
SF:Models\ModelFactory.js
FN:6,(anonymous_0)
FNF:1
FNH:1
FNDA:268,(anonymous_0)
DA:7,268
DA:9,9
DA:11,18
DA:13,20
DA:15,17
DA:17,41
DA:19,18
DA:21,39
DA:23,6
DA:25,12
DA:27,15
DA:29,9
DA:31,13
DA:33,19
DA:35,32
DA:37,0
DA:42,1
LF:17
LH:16
BRDA:7,0,0,9
BRDA:7,0,1,18
BRDA:7,0,2,20
BRDA:7,0,3,17
BRDA:7,0,4,41
BRDA:7,0,5,18
BRDA:7,0,6,39
BRDA:7,0,7,6
BRDA:7,0,8,12
BRDA:7,0,9,15
BRDA:7,0,10,9
BRDA:7,0,11,13
BRDA:7,0,12,19
BRDA:7,0,13,32
BRDA:7,0,14,0
BRF:15
BRH:14
end_of_record
TN:
SF:Models\ModelProducts\Bill.js
FNF:0
FNH:0
DA:2,1
DA:3,1
DA:4,1
DA:7,1
DA:27,1
DA:28,1
DA:30,1
LF:7
LH:7
BRF:0
BRH:0
end_of_record
TN:
SF:Models\ModelProducts\Cargo.js
FNF:0
FNH:0
DA:2,1
DA:3,1
DA:6,1
DA:29,1
LF:4
LH:4
BRF:0
BRH:0
end_of_record
TN:
SF:Models\ModelProducts\Driver.js
FNF:0
FNH:0
DA:2,1
DA:3,1
DA:6,1
DA:56,1
LF:4
LH:4
BRF:0
BRH:0
end_of_record
TN:
SF:Models\ModelProducts\Driver_Notification.js
FNF:0
FNH:0
DA:2,1
DA:3,1
DA:5,1
DA:6,1
DA:7,1
DA:10,1
DA:29,1
DA:30,1
DA:32,1
DA:33,1
DA:35,1
DA:36,1
DA:38,1
LF:13
LH:13
BRF:0
BRH:0
end_of_record
TN:
SF:Models\ModelProducts\Driver_Vehicle.js
FNF:0
FNH:0
DA:2,1
DA:3,1
DA:4,1
DA:5,1
DA:8,1
DA:29,1
DA:30,1
DA:32,1
LF:8
LH:8
BRF:0
BRH:0
end_of_record
TN:
SF:Models\ModelProducts\Haulage.js
FNF:0
FNH:0
DA:2,1
DA:3,1
DA:4,1
DA:5,1
DA:6,1
DA:7,1
DA:8,1
DA:11,1
DA:51,1
DA:52,1
DA:54,1
DA:55,1
DA:57,1
DA:58,1
DA:60,1
DA:61,1
DA:63,1
DA:64,1
DA:66,1
LF:19
LH:19
BRF:0
BRH:0
end_of_record
TN:
SF:Models\ModelProducts\Haulage_Driver_Vehicle.js
FNF:0
FNH:0
DA:2,1
DA:3,1
DA:6,1
DA:29,1
LF:4
LH:4
BRF:0
BRH:0
end_of_record
TN:
SF:Models\ModelProducts\Notification_Type.js
FNF:0
FNH:0
DA:2,1
DA:3,1
DA:6,1
DA:22,1
LF:4
LH:4
BRF:0
BRH:0
end_of_record
TN:
SF:Models\ModelProducts\Rating.js
FNF:0
FNH:0
DA:2,1
DA:3,1
DA:6,1
DA:33,1
LF:4
LH:4
BRF:0
BRH:0
end_of_record
TN:
SF:Models\ModelProducts\Route.js
FNF:0
FNH:0
DA:2,1
DA:3,1
DA:6,1
DA:29,1
LF:4
LH:4
BRF:0
BRH:0
end_of_record
TN:
SF:Models\ModelProducts\Status.js
FNF:0
FNH:0
DA:2,1
DA:3,1
DA:6,1
DA:21,1
LF:4
LH:4
BRF:0
BRH:0
end_of_record
TN:
SF:Models\ModelProducts\User.js
FNF:0
FNH:0
DA:2,1
DA:3,1
DA:6,1
DA:38,1
LF:4
LH:4
BRF:0
BRH:0
end_of_record
TN:
SF:Models\ModelProducts\User_Notification.js
FNF:0
FNH:0
DA:2,1
DA:3,1
DA:5,1
DA:6,1
DA:7,1
DA:10,1
DA:29,1
DA:30,1
DA:32,1
DA:33,1
DA:35,1
DA:36,1
DA:38,1
LF:13
LH:13
BRF:0
BRH:0
end_of_record
TN:
SF:Models\ModelProducts\Vehicle.js
FNF:0
FNH:0
DA:2,1
DA:3,1
DA:6,1
DA:38,1
LF:4
LH:4
BRF:0
BRH:0
end_of_record
TN:
SF:routes\api.js
FN:17,(anonymous_0)
FN:38,(anonymous_1)
FN:109,(anonymous_2)
FN:159,(anonymous_3)
FN:197,(anonymous_4)
FN:228,(anonymous_5)
FN:283,(anonymous_6)
FN:314,(anonymous_7)
FN:378,(anonymous_8)
FN:449,(anonymous_9)
FN:494,create
FN:588,(anonymous_11)
FN:608,(anonymous_12)
FN:628,(anonymous_13)
FN:645,(anonymous_14)
FN:658,(anonymous_15)
FN:671,(anonymous_16)
FNF:17
FNH:17
FNDA:4,(anonymous_0)
FNDA:21,(anonymous_1)
FNDA:41,(anonymous_2)
FNDA:8,(anonymous_3)
FNDA:4,(anonymous_4)
FNDA:32,(anonymous_5)
FNDA:23,(anonymous_6)
FNDA:3,(anonymous_7)
FNDA:3,(anonymous_8)
FNDA:55,(anonymous_9)
FNDA:5,create
FNDA:3,(anonymous_11)
FNDA:2,(anonymous_12)
FNDA:2,(anonymous_13)
FNDA:2,(anonymous_14)
FNDA:1,(anonymous_15)
FNDA:1,(anonymous_16)
DA:2,1
DA:3,1
DA:4,1
DA:7,1
DA:10,1
DA:11,1
DA:14,1
DA:17,1
DA:19,4
DA:20,1
DA:21,1
DA:23,1
DA:24,1
DA:26,3
DA:27,3
DA:38,1
DA:40,21
DA:43,14
DA:45,14
DA:46,14
DA:47,11
DA:49,3
DA:51,1
DA:52,1
DA:53,1
DA:54,1
DA:56,0
DA:57,0
DA:58,0
DA:60,0
DA:61,0
DA:62,0
DA:64,2
DA:68,1
DA:72,1
DA:74,1
DA:76,1
DA:78,1
DA:79,1
DA:80,0
DA:81,0
DA:83,1
DA:84,1
DA:86,0
DA:87,0
DA:88,0
DA:90,0
DA:91,0
DA:92,0
DA:97,1
DA:98,1
DA:102,7
DA:103,7
DA:109,1
DA:111,41
DA:113,31
DA:114,31
DA:115,25
DA:116,25
DA:119,6
DA:120,6
DA:121,6
DA:122,0
DA:123,0
DA:127,6
DA:128,6
DA:129,6
DA:132,6
DA:134,6
DA:135,3
DA:136,3
DA:139,3
DA:140,3
DA:141,3
DA:142,3
DA:144,0
DA:145,0
DA:147,0
DA:148,0
DA:150,0
DA:153,10
DA:154,10
DA:159,1
DA:161,8
DA:162,8
DA:163,8
DA:165,4
DA:166,4
DA:167,2
DA:168,2
DA:169,1
DA:172,1
DA:173,1
DA:175,3
DA:176,3
DA:177,3
DA:179,1
DA:180,1
DA:182,2
DA:184,2
DA:185,2
DA:190,4
DA:191,4
DA:197,1
DA:199,4
DA:200,4
DA:201,2
DA:202,2
DA:203,1
DA:206,1
DA:207,1
DA:209,3
DA:210,3
DA:211,3
DA:212,3
DA:213,3
DA:215,1
DA:217,2
DA:219,1
DA:221,1
DA:223,1
DA:228,1
DA:230,32
DA:232,22
DA:233,22
DA:234,19
DA:237,3
DA:238,3
DA:239,3
DA:240,0
DA:241,0
DA:245,3
DA:246,3
DA:247,3
DA:250,3
DA:252,3
DA:253,0
DA:254,0
DA:255,0
DA:256,0
DA:258,0
DA:262,3
DA:265,3
DA:266,2
DA:268,2
DA:272,1
DA:273,1
DA:276,10
DA:277,10
DA:283,1
DA:285,23
DA:287,17
DA:288,17
DA:289,14
DA:292,3
DA:293,3
DA:294,2
DA:295,2
DA:298,1
DA:299,1
DA:300,1
DA:301,1
DA:303,0
DA:307,6
DA:308,6
DA:314,1
DA:316,3
DA:317,3
DA:318,3
DA:319,1
DA:320,1
DA:321,2
DA:324,2
DA:327,2
DA:330,2
DA:333,2
DA:335,2
DA:337,2
DA:339,2
DA:341,2
DA:343,2
DA:344,2
DA:345,2
DA:346,2
DA:347,2
DA:349,2
DA:353,2
DA:354,2
DA:355,2
DA:356,2
DA:357,2
DA:358,2
DA:359,2
DA:360,2
DA:363,1
DA:364,1
DA:366,2
DA:367,1
DA:368,1
DA:371,1
DA:372,1
DA:378,1
DA:379,3
DA:380,3
DA:381,3
DA:382,3
DA:383,1
DA:384,1
DA:386,2
DA:387,1
DA:388,1
DA:390,1
DA:391,1
DA:392,1
DA:393,1
DA:394,0
DA:396,1
DA:397,1
DA:398,0
DA:400,1
DA:401,1
DA:402,0
DA:405,1
DA:406,1
DA:407,0
DA:410,1
DA:411,1
DA:412,0
DA:415,1
DA:416,1
DA:417,0
DA:419,1
DA:420,1
DA:421,0
DA:423,1
DA:425,0
DA:426,0
DA:428,1
DA:438,1
DA:439,1
DA:440,1
DA:449,1
DA:451,55
DA:454,38
DA:455,38
DA:456,33
DA:457,33
DA:461,5
DA:464,5
DA:465,5
DA:466,5
DA:467,5
DA:470,5
DA:473,3
DA:475,3
DA:476,1
DA:477,1
DA:481,2
DA:483,2
DA:485,2
DA:487,2
DA:489,2
DA:498,5
DA:503,5
DA:504,0
DA:505,0
DA:508,5
DA:509,5
DA:512,5
DA:513,5
DA:514,0
DA:515,0
DA:519,5
DA:520,5
DA:521,1
DA:522,1
DA:524,4
DA:526,4
DA:527,4
DA:528,4
DA:529,0
DA:530,0
DA:532,4
DA:536,4
DA:538,4
DA:539,0
DA:540,0
DA:541,4
DA:542,0
DA:543,0
DA:544,4
DA:545,0
DA:546,0
DA:549,4
DA:552,4
DA:555,4
DA:556,4
DA:557,4
DA:558,4
DA:559,0
DA:562,4
DA:563,4
DA:566,0
DA:567,0
DA:573,4
DA:574,4
DA:575,1
DA:576,1
DA:578,4
DA:581,17
DA:582,17
DA:588,1
DA:590,3
DA:591,3
DA:592,3
DA:594,3
DA:595,1
DA:597,2
DA:598,2
DA:599,2
DA:600,1
DA:603,1
DA:608,1
DA:610,2
DA:612,2
DA:614,2
DA:615,1
DA:616,1
DA:618,1
DA:619,1
DA:620,1
DA:621,1
DA:628,1
DA:630,2
DA:632,2
DA:634,2
DA:635,1
DA:636,1
DA:638,1
DA:639,1
DA:640,1
DA:641,1
DA:645,1
DA:646,2
DA:647,2
DA:649,2
DA:650,2
DA:651,1
DA:652,1
DA:656,1
DA:658,1
DA:659,1
DA:664,1
DA:665,1
DA:666,1
DA:667,1
DA:671,1
DA:672,1
DA:675,1
LF:359
LH:306
BRDA:19,0,0,1
BRDA:19,0,1,3
BRDA:19,1,0,4
BRDA:19,1,1,3
BRDA:19,1,2,2
BRDA:40,2,0,14
BRDA:40,2,1,7
BRDA:40,3,0,21
BRDA:40,3,1,18
BRDA:40,3,2,16
BRDA:46,4,0,11
BRDA:46,4,1,3
BRDA:49,5,0,1
BRDA:49,5,1,2
BRDA:52,6,0,1
BRDA:52,6,1,0
BRDA:56,7,0,0
BRDA:56,7,1,0
BRDA:60,8,0,0
BRDA:60,8,1,0
BRDA:60,9,0,0
BRDA:60,9,1,0
BRDA:64,10,0,1
BRDA:64,10,1,1
BRDA:76,11,0,1
BRDA:76,11,1,0
BRDA:79,12,0,0
BRDA:79,12,1,1
BRDA:86,13,0,0
BRDA:86,13,1,0
BRDA:90,14,0,0
BRDA:90,14,1,0
BRDA:90,15,0,0
BRDA:90,15,1,0
BRDA:111,16,0,31
BRDA:111,16,1,10
BRDA:111,17,0,41
BRDA:111,17,1,40
BRDA:111,17,2,39
BRDA:111,17,3,38
BRDA:111,17,4,37
BRDA:111,17,5,36
BRDA:111,17,6,35
BRDA:111,17,7,34
BRDA:111,17,8,33
BRDA:111,17,9,32
BRDA:114,18,0,25
BRDA:114,18,1,6
BRDA:121,19,0,0
BRDA:121,19,1,6
BRDA:134,20,0,3
BRDA:134,20,1,3
BRDA:141,21,0,3
BRDA:141,21,1,0
BRDA:144,22,0,0
BRDA:144,22,1,0
BRDA:147,23,0,0
BRDA:147,23,1,0
BRDA:163,24,0,4
BRDA:163,24,1,4
BRDA:163,25,0,8
BRDA:163,25,1,8
BRDA:163,25,2,8
BRDA:163,25,3,7
BRDA:163,25,4,7
BRDA:163,25,5,6
BRDA:163,25,6,5
BRDA:166,26,0,2
BRDA:166,26,1,2
BRDA:168,27,0,1
BRDA:168,27,1,1
BRDA:177,28,0,1
BRDA:177,28,1,2
BRDA:182,29,0,2
BRDA:182,29,1,0
BRDA:182,30,0,2
BRDA:182,30,1,1
BRDA:200,31,0,2
BRDA:200,31,1,2
BRDA:202,32,0,1
BRDA:202,32,1,1
BRDA:213,33,0,1
BRDA:213,33,1,2
BRDA:217,34,0,1
BRDA:217,34,1,1
BRDA:221,35,0,1
BRDA:221,35,1,0
BRDA:230,36,0,22
BRDA:230,36,1,10
BRDA:230,37,0,32
BRDA:230,37,1,31
BRDA:230,37,2,30
BRDA:230,37,3,29
BRDA:230,37,4,28
BRDA:230,37,5,27
BRDA:230,37,6,26
BRDA:230,37,7,25
BRDA:230,37,8,24
BRDA:230,37,9,23
BRDA:233,38,0,19
BRDA:233,38,1,3
BRDA:239,39,0,0
BRDA:239,39,1,3
BRDA:252,40,0,0
BRDA:252,40,1,3
BRDA:252,41,0,3
BRDA:252,41,1,0
BRDA:255,42,0,0
BRDA:255,42,1,0
BRDA:265,43,0,2
BRDA:265,43,1,1
BRDA:285,44,0,17
BRDA:285,44,1,6
BRDA:285,45,0,23
BRDA:285,45,1,22
BRDA:285,45,2,21
BRDA:285,45,3,20
BRDA:285,45,4,19
BRDA:285,45,5,18
BRDA:288,46,0,14
BRDA:288,46,1,3
BRDA:293,47,0,2
BRDA:293,47,1,1
BRDA:300,48,0,1
BRDA:300,48,1,0
BRDA:318,49,0,1
BRDA:318,49,1,2
BRDA:366,50,0,1
BRDA:366,50,1,1
BRDA:382,51,0,1
BRDA:382,51,1,2
BRDA:386,52,0,1
BRDA:386,52,1,1
BRDA:393,53,0,0
BRDA:393,53,1,1
BRDA:397,54,0,0
BRDA:397,54,1,1
BRDA:401,55,0,0
BRDA:401,55,1,1
BRDA:406,56,0,0
BRDA:406,56,1,1
BRDA:411,57,0,0
BRDA:411,57,1,1
BRDA:416,58,0,0
BRDA:416,58,1,1
BRDA:420,59,0,0
BRDA:420,59,1,1
BRDA:423,60,0,0
BRDA:423,60,1,1
BRDA:438,61,0,1
BRDA:438,61,1,0
BRDA:451,62,0,38
BRDA:451,62,1,17
BRDA:451,63,0,55
BRDA:451,63,1,52
BRDA:451,63,2,51
BRDA:451,63,3,50
BRDA:451,63,4,49
BRDA:451,63,5,48
BRDA:451,63,6,47
BRDA:451,63,7,46
BRDA:451,63,8,45
BRDA:451,63,9,44
BRDA:451,63,10,43
BRDA:451,63,11,42
BRDA:451,63,12,41
BRDA:451,63,13,40
BRDA:451,63,14,39
BRDA:455,64,0,33
BRDA:455,64,1,5
BRDA:470,65,0,3
BRDA:470,65,1,2
BRDA:475,66,0,1
BRDA:475,66,1,2
BRDA:503,67,0,0
BRDA:503,67,1,5
BRDA:513,68,0,0
BRDA:513,68,1,5
BRDA:520,69,0,1
BRDA:520,69,1,4
BRDA:528,70,0,0
BRDA:528,70,1,4
BRDA:538,71,0,0
BRDA:538,71,1,4
BRDA:541,72,0,0
BRDA:541,72,1,4
BRDA:544,73,0,0
BRDA:544,73,1,4
BRDA:555,74,0,4
BRDA:555,74,1,0
BRDA:558,75,0,0
BRDA:558,75,1,4
BRDA:574,76,0,1
BRDA:574,76,1,3
BRDA:574,77,0,4
BRDA:574,77,1,2
BRDA:594,78,0,1
BRDA:594,78,1,2
BRDA:599,79,0,1
BRDA:599,79,1,1
BRDA:614,80,0,1
BRDA:614,80,1,1
BRDA:634,81,0,1
BRDA:634,81,1,1
BRDA:650,82,0,1
BRDA:650,82,1,1
BRF:206
BRH:160
end_of_record
TN:
SF:utils\logger\logger.js
FN:12,(anonymous_0)
FNF:1
FNH:1
FNDA:475,(anonymous_0)
DA:3,1
DA:6,1
DA:12,475
DA:32,1
LF:4
LH:4
BRF:0
BRH:0
end_of_record
